[2.179s] Invoking command in '/home/yanyew/Multi-Drone-SLAM-and-Merge-Map/src/ros_gz_crazyflie/ros_gz_crazyflie_control': PYTHONPATH=/home/yanyew/Multi-Drone-SLAM-and-Merge-Map/build/ros_gz_crazyflie_control/prefix_override:/usr/lib/python3/dist-packages/colcon_core/task/python/colcon_distutils_commands:/home/yanyew/Multi-Drone-SLAM-and-Merge-Map/install/ros_gz_crazyflie_control/lib/python3.10/site-packages:${PYTHONPATH} /usr/bin/python3 -W ignore:setup.py install is deprecated -W ignore:easy_install command is deprecated setup.py egg_info --egg-base ../../../build/ros_gz_crazyflie_control build --build-base /home/yanyew/Multi-Drone-SLAM-and-Merge-Map/build/ros_gz_crazyflie_control/build install --record /home/yanyew/Multi-Drone-SLAM-and-Merge-Map/build/ros_gz_crazyflie_control/install.log --single-version-externally-managed install_data
[2.608s] running egg_info
[2.609s] creating ../../../build/ros_gz_crazyflie_control/ros_gz_crazyflie_control.egg-info
[2.610s] writing ../../../build/ros_gz_crazyflie_control/ros_gz_crazyflie_control.egg-info/PKG-INFO
[2.610s] writing dependency_links to ../../../build/ros_gz_crazyflie_control/ros_gz_crazyflie_control.egg-info/dependency_links.txt
[2.610s] writing entry points to ../../../build/ros_gz_crazyflie_control/ros_gz_crazyflie_control.egg-info/entry_points.txt
[2.610s] writing requirements to ../../../build/ros_gz_crazyflie_control/ros_gz_crazyflie_control.egg-info/requires.txt
[2.611s] writing top-level names to ../../../build/ros_gz_crazyflie_control/ros_gz_crazyflie_control.egg-info/top_level.txt
[2.611s] writing manifest file '../../../build/ros_gz_crazyflie_control/ros_gz_crazyflie_control.egg-info/SOURCES.txt'
[2.614s] reading manifest file '../../../build/ros_gz_crazyflie_control/ros_gz_crazyflie_control.egg-info/SOURCES.txt'
[2.616s] writing manifest file '../../../build/ros_gz_crazyflie_control/ros_gz_crazyflie_control.egg-info/SOURCES.txt'
[2.616s] running build
[2.616s] running build_py
[2.616s] creating /home/yanyew/Multi-Drone-SLAM-and-Merge-Map/build/ros_gz_crazyflie_control/build
[2.616s] creating /home/yanyew/Multi-Drone-SLAM-and-Merge-Map/build/ros_gz_crazyflie_control/build/lib
[2.616s] creating /home/yanyew/Multi-Drone-SLAM-and-Merge-Map/build/ros_gz_crazyflie_control/build/lib/ros_gz_crazyflie_control
[2.617s] copying ros_gz_crazyflie_control/__init__.py -> /home/yanyew/Multi-Drone-SLAM-and-Merge-Map/build/ros_gz_crazyflie_control/build/lib/ros_gz_crazyflie_control
[2.617s] copying ros_gz_crazyflie_control/control_services.py -> /home/yanyew/Multi-Drone-SLAM-and-Merge-Map/build/ros_gz_crazyflie_control/build/lib/ros_gz_crazyflie_control
[2.617s] running install
[2.617s] running install_lib
[2.618s] creating /home/yanyew/Multi-Drone-SLAM-and-Merge-Map/install/ros_gz_crazyflie_control/lib/python3.10/site-packages/ros_gz_crazyflie_control
[2.618s] copying /home/yanyew/Multi-Drone-SLAM-and-Merge-Map/build/ros_gz_crazyflie_control/build/lib/ros_gz_crazyflie_control/__init__.py -> /home/yanyew/Multi-Drone-SLAM-and-Merge-Map/install/ros_gz_crazyflie_control/lib/python3.10/site-packages/ros_gz_crazyflie_control
[2.618s] copying /home/yanyew/Multi-Drone-SLAM-and-Merge-Map/build/ros_gz_crazyflie_control/build/lib/ros_gz_crazyflie_control/control_services.py -> /home/yanyew/Multi-Drone-SLAM-and-Merge-Map/install/ros_gz_crazyflie_control/lib/python3.10/site-packages/ros_gz_crazyflie_control
[2.619s] byte-compiling /home/yanyew/Multi-Drone-SLAM-and-Merge-Map/install/ros_gz_crazyflie_control/lib/python3.10/site-packages/ros_gz_crazyflie_control/__init__.py to __init__.cpython-310.pyc
[2.619s] byte-compiling /home/yanyew/Multi-Drone-SLAM-and-Merge-Map/install/ros_gz_crazyflie_control/lib/python3.10/site-packages/ros_gz_crazyflie_control/control_services.py to control_services.cpython-310.pyc
[2.621s] running install_data
[2.621s] creating /home/yanyew/Multi-Drone-SLAM-and-Merge-Map/install/ros_gz_crazyflie_control/share/ament_index
[2.621s] creating /home/yanyew/Multi-Drone-SLAM-and-Merge-Map/install/ros_gz_crazyflie_control/share/ament_index/resource_index
[2.622s] creating /home/yanyew/Multi-Drone-SLAM-and-Merge-Map/install/ros_gz_crazyflie_control/share/ament_index/resource_index/packages
[2.622s] copying resource/ros_gz_crazyflie_control -> /home/yanyew/Multi-Drone-SLAM-and-Merge-Map/install/ros_gz_crazyflie_control/share/ament_index/resource_index/packages
[2.622s] copying package.xml -> /home/yanyew/Multi-Drone-SLAM-and-Merge-Map/install/ros_gz_crazyflie_control/share/ros_gz_crazyflie_control
[2.622s] running install_egg_info
[2.624s] Copying ../../../build/ros_gz_crazyflie_control/ros_gz_crazyflie_control.egg-info to /home/yanyew/Multi-Drone-SLAM-and-Merge-Map/install/ros_gz_crazyflie_control/lib/python3.10/site-packages/ros_gz_crazyflie_control-0.0.0-py3.10.egg-info
[2.624s] running install_scripts
[2.654s] Installing control_services script to /home/yanyew/Multi-Drone-SLAM-and-Merge-Map/install/ros_gz_crazyflie_control/lib/ros_gz_crazyflie_control
[2.654s] writing list of installed files to '/home/yanyew/Multi-Drone-SLAM-and-Merge-Map/build/ros_gz_crazyflie_control/install.log'
[2.698s] Invoked command in '/home/yanyew/Multi-Drone-SLAM-and-Merge-Map/src/ros_gz_crazyflie/ros_gz_crazyflie_control' returned '0': PYTHONPATH=/home/yanyew/Multi-Drone-SLAM-and-Merge-Map/build/ros_gz_crazyflie_control/prefix_override:/usr/lib/python3/dist-packages/colcon_core/task/python/colcon_distutils_commands:/home/yanyew/Multi-Drone-SLAM-and-Merge-Map/install/ros_gz_crazyflie_control/lib/python3.10/site-packages:${PYTHONPATH} /usr/bin/python3 -W ignore:setup.py install is deprecated -W ignore:easy_install command is deprecated setup.py egg_info --egg-base ../../../build/ros_gz_crazyflie_control build --build-base /home/yanyew/Multi-Drone-SLAM-and-Merge-Map/build/ros_gz_crazyflie_control/build install --record /home/yanyew/Multi-Drone-SLAM-and-Merge-Map/build/ros_gz_crazyflie_control/install.log --single-version-externally-managed install_data
