[0.359s] Invoking command in '/home/yanyew/mapping/build/crazyflie_sim': CMAKE_PREFIX_PATH=/home/yanyew/mapping/install/crazyflie_interfaces:/home/yanyew/mapping/install/crazyflie_ros2_multiranger_bringup:/home/yanyew/mapping/install/ros_gz_crazyflie_bringup:/home/yanyew/mapping/install/ros_gz_crazyflie_gazebo:/home/yanyew/mapping/install/crazyflie_sim:/home/yanyew/mapping/install/crazyflie_examples:/home/yanyew/mapping/install/crazyflie:/home/yanyew/mapping/install/ros_gz_crazyflie_control:/home/yanyew/mapping/install/merge_map:/home/yanyew/mapping/install/crazyflie_ros2_multiranger_wall_following:/home/yanyew/mapping/install/crazyflie_ros2_multiranger_simple_mapper:/home/yanyew/mapping/install/crazyflie_py:/home/yanyew/mapping/install/crazyflie_launch:/opt/ros/humble LD_LIBRARY_PATH=/home/yanyew/mapping/install/crazyflie_interfaces/lib:/usr/lib/x86_64-linux-gnu/gazebo-11/plugins:/opt/ros/humble/opt/rviz_ogre_vendor/lib:/opt/ros/humble/lib/x86_64-linux-gnu:/opt/ros/humble/lib:/usr/lib/x86_64-linux-gnu/gazebo-11/plugins /usr/bin/cmake --build /home/yanyew/mapping/build/crazyflie_sim -- -j12 -l12
[0.421s] Built target ament_cmake_python_copy_crazyflie_sim_setup
[0.433s] Built target ament_cmake_python_copy_crazyflie_sim
[0.805s] running egg_info
[0.806s] writing crazyflie_sim.egg-info/PKG-INFO
[0.806s] writing dependency_links to crazyflie_sim.egg-info/dependency_links.txt
[0.806s] writing entry points to crazyflie_sim.egg-info/entry_points.txt
[0.806s] writing top-level names to crazyflie_sim.egg-info/top_level.txt
[0.808s] reading manifest file 'crazyflie_sim.egg-info/SOURCES.txt'
[0.809s] writing manifest file 'crazyflie_sim.egg-info/SOURCES.txt'
[0.819s] running install_scripts
[0.822s] /usr/lib/python3/dist-packages/setuptools/command/install.py:34: SetuptoolsDeprecationWarning: setup.py install is deprecated. Use build and pip and other standards-based tools.
[0.823s]   warnings.warn(
[0.837s] Built target ament_cmake_python_build_crazyflie_sim_egg
[0.845s] running egg_info
[0.846s] writing crazyflie_sim.egg-info/PKG-INFO
[0.846s] writing dependency_links to crazyflie_sim.egg-info/dependency_links.txt
[0.846s] writing entry points to crazyflie_sim.egg-info/entry_points.txt
[0.846s] writing top-level names to crazyflie_sim.egg-info/top_level.txt
[0.848s] reading manifest file 'crazyflie_sim.egg-info/SOURCES.txt'
[0.849s] writing manifest file 'crazyflie_sim.egg-info/SOURCES.txt'
[0.850s] Installing crazyflie_server script to scripts
[0.885s] Built target ament_cmake_python_build_crazyflie_sim_scripts
[0.894s] Invoked command in '/home/yanyew/mapping/build/crazyflie_sim' returned '0': CMAKE_PREFIX_PATH=/home/yanyew/mapping/install/crazyflie_interfaces:/home/yanyew/mapping/install/crazyflie_ros2_multiranger_bringup:/home/yanyew/mapping/install/ros_gz_crazyflie_bringup:/home/yanyew/mapping/install/ros_gz_crazyflie_gazebo:/home/yanyew/mapping/install/crazyflie_sim:/home/yanyew/mapping/install/crazyflie_examples:/home/yanyew/mapping/install/crazyflie:/home/yanyew/mapping/install/ros_gz_crazyflie_control:/home/yanyew/mapping/install/merge_map:/home/yanyew/mapping/install/crazyflie_ros2_multiranger_wall_following:/home/yanyew/mapping/install/crazyflie_ros2_multiranger_simple_mapper:/home/yanyew/mapping/install/crazyflie_py:/home/yanyew/mapping/install/crazyflie_launch:/opt/ros/humble LD_LIBRARY_PATH=/home/yanyew/mapping/install/crazyflie_interfaces/lib:/usr/lib/x86_64-linux-gnu/gazebo-11/plugins:/opt/ros/humble/opt/rviz_ogre_vendor/lib:/opt/ros/humble/lib/x86_64-linux-gnu:/opt/ros/humble/lib:/usr/lib/x86_64-linux-gnu/gazebo-11/plugins /usr/bin/cmake --build /home/yanyew/mapping/build/crazyflie_sim -- -j12 -l12
[0.896s] Invoking command in '/home/yanyew/mapping/build/crazyflie_sim': CMAKE_PREFIX_PATH=/home/yanyew/mapping/install/crazyflie_interfaces:/home/yanyew/mapping/install/crazyflie_ros2_multiranger_bringup:/home/yanyew/mapping/install/ros_gz_crazyflie_bringup:/home/yanyew/mapping/install/ros_gz_crazyflie_gazebo:/home/yanyew/mapping/install/crazyflie_sim:/home/yanyew/mapping/install/crazyflie_examples:/home/yanyew/mapping/install/crazyflie:/home/yanyew/mapping/install/ros_gz_crazyflie_control:/home/yanyew/mapping/install/merge_map:/home/yanyew/mapping/install/crazyflie_ros2_multiranger_wall_following:/home/yanyew/mapping/install/crazyflie_ros2_multiranger_simple_mapper:/home/yanyew/mapping/install/crazyflie_py:/home/yanyew/mapping/install/crazyflie_launch:/opt/ros/humble LD_LIBRARY_PATH=/home/yanyew/mapping/install/crazyflie_interfaces/lib:/usr/lib/x86_64-linux-gnu/gazebo-11/plugins:/opt/ros/humble/opt/rviz_ogre_vendor/lib:/opt/ros/humble/lib/x86_64-linux-gnu:/opt/ros/humble/lib:/usr/lib/x86_64-linux-gnu/gazebo-11/plugins /usr/bin/cmake --install /home/yanyew/mapping/build/crazyflie_sim
[0.903s] -- Install configuration: ""
[0.903s] -- Up-to-date: /home/yanyew/mapping/install/crazyflie_sim/share/crazyflie_sim/environment/pythonpath.sh
[0.903s] -- Up-to-date: /home/yanyew/mapping/install/crazyflie_sim/share/crazyflie_sim/environment/pythonpath.dsv
[0.903s] -- Up-to-date: /home/yanyew/mapping/install/crazyflie_sim/local/lib/python3.10/dist-packages/crazyflie_sim-2.0.0-py3.10.egg-info
[0.903s] -- Installing: /home/yanyew/mapping/install/crazyflie_sim/local/lib/python3.10/dist-packages/crazyflie_sim-2.0.0-py3.10.egg-info/PKG-INFO
[0.903s] -- Installing: /home/yanyew/mapping/install/crazyflie_sim/local/lib/python3.10/dist-packages/crazyflie_sim-2.0.0-py3.10.egg-info/top_level.txt
[0.904s] -- Installing: /home/yanyew/mapping/install/crazyflie_sim/local/lib/python3.10/dist-packages/crazyflie_sim-2.0.0-py3.10.egg-info/entry_points.txt
[0.904s] -- Installing: /home/yanyew/mapping/install/crazyflie_sim/local/lib/python3.10/dist-packages/crazyflie_sim-2.0.0-py3.10.egg-info/dependency_links.txt
[0.904s] -- Installing: /home/yanyew/mapping/install/crazyflie_sim/local/lib/python3.10/dist-packages/crazyflie_sim-2.0.0-py3.10.egg-info/SOURCES.txt
[0.904s] -- Up-to-date: /home/yanyew/mapping/install/crazyflie_sim/lib/crazyflie_sim/
[0.904s] -- Installing: /home/yanyew/mapping/install/crazyflie_sim/lib/crazyflie_sim//crazyflie_server
[0.904s] -- Up-to-date: /home/yanyew/mapping/install/crazyflie_sim/local/lib/python3.10/dist-packages/crazyflie_sim
[0.904s] -- Up-to-date: /home/yanyew/mapping/install/crazyflie_sim/local/lib/python3.10/dist-packages/crazyflie_sim/__init__.py
[0.904s] -- Up-to-date: /home/yanyew/mapping/install/crazyflie_sim/local/lib/python3.10/dist-packages/crazyflie_sim/crazyflie_sil.py
[0.905s] -- Up-to-date: /home/yanyew/mapping/install/crazyflie_sim/local/lib/python3.10/dist-packages/crazyflie_sim/crazyflie_server.py
[0.905s] -- Up-to-date: /home/yanyew/mapping/install/crazyflie_sim/local/lib/python3.10/dist-packages/crazyflie_sim/visualization
[0.905s] -- Up-to-date: /home/yanyew/mapping/install/crazyflie_sim/local/lib/python3.10/dist-packages/crazyflie_sim/visualization/pdf.py
[0.905s] -- Up-to-date: /home/yanyew/mapping/install/crazyflie_sim/local/lib/python3.10/dist-packages/crazyflie_sim/visualization/data
[0.905s] -- Up-to-date: /home/yanyew/mapping/install/crazyflie_sim/local/lib/python3.10/dist-packages/crazyflie_sim/visualization/data/model
[0.905s] -- Up-to-date: /home/yanyew/mapping/install/crazyflie_sim/local/lib/python3.10/dist-packages/crazyflie_sim/visualization/data/model/cf.obj
[0.905s] -- Up-to-date: /home/yanyew/mapping/install/crazyflie_sim/local/lib/python3.10/dist-packages/crazyflie_sim/visualization/data/model/cf.mtl
[0.906s] -- Up-to-date: /home/yanyew/mapping/install/crazyflie_sim/local/lib/python3.10/dist-packages/crazyflie_sim/visualization/data/README.md
[0.906s] -- Up-to-date: /home/yanyew/mapping/install/crazyflie_sim/local/lib/python3.10/dist-packages/crazyflie_sim/visualization/data/env
[0.906s] -- Up-to-date: /home/yanyew/mapping/install/crazyflie_sim/local/lib/python3.10/dist-packages/crazyflie_sim/visualization/data/env/abandoned_greenhouse.jpg
[0.906s] -- Up-to-date: /home/yanyew/mapping/install/crazyflie_sim/local/lib/python3.10/dist-packages/crazyflie_sim/visualization/data/env/lago_disola.jpg
[0.906s] -- Up-to-date: /home/yanyew/mapping/install/crazyflie_sim/local/lib/python3.10/dist-packages/crazyflie_sim/visualization/data/env/derelict_overpass.jpg
[0.906s] -- Up-to-date: /home/yanyew/mapping/install/crazyflie_sim/local/lib/python3.10/dist-packages/crazyflie_sim/visualization/data/env/crosswalk.jpg
[0.906s] -- Up-to-date: /home/yanyew/mapping/install/crazyflie_sim/local/lib/python3.10/dist-packages/crazyflie_sim/visualization/data/env/env.jpg
[0.906s] -- Up-to-date: /home/yanyew/mapping/install/crazyflie_sim/local/lib/python3.10/dist-packages/crazyflie_sim/visualization/data/env/aviation_museum.jpg
[0.906s] -- Up-to-date: /home/yanyew/mapping/install/crazyflie_sim/local/lib/python3.10/dist-packages/crazyflie_sim/visualization/data/env/lake_pier.jpg
[0.907s] -- Up-to-date: /home/yanyew/mapping/install/crazyflie_sim/local/lib/python3.10/dist-packages/crazyflie_sim/visualization/data/env/peppermint_powerplant.jpg
[0.907s] -- Up-to-date: /home/yanyew/mapping/install/crazyflie_sim/local/lib/python3.10/dist-packages/crazyflie_sim/visualization/data/env/machine_shop.jpg
[0.907s] -- Up-to-date: /home/yanyew/mapping/install/crazyflie_sim/local/lib/python3.10/dist-packages/crazyflie_sim/visualization/data/env/studio_garden.jpg
[0.907s] -- Up-to-date: /home/yanyew/mapping/install/crazyflie_sim/local/lib/python3.10/dist-packages/crazyflie_sim/visualization/data/env/museumplein.jpg
[0.907s] -- Up-to-date: /home/yanyew/mapping/install/crazyflie_sim/local/lib/python3.10/dist-packages/crazyflie_sim/visualization/data/env/aerodynamics_workshop.jpg
[0.907s] -- Up-to-date: /home/yanyew/mapping/install/crazyflie_sim/local/lib/python3.10/dist-packages/crazyflie_sim/visualization/record_states.py
[0.907s] -- Up-to-date: /home/yanyew/mapping/install/crazyflie_sim/local/lib/python3.10/dist-packages/crazyflie_sim/visualization/README.md
[0.907s] -- Up-to-date: /home/yanyew/mapping/install/crazyflie_sim/local/lib/python3.10/dist-packages/crazyflie_sim/visualization/rviz.py
[0.907s] -- Up-to-date: /home/yanyew/mapping/install/crazyflie_sim/local/lib/python3.10/dist-packages/crazyflie_sim/visualization/blender.py
[0.907s] -- Up-to-date: /home/yanyew/mapping/install/crazyflie_sim/local/lib/python3.10/dist-packages/crazyflie_sim/backend
[0.908s] -- Up-to-date: /home/yanyew/mapping/install/crazyflie_sim/local/lib/python3.10/dist-packages/crazyflie_sim/backend/dynobench.py
[0.908s] -- Up-to-date: /home/yanyew/mapping/install/crazyflie_sim/local/lib/python3.10/dist-packages/crazyflie_sim/backend/neuralswarm.py
[0.908s] -- Up-to-date: /home/yanyew/mapping/install/crazyflie_sim/local/lib/python3.10/dist-packages/crazyflie_sim/backend/data
[0.908s] -- Up-to-date: /home/yanyew/mapping/install/crazyflie_sim/local/lib/python3.10/dist-packages/crazyflie_sim/backend/data/pinocchio
[0.908s] -- Up-to-date: /home/yanyew/mapping/install/crazyflie_sim/local/lib/python3.10/dist-packages/crazyflie_sim/backend/data/pinocchio/crazyflie2.urdf
[0.908s] -- Up-to-date: /home/yanyew/mapping/install/crazyflie_sim/local/lib/python3.10/dist-packages/crazyflie_sim/backend/data/dynobench
[0.908s] -- Up-to-date: /home/yanyew/mapping/install/crazyflie_sim/local/lib/python3.10/dist-packages/crazyflie_sim/backend/data/dynobench/crazyflie2.yaml
[0.908s] -- Up-to-date: /home/yanyew/mapping/install/crazyflie_sim/local/lib/python3.10/dist-packages/crazyflie_sim/backend/data/neuralswarm2
[0.908s] -- Up-to-date: /home/yanyew/mapping/install/crazyflie_sim/local/lib/python3.10/dist-packages/crazyflie_sim/backend/data/neuralswarm2/rho_S.pth
[0.908s] -- Up-to-date: /home/yanyew/mapping/install/crazyflie_sim/local/lib/python3.10/dist-packages/crazyflie_sim/backend/data/neuralswarm2/rho_L.pth
[0.909s] -- Up-to-date: /home/yanyew/mapping/install/crazyflie_sim/local/lib/python3.10/dist-packages/crazyflie_sim/backend/data/neuralswarm2/phi_S.pth
[0.909s] -- Up-to-date: /home/yanyew/mapping/install/crazyflie_sim/local/lib/python3.10/dist-packages/crazyflie_sim/backend/data/neuralswarm2/phi_G.pth
[0.909s] -- Up-to-date: /home/yanyew/mapping/install/crazyflie_sim/local/lib/python3.10/dist-packages/crazyflie_sim/backend/data/neuralswarm2/phi_L.pth
[0.909s] -- Up-to-date: /home/yanyew/mapping/install/crazyflie_sim/local/lib/python3.10/dist-packages/crazyflie_sim/backend/np.py
[0.909s] -- Up-to-date: /home/yanyew/mapping/install/crazyflie_sim/local/lib/python3.10/dist-packages/crazyflie_sim/backend/none.py
[0.909s] -- Up-to-date: /home/yanyew/mapping/install/crazyflie_sim/local/lib/python3.10/dist-packages/crazyflie_sim/backend/pinocchio.py
[0.909s] -- Up-to-date: /home/yanyew/mapping/install/crazyflie_sim/local/lib/python3.10/dist-packages/crazyflie_sim/sim_data_types.py
[0.944s] Listing '/home/yanyew/mapping/install/crazyflie_sim/local/lib/python3.10/dist-packages/crazyflie_sim'...
[0.945s] Listing '/home/yanyew/mapping/install/crazyflie_sim/local/lib/python3.10/dist-packages/crazyflie_sim/backend'...
[0.945s] Listing '/home/yanyew/mapping/install/crazyflie_sim/local/lib/python3.10/dist-packages/crazyflie_sim/backend/data'...
[0.945s] Listing '/home/yanyew/mapping/install/crazyflie_sim/local/lib/python3.10/dist-packages/crazyflie_sim/backend/data/dynobench'...
[0.945s] Listing '/home/yanyew/mapping/install/crazyflie_sim/local/lib/python3.10/dist-packages/crazyflie_sim/backend/data/neuralswarm2'...
[0.945s] Listing '/home/yanyew/mapping/install/crazyflie_sim/local/lib/python3.10/dist-packages/crazyflie_sim/backend/data/pinocchio'...
[0.945s] Listing '/home/yanyew/mapping/install/crazyflie_sim/local/lib/python3.10/dist-packages/crazyflie_sim/visualization'...
[0.945s] Listing '/home/yanyew/mapping/install/crazyflie_sim/local/lib/python3.10/dist-packages/crazyflie_sim/visualization/data'...
[0.946s] Listing '/home/yanyew/mapping/install/crazyflie_sim/local/lib/python3.10/dist-packages/crazyflie_sim/visualization/data/env'...
[0.946s] Listing '/home/yanyew/mapping/install/crazyflie_sim/local/lib/python3.10/dist-packages/crazyflie_sim/visualization/data/model'...
[0.949s] -- Up-to-date: /home/yanyew/mapping/install/crazyflie_sim/share/ament_index/resource_index/package_run_dependencies/crazyflie_sim
[0.949s] -- Up-to-date: /home/yanyew/mapping/install/crazyflie_sim/share/ament_index/resource_index/parent_prefix_path/crazyflie_sim
[0.949s] -- Up-to-date: /home/yanyew/mapping/install/crazyflie_sim/share/crazyflie_sim/environment/ament_prefix_path.sh
[0.949s] -- Up-to-date: /home/yanyew/mapping/install/crazyflie_sim/share/crazyflie_sim/environment/ament_prefix_path.dsv
[0.950s] -- Up-to-date: /home/yanyew/mapping/install/crazyflie_sim/share/crazyflie_sim/environment/path.sh
[0.950s] -- Up-to-date: /home/yanyew/mapping/install/crazyflie_sim/share/crazyflie_sim/environment/path.dsv
[0.950s] -- Up-to-date: /home/yanyew/mapping/install/crazyflie_sim/share/crazyflie_sim/local_setup.bash
[0.950s] -- Up-to-date: /home/yanyew/mapping/install/crazyflie_sim/share/crazyflie_sim/local_setup.sh
[0.950s] -- Up-to-date: /home/yanyew/mapping/install/crazyflie_sim/share/crazyflie_sim/local_setup.zsh
[0.950s] -- Up-to-date: /home/yanyew/mapping/install/crazyflie_sim/share/crazyflie_sim/local_setup.dsv
[0.950s] -- Installing: /home/yanyew/mapping/install/crazyflie_sim/share/crazyflie_sim/package.dsv
[0.950s] -- Up-to-date: /home/yanyew/mapping/install/crazyflie_sim/share/ament_index/resource_index/packages/crazyflie_sim
[0.950s] -- Up-to-date: /home/yanyew/mapping/install/crazyflie_sim/share/crazyflie_sim/cmake/crazyflie_simConfig.cmake
[0.950s] -- Up-to-date: /home/yanyew/mapping/install/crazyflie_sim/share/crazyflie_sim/cmake/crazyflie_simConfig-version.cmake
[0.950s] -- Up-to-date: /home/yanyew/mapping/install/crazyflie_sim/share/crazyflie_sim/package.xml
[0.966s] Invoked command in '/home/yanyew/mapping/build/crazyflie_sim' returned '0': CMAKE_PREFIX_PATH=/home/yanyew/mapping/install/crazyflie_interfaces:/home/yanyew/mapping/install/crazyflie_ros2_multiranger_bringup:/home/yanyew/mapping/install/ros_gz_crazyflie_bringup:/home/yanyew/mapping/install/ros_gz_crazyflie_gazebo:/home/yanyew/mapping/install/crazyflie_sim:/home/yanyew/mapping/install/crazyflie_examples:/home/yanyew/mapping/install/crazyflie:/home/yanyew/mapping/install/ros_gz_crazyflie_control:/home/yanyew/mapping/install/merge_map:/home/yanyew/mapping/install/crazyflie_ros2_multiranger_wall_following:/home/yanyew/mapping/install/crazyflie_ros2_multiranger_simple_mapper:/home/yanyew/mapping/install/crazyflie_py:/home/yanyew/mapping/install/crazyflie_launch:/opt/ros/humble LD_LIBRARY_PATH=/home/yanyew/mapping/install/crazyflie_interfaces/lib:/usr/lib/x86_64-linux-gnu/gazebo-11/plugins:/opt/ros/humble/opt/rviz_ogre_vendor/lib:/opt/ros/humble/lib/x86_64-linux-gnu:/opt/ros/humble/lib:/usr/lib/x86_64-linux-gnu/gazebo-11/plugins /usr/bin/cmake --install /home/yanyew/mapping/build/crazyflie_sim
