[0.064s] Invoking command in '/home/yanyew/mapping/build/ros_gz_crazyflie_gazebo': CMAKE_PREFIX_PATH=${CMAKE_PREFIX_PATH}:/home/yanyew/mapping/install/ros_gz_crazyflie_control:/home/yanyew/mapping/install/merge_map:/home/yanyew/mapping/install/crazyflie_ros2_multiranger_wall_following:/home/yanyew/mapping/install/crazyflie_ros2_multiranger_simple_mapper:/home/yanyew/mapping/install/crazyflie_py:/home/yanyew/mapping/install/crazyflie_launch:/opt/ros/humble /usr/bin/cmake --build /home/yanyew/mapping/build/ros_gz_crazyflie_gazebo -- -j12 -l12
[2.572s] Invoked command in '/home/yanyew/mapping/build/ros_gz_crazyflie_gazebo' returned '0': CMAKE_PREFIX_PATH=${CMAKE_PREFIX_PATH}:/home/yanyew/mapping/install/ros_gz_crazyflie_control:/home/yanyew/mapping/install/merge_map:/home/yanyew/mapping/install/crazyflie_ros2_multiranger_wall_following:/home/yanyew/mapping/install/crazyflie_ros2_multiranger_simple_mapper:/home/yanyew/mapping/install/crazyflie_py:/home/yanyew/mapping/install/crazyflie_launch:/opt/ros/humble /usr/bin/cmake --build /home/yanyew/mapping/build/ros_gz_crazyflie_gazebo -- -j12 -l12
[2.586s] Invoking command in '/home/yanyew/mapping/build/ros_gz_crazyflie_gazebo': CMAKE_PREFIX_PATH=${CMAKE_PREFIX_PATH}:/home/yanyew/mapping/install/ros_gz_crazyflie_control:/home/yanyew/mapping/install/merge_map:/home/yanyew/mapping/install/crazyflie_ros2_multiranger_wall_following:/home/yanyew/mapping/install/crazyflie_ros2_multiranger_simple_mapper:/home/yanyew/mapping/install/crazyflie_py:/home/yanyew/mapping/install/crazyflie_launch:/opt/ros/humble /usr/bin/cmake --install /home/yanyew/mapping/build/ros_gz_crazyflie_gazebo
[2.597s] -- Install configuration: ""
[2.598s] -- Up-to-date: /home/yanyew/mapping/install/ros_gz_crazyflie_gazebo/share/ros_gz_crazyflie_gazebo/worlds
[2.598s] -- Up-to-date: /home/yanyew/mapping/install/ros_gz_crazyflie_gazebo/share/ros_gz_crazyflie_gazebo/worlds/crazyflie_world.sdf
[2.598s] -- Up-to-date: /home/yanyew/mapping/install/ros_gz_crazyflie_gazebo/share/ament_index/resource_index/package_run_dependencies/ros_gz_crazyflie_gazebo
[2.599s] -- Up-to-date: /home/yanyew/mapping/install/ros_gz_crazyflie_gazebo/share/ament_index/resource_index/parent_prefix_path/ros_gz_crazyflie_gazebo
[2.601s] -- Up-to-date: /home/yanyew/mapping/install/ros_gz_crazyflie_gazebo/share/ros_gz_crazyflie_gazebo/environment/ament_prefix_path.sh
[2.602s] -- Up-to-date: /home/yanyew/mapping/install/ros_gz_crazyflie_gazebo/share/ros_gz_crazyflie_gazebo/environment/ament_prefix_path.dsv
[2.603s] -- Up-to-date: /home/yanyew/mapping/install/ros_gz_crazyflie_gazebo/share/ros_gz_crazyflie_gazebo/environment/path.sh
[2.604s] -- Up-to-date: /home/yanyew/mapping/install/ros_gz_crazyflie_gazebo/share/ros_gz_crazyflie_gazebo/environment/path.dsv
[2.606s] -- Up-to-date: /home/yanyew/mapping/install/ros_gz_crazyflie_gazebo/share/ros_gz_crazyflie_gazebo/local_setup.bash
[2.608s] -- Up-to-date: /home/yanyew/mapping/install/ros_gz_crazyflie_gazebo/share/ros_gz_crazyflie_gazebo/local_setup.sh
[2.609s] -- Up-to-date: /home/yanyew/mapping/install/ros_gz_crazyflie_gazebo/share/ros_gz_crazyflie_gazebo/local_setup.zsh
[2.609s] -- Up-to-date: /home/yanyew/mapping/install/ros_gz_crazyflie_gazebo/share/ros_gz_crazyflie_gazebo/local_setup.dsv
[2.609s] -- Installing: /home/yanyew/mapping/install/ros_gz_crazyflie_gazebo/share/ros_gz_crazyflie_gazebo/package.dsv
[2.609s] -- Up-to-date: /home/yanyew/mapping/install/ros_gz_crazyflie_gazebo/share/ament_index/resource_index/packages/ros_gz_crazyflie_gazebo
[2.610s] -- Up-to-date: /home/yanyew/mapping/install/ros_gz_crazyflie_gazebo/share/ros_gz_crazyflie_gazebo/cmake/ros_gz_crazyflie_gazeboConfig.cmake
[2.610s] -- Up-to-date: /home/yanyew/mapping/install/ros_gz_crazyflie_gazebo/share/ros_gz_crazyflie_gazebo/cmake/ros_gz_crazyflie_gazeboConfig-version.cmake
[2.610s] -- Up-to-date: /home/yanyew/mapping/install/ros_gz_crazyflie_gazebo/share/ros_gz_crazyflie_gazebo/package.xml
[2.768s] Invoked command in '/home/yanyew/mapping/build/ros_gz_crazyflie_gazebo' returned '0': CMAKE_PREFIX_PATH=${CMAKE_PREFIX_PATH}:/home/yanyew/mapping/install/ros_gz_crazyflie_control:/home/yanyew/mapping/install/merge_map:/home/yanyew/mapping/install/crazyflie_ros2_multiranger_wall_following:/home/yanyew/mapping/install/crazyflie_ros2_multiranger_simple_mapper:/home/yanyew/mapping/install/crazyflie_py:/home/yanyew/mapping/install/crazyflie_launch:/opt/ros/humble /usr/bin/cmake --install /home/yanyew/mapping/build/ros_gz_crazyflie_gazebo
