[0.018s] Invoking command in '/home/yanyew/mapping/build/crazyflie_ros2_multiranger_bringup': AMENT_PREFIX_PATH=/home/yanyew/mapping/install/ros_gz_crazyflie_bringup:/home/yanyew/mapping/install/ros_gz_crazyflie_gazebo:${AMENT_PREFIX_PATH} CMAKE_PREFIX_PATH=/home/yanyew/mapping/install/ros_gz_crazyflie_bringup:/home/yanyew/mapping/install/ros_gz_crazyflie_gazebo:/home/yanyew/mapping/install:/opt/ros/humble /usr/bin/cmake /home/yanyew/mapping/src/crazyflie_ros2_multiranger/crazyflie_ros2_multiranger_bringup -DCMAKE_INSTALL_PREFIX=/home/yanyew/mapping/install/crazyflie_ros2_multiranger_bringup
[0.028s] -- Found ament_cmake: 1.3.11 (/opt/ros/humble/share/ament_cmake/cmake)
[0.157s] -- Found ros_gz_crazyflie_bringup: 0.0.0 (/home/yanyew/mapping/install/ros_gz_crazyflie_bringup/share/ros_gz_crazyflie_bringup/cmake)
[0.158s] -- Found ament_lint_auto: 0.12.11 (/opt/ros/humble/share/ament_lint_auto/cmake)
[0.220s] -- Configuring done
[0.222s] -- Generating done
[0.224s] -- Build files have been written to: /home/yanyew/mapping/build/crazyflie_ros2_multiranger_bringup
[0.226s] Invoked command in '/home/yanyew/mapping/build/crazyflie_ros2_multiranger_bringup' returned '0': AMENT_PREFIX_PATH=/home/yanyew/mapping/install/ros_gz_crazyflie_bringup:/home/yanyew/mapping/install/ros_gz_crazyflie_gazebo:${AMENT_PREFIX_PATH} CMAKE_PREFIX_PATH=/home/yanyew/mapping/install/ros_gz_crazyflie_bringup:/home/yanyew/mapping/install/ros_gz_crazyflie_gazebo:/home/yanyew/mapping/install:/opt/ros/humble /usr/bin/cmake /home/yanyew/mapping/src/crazyflie_ros2_multiranger/crazyflie_ros2_multiranger_bringup -DCMAKE_INSTALL_PREFIX=/home/yanyew/mapping/install/crazyflie_ros2_multiranger_bringup
[0.227s] Invoking command in '/home/yanyew/mapping/build/crazyflie_ros2_multiranger_bringup': AMENT_PREFIX_PATH=/home/yanyew/mapping/install/ros_gz_crazyflie_bringup:/home/yanyew/mapping/install/ros_gz_crazyflie_gazebo:${AMENT_PREFIX_PATH} CMAKE_PREFIX_PATH=/home/yanyew/mapping/install/ros_gz_crazyflie_bringup:/home/yanyew/mapping/install/ros_gz_crazyflie_gazebo:/home/yanyew/mapping/install:/opt/ros/humble /usr/bin/cmake --build /home/yanyew/mapping/build/crazyflie_ros2_multiranger_bringup -- -j12 -l12
[0.258s] Invoked command in '/home/yanyew/mapping/build/crazyflie_ros2_multiranger_bringup' returned '0': AMENT_PREFIX_PATH=/home/yanyew/mapping/install/ros_gz_crazyflie_bringup:/home/yanyew/mapping/install/ros_gz_crazyflie_gazebo:${AMENT_PREFIX_PATH} CMAKE_PREFIX_PATH=/home/yanyew/mapping/install/ros_gz_crazyflie_bringup:/home/yanyew/mapping/install/ros_gz_crazyflie_gazebo:/home/yanyew/mapping/install:/opt/ros/humble /usr/bin/cmake --build /home/yanyew/mapping/build/crazyflie_ros2_multiranger_bringup -- -j12 -l12
[0.260s] Invoking command in '/home/yanyew/mapping/build/crazyflie_ros2_multiranger_bringup': AMENT_PREFIX_PATH=/home/yanyew/mapping/install/ros_gz_crazyflie_bringup:/home/yanyew/mapping/install/ros_gz_crazyflie_gazebo:${AMENT_PREFIX_PATH} CMAKE_PREFIX_PATH=/home/yanyew/mapping/install/ros_gz_crazyflie_bringup:/home/yanyew/mapping/install/ros_gz_crazyflie_gazebo:/home/yanyew/mapping/install:/opt/ros/humble /usr/bin/cmake --install /home/yanyew/mapping/build/crazyflie_ros2_multiranger_bringup
[0.266s] -- Install configuration: ""
[0.266s] -- Installing: /home/yanyew/mapping/install/crazyflie_ros2_multiranger_bringup/share/crazyflie_ros2_multiranger_bringup//launch
[0.266s] -- Installing: /home/yanyew/mapping/install/crazyflie_ros2_multiranger_bringup/share/crazyflie_ros2_multiranger_bringup//launch/wall_follower_mapper_simulation.launch.py
[0.266s] -- Installing: /home/yanyew/mapping/install/crazyflie_ros2_multiranger_bringup/share/crazyflie_ros2_multiranger_bringup//launch/simple_mapper_simulation.launch.py
[0.266s] -- Installing: /home/yanyew/mapping/install/crazyflie_ros2_multiranger_bringup/share/crazyflie_ros2_multiranger_bringup//launch/simple_mapper_real.launch.py
[0.266s] -- Installing: /home/yanyew/mapping/install/crazyflie_ros2_multiranger_bringup/share/crazyflie_ros2_multiranger_bringup//launch/wall_follower_mapper_real.launch.py
[0.266s] -- Installing: /home/yanyew/mapping/install/crazyflie_ros2_multiranger_bringup/share/crazyflie_ros2_multiranger_bringup//config
[0.266s] -- Installing: /home/yanyew/mapping/install/crazyflie_ros2_multiranger_bringup/share/crazyflie_ros2_multiranger_bringup//config/crazyflie_real_crazyswarm2.yaml
[0.267s] -- Installing: /home/yanyew/mapping/install/crazyflie_ros2_multiranger_bringup/share/crazyflie_ros2_multiranger_bringup//config/sim_mapping.rviz
[0.267s] -- Installing: /home/yanyew/mapping/install/crazyflie_ros2_multiranger_bringup/share/crazyflie_ros2_multiranger_bringup//config/real_mapping.rviz
[0.267s] -- Installing: /home/yanyew/mapping/install/crazyflie_ros2_multiranger_bringup/share/ament_index/resource_index/package_run_dependencies/crazyflie_ros2_multiranger_bringup
[0.267s] -- Installing: /home/yanyew/mapping/install/crazyflie_ros2_multiranger_bringup/share/ament_index/resource_index/parent_prefix_path/crazyflie_ros2_multiranger_bringup
[0.267s] -- Installing: /home/yanyew/mapping/install/crazyflie_ros2_multiranger_bringup/share/crazyflie_ros2_multiranger_bringup/environment/ament_prefix_path.sh
[0.267s] -- Installing: /home/yanyew/mapping/install/crazyflie_ros2_multiranger_bringup/share/crazyflie_ros2_multiranger_bringup/environment/ament_prefix_path.dsv
[0.267s] -- Installing: /home/yanyew/mapping/install/crazyflie_ros2_multiranger_bringup/share/crazyflie_ros2_multiranger_bringup/environment/path.sh
[0.267s] -- Installing: /home/yanyew/mapping/install/crazyflie_ros2_multiranger_bringup/share/crazyflie_ros2_multiranger_bringup/environment/path.dsv
[0.267s] -- Installing: /home/yanyew/mapping/install/crazyflie_ros2_multiranger_bringup/share/crazyflie_ros2_multiranger_bringup/local_setup.bash
[0.268s] -- Installing: /home/yanyew/mapping/install/crazyflie_ros2_multiranger_bringup/share/crazyflie_ros2_multiranger_bringup/local_setup.sh
[0.268s] -- Installing: /home/yanyew/mapping/install/crazyflie_ros2_multiranger_bringup/share/crazyflie_ros2_multiranger_bringup/local_setup.zsh
[0.268s] -- Installing: /home/yanyew/mapping/install/crazyflie_ros2_multiranger_bringup/share/crazyflie_ros2_multiranger_bringup/local_setup.dsv
[0.268s] -- Installing: /home/yanyew/mapping/install/crazyflie_ros2_multiranger_bringup/share/crazyflie_ros2_multiranger_bringup/package.dsv
[0.268s] -- Installing: /home/yanyew/mapping/install/crazyflie_ros2_multiranger_bringup/share/ament_index/resource_index/packages/crazyflie_ros2_multiranger_bringup
[0.268s] -- Installing: /home/yanyew/mapping/install/crazyflie_ros2_multiranger_bringup/share/crazyflie_ros2_multiranger_bringup/cmake/crazyflie_ros2_multiranger_bringupConfig.cmake
[0.268s] -- Installing: /home/yanyew/mapping/install/crazyflie_ros2_multiranger_bringup/share/crazyflie_ros2_multiranger_bringup/cmake/crazyflie_ros2_multiranger_bringupConfig-version.cmake
[0.268s] -- Installing: /home/yanyew/mapping/install/crazyflie_ros2_multiranger_bringup/share/crazyflie_ros2_multiranger_bringup/package.xml
[0.270s] Invoked command in '/home/yanyew/mapping/build/crazyflie_ros2_multiranger_bringup' returned '0': AMENT_PREFIX_PATH=/home/yanyew/mapping/install/ros_gz_crazyflie_bringup:/home/yanyew/mapping/install/ros_gz_crazyflie_gazebo:${AMENT_PREFIX_PATH} CMAKE_PREFIX_PATH=/home/yanyew/mapping/install/ros_gz_crazyflie_bringup:/home/yanyew/mapping/install/ros_gz_crazyflie_gazebo:/home/yanyew/mapping/install:/opt/ros/humble /usr/bin/cmake --install /home/yanyew/mapping/build/crazyflie_ros2_multiranger_bringup
