[0.032s] Invoking command in '/home/yanyew/mapping/build/ros_gz_crazyflie_gazebo': CMAKE_PREFIX_PATH=/opt/ros/humble /usr/bin/cmake --build /home/yanyew/mapping/build/ros_gz_crazyflie_gazebo -- -j12 -l12
[1.474s] Invoked command in '/home/yanyew/mapping/build/ros_gz_crazyflie_gazebo' returned '0': CMAKE_PREFIX_PATH=/opt/ros/humble /usr/bin/cmake --build /home/yanyew/mapping/build/ros_gz_crazyflie_gazebo -- -j12 -l12
[1.483s] Invoking command in '/home/yanyew/mapping/build/ros_gz_crazyflie_gazebo': CMAKE_PREFIX_PATH=/opt/ros/humble /usr/bin/cmake --install /home/yanyew/mapping/build/ros_gz_crazyflie_gazebo
[1.494s] -- Install configuration: ""
[1.495s] -- Up-to-date: /home/yanyew/mapping/install/ros_gz_crazyflie_gazebo/share/ros_gz_crazyflie_gazebo/worlds
[1.496s] -- Up-to-date: /home/yanyew/mapping/install/ros_gz_crazyflie_gazebo/share/ros_gz_crazyflie_gazebo/worlds/crazyflie_world.sdf
[1.496s] -- Up-to-date: /home/yanyew/mapping/install/ros_gz_crazyflie_gazebo/share/ament_index/resource_index/package_run_dependencies/ros_gz_crazyflie_gazebo
[1.496s] -- Up-to-date: /home/yanyew/mapping/install/ros_gz_crazyflie_gazebo/share/ament_index/resource_index/parent_prefix_path/ros_gz_crazyflie_gazebo
[1.496s] -- Up-to-date: /home/yanyew/mapping/install/ros_gz_crazyflie_gazebo/share/ros_gz_crazyflie_gazebo/environment/ament_prefix_path.sh
[1.498s] -- Up-to-date: /home/yanyew/mapping/install/ros_gz_crazyflie_gazebo/share/ros_gz_crazyflie_gazebo/environment/ament_prefix_path.dsv
[1.500s] -- Up-to-date: /home/yanyew/mapping/install/ros_gz_crazyflie_gazebo/share/ros_gz_crazyflie_gazebo/environment/path.sh
[1.501s] -- Up-to-date: /home/yanyew/mapping/install/ros_gz_crazyflie_gazebo/share/ros_gz_crazyflie_gazebo/environment/path.dsv
[1.501s] -- Up-to-date: /home/yanyew/mapping/install/ros_gz_crazyflie_gazebo/share/ros_gz_crazyflie_gazebo/local_setup.bash
[1.502s] -- Up-to-date: /home/yanyew/mapping/install/ros_gz_crazyflie_gazebo/share/ros_gz_crazyflie_gazebo/local_setup.sh
[1.502s] -- Up-to-date: /home/yanyew/mapping/install/ros_gz_crazyflie_gazebo/share/ros_gz_crazyflie_gazebo/local_setup.zsh
[1.502s] -- Up-to-date: /home/yanyew/mapping/install/ros_gz_crazyflie_gazebo/share/ros_gz_crazyflie_gazebo/local_setup.dsv
[1.502s] -- Installing: /home/yanyew/mapping/install/ros_gz_crazyflie_gazebo/share/ros_gz_crazyflie_gazebo/package.dsv
[1.502s] -- Up-to-date: /home/yanyew/mapping/install/ros_gz_crazyflie_gazebo/share/ament_index/resource_index/packages/ros_gz_crazyflie_gazebo
[1.502s] -- Up-to-date: /home/yanyew/mapping/install/ros_gz_crazyflie_gazebo/share/ros_gz_crazyflie_gazebo/cmake/ros_gz_crazyflie_gazeboConfig.cmake
[1.502s] -- Up-to-date: /home/yanyew/mapping/install/ros_gz_crazyflie_gazebo/share/ros_gz_crazyflie_gazebo/cmake/ros_gz_crazyflie_gazeboConfig-version.cmake
[1.502s] -- Up-to-date: /home/yanyew/mapping/install/ros_gz_crazyflie_gazebo/share/ros_gz_crazyflie_gazebo/package.xml
[1.559s] Invoked command in '/home/yanyew/mapping/build/ros_gz_crazyflie_gazebo' returned '0': CMAKE_PREFIX_PATH=/opt/ros/humble /usr/bin/cmake --install /home/yanyew/mapping/build/ros_gz_crazyflie_gazebo
