[0.010s] Invoking command in '/home/yanyew/Multi-Drone-SLAM-and-Merge-Map/build/crazyflie_examples': AMENT_PREFIX_PATH=/home/yanyew/Multi-Drone-SLAM-and-Merge-Map/install/crazyflie_py:/home/yanyew/Multi-Drone-SLAM-and-Merge-Map/install/crazyflie_interfaces:${AMENT_PREFIX_PATH} CMAKE_PREFIX_PATH=/home/yanyew/Multi-Drone-SLAM-and-Merge-Map/install/crazyflie_interfaces:/home/yanyew/mapping/install/crazyflie_ros2_multiranger_bringup:/home/yanyew/mapping/install/ros_gz_crazyflie_bringup:/home/yanyew/mapping/install/ros_gz_crazyflie_gazebo:/home/yanyew/mapping/install/crazyflie_sim:/home/yanyew/mapping/install/crazyflie_examples:/home/yanyew/mapping/install/crazyflie:/home/yanyew/mapping/install/crazyflie_interfaces:/home/yanyew/mapping/install/ros_gz_crazyflie_control:/home/yanyew/mapping/install/merge_map:/home/yanyew/mapping/install/crazyflie_ros2_multiranger_wall_following:/home/yanyew/mapping/install/crazyflie_ros2_multiranger_simple_mapper:/home/yanyew/mapping/install/crazyflie_py:/home/yanyew/mapping/install/crazyflie_launch:/opt/ros/humble LD_LIBRARY_PATH=/home/yanyew/Multi-Drone-SLAM-and-Merge-Map/install/crazyflie_interfaces/lib:/home/yanyew/mapping/install/crazyflie_interfaces/lib:/usr/lib/x86_64-linux-gnu/gazebo-11/plugins:/opt/ros/humble/opt/rviz_ogre_vendor/lib:/opt/ros/humble/lib/x86_64-linux-gnu:/opt/ros/humble/lib:/usr/lib/x86_64-linux-gnu/gazebo-11/plugins PYTHONPATH=/home/yanyew/Multi-Drone-SLAM-and-Merge-Map/install/crazyflie_py/lib/python3.10/site-packages:/home/yanyew/Multi-Drone-SLAM-and-Merge-Map/install/crazyflie_interfaces/local/lib/python3.10/dist-packages:${PYTHONPATH} /usr/bin/cmake /home/yanyew/Multi-Drone-SLAM-and-Merge-Map/src/crazyswarm2/crazyflie_examples -DCMAKE_INSTALL_PREFIX=/home/yanyew/Multi-Drone-SLAM-and-Merge-Map/install/crazyflie_examples
[0.057s] -- The C compiler identification is GNU 11.4.0
[0.108s] -- The CXX compiler identification is GNU 11.4.0
[0.115s] -- Detecting C compiler ABI info
[0.173s] -- Detecting C compiler ABI info - done
[0.181s] -- Check for working C compiler: /usr/bin/cc - skipped
[0.181s] -- Detecting C compile features
[0.182s] -- Detecting C compile features - done
[0.184s] -- Detecting CXX compiler ABI info
[0.253s] -- Detecting CXX compiler ABI info - done
[0.268s] -- Check for working CXX compiler: /usr/bin/c++ - skipped
[0.269s] -- Detecting CXX compile features
[0.269s] -- Detecting CXX compile features - done
[0.275s] -- Found ament_cmake: 1.3.11 (/opt/ros/humble/share/ament_cmake/cmake)
[0.444s] -- Found Python3: /usr/bin/python3 (found version "3.10.12") found components: Interpreter 
[0.674s] -- Found ament_cmake_pytest: 1.3.11 (/opt/ros/humble/share/ament_cmake_pytest/cmake)
[2.432s] -- Configuring done
[2.436s] -- Generating done
[2.439s] -- Build files have been written to: /home/yanyew/Multi-Drone-SLAM-and-Merge-Map/build/crazyflie_examples
[2.442s] Invoked command in '/home/yanyew/Multi-Drone-SLAM-and-Merge-Map/build/crazyflie_examples' returned '0': AMENT_PREFIX_PATH=/home/yanyew/Multi-Drone-SLAM-and-Merge-Map/install/crazyflie_py:/home/yanyew/Multi-Drone-SLAM-and-Merge-Map/install/crazyflie_interfaces:${AMENT_PREFIX_PATH} CMAKE_PREFIX_PATH=/home/yanyew/Multi-Drone-SLAM-and-Merge-Map/install/crazyflie_interfaces:/home/yanyew/mapping/install/crazyflie_ros2_multiranger_bringup:/home/yanyew/mapping/install/ros_gz_crazyflie_bringup:/home/yanyew/mapping/install/ros_gz_crazyflie_gazebo:/home/yanyew/mapping/install/crazyflie_sim:/home/yanyew/mapping/install/crazyflie_examples:/home/yanyew/mapping/install/crazyflie:/home/yanyew/mapping/install/crazyflie_interfaces:/home/yanyew/mapping/install/ros_gz_crazyflie_control:/home/yanyew/mapping/install/merge_map:/home/yanyew/mapping/install/crazyflie_ros2_multiranger_wall_following:/home/yanyew/mapping/install/crazyflie_ros2_multiranger_simple_mapper:/home/yanyew/mapping/install/crazyflie_py:/home/yanyew/mapping/install/crazyflie_launch:/opt/ros/humble LD_LIBRARY_PATH=/home/yanyew/Multi-Drone-SLAM-and-Merge-Map/install/crazyflie_interfaces/lib:/home/yanyew/mapping/install/crazyflie_interfaces/lib:/usr/lib/x86_64-linux-gnu/gazebo-11/plugins:/opt/ros/humble/opt/rviz_ogre_vendor/lib:/opt/ros/humble/lib/x86_64-linux-gnu:/opt/ros/humble/lib:/usr/lib/x86_64-linux-gnu/gazebo-11/plugins PYTHONPATH=/home/yanyew/Multi-Drone-SLAM-and-Merge-Map/install/crazyflie_py/lib/python3.10/site-packages:/home/yanyew/Multi-Drone-SLAM-and-Merge-Map/install/crazyflie_interfaces/local/lib/python3.10/dist-packages:${PYTHONPATH} /usr/bin/cmake /home/yanyew/Multi-Drone-SLAM-and-Merge-Map/src/crazyswarm2/crazyflie_examples -DCMAKE_INSTALL_PREFIX=/home/yanyew/Multi-Drone-SLAM-and-Merge-Map/install/crazyflie_examples
[2.443s] Invoking command in '/home/yanyew/Multi-Drone-SLAM-and-Merge-Map/build/crazyflie_examples': AMENT_PREFIX_PATH=/home/yanyew/Multi-Drone-SLAM-and-Merge-Map/install/crazyflie_py:/home/yanyew/Multi-Drone-SLAM-and-Merge-Map/install/crazyflie_interfaces:${AMENT_PREFIX_PATH} CMAKE_PREFIX_PATH=/home/yanyew/Multi-Drone-SLAM-and-Merge-Map/install/crazyflie_interfaces:/home/yanyew/mapping/install/crazyflie_ros2_multiranger_bringup:/home/yanyew/mapping/install/ros_gz_crazyflie_bringup:/home/yanyew/mapping/install/ros_gz_crazyflie_gazebo:/home/yanyew/mapping/install/crazyflie_sim:/home/yanyew/mapping/install/crazyflie_examples:/home/yanyew/mapping/install/crazyflie:/home/yanyew/mapping/install/crazyflie_interfaces:/home/yanyew/mapping/install/ros_gz_crazyflie_control:/home/yanyew/mapping/install/merge_map:/home/yanyew/mapping/install/crazyflie_ros2_multiranger_wall_following:/home/yanyew/mapping/install/crazyflie_ros2_multiranger_simple_mapper:/home/yanyew/mapping/install/crazyflie_py:/home/yanyew/mapping/install/crazyflie_launch:/opt/ros/humble LD_LIBRARY_PATH=/home/yanyew/Multi-Drone-SLAM-and-Merge-Map/install/crazyflie_interfaces/lib:/home/yanyew/mapping/install/crazyflie_interfaces/lib:/usr/lib/x86_64-linux-gnu/gazebo-11/plugins:/opt/ros/humble/opt/rviz_ogre_vendor/lib:/opt/ros/humble/lib/x86_64-linux-gnu:/opt/ros/humble/lib:/usr/lib/x86_64-linux-gnu/gazebo-11/plugins PYTHONPATH=/home/yanyew/Multi-Drone-SLAM-and-Merge-Map/install/crazyflie_py/lib/python3.10/site-packages:/home/yanyew/Multi-Drone-SLAM-and-Merge-Map/install/crazyflie_interfaces/local/lib/python3.10/dist-packages:${PYTHONPATH} /usr/bin/cmake --build /home/yanyew/Multi-Drone-SLAM-and-Merge-Map/build/crazyflie_examples -- -j12 -l12
[2.494s] Built target ament_cmake_python_copy_crazyflie_examples_setup
[2.495s] Built target ament_cmake_python_copy_crazyflie_examples
[2.811s] running install_scripts
[2.814s] /usr/lib/python3/dist-packages/setuptools/command/install.py:34: SetuptoolsDeprecationWarning: setup.py install is deprecated. Use build and pip and other standards-based tools.
[2.814s]   warnings.warn(
[2.823s] running egg_info
[2.824s] creating crazyflie_examples.egg-info
[2.824s] writing crazyflie_examples.egg-info/PKG-INFO
[2.824s] writing dependency_links to crazyflie_examples.egg-info/dependency_links.txt
[2.824s] writing entry points to crazyflie_examples.egg-info/entry_points.txt
[2.824s] writing top-level names to crazyflie_examples.egg-info/top_level.txt
[2.824s] writing manifest file 'crazyflie_examples.egg-info/SOURCES.txt'
[2.827s] reading manifest file 'crazyflie_examples.egg-info/SOURCES.txt'
[2.828s] writing manifest file 'crazyflie_examples.egg-info/SOURCES.txt'
[2.844s] running egg_info
[2.845s] writing crazyflie_examples.egg-info/PKG-INFO
[2.845s] writing dependency_links to crazyflie_examples.egg-info/dependency_links.txt
[2.845s] writing entry points to crazyflie_examples.egg-info/entry_points.txt
[2.845s] writing top-level names to crazyflie_examples.egg-info/top_level.txt
[2.847s] reading manifest file 'crazyflie_examples.egg-info/SOURCES.txt'
[2.848s] writing manifest file 'crazyflie_examples.egg-info/SOURCES.txt'
[2.852s] Installing arming script to scripts
[2.852s] Installing cmd_full_state script to scripts
[2.852s] Installing figure8 script to scripts
[2.852s] Installing group_mask script to scripts
[2.852s] Installing hello_world script to scripts
[2.852s] Installing infinite_flight script to scripts
[2.852s] Installing multi_trajectory script to scripts
[2.852s] Installing nice_hover script to scripts
[2.853s] Installing set_param script to scripts
[2.853s] Installing swap script to scripts
[2.864s] Built target ament_cmake_python_build_crazyflie_examples_egg
[2.891s] Built target ament_cmake_python_build_crazyflie_examples_scripts
[2.901s] Invoked command in '/home/yanyew/Multi-Drone-SLAM-and-Merge-Map/build/crazyflie_examples' returned '0': AMENT_PREFIX_PATH=/home/yanyew/Multi-Drone-SLAM-and-Merge-Map/install/crazyflie_py:/home/yanyew/Multi-Drone-SLAM-and-Merge-Map/install/crazyflie_interfaces:${AMENT_PREFIX_PATH} CMAKE_PREFIX_PATH=/home/yanyew/Multi-Drone-SLAM-and-Merge-Map/install/crazyflie_interfaces:/home/yanyew/mapping/install/crazyflie_ros2_multiranger_bringup:/home/yanyew/mapping/install/ros_gz_crazyflie_bringup:/home/yanyew/mapping/install/ros_gz_crazyflie_gazebo:/home/yanyew/mapping/install/crazyflie_sim:/home/yanyew/mapping/install/crazyflie_examples:/home/yanyew/mapping/install/crazyflie:/home/yanyew/mapping/install/crazyflie_interfaces:/home/yanyew/mapping/install/ros_gz_crazyflie_control:/home/yanyew/mapping/install/merge_map:/home/yanyew/mapping/install/crazyflie_ros2_multiranger_wall_following:/home/yanyew/mapping/install/crazyflie_ros2_multiranger_simple_mapper:/home/yanyew/mapping/install/crazyflie_py:/home/yanyew/mapping/install/crazyflie_launch:/opt/ros/humble LD_LIBRARY_PATH=/home/yanyew/Multi-Drone-SLAM-and-Merge-Map/install/crazyflie_interfaces/lib:/home/yanyew/mapping/install/crazyflie_interfaces/lib:/usr/lib/x86_64-linux-gnu/gazebo-11/plugins:/opt/ros/humble/opt/rviz_ogre_vendor/lib:/opt/ros/humble/lib/x86_64-linux-gnu:/opt/ros/humble/lib:/usr/lib/x86_64-linux-gnu/gazebo-11/plugins PYTHONPATH=/home/yanyew/Multi-Drone-SLAM-and-Merge-Map/install/crazyflie_py/lib/python3.10/site-packages:/home/yanyew/Multi-Drone-SLAM-and-Merge-Map/install/crazyflie_interfaces/local/lib/python3.10/dist-packages:${PYTHONPATH} /usr/bin/cmake --build /home/yanyew/Multi-Drone-SLAM-and-Merge-Map/build/crazyflie_examples -- -j12 -l12
[2.903s] Invoking command in '/home/yanyew/Multi-Drone-SLAM-and-Merge-Map/build/crazyflie_examples': AMENT_PREFIX_PATH=/home/yanyew/Multi-Drone-SLAM-and-Merge-Map/install/crazyflie_py:/home/yanyew/Multi-Drone-SLAM-and-Merge-Map/install/crazyflie_interfaces:${AMENT_PREFIX_PATH} CMAKE_PREFIX_PATH=/home/yanyew/Multi-Drone-SLAM-and-Merge-Map/install/crazyflie_interfaces:/home/yanyew/mapping/install/crazyflie_ros2_multiranger_bringup:/home/yanyew/mapping/install/ros_gz_crazyflie_bringup:/home/yanyew/mapping/install/ros_gz_crazyflie_gazebo:/home/yanyew/mapping/install/crazyflie_sim:/home/yanyew/mapping/install/crazyflie_examples:/home/yanyew/mapping/install/crazyflie:/home/yanyew/mapping/install/crazyflie_interfaces:/home/yanyew/mapping/install/ros_gz_crazyflie_control:/home/yanyew/mapping/install/merge_map:/home/yanyew/mapping/install/crazyflie_ros2_multiranger_wall_following:/home/yanyew/mapping/install/crazyflie_ros2_multiranger_simple_mapper:/home/yanyew/mapping/install/crazyflie_py:/home/yanyew/mapping/install/crazyflie_launch:/opt/ros/humble LD_LIBRARY_PATH=/home/yanyew/Multi-Drone-SLAM-and-Merge-Map/install/crazyflie_interfaces/lib:/home/yanyew/mapping/install/crazyflie_interfaces/lib:/usr/lib/x86_64-linux-gnu/gazebo-11/plugins:/opt/ros/humble/opt/rviz_ogre_vendor/lib:/opt/ros/humble/lib/x86_64-linux-gnu:/opt/ros/humble/lib:/usr/lib/x86_64-linux-gnu/gazebo-11/plugins PYTHONPATH=/home/yanyew/Multi-Drone-SLAM-and-Merge-Map/install/crazyflie_py/lib/python3.10/site-packages:/home/yanyew/Multi-Drone-SLAM-and-Merge-Map/install/crazyflie_interfaces/local/lib/python3.10/dist-packages:${PYTHONPATH} /usr/bin/cmake --install /home/yanyew/Multi-Drone-SLAM-and-Merge-Map/build/crazyflie_examples
[2.910s] -- Install configuration: ""
[2.910s] -- Installing: /home/yanyew/Multi-Drone-SLAM-and-Merge-Map/install/crazyflie_examples/share/crazyflie_examples/environment/pythonpath.sh
[2.910s] -- Installing: /home/yanyew/Multi-Drone-SLAM-and-Merge-Map/install/crazyflie_examples/share/crazyflie_examples/environment/pythonpath.dsv
[2.910s] -- Installing: /home/yanyew/Multi-Drone-SLAM-and-Merge-Map/install/crazyflie_examples/local/lib/python3.10/dist-packages/crazyflie_examples-2.0.0-py3.10.egg-info
[2.911s] -- Installing: /home/yanyew/Multi-Drone-SLAM-and-Merge-Map/install/crazyflie_examples/local/lib/python3.10/dist-packages/crazyflie_examples-2.0.0-py3.10.egg-info/PKG-INFO
[2.911s] -- Installing: /home/yanyew/Multi-Drone-SLAM-and-Merge-Map/install/crazyflie_examples/local/lib/python3.10/dist-packages/crazyflie_examples-2.0.0-py3.10.egg-info/top_level.txt
[2.911s] -- Installing: /home/yanyew/Multi-Drone-SLAM-and-Merge-Map/install/crazyflie_examples/local/lib/python3.10/dist-packages/crazyflie_examples-2.0.0-py3.10.egg-info/entry_points.txt
[2.911s] -- Installing: /home/yanyew/Multi-Drone-SLAM-and-Merge-Map/install/crazyflie_examples/local/lib/python3.10/dist-packages/crazyflie_examples-2.0.0-py3.10.egg-info/dependency_links.txt
[2.911s] -- Installing: /home/yanyew/Multi-Drone-SLAM-and-Merge-Map/install/crazyflie_examples/local/lib/python3.10/dist-packages/crazyflie_examples-2.0.0-py3.10.egg-info/SOURCES.txt
[2.911s] -- Installing: /home/yanyew/Multi-Drone-SLAM-and-Merge-Map/install/crazyflie_examples/lib/crazyflie_examples/
[2.911s] -- Installing: /home/yanyew/Multi-Drone-SLAM-and-Merge-Map/install/crazyflie_examples/lib/crazyflie_examples//swap
[2.912s] -- Installing: /home/yanyew/Multi-Drone-SLAM-and-Merge-Map/install/crazyflie_examples/lib/crazyflie_examples//nice_hover
[2.912s] -- Installing: /home/yanyew/Multi-Drone-SLAM-and-Merge-Map/install/crazyflie_examples/lib/crazyflie_examples//set_param
[2.912s] -- Installing: /home/yanyew/Multi-Drone-SLAM-and-Merge-Map/install/crazyflie_examples/lib/crazyflie_examples//figure8
[2.912s] -- Installing: /home/yanyew/Multi-Drone-SLAM-and-Merge-Map/install/crazyflie_examples/lib/crazyflie_examples//cmd_full_state
[2.912s] -- Installing: /home/yanyew/Multi-Drone-SLAM-and-Merge-Map/install/crazyflie_examples/lib/crazyflie_examples//group_mask
[2.912s] -- Installing: /home/yanyew/Multi-Drone-SLAM-and-Merge-Map/install/crazyflie_examples/lib/crazyflie_examples//arming
[2.912s] -- Installing: /home/yanyew/Multi-Drone-SLAM-and-Merge-Map/install/crazyflie_examples/lib/crazyflie_examples//hello_world
[2.912s] -- Installing: /home/yanyew/Multi-Drone-SLAM-and-Merge-Map/install/crazyflie_examples/lib/crazyflie_examples//multi_trajectory
[2.913s] -- Installing: /home/yanyew/Multi-Drone-SLAM-and-Merge-Map/install/crazyflie_examples/lib/crazyflie_examples//infinite_flight
[2.913s] -- Installing: /home/yanyew/Multi-Drone-SLAM-and-Merge-Map/install/crazyflie_examples/local/lib/python3.10/dist-packages/crazyflie_examples
[2.913s] -- Installing: /home/yanyew/Multi-Drone-SLAM-and-Merge-Map/install/crazyflie_examples/local/lib/python3.10/dist-packages/crazyflie_examples/group_mask.py
[2.913s] -- Installing: /home/yanyew/Multi-Drone-SLAM-and-Merge-Map/install/crazyflie_examples/local/lib/python3.10/dist-packages/crazyflie_examples/multi_trajectory.py
[2.913s] -- Installing: /home/yanyew/Multi-Drone-SLAM-and-Merge-Map/install/crazyflie_examples/local/lib/python3.10/dist-packages/crazyflie_examples/figure8.py
[2.913s] -- Installing: /home/yanyew/Multi-Drone-SLAM-and-Merge-Map/install/crazyflie_examples/local/lib/python3.10/dist-packages/crazyflie_examples/set_param.py
[2.913s] -- Installing: /home/yanyew/Multi-Drone-SLAM-and-Merge-Map/install/crazyflie_examples/local/lib/python3.10/dist-packages/crazyflie_examples/__init__.py
[2.913s] -- Installing: /home/yanyew/Multi-Drone-SLAM-and-Merge-Map/install/crazyflie_examples/local/lib/python3.10/dist-packages/crazyflie_examples/swap.py
[2.914s] -- Installing: /home/yanyew/Multi-Drone-SLAM-and-Merge-Map/install/crazyflie_examples/local/lib/python3.10/dist-packages/crazyflie_examples/infinite_flight.py
[2.914s] -- Installing: /home/yanyew/Multi-Drone-SLAM-and-Merge-Map/install/crazyflie_examples/local/lib/python3.10/dist-packages/crazyflie_examples/data
[2.914s] -- Installing: /home/yanyew/Multi-Drone-SLAM-and-Merge-Map/install/crazyflie_examples/local/lib/python3.10/dist-packages/crazyflie_examples/data/multi_trajectory
[2.914s] -- Installing: /home/yanyew/Multi-Drone-SLAM-and-Merge-Map/install/crazyflie_examples/local/lib/python3.10/dist-packages/crazyflie_examples/data/multi_trajectory/traj0.csv
[2.914s] -- Installing: /home/yanyew/Multi-Drone-SLAM-and-Merge-Map/install/crazyflie_examples/local/lib/python3.10/dist-packages/crazyflie_examples/data/multi_trajectory/traj1.csv
[2.914s] -- Installing: /home/yanyew/Multi-Drone-SLAM-and-Merge-Map/install/crazyflie_examples/local/lib/python3.10/dist-packages/crazyflie_examples/data/figure8.csv
[2.914s] -- Installing: /home/yanyew/Multi-Drone-SLAM-and-Merge-Map/install/crazyflie_examples/local/lib/python3.10/dist-packages/crazyflie_examples/cmd_full_state.py
[2.914s] -- Installing: /home/yanyew/Multi-Drone-SLAM-and-Merge-Map/install/crazyflie_examples/local/lib/python3.10/dist-packages/crazyflie_examples/arming.py
[2.915s] -- Installing: /home/yanyew/Multi-Drone-SLAM-and-Merge-Map/install/crazyflie_examples/local/lib/python3.10/dist-packages/crazyflie_examples/nice_hover.py
[2.915s] -- Installing: /home/yanyew/Multi-Drone-SLAM-and-Merge-Map/install/crazyflie_examples/local/lib/python3.10/dist-packages/crazyflie_examples/hello_world.py
[2.957s] Listing '/home/yanyew/Multi-Drone-SLAM-and-Merge-Map/install/crazyflie_examples/local/lib/python3.10/dist-packages/crazyflie_examples'...
[2.957s] Compiling '/home/yanyew/Multi-Drone-SLAM-and-Merge-Map/install/crazyflie_examples/local/lib/python3.10/dist-packages/crazyflie_examples/__init__.py'...
[2.957s] Compiling '/home/yanyew/Multi-Drone-SLAM-and-Merge-Map/install/crazyflie_examples/local/lib/python3.10/dist-packages/crazyflie_examples/arming.py'...
[2.957s] Compiling '/home/yanyew/Multi-Drone-SLAM-and-Merge-Map/install/crazyflie_examples/local/lib/python3.10/dist-packages/crazyflie_examples/cmd_full_state.py'...
[2.957s] Listing '/home/yanyew/Multi-Drone-SLAM-and-Merge-Map/install/crazyflie_examples/local/lib/python3.10/dist-packages/crazyflie_examples/data'...
[2.958s] Listing '/home/yanyew/Multi-Drone-SLAM-and-Merge-Map/install/crazyflie_examples/local/lib/python3.10/dist-packages/crazyflie_examples/data/multi_trajectory'...
[2.958s] Compiling '/home/yanyew/Multi-Drone-SLAM-and-Merge-Map/install/crazyflie_examples/local/lib/python3.10/dist-packages/crazyflie_examples/figure8.py'...
[2.958s] Compiling '/home/yanyew/Multi-Drone-SLAM-and-Merge-Map/install/crazyflie_examples/local/lib/python3.10/dist-packages/crazyflie_examples/group_mask.py'...
[2.958s] Compiling '/home/yanyew/Multi-Drone-SLAM-and-Merge-Map/install/crazyflie_examples/local/lib/python3.10/dist-packages/crazyflie_examples/hello_world.py'...
[2.958s] Compiling '/home/yanyew/Multi-Drone-SLAM-and-Merge-Map/install/crazyflie_examples/local/lib/python3.10/dist-packages/crazyflie_examples/infinite_flight.py'...
[2.958s] Compiling '/home/yanyew/Multi-Drone-SLAM-and-Merge-Map/install/crazyflie_examples/local/lib/python3.10/dist-packages/crazyflie_examples/multi_trajectory.py'...
[2.958s] Compiling '/home/yanyew/Multi-Drone-SLAM-and-Merge-Map/install/crazyflie_examples/local/lib/python3.10/dist-packages/crazyflie_examples/nice_hover.py'...
[2.958s] Compiling '/home/yanyew/Multi-Drone-SLAM-and-Merge-Map/install/crazyflie_examples/local/lib/python3.10/dist-packages/crazyflie_examples/set_param.py'...
[2.958s] Compiling '/home/yanyew/Multi-Drone-SLAM-and-Merge-Map/install/crazyflie_examples/local/lib/python3.10/dist-packages/crazyflie_examples/swap.py'...
[2.962s] -- Installing: /home/yanyew/Multi-Drone-SLAM-and-Merge-Map/install/crazyflie_examples/share/crazyflie_examples//config
[2.962s] -- Installing: /home/yanyew/Multi-Drone-SLAM-and-Merge-Map/install/crazyflie_examples/share/crazyflie_examples//config/nav2_view.rviz
[2.963s] -- Installing: /home/yanyew/Multi-Drone-SLAM-and-Merge-Map/install/crazyflie_examples/share/crazyflie_examples//config/nav2_params.yaml
[2.963s] -- Installing: /home/yanyew/Multi-Drone-SLAM-and-Merge-Map/install/crazyflie_examples/share/crazyflie_examples//data
[2.963s] -- Installing: /home/yanyew/Multi-Drone-SLAM-and-Merge-Map/install/crazyflie_examples/share/crazyflie_examples//data/map.posegraph
[2.964s] -- Installing: /home/yanyew/Multi-Drone-SLAM-and-Merge-Map/install/crazyflie_examples/share/crazyflie_examples//data/map.yaml
[2.964s] -- Installing: /home/yanyew/Multi-Drone-SLAM-and-Merge-Map/install/crazyflie_examples/share/crazyflie_examples//data/map.data
[2.964s] -- Installing: /home/yanyew/Multi-Drone-SLAM-and-Merge-Map/install/crazyflie_examples/share/crazyflie_examples//data/map.pgm
[2.964s] -- Installing: /home/yanyew/Multi-Drone-SLAM-and-Merge-Map/install/crazyflie_examples/share/crazyflie_examples//launch
[2.964s] -- Installing: /home/yanyew/Multi-Drone-SLAM-and-Merge-Map/install/crazyflie_examples/share/crazyflie_examples//launch/multiranger_nav2_launch.py
[2.964s] -- Installing: /home/yanyew/Multi-Drone-SLAM-and-Merge-Map/install/crazyflie_examples/share/crazyflie_examples//launch/multiranger_simple_mapper_launch.py
[2.965s] -- Installing: /home/yanyew/Multi-Drone-SLAM-and-Merge-Map/install/crazyflie_examples/share/crazyflie_examples//launch/keyboard_velmux_launch.py
[2.965s] -- Installing: /home/yanyew/Multi-Drone-SLAM-and-Merge-Map/install/crazyflie_examples/share/crazyflie_examples//launch/launch.py
[2.965s] -- Installing: /home/yanyew/Multi-Drone-SLAM-and-Merge-Map/install/crazyflie_examples/share/crazyflie_examples//launch/multiranger_mapping_launch.py
[2.965s] -- Installing: /home/yanyew/Multi-Drone-SLAM-and-Merge-Map/install/crazyflie_examples/share/ament_index/resource_index/package_run_dependencies/crazyflie_examples
[2.965s] -- Installing: /home/yanyew/Multi-Drone-SLAM-and-Merge-Map/install/crazyflie_examples/share/ament_index/resource_index/parent_prefix_path/crazyflie_examples
[2.965s] -- Installing: /home/yanyew/Multi-Drone-SLAM-and-Merge-Map/install/crazyflie_examples/share/crazyflie_examples/environment/ament_prefix_path.sh
[2.966s] -- Installing: /home/yanyew/Multi-Drone-SLAM-and-Merge-Map/install/crazyflie_examples/share/crazyflie_examples/environment/ament_prefix_path.dsv
[2.966s] -- Installing: /home/yanyew/Multi-Drone-SLAM-and-Merge-Map/install/crazyflie_examples/share/crazyflie_examples/environment/path.sh
[2.966s] -- Installing: /home/yanyew/Multi-Drone-SLAM-and-Merge-Map/install/crazyflie_examples/share/crazyflie_examples/environment/path.dsv
[2.966s] -- Installing: /home/yanyew/Multi-Drone-SLAM-and-Merge-Map/install/crazyflie_examples/share/crazyflie_examples/local_setup.bash
[2.966s] -- Installing: /home/yanyew/Multi-Drone-SLAM-and-Merge-Map/install/crazyflie_examples/share/crazyflie_examples/local_setup.sh
[2.966s] -- Installing: /home/yanyew/Multi-Drone-SLAM-and-Merge-Map/install/crazyflie_examples/share/crazyflie_examples/local_setup.zsh
[2.967s] -- Installing: /home/yanyew/Multi-Drone-SLAM-and-Merge-Map/install/crazyflie_examples/share/crazyflie_examples/local_setup.dsv
[2.967s] -- Installing: /home/yanyew/Multi-Drone-SLAM-and-Merge-Map/install/crazyflie_examples/share/crazyflie_examples/package.dsv
[2.967s] -- Installing: /home/yanyew/Multi-Drone-SLAM-and-Merge-Map/install/crazyflie_examples/share/ament_index/resource_index/packages/crazyflie_examples
[2.967s] -- Installing: /home/yanyew/Multi-Drone-SLAM-and-Merge-Map/install/crazyflie_examples/share/crazyflie_examples/cmake/crazyflie_examplesConfig.cmake
[2.967s] -- Installing: /home/yanyew/Multi-Drone-SLAM-and-Merge-Map/install/crazyflie_examples/share/crazyflie_examples/cmake/crazyflie_examplesConfig-version.cmake
[2.967s] -- Installing: /home/yanyew/Multi-Drone-SLAM-and-Merge-Map/install/crazyflie_examples/share/crazyflie_examples/package.xml
[2.970s] Invoked command in '/home/yanyew/Multi-Drone-SLAM-and-Merge-Map/build/crazyflie_examples' returned '0': AMENT_PREFIX_PATH=/home/yanyew/Multi-Drone-SLAM-and-Merge-Map/install/crazyflie_py:/home/yanyew/Multi-Drone-SLAM-and-Merge-Map/install/crazyflie_interfaces:${AMENT_PREFIX_PATH} CMAKE_PREFIX_PATH=/home/yanyew/Multi-Drone-SLAM-and-Merge-Map/install/crazyflie_interfaces:/home/yanyew/mapping/install/crazyflie_ros2_multiranger_bringup:/home/yanyew/mapping/install/ros_gz_crazyflie_bringup:/home/yanyew/mapping/install/ros_gz_crazyflie_gazebo:/home/yanyew/mapping/install/crazyflie_sim:/home/yanyew/mapping/install/crazyflie_examples:/home/yanyew/mapping/install/crazyflie:/home/yanyew/mapping/install/crazyflie_interfaces:/home/yanyew/mapping/install/ros_gz_crazyflie_control:/home/yanyew/mapping/install/merge_map:/home/yanyew/mapping/install/crazyflie_ros2_multiranger_wall_following:/home/yanyew/mapping/install/crazyflie_ros2_multiranger_simple_mapper:/home/yanyew/mapping/install/crazyflie_py:/home/yanyew/mapping/install/crazyflie_launch:/opt/ros/humble LD_LIBRARY_PATH=/home/yanyew/Multi-Drone-SLAM-and-Merge-Map/install/crazyflie_interfaces/lib:/home/yanyew/mapping/install/crazyflie_interfaces/lib:/usr/lib/x86_64-linux-gnu/gazebo-11/plugins:/opt/ros/humble/opt/rviz_ogre_vendor/lib:/opt/ros/humble/lib/x86_64-linux-gnu:/opt/ros/humble/lib:/usr/lib/x86_64-linux-gnu/gazebo-11/plugins PYTHONPATH=/home/yanyew/Multi-Drone-SLAM-and-Merge-Map/install/crazyflie_py/lib/python3.10/site-packages:/home/yanyew/Multi-Drone-SLAM-and-Merge-Map/install/crazyflie_interfaces/local/lib/python3.10/dist-packages:${PYTHONPATH} /usr/bin/cmake --install /home/yanyew/Multi-Drone-SLAM-and-Merge-Map/build/crazyflie_examples
