[3.929s] Invoking command in '/home/yanyew/mapping/src/ros_gz_crazyflie/ros_gz_crazyflie_control': PYTHONPATH=/home/yanyew/mapping/build/ros_gz_crazyflie_control/prefix_override:/usr/lib/python3/dist-packages/colcon_core/task/python/colcon_distutils_commands:/home/yanyew/mapping/install/ros_gz_crazyflie_control/lib/python3.10/site-packages:${PYTHONPATH} /usr/bin/python3 -W ignore:setup.py install is deprecated -W ignore:easy_install command is deprecated setup.py egg_info --egg-base ../../../build/ros_gz_crazyflie_control build --build-base /home/yanyew/mapping/build/ros_gz_crazyflie_control/build install --record /home/yanyew/mapping/build/ros_gz_crazyflie_control/install.log --single-version-externally-managed install_data
[5.460s] running egg_info
[5.463s] writing ../../../build/ros_gz_crazyflie_control/ros_gz_crazyflie_control.egg-info/PKG-INFO
[5.464s] writing dependency_links to ../../../build/ros_gz_crazyflie_control/ros_gz_crazyflie_control.egg-info/dependency_links.txt
[5.464s] writing entry points to ../../../build/ros_gz_crazyflie_control/ros_gz_crazyflie_control.egg-info/entry_points.txt
[5.465s] writing requirements to ../../../build/ros_gz_crazyflie_control/ros_gz_crazyflie_control.egg-info/requires.txt
[5.465s] writing top-level names to ../../../build/ros_gz_crazyflie_control/ros_gz_crazyflie_control.egg-info/top_level.txt
[5.472s] reading manifest file '../../../build/ros_gz_crazyflie_control/ros_gz_crazyflie_control.egg-info/SOURCES.txt'
[5.476s] writing manifest file '../../../build/ros_gz_crazyflie_control/ros_gz_crazyflie_control.egg-info/SOURCES.txt'
[5.476s] running build
[5.476s] running build_py
[5.477s] running install
[5.479s] running install_lib
[5.483s] running install_data
[5.484s] running install_egg_info
[5.490s] removing '/home/yanyew/mapping/install/ros_gz_crazyflie_control/lib/python3.10/site-packages/ros_gz_crazyflie_control-0.0.0-py3.10.egg-info' (and everything under it)
[5.491s] Copying ../../../build/ros_gz_crazyflie_control/ros_gz_crazyflie_control.egg-info to /home/yanyew/mapping/install/ros_gz_crazyflie_control/lib/python3.10/site-packages/ros_gz_crazyflie_control-0.0.0-py3.10.egg-info
[5.494s] running install_scripts
[5.574s] Installing control_services script to /home/yanyew/mapping/install/ros_gz_crazyflie_control/lib/ros_gz_crazyflie_control
[5.575s] writing list of installed files to '/home/yanyew/mapping/build/ros_gz_crazyflie_control/install.log'
[5.651s] Invoked command in '/home/yanyew/mapping/src/ros_gz_crazyflie/ros_gz_crazyflie_control' returned '0': PYTHONPATH=/home/yanyew/mapping/build/ros_gz_crazyflie_control/prefix_override:/usr/lib/python3/dist-packages/colcon_core/task/python/colcon_distutils_commands:/home/yanyew/mapping/install/ros_gz_crazyflie_control/lib/python3.10/site-packages:${PYTHONPATH} /usr/bin/python3 -W ignore:setup.py install is deprecated -W ignore:easy_install command is deprecated setup.py egg_info --egg-base ../../../build/ros_gz_crazyflie_control build --build-base /home/yanyew/mapping/build/ros_gz_crazyflie_control/build install --record /home/yanyew/mapping/build/ros_gz_crazyflie_control/install.log --single-version-externally-managed install_data
