[0.056s] Invoking command in '/home/yanyew/mapping/build/ros_gz_crazyflie_bringup': AMENT_PREFIX_PATH=/home/yanyew/mapping/install/ros_gz_crazyflie_gazebo:${AMENT_PREFIX_PATH} CMAKE_PREFIX_PATH=/home/yanyew/mapping/install/ros_gz_crazyflie_gazebo:/opt/ros/humble /usr/bin/cmake --build /home/yanyew/mapping/build/ros_gz_crazyflie_bringup -- -j12 -l12
[0.594s] Invoked command in '/home/yanyew/mapping/build/ros_gz_crazyflie_bringup' returned '0': AMENT_PREFIX_PATH=/home/yanyew/mapping/install/ros_gz_crazyflie_gazebo:${AMENT_PREFIX_PATH} CMAKE_PREFIX_PATH=/home/yanyew/mapping/install/ros_gz_crazyflie_gazebo:/opt/ros/humble /usr/bin/cmake --build /home/yanyew/mapping/build/ros_gz_crazyflie_bringup -- -j12 -l12
[0.595s] Invoking command in '/home/yanyew/mapping/build/ros_gz_crazyflie_bringup': AMENT_PREFIX_PATH=/home/yanyew/mapping/install/ros_gz_crazyflie_gazebo:${AMENT_PREFIX_PATH} CMAKE_PREFIX_PATH=/home/yanyew/mapping/install/ros_gz_crazyflie_gazebo:/opt/ros/humble /usr/bin/cmake --install /home/yanyew/mapping/build/ros_gz_crazyflie_bringup
[0.609s] -- Install configuration: ""
[0.609s] -- Up-to-date: /home/yanyew/mapping/install/ros_gz_crazyflie_bringup/share/ros_gz_crazyflie_bringup/launch
[0.610s] -- Up-to-date: /home/yanyew/mapping/install/ros_gz_crazyflie_bringup/share/ros_gz_crazyflie_bringup/launch/crazyflie_real.launch.py
[0.610s] -- Up-to-date: /home/yanyew/mapping/install/ros_gz_crazyflie_bringup/share/ros_gz_crazyflie_bringup/launch/crazyflie_simulation.launch.py
[0.610s] -- Up-to-date: /home/yanyew/mapping/install/ros_gz_crazyflie_bringup/share/ros_gz_crazyflie_bringup/config
[0.610s] -- Up-to-date: /home/yanyew/mapping/install/ros_gz_crazyflie_bringup/share/ros_gz_crazyflie_bringup/config/ros_gz_crazyflie_bridge.yaml
[0.610s] -- Up-to-date: /home/yanyew/mapping/install/ros_gz_crazyflie_bringup/share/ament_index/resource_index/package_run_dependencies/ros_gz_crazyflie_bringup
[0.610s] -- Up-to-date: /home/yanyew/mapping/install/ros_gz_crazyflie_bringup/share/ament_index/resource_index/parent_prefix_path/ros_gz_crazyflie_bringup
[0.610s] -- Up-to-date: /home/yanyew/mapping/install/ros_gz_crazyflie_bringup/share/ros_gz_crazyflie_bringup/environment/ament_prefix_path.sh
[0.610s] -- Up-to-date: /home/yanyew/mapping/install/ros_gz_crazyflie_bringup/share/ros_gz_crazyflie_bringup/environment/ament_prefix_path.dsv
[0.610s] -- Up-to-date: /home/yanyew/mapping/install/ros_gz_crazyflie_bringup/share/ros_gz_crazyflie_bringup/environment/path.sh
[0.611s] -- Up-to-date: /home/yanyew/mapping/install/ros_gz_crazyflie_bringup/share/ros_gz_crazyflie_bringup/environment/path.dsv
[0.611s] -- Up-to-date: /home/yanyew/mapping/install/ros_gz_crazyflie_bringup/share/ros_gz_crazyflie_bringup/local_setup.bash
[0.611s] -- Up-to-date: /home/yanyew/mapping/install/ros_gz_crazyflie_bringup/share/ros_gz_crazyflie_bringup/local_setup.sh
[0.611s] -- Up-to-date: /home/yanyew/mapping/install/ros_gz_crazyflie_bringup/share/ros_gz_crazyflie_bringup/local_setup.zsh
[0.611s] -- Up-to-date: /home/yanyew/mapping/install/ros_gz_crazyflie_bringup/share/ros_gz_crazyflie_bringup/local_setup.dsv
[0.611s] -- Installing: /home/yanyew/mapping/install/ros_gz_crazyflie_bringup/share/ros_gz_crazyflie_bringup/package.dsv
[0.611s] -- Up-to-date: /home/yanyew/mapping/install/ros_gz_crazyflie_bringup/share/ament_index/resource_index/packages/ros_gz_crazyflie_bringup
[0.611s] -- Up-to-date: /home/yanyew/mapping/install/ros_gz_crazyflie_bringup/share/ros_gz_crazyflie_bringup/cmake/ros_gz_crazyflie_bringupConfig.cmake
[0.611s] -- Up-to-date: /home/yanyew/mapping/install/ros_gz_crazyflie_bringup/share/ros_gz_crazyflie_bringup/cmake/ros_gz_crazyflie_bringupConfig-version.cmake
[0.612s] -- Up-to-date: /home/yanyew/mapping/install/ros_gz_crazyflie_bringup/share/ros_gz_crazyflie_bringup/package.xml
[0.613s] Invoked command in '/home/yanyew/mapping/build/ros_gz_crazyflie_bringup' returned '0': AMENT_PREFIX_PATH=/home/yanyew/mapping/install/ros_gz_crazyflie_gazebo:${AMENT_PREFIX_PATH} CMAKE_PREFIX_PATH=/home/yanyew/mapping/install/ros_gz_crazyflie_gazebo:/opt/ros/humble /usr/bin/cmake --install /home/yanyew/mapping/build/ros_gz_crazyflie_bringup
