[0.489s] Invoking command in '/home/yanyew/mapping/build/crazyflie': CMAKE_PREFIX_PATH=/home/yanyew/mapping/install/crazyflie_interfaces:/home/yanyew/mapping/install/crazyflie_ros2_multiranger_bringup:/home/yanyew/mapping/install/ros_gz_crazyflie_bringup:/home/yanyew/mapping/install/ros_gz_crazyflie_gazebo:/home/yanyew/mapping/install/crazyflie_sim:/home/yanyew/mapping/install/crazyflie_examples:/home/yanyew/mapping/install/crazyflie:/home/yanyew/mapping/install/ros_gz_crazyflie_control:/home/yanyew/mapping/install/merge_map:/home/yanyew/mapping/install/crazyflie_ros2_multiranger_wall_following:/home/yanyew/mapping/install/crazyflie_ros2_multiranger_simple_mapper:/home/yanyew/mapping/install/crazyflie_py:/home/yanyew/mapping/install/crazyflie_launch:/opt/ros/humble LD_LIBRARY_PATH=/home/yanyew/mapping/install/crazyflie_interfaces/lib:/usr/lib/x86_64-linux-gnu/gazebo-11/plugins:/opt/ros/humble/opt/rviz_ogre_vendor/lib:/opt/ros/humble/lib/x86_64-linux-gnu:/opt/ros/humble/lib:/usr/lib/x86_64-linux-gnu/gazebo-11/plugins /usr/bin/cmake --build /home/yanyew/mapping/build/crazyflie -- -j12 -l12
[0.571s] [ 22%] Built target crazyflieLinkCpp
[0.573s] [ 27%] Built target teleop
[0.599s] [ 35%] Built target crazyflie_cpp
[0.675s] [ 40%] Built target crazyflie_server
[0.716s] [ 45%] Built target scan
[0.717s] [ 50%] Built target listLogVariables
[0.717s] [ 55%] Built target reboot
[0.718s] [ 60%] Built target version
[0.718s] [ 65%] Built target listMemories
[0.718s] [ 70%] Built target listParams
[0.722s] [ 75%] Built target battery
[0.722s] [ 80%] Built target comCheck
[0.723s] [ 85%] Built target console
[0.744s] [ 90%] Built target log
[0.753s] [ 95%] Built target setParam
[0.754s] [100%] Built target downloadUSDLogfile
[0.774s] Invoked command in '/home/yanyew/mapping/build/crazyflie' returned '0': CMAKE_PREFIX_PATH=/home/yanyew/mapping/install/crazyflie_interfaces:/home/yanyew/mapping/install/crazyflie_ros2_multiranger_bringup:/home/yanyew/mapping/install/ros_gz_crazyflie_bringup:/home/yanyew/mapping/install/ros_gz_crazyflie_gazebo:/home/yanyew/mapping/install/crazyflie_sim:/home/yanyew/mapping/install/crazyflie_examples:/home/yanyew/mapping/install/crazyflie:/home/yanyew/mapping/install/ros_gz_crazyflie_control:/home/yanyew/mapping/install/merge_map:/home/yanyew/mapping/install/crazyflie_ros2_multiranger_wall_following:/home/yanyew/mapping/install/crazyflie_ros2_multiranger_simple_mapper:/home/yanyew/mapping/install/crazyflie_py:/home/yanyew/mapping/install/crazyflie_launch:/opt/ros/humble LD_LIBRARY_PATH=/home/yanyew/mapping/install/crazyflie_interfaces/lib:/usr/lib/x86_64-linux-gnu/gazebo-11/plugins:/opt/ros/humble/opt/rviz_ogre_vendor/lib:/opt/ros/humble/lib/x86_64-linux-gnu:/opt/ros/humble/lib:/usr/lib/x86_64-linux-gnu/gazebo-11/plugins /usr/bin/cmake --build /home/yanyew/mapping/build/crazyflie -- -j12 -l12
[0.777s] Invoking command in '/home/yanyew/mapping/build/crazyflie': CMAKE_PREFIX_PATH=/home/yanyew/mapping/install/crazyflie_interfaces:/home/yanyew/mapping/install/crazyflie_ros2_multiranger_bringup:/home/yanyew/mapping/install/ros_gz_crazyflie_bringup:/home/yanyew/mapping/install/ros_gz_crazyflie_gazebo:/home/yanyew/mapping/install/crazyflie_sim:/home/yanyew/mapping/install/crazyflie_examples:/home/yanyew/mapping/install/crazyflie:/home/yanyew/mapping/install/ros_gz_crazyflie_control:/home/yanyew/mapping/install/merge_map:/home/yanyew/mapping/install/crazyflie_ros2_multiranger_wall_following:/home/yanyew/mapping/install/crazyflie_ros2_multiranger_simple_mapper:/home/yanyew/mapping/install/crazyflie_py:/home/yanyew/mapping/install/crazyflie_launch:/opt/ros/humble LD_LIBRARY_PATH=/home/yanyew/mapping/install/crazyflie_interfaces/lib:/usr/lib/x86_64-linux-gnu/gazebo-11/plugins:/opt/ros/humble/opt/rviz_ogre_vendor/lib:/opt/ros/humble/lib/x86_64-linux-gnu:/opt/ros/humble/lib:/usr/lib/x86_64-linux-gnu/gazebo-11/plugins /usr/bin/cmake --install /home/yanyew/mapping/build/crazyflie
[0.788s] -- Install configuration: ""
[0.788s] -- Up-to-date: /home/yanyew/mapping/install/crazyflie/lib/crazyflie/comCheck
[0.789s] -- Up-to-date: /home/yanyew/mapping/install/crazyflie/lib/crazyflie/scan
[0.789s] -- Up-to-date: /home/yanyew/mapping/install/crazyflie/lib/crazyflie/listParams
[0.789s] -- Up-to-date: /home/yanyew/mapping/install/crazyflie/lib/crazyflie/listLogVariables
[0.790s] -- Up-to-date: /home/yanyew/mapping/install/crazyflie/lib/crazyflie/listMemories
[0.790s] -- Up-to-date: /home/yanyew/mapping/install/crazyflie/lib/crazyflie/reboot
[0.790s] -- Up-to-date: /home/yanyew/mapping/install/crazyflie/lib/crazyflie/battery
[0.790s] -- Up-to-date: /home/yanyew/mapping/install/crazyflie/lib/crazyflie/version
[0.791s] -- Up-to-date: /home/yanyew/mapping/install/crazyflie/lib/crazyflie/console
[0.791s] -- Up-to-date: /home/yanyew/mapping/install/crazyflie/lib/crazyflie/log
[0.791s] -- Up-to-date: /home/yanyew/mapping/install/crazyflie/lib/crazyflie/setParam
[0.792s] -- Up-to-date: /home/yanyew/mapping/install/crazyflie/lib/crazyflie/downloadUSDLogfile
[0.792s] -- Up-to-date: /home/yanyew/mapping/install/crazyflie/lib/crazyflie/teleop
[0.793s] -- Up-to-date: /home/yanyew/mapping/install/crazyflie/lib/crazyflie/crazyflie_server
[0.793s] -- Up-to-date: /home/yanyew/mapping/install/crazyflie/lib/crazyflie/crazyflie_server.py
[0.793s] -- Up-to-date: /home/yanyew/mapping/install/crazyflie/lib/crazyflie/chooser.py
[0.793s] -- Up-to-date: /home/yanyew/mapping/install/crazyflie/lib/crazyflie/vel_mux.py
[0.793s] -- Up-to-date: /home/yanyew/mapping/install/crazyflie/lib/crazyflie/cfmult.py
[0.794s] -- Up-to-date: /home/yanyew/mapping/install/crazyflie/lib/crazyflie/simple_mapper_multiranger.py
[0.794s] -- Up-to-date: /home/yanyew/mapping/install/crazyflie/lib/crazyflie/aideck_streamer.py
[0.794s] -- Up-to-date: /home/yanyew/mapping/install/crazyflie/lib/crazyflie/gui.py
[0.794s] -- Up-to-date: /home/yanyew/mapping/install/crazyflie/lib/crazyflie/flash.py
[0.794s] -- Up-to-date: /home/yanyew/mapping/install/crazyflie/share/crazyflie//launch
[0.795s] -- Up-to-date: /home/yanyew/mapping/install/crazyflie/share/crazyflie//launch/launch_teleop2.py
[0.795s] -- Up-to-date: /home/yanyew/mapping/install/crazyflie/share/crazyflie//launch/launch(Feb 13).py
[0.795s] -- Up-to-date: /home/yanyew/mapping/install/crazyflie/share/crazyflie//launch/default_swarm_map.launch.py
[0.795s] -- Up-to-date: /home/yanyew/mapping/install/crazyflie/share/crazyflie//launch/launch.py
[0.796s] -- Up-to-date: /home/yanyew/mapping/install/crazyflie/share/crazyflie//launch/teleop_launch.py
[0.796s] -- Up-to-date: /home/yanyew/mapping/install/crazyflie/share/crazyflie//launch/swarm_mapping.launch.py
[0.796s] -- Up-to-date: /home/yanyew/mapping/install/crazyflie/share/crazyflie//config
[0.796s] -- Up-to-date: /home/yanyew/mapping/install/crazyflie/share/crazyflie//config/aideck_streamer.yaml
[0.796s] -- Up-to-date: /home/yanyew/mapping/install/crazyflie/share/crazyflie//config/config.rviz
[0.796s] -- Up-to-date: /home/yanyew/mapping/install/crazyflie/share/crazyflie//config/crazyflies.yaml
[0.796s] -- Up-to-date: /home/yanyew/mapping/install/crazyflie/share/crazyflie//config/teleop.yaml
[0.797s] -- Up-to-date: /home/yanyew/mapping/install/crazyflie/share/crazyflie//config/server.yaml
[0.797s] -- Up-to-date: /home/yanyew/mapping/install/crazyflie/share/crazyflie//config/config copy.rviz
[0.797s] -- Up-to-date: /home/yanyew/mapping/install/crazyflie/share/crazyflie//config/motion_capture.yaml
[0.797s] -- Up-to-date: /home/yanyew/mapping/install/crazyflie/share/crazyflie//urdf
[0.797s] -- Up-to-date: /home/yanyew/mapping/install/crazyflie/share/crazyflie//urdf/cf2_assembly_with_props.dae
[0.797s] -- Up-to-date: /home/yanyew/mapping/install/crazyflie/share/crazyflie//urdf/crazyflie_description.urdf
[0.797s] -- Up-to-date: /home/yanyew/mapping/install/crazyflie/share/crazyflie//urdf/cf2_assembly.stl
[0.798s] -- Up-to-date: /home/yanyew/mapping/install/crazyflie/share/ament_index/resource_index/package_run_dependencies/crazyflie
[0.798s] -- Up-to-date: /home/yanyew/mapping/install/crazyflie/share/ament_index/resource_index/parent_prefix_path/crazyflie
[0.798s] -- Up-to-date: /home/yanyew/mapping/install/crazyflie/share/crazyflie/environment/ament_prefix_path.sh
[0.799s] -- Up-to-date: /home/yanyew/mapping/install/crazyflie/share/crazyflie/environment/ament_prefix_path.dsv
[0.800s] -- Up-to-date: /home/yanyew/mapping/install/crazyflie/share/crazyflie/environment/path.sh
[0.801s] -- Up-to-date: /home/yanyew/mapping/install/crazyflie/share/crazyflie/environment/path.dsv
[0.801s] -- Up-to-date: /home/yanyew/mapping/install/crazyflie/share/crazyflie/local_setup.bash
[0.801s] -- Up-to-date: /home/yanyew/mapping/install/crazyflie/share/crazyflie/local_setup.sh
[0.801s] -- Up-to-date: /home/yanyew/mapping/install/crazyflie/share/crazyflie/local_setup.zsh
[0.801s] -- Up-to-date: /home/yanyew/mapping/install/crazyflie/share/crazyflie/local_setup.dsv
[0.802s] -- Installing: /home/yanyew/mapping/install/crazyflie/share/crazyflie/package.dsv
[0.802s] -- Up-to-date: /home/yanyew/mapping/install/crazyflie/share/ament_index/resource_index/packages/crazyflie
[0.802s] -- Up-to-date: /home/yanyew/mapping/install/crazyflie/share/crazyflie/cmake/crazyflieConfig.cmake
[0.802s] -- Up-to-date: /home/yanyew/mapping/install/crazyflie/share/crazyflie/cmake/crazyflieConfig-version.cmake
[0.802s] -- Up-to-date: /home/yanyew/mapping/install/crazyflie/share/crazyflie/package.xml
[0.803s] Invoked command in '/home/yanyew/mapping/build/crazyflie' returned '0': CMAKE_PREFIX_PATH=/home/yanyew/mapping/install/crazyflie_interfaces:/home/yanyew/mapping/install/crazyflie_ros2_multiranger_bringup:/home/yanyew/mapping/install/ros_gz_crazyflie_bringup:/home/yanyew/mapping/install/ros_gz_crazyflie_gazebo:/home/yanyew/mapping/install/crazyflie_sim:/home/yanyew/mapping/install/crazyflie_examples:/home/yanyew/mapping/install/crazyflie:/home/yanyew/mapping/install/ros_gz_crazyflie_control:/home/yanyew/mapping/install/merge_map:/home/yanyew/mapping/install/crazyflie_ros2_multiranger_wall_following:/home/yanyew/mapping/install/crazyflie_ros2_multiranger_simple_mapper:/home/yanyew/mapping/install/crazyflie_py:/home/yanyew/mapping/install/crazyflie_launch:/opt/ros/humble LD_LIBRARY_PATH=/home/yanyew/mapping/install/crazyflie_interfaces/lib:/usr/lib/x86_64-linux-gnu/gazebo-11/plugins:/opt/ros/humble/opt/rviz_ogre_vendor/lib:/opt/ros/humble/lib/x86_64-linux-gnu:/opt/ros/humble/lib:/usr/lib/x86_64-linux-gnu/gazebo-11/plugins /usr/bin/cmake --install /home/yanyew/mapping/build/crazyflie
