[2.272s] Invoking command in '/home/yanyew/mapping/src/ros_gz_crazyflie/ros_gz_crazyflie_control': PYTHONPATH=/home/yanyew/mapping/build/ros_gz_crazyflie_control/prefix_override:/usr/lib/python3/dist-packages/colcon_core/task/python/colcon_distutils_commands:/home/yanyew/mapping/install/ros_gz_crazyflie_control/lib/python3.10/site-packages:${PYTHONPATH} /usr/bin/python3 -W ignore:setup.py install is deprecated -W ignore:easy_install command is deprecated setup.py egg_info --egg-base ../../../build/ros_gz_crazyflie_control build --build-base /home/yanyew/mapping/build/ros_gz_crazyflie_control/build install --record /home/yanyew/mapping/build/ros_gz_crazyflie_control/install.log --single-version-externally-managed install_data
[2.728s] running egg_info
[2.730s] writing ../../../build/ros_gz_crazyflie_control/ros_gz_crazyflie_control.egg-info/PKG-INFO
[2.730s] writing dependency_links to ../../../build/ros_gz_crazyflie_control/ros_gz_crazyflie_control.egg-info/dependency_links.txt
[2.730s] writing entry points to ../../../build/ros_gz_crazyflie_control/ros_gz_crazyflie_control.egg-info/entry_points.txt
[2.730s] writing requirements to ../../../build/ros_gz_crazyflie_control/ros_gz_crazyflie_control.egg-info/requires.txt
[2.730s] writing top-level names to ../../../build/ros_gz_crazyflie_control/ros_gz_crazyflie_control.egg-info/top_level.txt
[2.731s] reading manifest file '../../../build/ros_gz_crazyflie_control/ros_gz_crazyflie_control.egg-info/SOURCES.txt'
[2.732s] writing manifest file '../../../build/ros_gz_crazyflie_control/ros_gz_crazyflie_control.egg-info/SOURCES.txt'
[2.732s] running build
[2.732s] running build_py
[2.733s] running install
[2.733s] running install_lib
[2.735s] running install_data
[2.735s] running install_egg_info
[2.737s] removing '/home/yanyew/mapping/install/ros_gz_crazyflie_control/lib/python3.10/site-packages/ros_gz_crazyflie_control-0.0.0-py3.10.egg-info' (and everything under it)
[2.737s] Copying ../../../build/ros_gz_crazyflie_control/ros_gz_crazyflie_control.egg-info to /home/yanyew/mapping/install/ros_gz_crazyflie_control/lib/python3.10/site-packages/ros_gz_crazyflie_control-0.0.0-py3.10.egg-info
[2.738s] running install_scripts
[2.771s] Installing control_services script to /home/yanyew/mapping/install/ros_gz_crazyflie_control/lib/ros_gz_crazyflie_control
[2.771s] writing list of installed files to '/home/yanyew/mapping/build/ros_gz_crazyflie_control/install.log'
[2.802s] Invoked command in '/home/yanyew/mapping/src/ros_gz_crazyflie/ros_gz_crazyflie_control' returned '0': PYTHONPATH=/home/yanyew/mapping/build/ros_gz_crazyflie_control/prefix_override:/usr/lib/python3/dist-packages/colcon_core/task/python/colcon_distutils_commands:/home/yanyew/mapping/install/ros_gz_crazyflie_control/lib/python3.10/site-packages:${PYTHONPATH} /usr/bin/python3 -W ignore:setup.py install is deprecated -W ignore:easy_install command is deprecated setup.py egg_info --egg-base ../../../build/ros_gz_crazyflie_control build --build-base /home/yanyew/mapping/build/ros_gz_crazyflie_control/build install --record /home/yanyew/mapping/build/ros_gz_crazyflie_control/install.log --single-version-externally-managed install_data
