[0.021s] Invoking command in '/home/yanyew/Multi-Drone-SLAM-and-Merge-Map/build/crazyflie_ros2_multiranger_bringup': AMENT_PREFIX_PATH=/home/yanyew/Multi-Drone-SLAM-and-Merge-Map/install/ros_gz_crazyflie_bringup:/home/yanyew/Multi-Drone-SLAM-and-Merge-Map/install/ros_gz_crazyflie_gazebo:${AMENT_PREFIX_PATH} CMAKE_PREFIX_PATH=/home/yanyew/Multi-Drone-SLAM-and-Merge-Map/install/ros_gz_crazyflie_bringup:/home/yanyew/Multi-Drone-SLAM-and-Merge-Map/install/ros_gz_crazyflie_gazebo:/home/yanyew/mapping/install/crazyflie_ros2_multiranger_bringup:/home/yanyew/mapping/install/ros_gz_crazyflie_bringup:/home/yanyew/mapping/install/ros_gz_crazyflie_gazebo:/home/yanyew/mapping/install/crazyflie_sim:/home/yanyew/mapping/install/crazyflie_examples:/home/yanyew/mapping/install/crazyflie:/home/yanyew/mapping/install/crazyflie_interfaces:/home/yanyew/mapping/install/ros_gz_crazyflie_control:/home/yanyew/mapping/install/merge_map:/home/yanyew/mapping/install/crazyflie_ros2_multiranger_wall_following:/home/yanyew/mapping/install/crazyflie_ros2_multiranger_simple_mapper:/home/yanyew/mapping/install/crazyflie_py:/home/yanyew/mapping/install/crazyflie_launch:/opt/ros/humble /usr/bin/cmake /home/yanyew/Multi-Drone-SLAM-and-Merge-Map/src/crazyflie_ros2_multiranger/crazyflie_ros2_multiranger_bringup -DCMAKE_INSTALL_PREFIX=/home/yanyew/Multi-Drone-SLAM-and-Merge-Map/install/crazyflie_ros2_multiranger_bringup
[0.075s] -- The C compiler identification is GNU 11.4.0
[0.133s] -- The CXX compiler identification is GNU 11.4.0
[0.144s] -- Detecting C compiler ABI info
[0.220s] -- Detecting C compiler ABI info - done
[0.228s] -- Check for working C compiler: /usr/bin/cc - skipped
[0.228s] -- Detecting C compile features
[0.229s] -- Detecting C compile features - done
[0.232s] -- Detecting CXX compiler ABI info
[0.316s] -- Detecting CXX compiler ABI info - done
[0.325s] -- Check for working CXX compiler: /usr/bin/c++ - skipped
[0.325s] -- Detecting CXX compile features
[0.325s] -- Detecting CXX compile features - done
[0.329s] -- Found ament_cmake: 1.3.11 (/opt/ros/humble/share/ament_cmake/cmake)
[0.500s] -- Found Python3: /usr/bin/python3 (found version "3.10.12") found components: Interpreter 
[0.611s] -- Found ros_gz_crazyflie_bringup: 0.0.0 (/home/yanyew/Multi-Drone-SLAM-and-Merge-Map/install/ros_gz_crazyflie_bringup/share/ros_gz_crazyflie_bringup/cmake)
[0.615s] -- Found ament_lint_auto: 0.12.11 (/opt/ros/humble/share/ament_lint_auto/cmake)
[0.686s] -- Configuring done
[0.688s] -- Generating done
[0.690s] -- Build files have been written to: /home/yanyew/Multi-Drone-SLAM-and-Merge-Map/build/crazyflie_ros2_multiranger_bringup
[0.694s] Invoked command in '/home/yanyew/Multi-Drone-SLAM-and-Merge-Map/build/crazyflie_ros2_multiranger_bringup' returned '0': AMENT_PREFIX_PATH=/home/yanyew/Multi-Drone-SLAM-and-Merge-Map/install/ros_gz_crazyflie_bringup:/home/yanyew/Multi-Drone-SLAM-and-Merge-Map/install/ros_gz_crazyflie_gazebo:${AMENT_PREFIX_PATH} CMAKE_PREFIX_PATH=/home/yanyew/Multi-Drone-SLAM-and-Merge-Map/install/ros_gz_crazyflie_bringup:/home/yanyew/Multi-Drone-SLAM-and-Merge-Map/install/ros_gz_crazyflie_gazebo:/home/yanyew/mapping/install/crazyflie_ros2_multiranger_bringup:/home/yanyew/mapping/install/ros_gz_crazyflie_bringup:/home/yanyew/mapping/install/ros_gz_crazyflie_gazebo:/home/yanyew/mapping/install/crazyflie_sim:/home/yanyew/mapping/install/crazyflie_examples:/home/yanyew/mapping/install/crazyflie:/home/yanyew/mapping/install/crazyflie_interfaces:/home/yanyew/mapping/install/ros_gz_crazyflie_control:/home/yanyew/mapping/install/merge_map:/home/yanyew/mapping/install/crazyflie_ros2_multiranger_wall_following:/home/yanyew/mapping/install/crazyflie_ros2_multiranger_simple_mapper:/home/yanyew/mapping/install/crazyflie_py:/home/yanyew/mapping/install/crazyflie_launch:/opt/ros/humble /usr/bin/cmake /home/yanyew/Multi-Drone-SLAM-and-Merge-Map/src/crazyflie_ros2_multiranger/crazyflie_ros2_multiranger_bringup -DCMAKE_INSTALL_PREFIX=/home/yanyew/Multi-Drone-SLAM-and-Merge-Map/install/crazyflie_ros2_multiranger_bringup
[0.696s] Invoking command in '/home/yanyew/Multi-Drone-SLAM-and-Merge-Map/build/crazyflie_ros2_multiranger_bringup': AMENT_PREFIX_PATH=/home/yanyew/Multi-Drone-SLAM-and-Merge-Map/install/ros_gz_crazyflie_bringup:/home/yanyew/Multi-Drone-SLAM-and-Merge-Map/install/ros_gz_crazyflie_gazebo:${AMENT_PREFIX_PATH} CMAKE_PREFIX_PATH=/home/yanyew/Multi-Drone-SLAM-and-Merge-Map/install/ros_gz_crazyflie_bringup:/home/yanyew/Multi-Drone-SLAM-and-Merge-Map/install/ros_gz_crazyflie_gazebo:/home/yanyew/mapping/install/crazyflie_ros2_multiranger_bringup:/home/yanyew/mapping/install/ros_gz_crazyflie_bringup:/home/yanyew/mapping/install/ros_gz_crazyflie_gazebo:/home/yanyew/mapping/install/crazyflie_sim:/home/yanyew/mapping/install/crazyflie_examples:/home/yanyew/mapping/install/crazyflie:/home/yanyew/mapping/install/crazyflie_interfaces:/home/yanyew/mapping/install/ros_gz_crazyflie_control:/home/yanyew/mapping/install/merge_map:/home/yanyew/mapping/install/crazyflie_ros2_multiranger_wall_following:/home/yanyew/mapping/install/crazyflie_ros2_multiranger_simple_mapper:/home/yanyew/mapping/install/crazyflie_py:/home/yanyew/mapping/install/crazyflie_launch:/opt/ros/humble /usr/bin/cmake --build /home/yanyew/Multi-Drone-SLAM-and-Merge-Map/build/crazyflie_ros2_multiranger_bringup -- -j12 -l12
[0.731s] Invoked command in '/home/yanyew/Multi-Drone-SLAM-and-Merge-Map/build/crazyflie_ros2_multiranger_bringup' returned '0': AMENT_PREFIX_PATH=/home/yanyew/Multi-Drone-SLAM-and-Merge-Map/install/ros_gz_crazyflie_bringup:/home/yanyew/Multi-Drone-SLAM-and-Merge-Map/install/ros_gz_crazyflie_gazebo:${AMENT_PREFIX_PATH} CMAKE_PREFIX_PATH=/home/yanyew/Multi-Drone-SLAM-and-Merge-Map/install/ros_gz_crazyflie_bringup:/home/yanyew/Multi-Drone-SLAM-and-Merge-Map/install/ros_gz_crazyflie_gazebo:/home/yanyew/mapping/install/crazyflie_ros2_multiranger_bringup:/home/yanyew/mapping/install/ros_gz_crazyflie_bringup:/home/yanyew/mapping/install/ros_gz_crazyflie_gazebo:/home/yanyew/mapping/install/crazyflie_sim:/home/yanyew/mapping/install/crazyflie_examples:/home/yanyew/mapping/install/crazyflie:/home/yanyew/mapping/install/crazyflie_interfaces:/home/yanyew/mapping/install/ros_gz_crazyflie_control:/home/yanyew/mapping/install/merge_map:/home/yanyew/mapping/install/crazyflie_ros2_multiranger_wall_following:/home/yanyew/mapping/install/crazyflie_ros2_multiranger_simple_mapper:/home/yanyew/mapping/install/crazyflie_py:/home/yanyew/mapping/install/crazyflie_launch:/opt/ros/humble /usr/bin/cmake --build /home/yanyew/Multi-Drone-SLAM-and-Merge-Map/build/crazyflie_ros2_multiranger_bringup -- -j12 -l12
[0.733s] Invoking command in '/home/yanyew/Multi-Drone-SLAM-and-Merge-Map/build/crazyflie_ros2_multiranger_bringup': AMENT_PREFIX_PATH=/home/yanyew/Multi-Drone-SLAM-and-Merge-Map/install/ros_gz_crazyflie_bringup:/home/yanyew/Multi-Drone-SLAM-and-Merge-Map/install/ros_gz_crazyflie_gazebo:${AMENT_PREFIX_PATH} CMAKE_PREFIX_PATH=/home/yanyew/Multi-Drone-SLAM-and-Merge-Map/install/ros_gz_crazyflie_bringup:/home/yanyew/Multi-Drone-SLAM-and-Merge-Map/install/ros_gz_crazyflie_gazebo:/home/yanyew/mapping/install/crazyflie_ros2_multiranger_bringup:/home/yanyew/mapping/install/ros_gz_crazyflie_bringup:/home/yanyew/mapping/install/ros_gz_crazyflie_gazebo:/home/yanyew/mapping/install/crazyflie_sim:/home/yanyew/mapping/install/crazyflie_examples:/home/yanyew/mapping/install/crazyflie:/home/yanyew/mapping/install/crazyflie_interfaces:/home/yanyew/mapping/install/ros_gz_crazyflie_control:/home/yanyew/mapping/install/merge_map:/home/yanyew/mapping/install/crazyflie_ros2_multiranger_wall_following:/home/yanyew/mapping/install/crazyflie_ros2_multiranger_simple_mapper:/home/yanyew/mapping/install/crazyflie_py:/home/yanyew/mapping/install/crazyflie_launch:/opt/ros/humble /usr/bin/cmake --install /home/yanyew/Multi-Drone-SLAM-and-Merge-Map/build/crazyflie_ros2_multiranger_bringup
[0.740s] -- Install configuration: ""
[0.740s] -- Installing: /home/yanyew/Multi-Drone-SLAM-and-Merge-Map/install/crazyflie_ros2_multiranger_bringup/share/crazyflie_ros2_multiranger_bringup//launch
[0.740s] -- Installing: /home/yanyew/Multi-Drone-SLAM-and-Merge-Map/install/crazyflie_ros2_multiranger_bringup/share/crazyflie_ros2_multiranger_bringup//launch/wall_follower_mapper_simulation.launch.py
[0.740s] -- Installing: /home/yanyew/Multi-Drone-SLAM-and-Merge-Map/install/crazyflie_ros2_multiranger_bringup/share/crazyflie_ros2_multiranger_bringup//launch/simple_mapper_simulation.launch.py
[0.740s] -- Installing: /home/yanyew/Multi-Drone-SLAM-and-Merge-Map/install/crazyflie_ros2_multiranger_bringup/share/crazyflie_ros2_multiranger_bringup//launch/simple_mapper_real.launch.py
[0.741s] -- Installing: /home/yanyew/Multi-Drone-SLAM-and-Merge-Map/install/crazyflie_ros2_multiranger_bringup/share/crazyflie_ros2_multiranger_bringup//launch/wall_follower_mapper_real.launch.py
[0.741s] -- Installing: /home/yanyew/Multi-Drone-SLAM-and-Merge-Map/install/crazyflie_ros2_multiranger_bringup/share/crazyflie_ros2_multiranger_bringup//config
[0.741s] -- Installing: /home/yanyew/Multi-Drone-SLAM-and-Merge-Map/install/crazyflie_ros2_multiranger_bringup/share/crazyflie_ros2_multiranger_bringup//config/crazyflie_real_crazyswarm2.yaml
[0.741s] -- Installing: /home/yanyew/Multi-Drone-SLAM-and-Merge-Map/install/crazyflie_ros2_multiranger_bringup/share/crazyflie_ros2_multiranger_bringup//config/sim_mapping.rviz
[0.741s] -- Installing: /home/yanyew/Multi-Drone-SLAM-and-Merge-Map/install/crazyflie_ros2_multiranger_bringup/share/crazyflie_ros2_multiranger_bringup//config/real_mapping.rviz
[0.741s] -- Installing: /home/yanyew/Multi-Drone-SLAM-and-Merge-Map/install/crazyflie_ros2_multiranger_bringup/share/ament_index/resource_index/package_run_dependencies/crazyflie_ros2_multiranger_bringup
[0.741s] -- Installing: /home/yanyew/Multi-Drone-SLAM-and-Merge-Map/install/crazyflie_ros2_multiranger_bringup/share/ament_index/resource_index/parent_prefix_path/crazyflie_ros2_multiranger_bringup
[0.741s] -- Installing: /home/yanyew/Multi-Drone-SLAM-and-Merge-Map/install/crazyflie_ros2_multiranger_bringup/share/crazyflie_ros2_multiranger_bringup/environment/ament_prefix_path.sh
[0.741s] -- Installing: /home/yanyew/Multi-Drone-SLAM-and-Merge-Map/install/crazyflie_ros2_multiranger_bringup/share/crazyflie_ros2_multiranger_bringup/environment/ament_prefix_path.dsv
[0.742s] -- Installing: /home/yanyew/Multi-Drone-SLAM-and-Merge-Map/install/crazyflie_ros2_multiranger_bringup/share/crazyflie_ros2_multiranger_bringup/environment/path.sh
[0.742s] -- Installing: /home/yanyew/Multi-Drone-SLAM-and-Merge-Map/install/crazyflie_ros2_multiranger_bringup/share/crazyflie_ros2_multiranger_bringup/environment/path.dsv
[0.742s] -- Installing: /home/yanyew/Multi-Drone-SLAM-and-Merge-Map/install/crazyflie_ros2_multiranger_bringup/share/crazyflie_ros2_multiranger_bringup/local_setup.bash
[0.742s] -- Installing: /home/yanyew/Multi-Drone-SLAM-and-Merge-Map/install/crazyflie_ros2_multiranger_bringup/share/crazyflie_ros2_multiranger_bringup/local_setup.sh
[0.742s] -- Installing: /home/yanyew/Multi-Drone-SLAM-and-Merge-Map/install/crazyflie_ros2_multiranger_bringup/share/crazyflie_ros2_multiranger_bringup/local_setup.zsh
[0.742s] -- Installing: /home/yanyew/Multi-Drone-SLAM-and-Merge-Map/install/crazyflie_ros2_multiranger_bringup/share/crazyflie_ros2_multiranger_bringup/local_setup.dsv
[0.742s] -- Installing: /home/yanyew/Multi-Drone-SLAM-and-Merge-Map/install/crazyflie_ros2_multiranger_bringup/share/crazyflie_ros2_multiranger_bringup/package.dsv
[0.742s] -- Installing: /home/yanyew/Multi-Drone-SLAM-and-Merge-Map/install/crazyflie_ros2_multiranger_bringup/share/ament_index/resource_index/packages/crazyflie_ros2_multiranger_bringup
[0.742s] -- Installing: /home/yanyew/Multi-Drone-SLAM-and-Merge-Map/install/crazyflie_ros2_multiranger_bringup/share/crazyflie_ros2_multiranger_bringup/cmake/crazyflie_ros2_multiranger_bringupConfig.cmake
[0.743s] -- Installing: /home/yanyew/Multi-Drone-SLAM-and-Merge-Map/install/crazyflie_ros2_multiranger_bringup/share/crazyflie_ros2_multiranger_bringup/cmake/crazyflie_ros2_multiranger_bringupConfig-version.cmake
[0.743s] -- Installing: /home/yanyew/Multi-Drone-SLAM-and-Merge-Map/install/crazyflie_ros2_multiranger_bringup/share/crazyflie_ros2_multiranger_bringup/package.xml
[0.744s] Invoked command in '/home/yanyew/Multi-Drone-SLAM-and-Merge-Map/build/crazyflie_ros2_multiranger_bringup' returned '0': AMENT_PREFIX_PATH=/home/yanyew/Multi-Drone-SLAM-and-Merge-Map/install/ros_gz_crazyflie_bringup:/home/yanyew/Multi-Drone-SLAM-and-Merge-Map/install/ros_gz_crazyflie_gazebo:${AMENT_PREFIX_PATH} CMAKE_PREFIX_PATH=/home/yanyew/Multi-Drone-SLAM-and-Merge-Map/install/ros_gz_crazyflie_bringup:/home/yanyew/Multi-Drone-SLAM-and-Merge-Map/install/ros_gz_crazyflie_gazebo:/home/yanyew/mapping/install/crazyflie_ros2_multiranger_bringup:/home/yanyew/mapping/install/ros_gz_crazyflie_bringup:/home/yanyew/mapping/install/ros_gz_crazyflie_gazebo:/home/yanyew/mapping/install/crazyflie_sim:/home/yanyew/mapping/install/crazyflie_examples:/home/yanyew/mapping/install/crazyflie:/home/yanyew/mapping/install/crazyflie_interfaces:/home/yanyew/mapping/install/ros_gz_crazyflie_control:/home/yanyew/mapping/install/merge_map:/home/yanyew/mapping/install/crazyflie_ros2_multiranger_wall_following:/home/yanyew/mapping/install/crazyflie_ros2_multiranger_simple_mapper:/home/yanyew/mapping/install/crazyflie_py:/home/yanyew/mapping/install/crazyflie_launch:/opt/ros/humble /usr/bin/cmake --install /home/yanyew/Multi-Drone-SLAM-and-Merge-Map/build/crazyflie_ros2_multiranger_bringup
