[0.492s] Invoking command in '/home/yanyew/mapping/build/crazyflie': AMENT_PREFIX_PATH=/home/yanyew/mapping/install/crazyflie_interfaces:${AMENT_PREFIX_PATH} CMAKE_PREFIX_PATH=/home/yanyew/mapping/install/crazyflie_interfaces:/opt/ros/humble LD_LIBRARY_PATH=/home/yanyew/mapping/install/crazyflie_interfaces/lib:/usr/lib/x86_64-linux-gnu/gazebo-11/plugins:/opt/ros/humble/opt/rviz_ogre_vendor/lib:/opt/ros/humble/lib/x86_64-linux-gnu:/opt/ros/humble/lib:/usr/lib/x86_64-linux-gnu/gazebo-11/plugins PYTHONPATH=/home/yanyew/mapping/install/crazyflie_interfaces/local/lib/python3.10/dist-packages:${PYTHONPATH} /usr/bin/cmake --build /home/yanyew/mapping/build/crazyflie -- -j12 -l12
[0.590s] [ 22%] Built target crazyflieLinkCpp
[0.600s] [ 27%] Built target teleop
[0.621s] [ 35%] Built target crazyflie_cpp
[0.717s] [ 40%] Built target crazyflie_server
[0.719s] [ 45%] Built target listParams
[0.724s] [ 50%] Built target listLogVariables
[0.724s] [ 55%] Built target listMemories
[0.724s] [ 60%] Built target reboot
[0.739s] [ 65%] Built target scan
[0.740s] [ 70%] Built target version
[0.740s] [ 75%] Built target battery
[0.740s] [ 85%] Built target downloadUSDLogfile
[0.740s] [ 85%] Built target comCheck
[0.740s] [ 90%] Built target log
[0.740s] [ 95%] Built target console
[0.769s] [100%] Built target setParam
[0.784s] Invoked command in '/home/yanyew/mapping/build/crazyflie' returned '0': AMENT_PREFIX_PATH=/home/yanyew/mapping/install/crazyflie_interfaces:${AMENT_PREFIX_PATH} CMAKE_PREFIX_PATH=/home/yanyew/mapping/install/crazyflie_interfaces:/opt/ros/humble LD_LIBRARY_PATH=/home/yanyew/mapping/install/crazyflie_interfaces/lib:/usr/lib/x86_64-linux-gnu/gazebo-11/plugins:/opt/ros/humble/opt/rviz_ogre_vendor/lib:/opt/ros/humble/lib/x86_64-linux-gnu:/opt/ros/humble/lib:/usr/lib/x86_64-linux-gnu/gazebo-11/plugins PYTHONPATH=/home/yanyew/mapping/install/crazyflie_interfaces/local/lib/python3.10/dist-packages:${PYTHONPATH} /usr/bin/cmake --build /home/yanyew/mapping/build/crazyflie -- -j12 -l12
[0.786s] Invoking command in '/home/yanyew/mapping/build/crazyflie': AMENT_PREFIX_PATH=/home/yanyew/mapping/install/crazyflie_interfaces:${AMENT_PREFIX_PATH} CMAKE_PREFIX_PATH=/home/yanyew/mapping/install/crazyflie_interfaces:/opt/ros/humble LD_LIBRARY_PATH=/home/yanyew/mapping/install/crazyflie_interfaces/lib:/usr/lib/x86_64-linux-gnu/gazebo-11/plugins:/opt/ros/humble/opt/rviz_ogre_vendor/lib:/opt/ros/humble/lib/x86_64-linux-gnu:/opt/ros/humble/lib:/usr/lib/x86_64-linux-gnu/gazebo-11/plugins PYTHONPATH=/home/yanyew/mapping/install/crazyflie_interfaces/local/lib/python3.10/dist-packages:${PYTHONPATH} /usr/bin/cmake --install /home/yanyew/mapping/build/crazyflie
[0.796s] -- Install configuration: ""
[0.797s] -- Up-to-date: /home/yanyew/mapping/install/crazyflie/lib/crazyflie/comCheck
[0.798s] -- Up-to-date: /home/yanyew/mapping/install/crazyflie/lib/crazyflie/scan
[0.798s] -- Up-to-date: /home/yanyew/mapping/install/crazyflie/lib/crazyflie/listParams
[0.799s] -- Up-to-date: /home/yanyew/mapping/install/crazyflie/lib/crazyflie/listLogVariables
[0.799s] -- Up-to-date: /home/yanyew/mapping/install/crazyflie/lib/crazyflie/listMemories
[0.800s] -- Up-to-date: /home/yanyew/mapping/install/crazyflie/lib/crazyflie/reboot
[0.800s] -- Up-to-date: /home/yanyew/mapping/install/crazyflie/lib/crazyflie/battery
[0.801s] -- Up-to-date: /home/yanyew/mapping/install/crazyflie/lib/crazyflie/version
[0.802s] -- Up-to-date: /home/yanyew/mapping/install/crazyflie/lib/crazyflie/console
[0.802s] -- Up-to-date: /home/yanyew/mapping/install/crazyflie/lib/crazyflie/log
[0.803s] -- Up-to-date: /home/yanyew/mapping/install/crazyflie/lib/crazyflie/setParam
[0.803s] -- Up-to-date: /home/yanyew/mapping/install/crazyflie/lib/crazyflie/downloadUSDLogfile
[0.804s] -- Up-to-date: /home/yanyew/mapping/install/crazyflie/lib/crazyflie/teleop
[0.805s] -- Up-to-date: /home/yanyew/mapping/install/crazyflie/lib/crazyflie/crazyflie_server
[0.805s] -- Up-to-date: /home/yanyew/mapping/install/crazyflie/lib/crazyflie/crazyflie_server.py
[0.806s] -- Up-to-date: /home/yanyew/mapping/install/crazyflie/lib/crazyflie/chooser.py
[0.806s] -- Up-to-date: /home/yanyew/mapping/install/crazyflie/lib/crazyflie/vel_mux.py
[0.806s] -- Up-to-date: /home/yanyew/mapping/install/crazyflie/lib/crazyflie/cfmult.py
[0.806s] -- Up-to-date: /home/yanyew/mapping/install/crazyflie/lib/crazyflie/simple_mapper_multiranger.py
[0.806s] -- Up-to-date: /home/yanyew/mapping/install/crazyflie/lib/crazyflie/aideck_streamer.py
[0.806s] -- Up-to-date: /home/yanyew/mapping/install/crazyflie/lib/crazyflie/gui.py
[0.806s] -- Up-to-date: /home/yanyew/mapping/install/crazyflie/lib/crazyflie/flash.py
[0.807s] -- Up-to-date: /home/yanyew/mapping/install/crazyflie/share/crazyflie//launch
[0.807s] -- Up-to-date: /home/yanyew/mapping/install/crazyflie/share/crazyflie//launch/launch copy.py
[0.807s] -- Up-to-date: /home/yanyew/mapping/install/crazyflie/share/crazyflie//launch/launch_teleop2.py
[0.807s] -- Up-to-date: /home/yanyew/mapping/install/crazyflie/share/crazyflie//launch/default_swarm_map.launch.py
[0.807s] -- Up-to-date: /home/yanyew/mapping/install/crazyflie/share/crazyflie//launch/launch.py
[0.807s] -- Up-to-date: /home/yanyew/mapping/install/crazyflie/share/crazyflie//launch/teleop_launch.py
[0.807s] -- Up-to-date: /home/yanyew/mapping/install/crazyflie/share/crazyflie//launch/swarm_mapping.launch.py
[0.808s] -- Up-to-date: /home/yanyew/mapping/install/crazyflie/share/crazyflie//config
[0.808s] -- Up-to-date: /home/yanyew/mapping/install/crazyflie/share/crazyflie//config/aideck_streamer.yaml
[0.808s] -- Up-to-date: /home/yanyew/mapping/install/crazyflie/share/crazyflie//config/config.rviz
[0.808s] -- Installing: /home/yanyew/mapping/install/crazyflie/share/crazyflie//config/crazyflies.yaml
[0.808s] -- Up-to-date: /home/yanyew/mapping/install/crazyflie/share/crazyflie//config/teleop.yaml
[0.808s] -- Up-to-date: /home/yanyew/mapping/install/crazyflie/share/crazyflie//config/server.yaml
[0.808s] -- Up-to-date: /home/yanyew/mapping/install/crazyflie/share/crazyflie//config/config copy.rviz
[0.808s] -- Up-to-date: /home/yanyew/mapping/install/crazyflie/share/crazyflie//config/motion_capture.yaml
[0.808s] -- Up-to-date: /home/yanyew/mapping/install/crazyflie/share/crazyflie//urdf
[0.809s] -- Up-to-date: /home/yanyew/mapping/install/crazyflie/share/crazyflie//urdf/cf2_assembly_with_props.dae
[0.809s] -- Up-to-date: /home/yanyew/mapping/install/crazyflie/share/crazyflie//urdf/crazyflie_description.urdf
[0.809s] -- Up-to-date: /home/yanyew/mapping/install/crazyflie/share/crazyflie//urdf/cf2_assembly.stl
[0.809s] -- Up-to-date: /home/yanyew/mapping/install/crazyflie/share/ament_index/resource_index/package_run_dependencies/crazyflie
[0.809s] -- Up-to-date: /home/yanyew/mapping/install/crazyflie/share/ament_index/resource_index/parent_prefix_path/crazyflie
[0.809s] -- Up-to-date: /home/yanyew/mapping/install/crazyflie/share/crazyflie/environment/ament_prefix_path.sh
[0.809s] -- Up-to-date: /home/yanyew/mapping/install/crazyflie/share/crazyflie/environment/ament_prefix_path.dsv
[0.810s] -- Up-to-date: /home/yanyew/mapping/install/crazyflie/share/crazyflie/environment/path.sh
[0.810s] -- Up-to-date: /home/yanyew/mapping/install/crazyflie/share/crazyflie/environment/path.dsv
[0.810s] -- Up-to-date: /home/yanyew/mapping/install/crazyflie/share/crazyflie/local_setup.bash
[0.810s] -- Up-to-date: /home/yanyew/mapping/install/crazyflie/share/crazyflie/local_setup.sh
[0.810s] -- Up-to-date: /home/yanyew/mapping/install/crazyflie/share/crazyflie/local_setup.zsh
[0.811s] -- Up-to-date: /home/yanyew/mapping/install/crazyflie/share/crazyflie/local_setup.dsv
[0.811s] -- Installing: /home/yanyew/mapping/install/crazyflie/share/crazyflie/package.dsv
[0.811s] -- Up-to-date: /home/yanyew/mapping/install/crazyflie/share/ament_index/resource_index/packages/crazyflie
[0.811s] -- Up-to-date: /home/yanyew/mapping/install/crazyflie/share/crazyflie/cmake/crazyflieConfig.cmake
[0.811s] -- Up-to-date: /home/yanyew/mapping/install/crazyflie/share/crazyflie/cmake/crazyflieConfig-version.cmake
[0.812s] -- Up-to-date: /home/yanyew/mapping/install/crazyflie/share/crazyflie/package.xml
[0.812s] Invoked command in '/home/yanyew/mapping/build/crazyflie' returned '0': AMENT_PREFIX_PATH=/home/yanyew/mapping/install/crazyflie_interfaces:${AMENT_PREFIX_PATH} CMAKE_PREFIX_PATH=/home/yanyew/mapping/install/crazyflie_interfaces:/opt/ros/humble LD_LIBRARY_PATH=/home/yanyew/mapping/install/crazyflie_interfaces/lib:/usr/lib/x86_64-linux-gnu/gazebo-11/plugins:/opt/ros/humble/opt/rviz_ogre_vendor/lib:/opt/ros/humble/lib/x86_64-linux-gnu:/opt/ros/humble/lib:/usr/lib/x86_64-linux-gnu/gazebo-11/plugins PYTHONPATH=/home/yanyew/mapping/install/crazyflie_interfaces/local/lib/python3.10/dist-packages:${PYTHONPATH} /usr/bin/cmake --install /home/yanyew/mapping/build/crazyflie
