[2.495s] Invoking command in '/home/yanyew/mapping/src/crazyflie_launch': PYTHONPATH=/home/yanyew/mapping/build/crazyflie_launch/prefix_override:/usr/lib/python3/dist-packages/colcon_core/task/python/colcon_distutils_commands:/home/yanyew/mapping/install/crazyflie_launch/lib/python3.10/site-packages:${PYTHONPATH} /usr/bin/python3 -W ignore:setup.py install is deprecated -W ignore:easy_install command is deprecated setup.py egg_info --egg-base ../../build/crazyflie_launch build --build-base /home/yanyew/mapping/build/crazyflie_launch/build install --record /home/yanyew/mapping/build/crazyflie_launch/install.log --single-version-externally-managed install_data
[3.051s] running egg_info
[3.053s] writing ../../build/crazyflie_launch/crazyflie_launch.egg-info/PKG-INFO
[3.053s] writing dependency_links to ../../build/crazyflie_launch/crazyflie_launch.egg-info/dependency_links.txt
[3.053s] writing entry points to ../../build/crazyflie_launch/crazyflie_launch.egg-info/entry_points.txt
[3.053s] writing requirements to ../../build/crazyflie_launch/crazyflie_launch.egg-info/requires.txt
[3.054s] writing top-level names to ../../build/crazyflie_launch/crazyflie_launch.egg-info/top_level.txt
[3.057s] reading manifest file '../../build/crazyflie_launch/crazyflie_launch.egg-info/SOURCES.txt'
[3.058s] writing manifest file '../../build/crazyflie_launch/crazyflie_launch.egg-info/SOURCES.txt'
[3.058s] running build
[3.058s] running build_py
[3.058s] running install
[3.060s] running install_lib
[3.061s] running install_data
[3.061s] running install_egg_info
[3.065s] removing '/home/yanyew/mapping/install/crazyflie_launch/lib/python3.10/site-packages/crazyflie_launch-0.0.0-py3.10.egg-info' (and everything under it)
[3.065s] Copying ../../build/crazyflie_launch/crazyflie_launch.egg-info to /home/yanyew/mapping/install/crazyflie_launch/lib/python3.10/site-packages/crazyflie_launch-0.0.0-py3.10.egg-info
[3.066s] running install_scripts
[3.095s] writing list of installed files to '/home/yanyew/mapping/build/crazyflie_launch/install.log'
[3.126s] Invoked command in '/home/yanyew/mapping/src/crazyflie_launch' returned '0': PYTHONPATH=/home/yanyew/mapping/build/crazyflie_launch/prefix_override:/usr/lib/python3/dist-packages/colcon_core/task/python/colcon_distutils_commands:/home/yanyew/mapping/install/crazyflie_launch/lib/python3.10/site-packages:${PYTHONPATH} /usr/bin/python3 -W ignore:setup.py install is deprecated -W ignore:easy_install command is deprecated setup.py egg_info --egg-base ../../build/crazyflie_launch build --build-base /home/yanyew/mapping/build/crazyflie_launch/build install --record /home/yanyew/mapping/build/crazyflie_launch/install.log --single-version-externally-managed install_data
