[2.534s] Invoking command in '/home/yanyew/mapping/src/ros_gz_crazyflie/ros_gz_crazyflie_control': PYTHONPATH=/home/yanyew/mapping/build/ros_gz_crazyflie_control/prefix_override:/usr/lib/python3/dist-packages/colcon_core/task/python/colcon_distutils_commands:/home/yanyew/mapping/install/ros_gz_crazyflie_control/lib/python3.10/site-packages:${PYTHONPATH} /usr/bin/python3 -W ignore:setup.py install is deprecated -W ignore:easy_install command is deprecated setup.py egg_info --egg-base ../../../build/ros_gz_crazyflie_control build --build-base /home/yanyew/mapping/build/ros_gz_crazyflie_control/build install --record /home/yanyew/mapping/build/ros_gz_crazyflie_control/install.log --single-version-externally-managed install_data
[3.132s] running egg_info
[3.133s] writing ../../../build/ros_gz_crazyflie_control/ros_gz_crazyflie_control.egg-info/PKG-INFO
[3.133s] writing dependency_links to ../../../build/ros_gz_crazyflie_control/ros_gz_crazyflie_control.egg-info/dependency_links.txt
[3.133s] writing entry points to ../../../build/ros_gz_crazyflie_control/ros_gz_crazyflie_control.egg-info/entry_points.txt
[3.133s] writing requirements to ../../../build/ros_gz_crazyflie_control/ros_gz_crazyflie_control.egg-info/requires.txt
[3.134s] writing top-level names to ../../../build/ros_gz_crazyflie_control/ros_gz_crazyflie_control.egg-info/top_level.txt
[3.137s] reading manifest file '../../../build/ros_gz_crazyflie_control/ros_gz_crazyflie_control.egg-info/SOURCES.txt'
[3.138s] writing manifest file '../../../build/ros_gz_crazyflie_control/ros_gz_crazyflie_control.egg-info/SOURCES.txt'
[3.138s] running build
[3.138s] running build_py
[3.139s] running install
[3.140s] running install_lib
[3.143s] running install_data
[3.143s] running install_egg_info
[3.145s] removing '/home/yanyew/mapping/install/ros_gz_crazyflie_control/lib/python3.10/site-packages/ros_gz_crazyflie_control-0.0.0-py3.10.egg-info' (and everything under it)
[3.145s] Copying ../../../build/ros_gz_crazyflie_control/ros_gz_crazyflie_control.egg-info to /home/yanyew/mapping/install/ros_gz_crazyflie_control/lib/python3.10/site-packages/ros_gz_crazyflie_control-0.0.0-py3.10.egg-info
[3.146s] running install_scripts
[3.184s] Installing control_services script to /home/yanyew/mapping/install/ros_gz_crazyflie_control/lib/ros_gz_crazyflie_control
[3.184s] writing list of installed files to '/home/yanyew/mapping/build/ros_gz_crazyflie_control/install.log'
[3.261s] Invoked command in '/home/yanyew/mapping/src/ros_gz_crazyflie/ros_gz_crazyflie_control' returned '0': PYTHONPATH=/home/yanyew/mapping/build/ros_gz_crazyflie_control/prefix_override:/usr/lib/python3/dist-packages/colcon_core/task/python/colcon_distutils_commands:/home/yanyew/mapping/install/ros_gz_crazyflie_control/lib/python3.10/site-packages:${PYTHONPATH} /usr/bin/python3 -W ignore:setup.py install is deprecated -W ignore:easy_install command is deprecated setup.py egg_info --egg-base ../../../build/ros_gz_crazyflie_control build --build-base /home/yanyew/mapping/build/ros_gz_crazyflie_control/build install --record /home/yanyew/mapping/build/ros_gz_crazyflie_control/install.log --single-version-externally-managed install_data
