[0.069s] Invoking command in '/home/yanyew/mapping/build/crazyflie_interfaces': CMAKE_PREFIX_PATH=${CMAKE_PREFIX_PATH}:/home/yanyew/mapping/install/ros_gz_crazyflie_control:/home/yanyew/mapping/install/merge_map:/home/yanyew/mapping/install/crazyflie_ros2_multiranger_wall_following:/home/yanyew/mapping/install/crazyflie_ros2_multiranger_simple_mapper:/home/yanyew/mapping/install/crazyflie_py:/home/yanyew/mapping/install/crazyflie_launch:/opt/ros/humble /usr/bin/cmake --build /home/yanyew/mapping/build/crazyflie_interfaces -- -j12 -l12
[2.790s] [  0%] Built target crazyflie_interfaces__cpp
[2.791s] [ 12%] Built target crazyflie_interfaces__rosidl_generator_c
[2.791s] [ 12%] Built target ament_cmake_python_copy_crazyflie_interfaces
[2.791s] [ 28%] Built target crazyflie_interfaces__rosidl_typesupport_c
[2.791s] [ 36%] Built target crazyflie_interfaces__rosidl_typesupport_introspection_c
[2.791s] [ 48%] Built target crazyflie_interfaces__rosidl_typesupport_cpp
[2.791s] [ 60%] Built target crazyflie_interfaces__rosidl_typesupport_fastrtps_cpp
[2.792s] [ 73%] Built target crazyflie_interfaces__rosidl_typesupport_introspection_cpp
[2.792s] [ 85%] Built target crazyflie_interfaces__rosidl_typesupport_fastrtps_c
[2.792s] [ 85%] Built target crazyflie_interfaces
[2.792s] [ 86%] Built target crazyflie_interfaces__py
[2.792s] [ 97%] Built target crazyflie_interfaces__rosidl_generator_py
[2.793s] [100%] Built target crazyflie_interfaces__rosidl_typesupport_fastrtps_c__pyext
[2.793s] [100%] Built target crazyflie_interfaces__rosidl_typesupport_c__pyext
[2.793s] [100%] Built target crazyflie_interfaces__rosidl_typesupport_introspection_c__pyext
[2.793s] running egg_info
[2.793s] writing crazyflie_interfaces.egg-info/PKG-INFO
[2.793s] writing dependency_links to crazyflie_interfaces.egg-info/dependency_links.txt
[2.793s] writing top-level names to crazyflie_interfaces.egg-info/top_level.txt
[2.793s] reading manifest file 'crazyflie_interfaces.egg-info/SOURCES.txt'
[2.793s] writing manifest file 'crazyflie_interfaces.egg-info/SOURCES.txt'
[2.793s] [100%] Built target ament_cmake_python_build_crazyflie_interfaces_egg
[2.816s] Invoked command in '/home/yanyew/mapping/build/crazyflie_interfaces' returned '0': CMAKE_PREFIX_PATH=${CMAKE_PREFIX_PATH}:/home/yanyew/mapping/install/ros_gz_crazyflie_control:/home/yanyew/mapping/install/merge_map:/home/yanyew/mapping/install/crazyflie_ros2_multiranger_wall_following:/home/yanyew/mapping/install/crazyflie_ros2_multiranger_simple_mapper:/home/yanyew/mapping/install/crazyflie_py:/home/yanyew/mapping/install/crazyflie_launch:/opt/ros/humble /usr/bin/cmake --build /home/yanyew/mapping/build/crazyflie_interfaces -- -j12 -l12
[2.819s] Invoking command in '/home/yanyew/mapping/build/crazyflie_interfaces': CMAKE_PREFIX_PATH=${CMAKE_PREFIX_PATH}:/home/yanyew/mapping/install/ros_gz_crazyflie_control:/home/yanyew/mapping/install/merge_map:/home/yanyew/mapping/install/crazyflie_ros2_multiranger_wall_following:/home/yanyew/mapping/install/crazyflie_ros2_multiranger_simple_mapper:/home/yanyew/mapping/install/crazyflie_py:/home/yanyew/mapping/install/crazyflie_launch:/opt/ros/humble /usr/bin/cmake --install /home/yanyew/mapping/build/crazyflie_interfaces
[2.842s] -- Install configuration: ""
[2.844s] -- Up-to-date: /home/yanyew/mapping/install/crazyflie_interfaces/share/ament_index/resource_index/rosidl_interfaces/crazyflie_interfaces
[2.844s] -- Up-to-date: /home/yanyew/mapping/install/crazyflie_interfaces/include/crazyflie_interfaces/crazyflie_interfaces
[2.846s] -- Up-to-date: /home/yanyew/mapping/install/crazyflie_interfaces/include/crazyflie_interfaces/crazyflie_interfaces/srv
[2.847s] -- Up-to-date: /home/yanyew/mapping/install/crazyflie_interfaces/include/crazyflie_interfaces/crazyflie_interfaces/srv/detail
[2.849s] -- Up-to-date: /home/yanyew/mapping/install/crazyflie_interfaces/include/crazyflie_interfaces/crazyflie_interfaces/srv/detail/set_group_mask__type_support.h
[2.849s] -- Up-to-date: /home/yanyew/mapping/install/crazyflie_interfaces/include/crazyflie_interfaces/crazyflie_interfaces/srv/detail/arm__functions.h
[2.851s] -- Up-to-date: /home/yanyew/mapping/install/crazyflie_interfaces/include/crazyflie_interfaces/crazyflie_interfaces/srv/detail/remove_logging__struct.h
[2.853s] -- Up-to-date: /home/yanyew/mapping/install/crazyflie_interfaces/include/crazyflie_interfaces/crazyflie_interfaces/srv/detail/add_logging__type_support.h
[2.857s] -- Up-to-date: /home/yanyew/mapping/install/crazyflie_interfaces/include/crazyflie_interfaces/crazyflie_interfaces/srv/detail/takeoff__functions.h
[2.858s] -- Up-to-date: /home/yanyew/mapping/install/crazyflie_interfaces/include/crazyflie_interfaces/crazyflie_interfaces/srv/detail/add_logging__functions.h
[2.859s] -- Up-to-date: /home/yanyew/mapping/install/crazyflie_interfaces/include/crazyflie_interfaces/crazyflie_interfaces/srv/detail/takeoff__struct.h
[2.859s] -- Up-to-date: /home/yanyew/mapping/install/crazyflie_interfaces/include/crazyflie_interfaces/crazyflie_interfaces/srv/detail/remove_logging__functions.c
[2.859s] -- Up-to-date: /home/yanyew/mapping/install/crazyflie_interfaces/include/crazyflie_interfaces/crazyflie_interfaces/srv/detail/takeoff__type_support.h
[2.860s] -- Up-to-date: /home/yanyew/mapping/install/crazyflie_interfaces/include/crazyflie_interfaces/crazyflie_interfaces/srv/detail/start_trajectory__functions.c
[2.860s] -- Up-to-date: /home/yanyew/mapping/install/crazyflie_interfaces/include/crazyflie_interfaces/crazyflie_interfaces/srv/detail/start_trajectory__struct.h
[2.860s] -- Up-to-date: /home/yanyew/mapping/install/crazyflie_interfaces/include/crazyflie_interfaces/crazyflie_interfaces/srv/detail/update_params__struct.h
[2.860s] -- Up-to-date: /home/yanyew/mapping/install/crazyflie_interfaces/include/crazyflie_interfaces/crazyflie_interfaces/srv/detail/stop__type_support.h
[2.860s] -- Up-to-date: /home/yanyew/mapping/install/crazyflie_interfaces/include/crazyflie_interfaces/crazyflie_interfaces/srv/detail/add_logging__functions.c
[2.861s] -- Up-to-date: /home/yanyew/mapping/install/crazyflie_interfaces/include/crazyflie_interfaces/crazyflie_interfaces/srv/detail/go_to__struct.h
[2.861s] -- Up-to-date: /home/yanyew/mapping/install/crazyflie_interfaces/include/crazyflie_interfaces/crazyflie_interfaces/srv/detail/update_params__type_support.h
[2.861s] -- Up-to-date: /home/yanyew/mapping/install/crazyflie_interfaces/include/crazyflie_interfaces/crazyflie_interfaces/srv/detail/go_to__functions.h
[2.861s] -- Up-to-date: /home/yanyew/mapping/install/crazyflie_interfaces/include/crazyflie_interfaces/crazyflie_interfaces/srv/detail/start_trajectory__functions.h
[2.861s] -- Up-to-date: /home/yanyew/mapping/install/crazyflie_interfaces/include/crazyflie_interfaces/crazyflie_interfaces/srv/detail/remove_logging__type_support.h
[2.862s] -- Up-to-date: /home/yanyew/mapping/install/crazyflie_interfaces/include/crazyflie_interfaces/crazyflie_interfaces/srv/detail/arm__struct.h
[2.862s] -- Up-to-date: /home/yanyew/mapping/install/crazyflie_interfaces/include/crazyflie_interfaces/crazyflie_interfaces/srv/detail/go_to__type_support.h
[2.862s] -- Up-to-date: /home/yanyew/mapping/install/crazyflie_interfaces/include/crazyflie_interfaces/crazyflie_interfaces/srv/detail/stop__functions.h
[2.864s] -- Up-to-date: /home/yanyew/mapping/install/crazyflie_interfaces/include/crazyflie_interfaces/crazyflie_interfaces/srv/detail/notify_setpoints_stop__struct.h
[2.864s] -- Up-to-date: /home/yanyew/mapping/install/crazyflie_interfaces/include/crazyflie_interfaces/crazyflie_interfaces/srv/detail/upload_trajectory__type_support.h
[2.864s] -- Up-to-date: /home/yanyew/mapping/install/crazyflie_interfaces/include/crazyflie_interfaces/crazyflie_interfaces/srv/detail/add_logging__struct.h
[2.864s] -- Up-to-date: /home/yanyew/mapping/install/crazyflie_interfaces/include/crazyflie_interfaces/crazyflie_interfaces/srv/detail/upload_trajectory__functions.c
[2.865s] -- Up-to-date: /home/yanyew/mapping/install/crazyflie_interfaces/include/crazyflie_interfaces/crazyflie_interfaces/srv/detail/takeoff__functions.c
[2.865s] -- Up-to-date: /home/yanyew/mapping/install/crazyflie_interfaces/include/crazyflie_interfaces/crazyflie_interfaces/srv/detail/notify_setpoints_stop__functions.h
[2.865s] -- Up-to-date: /home/yanyew/mapping/install/crazyflie_interfaces/include/crazyflie_interfaces/crazyflie_interfaces/srv/detail/stop__struct.h
[2.865s] -- Up-to-date: /home/yanyew/mapping/install/crazyflie_interfaces/include/crazyflie_interfaces/crazyflie_interfaces/srv/detail/update_params__functions.c
[2.865s] -- Up-to-date: /home/yanyew/mapping/install/crazyflie_interfaces/include/crazyflie_interfaces/crazyflie_interfaces/srv/detail/set_group_mask__functions.h
[2.866s] -- Up-to-date: /home/yanyew/mapping/install/crazyflie_interfaces/include/crazyflie_interfaces/crazyflie_interfaces/srv/detail/land__type_support.h
[2.866s] -- Up-to-date: /home/yanyew/mapping/install/crazyflie_interfaces/include/crazyflie_interfaces/crazyflie_interfaces/srv/detail/notify_setpoints_stop__functions.c
[2.866s] -- Up-to-date: /home/yanyew/mapping/install/crazyflie_interfaces/include/crazyflie_interfaces/crazyflie_interfaces/srv/detail/arm__type_support.h
[2.866s] -- Up-to-date: /home/yanyew/mapping/install/crazyflie_interfaces/include/crazyflie_interfaces/crazyflie_interfaces/srv/detail/go_to__functions.c
[2.866s] -- Up-to-date: /home/yanyew/mapping/install/crazyflie_interfaces/include/crazyflie_interfaces/crazyflie_interfaces/srv/detail/start_trajectory__type_support.h
[2.867s] -- Up-to-date: /home/yanyew/mapping/install/crazyflie_interfaces/include/crazyflie_interfaces/crazyflie_interfaces/srv/detail/upload_trajectory__functions.h
[2.867s] -- Up-to-date: /home/yanyew/mapping/install/crazyflie_interfaces/include/crazyflie_interfaces/crazyflie_interfaces/srv/detail/remove_logging__functions.h
[2.867s] -- Up-to-date: /home/yanyew/mapping/install/crazyflie_interfaces/include/crazyflie_interfaces/crazyflie_interfaces/srv/detail/set_group_mask__functions.c
[2.867s] -- Up-to-date: /home/yanyew/mapping/install/crazyflie_interfaces/include/crazyflie_interfaces/crazyflie_interfaces/srv/detail/notify_setpoints_stop__type_support.h
[2.867s] -- Up-to-date: /home/yanyew/mapping/install/crazyflie_interfaces/include/crazyflie_interfaces/crazyflie_interfaces/srv/detail/update_params__functions.h
[2.868s] -- Up-to-date: /home/yanyew/mapping/install/crazyflie_interfaces/include/crazyflie_interfaces/crazyflie_interfaces/srv/detail/land__functions.h
[2.868s] -- Up-to-date: /home/yanyew/mapping/install/crazyflie_interfaces/include/crazyflie_interfaces/crazyflie_interfaces/srv/detail/land__struct.h
[2.868s] -- Up-to-date: /home/yanyew/mapping/install/crazyflie_interfaces/include/crazyflie_interfaces/crazyflie_interfaces/srv/detail/upload_trajectory__struct.h
[2.868s] -- Up-to-date: /home/yanyew/mapping/install/crazyflie_interfaces/include/crazyflie_interfaces/crazyflie_interfaces/srv/detail/stop__functions.c
[2.868s] -- Up-to-date: /home/yanyew/mapping/install/crazyflie_interfaces/include/crazyflie_interfaces/crazyflie_interfaces/srv/detail/arm__functions.c
[2.868s] -- Up-to-date: /home/yanyew/mapping/install/crazyflie_interfaces/include/crazyflie_interfaces/crazyflie_interfaces/srv/detail/set_group_mask__struct.h
[2.869s] -- Up-to-date: /home/yanyew/mapping/install/crazyflie_interfaces/include/crazyflie_interfaces/crazyflie_interfaces/srv/detail/land__functions.c
[2.869s] -- Up-to-date: /home/yanyew/mapping/install/crazyflie_interfaces/include/crazyflie_interfaces/crazyflie_interfaces/srv/arm.h
[2.869s] -- Up-to-date: /home/yanyew/mapping/install/crazyflie_interfaces/include/crazyflie_interfaces/crazyflie_interfaces/srv/takeoff.h
[2.869s] -- Up-to-date: /home/yanyew/mapping/install/crazyflie_interfaces/include/crazyflie_interfaces/crazyflie_interfaces/srv/update_params.h
[2.874s] -- Up-to-date: /home/yanyew/mapping/install/crazyflie_interfaces/include/crazyflie_interfaces/crazyflie_interfaces/srv/set_group_mask.h
[2.874s] -- Up-to-date: /home/yanyew/mapping/install/crazyflie_interfaces/include/crazyflie_interfaces/crazyflie_interfaces/srv/remove_logging.h
[2.874s] -- Up-to-date: /home/yanyew/mapping/install/crazyflie_interfaces/include/crazyflie_interfaces/crazyflie_interfaces/srv/upload_trajectory.h
[2.874s] -- Up-to-date: /home/yanyew/mapping/install/crazyflie_interfaces/include/crazyflie_interfaces/crazyflie_interfaces/srv/go_to.h
[2.875s] -- Up-to-date: /home/yanyew/mapping/install/crazyflie_interfaces/include/crazyflie_interfaces/crazyflie_interfaces/srv/start_trajectory.h
[2.875s] -- Up-to-date: /home/yanyew/mapping/install/crazyflie_interfaces/include/crazyflie_interfaces/crazyflie_interfaces/srv/land.h
[2.875s] -- Up-to-date: /home/yanyew/mapping/install/crazyflie_interfaces/include/crazyflie_interfaces/crazyflie_interfaces/srv/add_logging.h
[2.875s] -- Up-to-date: /home/yanyew/mapping/install/crazyflie_interfaces/include/crazyflie_interfaces/crazyflie_interfaces/srv/stop.h
[2.875s] -- Up-to-date: /home/yanyew/mapping/install/crazyflie_interfaces/include/crazyflie_interfaces/crazyflie_interfaces/srv/notify_setpoints_stop.h
[2.875s] -- Up-to-date: /home/yanyew/mapping/install/crazyflie_interfaces/include/crazyflie_interfaces/crazyflie_interfaces/msg
[2.875s] -- Up-to-date: /home/yanyew/mapping/install/crazyflie_interfaces/include/crazyflie_interfaces/crazyflie_interfaces/msg/log_block.h
[2.876s] -- Up-to-date: /home/yanyew/mapping/install/crazyflie_interfaces/include/crazyflie_interfaces/crazyflie_interfaces/msg/detail
[2.876s] -- Up-to-date: /home/yanyew/mapping/install/crazyflie_interfaces/include/crazyflie_interfaces/crazyflie_interfaces/msg/detail/log_block__struct.h
[2.876s] -- Up-to-date: /home/yanyew/mapping/install/crazyflie_interfaces/include/crazyflie_interfaces/crazyflie_interfaces/msg/detail/status__struct.h
[2.876s] -- Up-to-date: /home/yanyew/mapping/install/crazyflie_interfaces/include/crazyflie_interfaces/crazyflie_interfaces/msg/detail/status__functions.h
[2.876s] -- Up-to-date: /home/yanyew/mapping/install/crazyflie_interfaces/include/crazyflie_interfaces/crazyflie_interfaces/msg/detail/trajectory_polynomial_piece__functions.h
[2.876s] -- Up-to-date: /home/yanyew/mapping/install/crazyflie_interfaces/include/crazyflie_interfaces/crazyflie_interfaces/msg/detail/log_block__functions.h
[2.876s] -- Up-to-date: /home/yanyew/mapping/install/crazyflie_interfaces/include/crazyflie_interfaces/crazyflie_interfaces/msg/detail/full_state__struct.h
[2.877s] -- Up-to-date: /home/yanyew/mapping/install/crazyflie_interfaces/include/crazyflie_interfaces/crazyflie_interfaces/msg/detail/trajectory_polynomial_piece__type_support.h
[2.877s] -- Up-to-date: /home/yanyew/mapping/install/crazyflie_interfaces/include/crazyflie_interfaces/crazyflie_interfaces/msg/detail/position__functions.c
[2.877s] -- Up-to-date: /home/yanyew/mapping/install/crazyflie_interfaces/include/crazyflie_interfaces/crazyflie_interfaces/msg/detail/full_state__functions.h
[2.877s] -- Up-to-date: /home/yanyew/mapping/install/crazyflie_interfaces/include/crazyflie_interfaces/crazyflie_interfaces/msg/detail/connection_statistics__type_support.h
[2.877s] -- Up-to-date: /home/yanyew/mapping/install/crazyflie_interfaces/include/crazyflie_interfaces/crazyflie_interfaces/msg/detail/log_data_generic__functions.c
[2.877s] -- Up-to-date: /home/yanyew/mapping/install/crazyflie_interfaces/include/crazyflie_interfaces/crazyflie_interfaces/msg/detail/trajectory_polynomial_piece__functions.c
[2.877s] -- Up-to-date: /home/yanyew/mapping/install/crazyflie_interfaces/include/crazyflie_interfaces/crazyflie_interfaces/msg/detail/hover__functions.c
[2.878s] -- Up-to-date: /home/yanyew/mapping/install/crazyflie_interfaces/include/crazyflie_interfaces/crazyflie_interfaces/msg/detail/log_data_generic__functions.h
[2.878s] -- Up-to-date: /home/yanyew/mapping/install/crazyflie_interfaces/include/crazyflie_interfaces/crazyflie_interfaces/msg/detail/position__type_support.h
[2.878s] -- Up-to-date: /home/yanyew/mapping/install/crazyflie_interfaces/include/crazyflie_interfaces/crazyflie_interfaces/msg/detail/connection_statistics__functions.h
[2.878s] -- Up-to-date: /home/yanyew/mapping/install/crazyflie_interfaces/include/crazyflie_interfaces/crazyflie_interfaces/msg/detail/connection_statistics_array__struct.h
[2.878s] -- Up-to-date: /home/yanyew/mapping/install/crazyflie_interfaces/include/crazyflie_interfaces/crazyflie_interfaces/msg/detail/position__struct.h
[2.878s] -- Up-to-date: /home/yanyew/mapping/install/crazyflie_interfaces/include/crazyflie_interfaces/crazyflie_interfaces/msg/detail/trajectory_polynomial_piece__struct.h
[2.878s] -- Up-to-date: /home/yanyew/mapping/install/crazyflie_interfaces/include/crazyflie_interfaces/crazyflie_interfaces/msg/detail/connection_statistics_array__functions.h
[2.879s] -- Up-to-date: /home/yanyew/mapping/install/crazyflie_interfaces/include/crazyflie_interfaces/crazyflie_interfaces/msg/detail/full_state__functions.c
[2.879s] -- Up-to-date: /home/yanyew/mapping/install/crazyflie_interfaces/include/crazyflie_interfaces/crazyflie_interfaces/msg/detail/velocity_world__type_support.h
[2.879s] -- Up-to-date: /home/yanyew/mapping/install/crazyflie_interfaces/include/crazyflie_interfaces/crazyflie_interfaces/msg/detail/status__type_support.h
[2.879s] -- Up-to-date: /home/yanyew/mapping/install/crazyflie_interfaces/include/crazyflie_interfaces/crazyflie_interfaces/msg/detail/status__functions.c
[2.879s] -- Up-to-date: /home/yanyew/mapping/install/crazyflie_interfaces/include/crazyflie_interfaces/crazyflie_interfaces/msg/detail/connection_statistics__struct.h
[2.879s] -- Up-to-date: /home/yanyew/mapping/install/crazyflie_interfaces/include/crazyflie_interfaces/crazyflie_interfaces/msg/detail/velocity_world__functions.h
[2.879s] -- Up-to-date: /home/yanyew/mapping/install/crazyflie_interfaces/include/crazyflie_interfaces/crazyflie_interfaces/msg/detail/velocity_world__functions.c
[2.880s] -- Up-to-date: /home/yanyew/mapping/install/crazyflie_interfaces/include/crazyflie_interfaces/crazyflie_interfaces/msg/detail/log_data_generic__type_support.h
[2.880s] -- Up-to-date: /home/yanyew/mapping/install/crazyflie_interfaces/include/crazyflie_interfaces/crazyflie_interfaces/msg/detail/hover__struct.h
[2.880s] -- Up-to-date: /home/yanyew/mapping/install/crazyflie_interfaces/include/crazyflie_interfaces/crazyflie_interfaces/msg/detail/connection_statistics__functions.c
[2.880s] -- Up-to-date: /home/yanyew/mapping/install/crazyflie_interfaces/include/crazyflie_interfaces/crazyflie_interfaces/msg/detail/hover__functions.h
[2.880s] -- Up-to-date: /home/yanyew/mapping/install/crazyflie_interfaces/include/crazyflie_interfaces/crazyflie_interfaces/msg/detail/hover__type_support.h
[2.880s] -- Up-to-date: /home/yanyew/mapping/install/crazyflie_interfaces/include/crazyflie_interfaces/crazyflie_interfaces/msg/detail/position__functions.h
[2.881s] -- Up-to-date: /home/yanyew/mapping/install/crazyflie_interfaces/include/crazyflie_interfaces/crazyflie_interfaces/msg/detail/log_block__functions.c
[2.881s] -- Up-to-date: /home/yanyew/mapping/install/crazyflie_interfaces/include/crazyflie_interfaces/crazyflie_interfaces/msg/detail/connection_statistics_array__type_support.h
[2.881s] -- Up-to-date: /home/yanyew/mapping/install/crazyflie_interfaces/include/crazyflie_interfaces/crazyflie_interfaces/msg/detail/full_state__type_support.h
[2.881s] -- Up-to-date: /home/yanyew/mapping/install/crazyflie_interfaces/include/crazyflie_interfaces/crazyflie_interfaces/msg/detail/connection_statistics_array__functions.c
[2.881s] -- Up-to-date: /home/yanyew/mapping/install/crazyflie_interfaces/include/crazyflie_interfaces/crazyflie_interfaces/msg/detail/log_block__type_support.h
[2.882s] -- Up-to-date: /home/yanyew/mapping/install/crazyflie_interfaces/include/crazyflie_interfaces/crazyflie_interfaces/msg/detail/velocity_world__struct.h
[2.882s] -- Up-to-date: /home/yanyew/mapping/install/crazyflie_interfaces/include/crazyflie_interfaces/crazyflie_interfaces/msg/detail/log_data_generic__struct.h
[2.882s] -- Up-to-date: /home/yanyew/mapping/install/crazyflie_interfaces/include/crazyflie_interfaces/crazyflie_interfaces/msg/velocity_world.h
[2.882s] -- Up-to-date: /home/yanyew/mapping/install/crazyflie_interfaces/include/crazyflie_interfaces/crazyflie_interfaces/msg/trajectory_polynomial_piece.h
[2.882s] -- Up-to-date: /home/yanyew/mapping/install/crazyflie_interfaces/include/crazyflie_interfaces/crazyflie_interfaces/msg/rosidl_generator_c__visibility_control.h
[2.882s] -- Up-to-date: /home/yanyew/mapping/install/crazyflie_interfaces/include/crazyflie_interfaces/crazyflie_interfaces/msg/position.h
[2.882s] -- Up-to-date: /home/yanyew/mapping/install/crazyflie_interfaces/include/crazyflie_interfaces/crazyflie_interfaces/msg/hover.h
[2.883s] -- Up-to-date: /home/yanyew/mapping/install/crazyflie_interfaces/include/crazyflie_interfaces/crazyflie_interfaces/msg/log_data_generic.h
[2.883s] -- Up-to-date: /home/yanyew/mapping/install/crazyflie_interfaces/include/crazyflie_interfaces/crazyflie_interfaces/msg/status.h
[2.883s] -- Up-to-date: /home/yanyew/mapping/install/crazyflie_interfaces/include/crazyflie_interfaces/crazyflie_interfaces/msg/full_state.h
[2.887s] -- Up-to-date: /home/yanyew/mapping/install/crazyflie_interfaces/include/crazyflie_interfaces/crazyflie_interfaces/msg/connection_statistics.h
[2.887s] -- Up-to-date: /home/yanyew/mapping/install/crazyflie_interfaces/include/crazyflie_interfaces/crazyflie_interfaces/msg/connection_statistics_array.h
[2.887s] -- Up-to-date: /home/yanyew/mapping/install/crazyflie_interfaces/share/crazyflie_interfaces/environment/library_path.sh
[2.888s] -- Up-to-date: /home/yanyew/mapping/install/crazyflie_interfaces/share/crazyflie_interfaces/environment/library_path.dsv
[2.890s] -- Up-to-date: /home/yanyew/mapping/install/crazyflie_interfaces/lib/libcrazyflie_interfaces__rosidl_generator_c.so
[2.891s] -- Up-to-date: /home/yanyew/mapping/install/crazyflie_interfaces/include/crazyflie_interfaces/crazyflie_interfaces
[2.895s] -- Up-to-date: /home/yanyew/mapping/install/crazyflie_interfaces/include/crazyflie_interfaces/crazyflie_interfaces/srv
[2.896s] -- Up-to-date: /home/yanyew/mapping/install/crazyflie_interfaces/include/crazyflie_interfaces/crazyflie_interfaces/srv/detail
[2.896s] -- Up-to-date: /home/yanyew/mapping/install/crazyflie_interfaces/include/crazyflie_interfaces/crazyflie_interfaces/srv/detail/add_logging__rosidl_typesupport_fastrtps_c.h
[2.896s] -- Up-to-date: /home/yanyew/mapping/install/crazyflie_interfaces/include/crazyflie_interfaces/crazyflie_interfaces/srv/detail/start_trajectory__rosidl_typesupport_fastrtps_c.h
[2.896s] -- Up-to-date: /home/yanyew/mapping/install/crazyflie_interfaces/include/crazyflie_interfaces/crazyflie_interfaces/srv/detail/update_params__rosidl_typesupport_fastrtps_c.h
[2.896s] -- Up-to-date: /home/yanyew/mapping/install/crazyflie_interfaces/include/crazyflie_interfaces/crazyflie_interfaces/srv/detail/remove_logging__rosidl_typesupport_fastrtps_c.h
[2.897s] -- Up-to-date: /home/yanyew/mapping/install/crazyflie_interfaces/include/crazyflie_interfaces/crazyflie_interfaces/srv/detail/takeoff__rosidl_typesupport_fastrtps_c.h
[2.897s] -- Up-to-date: /home/yanyew/mapping/install/crazyflie_interfaces/include/crazyflie_interfaces/crazyflie_interfaces/srv/detail/land__rosidl_typesupport_fastrtps_c.h
[2.897s] -- Up-to-date: /home/yanyew/mapping/install/crazyflie_interfaces/include/crazyflie_interfaces/crazyflie_interfaces/srv/detail/upload_trajectory__rosidl_typesupport_fastrtps_c.h
[2.897s] -- Up-to-date: /home/yanyew/mapping/install/crazyflie_interfaces/include/crazyflie_interfaces/crazyflie_interfaces/srv/detail/go_to__rosidl_typesupport_fastrtps_c.h
[2.897s] -- Up-to-date: /home/yanyew/mapping/install/crazyflie_interfaces/include/crazyflie_interfaces/crazyflie_interfaces/srv/detail/stop__rosidl_typesupport_fastrtps_c.h
[2.897s] -- Up-to-date: /home/yanyew/mapping/install/crazyflie_interfaces/include/crazyflie_interfaces/crazyflie_interfaces/srv/detail/set_group_mask__rosidl_typesupport_fastrtps_c.h
[2.898s] -- Up-to-date: /home/yanyew/mapping/install/crazyflie_interfaces/include/crazyflie_interfaces/crazyflie_interfaces/srv/detail/arm__rosidl_typesupport_fastrtps_c.h
[2.898s] -- Up-to-date: /home/yanyew/mapping/install/crazyflie_interfaces/include/crazyflie_interfaces/crazyflie_interfaces/srv/detail/notify_setpoints_stop__rosidl_typesupport_fastrtps_c.h
[2.898s] -- Up-to-date: /home/yanyew/mapping/install/crazyflie_interfaces/include/crazyflie_interfaces/crazyflie_interfaces/msg
[2.898s] -- Up-to-date: /home/yanyew/mapping/install/crazyflie_interfaces/include/crazyflie_interfaces/crazyflie_interfaces/msg/detail
[2.900s] -- Up-to-date: /home/yanyew/mapping/install/crazyflie_interfaces/include/crazyflie_interfaces/crazyflie_interfaces/msg/detail/connection_statistics_array__rosidl_typesupport_fastrtps_c.h
[2.900s] -- Up-to-date: /home/yanyew/mapping/install/crazyflie_interfaces/include/crazyflie_interfaces/crazyflie_interfaces/msg/detail/log_data_generic__rosidl_typesupport_fastrtps_c.h
[2.900s] -- Up-to-date: /home/yanyew/mapping/install/crazyflie_interfaces/include/crazyflie_interfaces/crazyflie_interfaces/msg/detail/hover__rosidl_typesupport_fastrtps_c.h
[2.901s] -- Up-to-date: /home/yanyew/mapping/install/crazyflie_interfaces/include/crazyflie_interfaces/crazyflie_interfaces/msg/detail/velocity_world__rosidl_typesupport_fastrtps_c.h
[2.901s] -- Up-to-date: /home/yanyew/mapping/install/crazyflie_interfaces/include/crazyflie_interfaces/crazyflie_interfaces/msg/detail/connection_statistics__rosidl_typesupport_fastrtps_c.h
[2.901s] -- Up-to-date: /home/yanyew/mapping/install/crazyflie_interfaces/include/crazyflie_interfaces/crazyflie_interfaces/msg/detail/trajectory_polynomial_piece__rosidl_typesupport_fastrtps_c.h
[2.901s] -- Up-to-date: /home/yanyew/mapping/install/crazyflie_interfaces/include/crazyflie_interfaces/crazyflie_interfaces/msg/detail/status__rosidl_typesupport_fastrtps_c.h
[2.902s] -- Up-to-date: /home/yanyew/mapping/install/crazyflie_interfaces/include/crazyflie_interfaces/crazyflie_interfaces/msg/detail/position__rosidl_typesupport_fastrtps_c.h
[2.902s] -- Up-to-date: /home/yanyew/mapping/install/crazyflie_interfaces/include/crazyflie_interfaces/crazyflie_interfaces/msg/detail/full_state__rosidl_typesupport_fastrtps_c.h
[2.905s] -- Up-to-date: /home/yanyew/mapping/install/crazyflie_interfaces/include/crazyflie_interfaces/crazyflie_interfaces/msg/detail/log_block__rosidl_typesupport_fastrtps_c.h
[2.906s] -- Up-to-date: /home/yanyew/mapping/install/crazyflie_interfaces/include/crazyflie_interfaces/crazyflie_interfaces/msg/rosidl_typesupport_fastrtps_c__visibility_control.h
[2.907s] -- Up-to-date: /home/yanyew/mapping/install/crazyflie_interfaces/lib/libcrazyflie_interfaces__rosidl_typesupport_fastrtps_c.so
[2.909s] -- Up-to-date: /home/yanyew/mapping/install/crazyflie_interfaces/include/crazyflie_interfaces/crazyflie_interfaces
[2.911s] -- Up-to-date: /home/yanyew/mapping/install/crazyflie_interfaces/include/crazyflie_interfaces/crazyflie_interfaces/srv
[2.911s] -- Up-to-date: /home/yanyew/mapping/install/crazyflie_interfaces/include/crazyflie_interfaces/crazyflie_interfaces/srv/detail
[2.912s] -- Up-to-date: /home/yanyew/mapping/install/crazyflie_interfaces/include/crazyflie_interfaces/crazyflie_interfaces/srv/detail/set_group_mask__struct.hpp
[2.912s] -- Up-to-date: /home/yanyew/mapping/install/crazyflie_interfaces/include/crazyflie_interfaces/crazyflie_interfaces/srv/detail/go_to__builder.hpp
[2.912s] -- Up-to-date: /home/yanyew/mapping/install/crazyflie_interfaces/include/crazyflie_interfaces/crazyflie_interfaces/srv/detail/set_group_mask__traits.hpp
[2.917s] -- Up-to-date: /home/yanyew/mapping/install/crazyflie_interfaces/include/crazyflie_interfaces/crazyflie_interfaces/srv/detail/update_params__traits.hpp
[2.918s] -- Up-to-date: /home/yanyew/mapping/install/crazyflie_interfaces/include/crazyflie_interfaces/crazyflie_interfaces/srv/detail/notify_setpoints_stop__struct.hpp
[2.918s] -- Up-to-date: /home/yanyew/mapping/install/crazyflie_interfaces/include/crazyflie_interfaces/crazyflie_interfaces/srv/detail/land__traits.hpp
[2.918s] -- Up-to-date: /home/yanyew/mapping/install/crazyflie_interfaces/include/crazyflie_interfaces/crazyflie_interfaces/srv/detail/go_to__struct.hpp
[2.918s] -- Up-to-date: /home/yanyew/mapping/install/crazyflie_interfaces/include/crazyflie_interfaces/crazyflie_interfaces/srv/detail/land__type_support.hpp
[2.919s] -- Up-to-date: /home/yanyew/mapping/install/crazyflie_interfaces/include/crazyflie_interfaces/crazyflie_interfaces/srv/detail/stop__traits.hpp
[2.919s] -- Up-to-date: /home/yanyew/mapping/install/crazyflie_interfaces/include/crazyflie_interfaces/crazyflie_interfaces/srv/detail/set_group_mask__builder.hpp
[2.919s] -- Up-to-date: /home/yanyew/mapping/install/crazyflie_interfaces/include/crazyflie_interfaces/crazyflie_interfaces/srv/detail/takeoff__traits.hpp
[2.919s] -- Up-to-date: /home/yanyew/mapping/install/crazyflie_interfaces/include/crazyflie_interfaces/crazyflie_interfaces/srv/detail/go_to__type_support.hpp
[2.919s] -- Up-to-date: /home/yanyew/mapping/install/crazyflie_interfaces/include/crazyflie_interfaces/crazyflie_interfaces/srv/detail/update_params__type_support.hpp
[2.920s] -- Up-to-date: /home/yanyew/mapping/install/crazyflie_interfaces/include/crazyflie_interfaces/crazyflie_interfaces/srv/detail/add_logging__struct.hpp
[2.920s] -- Up-to-date: /home/yanyew/mapping/install/crazyflie_interfaces/include/crazyflie_interfaces/crazyflie_interfaces/srv/detail/start_trajectory__builder.hpp
[2.920s] -- Up-to-date: /home/yanyew/mapping/install/crazyflie_interfaces/include/crazyflie_interfaces/crazyflie_interfaces/srv/detail/upload_trajectory__struct.hpp
[2.920s] -- Up-to-date: /home/yanyew/mapping/install/crazyflie_interfaces/include/crazyflie_interfaces/crazyflie_interfaces/srv/detail/remove_logging__type_support.hpp
[2.920s] -- Up-to-date: /home/yanyew/mapping/install/crazyflie_interfaces/include/crazyflie_interfaces/crazyflie_interfaces/srv/detail/set_group_mask__type_support.hpp
[2.921s] -- Up-to-date: /home/yanyew/mapping/install/crazyflie_interfaces/include/crazyflie_interfaces/crazyflie_interfaces/srv/detail/add_logging__traits.hpp
[2.921s] -- Up-to-date: /home/yanyew/mapping/install/crazyflie_interfaces/include/crazyflie_interfaces/crazyflie_interfaces/srv/detail/land__builder.hpp
[2.921s] -- Up-to-date: /home/yanyew/mapping/install/crazyflie_interfaces/include/crazyflie_interfaces/crazyflie_interfaces/srv/detail/start_trajectory__struct.hpp
[2.927s] -- Up-to-date: /home/yanyew/mapping/install/crazyflie_interfaces/include/crazyflie_interfaces/crazyflie_interfaces/srv/detail/upload_trajectory__traits.hpp
[2.930s] -- Up-to-date: /home/yanyew/mapping/install/crazyflie_interfaces/include/crazyflie_interfaces/crazyflie_interfaces/srv/detail/update_params__struct.hpp
[2.931s] -- Up-to-date: /home/yanyew/mapping/install/crazyflie_interfaces/include/crazyflie_interfaces/crazyflie_interfaces/srv/detail/remove_logging__traits.hpp
[2.932s] -- Up-to-date: /home/yanyew/mapping/install/crazyflie_interfaces/include/crazyflie_interfaces/crazyflie_interfaces/srv/detail/arm__struct.hpp
[2.932s] -- Up-to-date: /home/yanyew/mapping/install/crazyflie_interfaces/include/crazyflie_interfaces/crazyflie_interfaces/srv/detail/takeoff__type_support.hpp
[2.932s] -- Up-to-date: /home/yanyew/mapping/install/crazyflie_interfaces/include/crazyflie_interfaces/crazyflie_interfaces/srv/detail/notify_setpoints_stop__traits.hpp
[2.932s] -- Up-to-date: /home/yanyew/mapping/install/crazyflie_interfaces/include/crazyflie_interfaces/crazyflie_interfaces/srv/detail/remove_logging__struct.hpp
[2.933s] -- Up-to-date: /home/yanyew/mapping/install/crazyflie_interfaces/include/crazyflie_interfaces/crazyflie_interfaces/srv/detail/go_to__traits.hpp
[2.933s] -- Up-to-date: /home/yanyew/mapping/install/crazyflie_interfaces/include/crazyflie_interfaces/crazyflie_interfaces/srv/detail/notify_setpoints_stop__builder.hpp
[2.933s] -- Up-to-date: /home/yanyew/mapping/install/crazyflie_interfaces/include/crazyflie_interfaces/crazyflie_interfaces/srv/detail/arm__builder.hpp
[2.933s] -- Up-to-date: /home/yanyew/mapping/install/crazyflie_interfaces/include/crazyflie_interfaces/crazyflie_interfaces/srv/detail/remove_logging__builder.hpp
[2.934s] -- Up-to-date: /home/yanyew/mapping/install/crazyflie_interfaces/include/crazyflie_interfaces/crazyflie_interfaces/srv/detail/stop__struct.hpp
[2.934s] -- Up-to-date: /home/yanyew/mapping/install/crazyflie_interfaces/include/crazyflie_interfaces/crazyflie_interfaces/srv/detail/start_trajectory__type_support.hpp
[2.934s] -- Up-to-date: /home/yanyew/mapping/install/crazyflie_interfaces/include/crazyflie_interfaces/crazyflie_interfaces/srv/detail/arm__traits.hpp
[2.938s] -- Up-to-date: /home/yanyew/mapping/install/crazyflie_interfaces/include/crazyflie_interfaces/crazyflie_interfaces/srv/detail/update_params__builder.hpp
[2.938s] -- Up-to-date: /home/yanyew/mapping/install/crazyflie_interfaces/include/crazyflie_interfaces/crazyflie_interfaces/srv/detail/add_logging__builder.hpp
[2.938s] -- Up-to-date: /home/yanyew/mapping/install/crazyflie_interfaces/include/crazyflie_interfaces/crazyflie_interfaces/srv/detail/add_logging__type_support.hpp
[2.938s] -- Up-to-date: /home/yanyew/mapping/install/crazyflie_interfaces/include/crazyflie_interfaces/crazyflie_interfaces/srv/detail/stop__type_support.hpp
[2.939s] -- Up-to-date: /home/yanyew/mapping/install/crazyflie_interfaces/include/crazyflie_interfaces/crazyflie_interfaces/srv/detail/stop__builder.hpp
[2.939s] -- Up-to-date: /home/yanyew/mapping/install/crazyflie_interfaces/include/crazyflie_interfaces/crazyflie_interfaces/srv/detail/upload_trajectory__builder.hpp
[2.939s] -- Up-to-date: /home/yanyew/mapping/install/crazyflie_interfaces/include/crazyflie_interfaces/crazyflie_interfaces/srv/detail/arm__type_support.hpp
[2.939s] -- Up-to-date: /home/yanyew/mapping/install/crazyflie_interfaces/include/crazyflie_interfaces/crazyflie_interfaces/srv/detail/takeoff__struct.hpp
[2.939s] -- Up-to-date: /home/yanyew/mapping/install/crazyflie_interfaces/include/crazyflie_interfaces/crazyflie_interfaces/srv/detail/upload_trajectory__type_support.hpp
[2.940s] -- Up-to-date: /home/yanyew/mapping/install/crazyflie_interfaces/include/crazyflie_interfaces/crazyflie_interfaces/srv/detail/notify_setpoints_stop__type_support.hpp
[2.940s] -- Up-to-date: /home/yanyew/mapping/install/crazyflie_interfaces/include/crazyflie_interfaces/crazyflie_interfaces/srv/detail/takeoff__builder.hpp
[2.940s] -- Up-to-date: /home/yanyew/mapping/install/crazyflie_interfaces/include/crazyflie_interfaces/crazyflie_interfaces/srv/detail/land__struct.hpp
[2.940s] -- Up-to-date: /home/yanyew/mapping/install/crazyflie_interfaces/include/crazyflie_interfaces/crazyflie_interfaces/srv/detail/start_trajectory__traits.hpp
[2.941s] -- Up-to-date: /home/yanyew/mapping/install/crazyflie_interfaces/include/crazyflie_interfaces/crazyflie_interfaces/srv/remove_logging.hpp
[2.941s] -- Up-to-date: /home/yanyew/mapping/install/crazyflie_interfaces/include/crazyflie_interfaces/crazyflie_interfaces/srv/add_logging.hpp
[2.944s] -- Up-to-date: /home/yanyew/mapping/install/crazyflie_interfaces/include/crazyflie_interfaces/crazyflie_interfaces/srv/land.hpp
[2.945s] -- Up-to-date: /home/yanyew/mapping/install/crazyflie_interfaces/include/crazyflie_interfaces/crazyflie_interfaces/srv/stop.hpp
[2.946s] -- Up-to-date: /home/yanyew/mapping/install/crazyflie_interfaces/include/crazyflie_interfaces/crazyflie_interfaces/srv/notify_setpoints_stop.hpp
[2.946s] -- Up-to-date: /home/yanyew/mapping/install/crazyflie_interfaces/include/crazyflie_interfaces/crazyflie_interfaces/srv/set_group_mask.hpp
[2.946s] -- Up-to-date: /home/yanyew/mapping/install/crazyflie_interfaces/include/crazyflie_interfaces/crazyflie_interfaces/srv/update_params.hpp
[2.946s] -- Up-to-date: /home/yanyew/mapping/install/crazyflie_interfaces/include/crazyflie_interfaces/crazyflie_interfaces/srv/start_trajectory.hpp
[2.946s] -- Up-to-date: /home/yanyew/mapping/install/crazyflie_interfaces/include/crazyflie_interfaces/crazyflie_interfaces/srv/takeoff.hpp
[2.947s] -- Up-to-date: /home/yanyew/mapping/install/crazyflie_interfaces/include/crazyflie_interfaces/crazyflie_interfaces/srv/go_to.hpp
[2.947s] -- Up-to-date: /home/yanyew/mapping/install/crazyflie_interfaces/include/crazyflie_interfaces/crazyflie_interfaces/srv/arm.hpp
[2.947s] -- Up-to-date: /home/yanyew/mapping/install/crazyflie_interfaces/include/crazyflie_interfaces/crazyflie_interfaces/srv/upload_trajectory.hpp
[2.947s] -- Up-to-date: /home/yanyew/mapping/install/crazyflie_interfaces/include/crazyflie_interfaces/crazyflie_interfaces/msg
[2.947s] -- Up-to-date: /home/yanyew/mapping/install/crazyflie_interfaces/include/crazyflie_interfaces/crazyflie_interfaces/msg/detail
[2.950s] -- Up-to-date: /home/yanyew/mapping/install/crazyflie_interfaces/include/crazyflie_interfaces/crazyflie_interfaces/msg/detail/log_block__traits.hpp
[2.950s] -- Up-to-date: /home/yanyew/mapping/install/crazyflie_interfaces/include/crazyflie_interfaces/crazyflie_interfaces/msg/detail/full_state__struct.hpp
[2.952s] -- Up-to-date: /home/yanyew/mapping/install/crazyflie_interfaces/include/crazyflie_interfaces/crazyflie_interfaces/msg/detail/position__struct.hpp
[2.954s] -- Up-to-date: /home/yanyew/mapping/install/crazyflie_interfaces/include/crazyflie_interfaces/crazyflie_interfaces/msg/detail/trajectory_polynomial_piece__builder.hpp
[2.970s] -- Up-to-date: /home/yanyew/mapping/install/crazyflie_interfaces/include/crazyflie_interfaces/crazyflie_interfaces/msg/detail/log_data_generic__type_support.hpp
[2.970s] -- Up-to-date: /home/yanyew/mapping/install/crazyflie_interfaces/include/crazyflie_interfaces/crazyflie_interfaces/msg/detail/log_data_generic__struct.hpp
[2.970s] -- Up-to-date: /home/yanyew/mapping/install/crazyflie_interfaces/include/crazyflie_interfaces/crazyflie_interfaces/msg/detail/full_state__traits.hpp
[2.970s] -- Up-to-date: /home/yanyew/mapping/install/crazyflie_interfaces/include/crazyflie_interfaces/crazyflie_interfaces/msg/detail/status__traits.hpp
[2.970s] -- Up-to-date: /home/yanyew/mapping/install/crazyflie_interfaces/include/crazyflie_interfaces/crazyflie_interfaces/msg/detail/connection_statistics__type_support.hpp
[2.971s] -- Up-to-date: /home/yanyew/mapping/install/crazyflie_interfaces/include/crazyflie_interfaces/crazyflie_interfaces/msg/detail/log_block__struct.hpp
[2.971s] -- Up-to-date: /home/yanyew/mapping/install/crazyflie_interfaces/include/crazyflie_interfaces/crazyflie_interfaces/msg/detail/full_state__type_support.hpp
[2.971s] -- Up-to-date: /home/yanyew/mapping/install/crazyflie_interfaces/include/crazyflie_interfaces/crazyflie_interfaces/msg/detail/velocity_world__traits.hpp
[2.971s] -- Up-to-date: /home/yanyew/mapping/install/crazyflie_interfaces/include/crazyflie_interfaces/crazyflie_interfaces/msg/detail/velocity_world__struct.hpp
[2.971s] -- Up-to-date: /home/yanyew/mapping/install/crazyflie_interfaces/include/crazyflie_interfaces/crazyflie_interfaces/msg/detail/position__builder.hpp
[2.971s] -- Up-to-date: /home/yanyew/mapping/install/crazyflie_interfaces/include/crazyflie_interfaces/crazyflie_interfaces/msg/detail/connection_statistics_array__traits.hpp
[2.971s] -- Up-to-date: /home/yanyew/mapping/install/crazyflie_interfaces/include/crazyflie_interfaces/crazyflie_interfaces/msg/detail/connection_statistics_array__struct.hpp
[2.972s] -- Up-to-date: /home/yanyew/mapping/install/crazyflie_interfaces/include/crazyflie_interfaces/crazyflie_interfaces/msg/detail/hover__struct.hpp
[2.972s] -- Up-to-date: /home/yanyew/mapping/install/crazyflie_interfaces/include/crazyflie_interfaces/crazyflie_interfaces/msg/detail/position__type_support.hpp
[2.972s] -- Up-to-date: /home/yanyew/mapping/install/crazyflie_interfaces/include/crazyflie_interfaces/crazyflie_interfaces/msg/detail/full_state__builder.hpp
[2.972s] -- Up-to-date: /home/yanyew/mapping/install/crazyflie_interfaces/include/crazyflie_interfaces/crazyflie_interfaces/msg/detail/hover__builder.hpp
[2.972s] -- Up-to-date: /home/yanyew/mapping/install/crazyflie_interfaces/include/crazyflie_interfaces/crazyflie_interfaces/msg/detail/status__struct.hpp
[2.972s] -- Up-to-date: /home/yanyew/mapping/install/crazyflie_interfaces/include/crazyflie_interfaces/crazyflie_interfaces/msg/detail/connection_statistics__traits.hpp
[2.972s] -- Up-to-date: /home/yanyew/mapping/install/crazyflie_interfaces/include/crazyflie_interfaces/crazyflie_interfaces/msg/detail/connection_statistics__builder.hpp
[2.975s] -- Up-to-date: /home/yanyew/mapping/install/crazyflie_interfaces/include/crazyflie_interfaces/crazyflie_interfaces/msg/detail/connection_statistics__struct.hpp
[2.975s] -- Up-to-date: /home/yanyew/mapping/install/crazyflie_interfaces/include/crazyflie_interfaces/crazyflie_interfaces/msg/detail/connection_statistics_array__type_support.hpp
[2.975s] -- Up-to-date: /home/yanyew/mapping/install/crazyflie_interfaces/include/crazyflie_interfaces/crazyflie_interfaces/msg/detail/trajectory_polynomial_piece__traits.hpp
[2.975s] -- Up-to-date: /home/yanyew/mapping/install/crazyflie_interfaces/include/crazyflie_interfaces/crazyflie_interfaces/msg/detail/trajectory_polynomial_piece__type_support.hpp
[2.979s] -- Up-to-date: /home/yanyew/mapping/install/crazyflie_interfaces/include/crazyflie_interfaces/crazyflie_interfaces/msg/detail/velocity_world__builder.hpp
[2.980s] -- Up-to-date: /home/yanyew/mapping/install/crazyflie_interfaces/include/crazyflie_interfaces/crazyflie_interfaces/msg/detail/velocity_world__type_support.hpp
[2.980s] -- Up-to-date: /home/yanyew/mapping/install/crazyflie_interfaces/include/crazyflie_interfaces/crazyflie_interfaces/msg/detail/connection_statistics_array__builder.hpp
[2.980s] -- Up-to-date: /home/yanyew/mapping/install/crazyflie_interfaces/include/crazyflie_interfaces/crazyflie_interfaces/msg/detail/trajectory_polynomial_piece__struct.hpp
[2.980s] -- Up-to-date: /home/yanyew/mapping/install/crazyflie_interfaces/include/crazyflie_interfaces/crazyflie_interfaces/msg/detail/log_block__type_support.hpp
[2.980s] -- Up-to-date: /home/yanyew/mapping/install/crazyflie_interfaces/include/crazyflie_interfaces/crazyflie_interfaces/msg/detail/log_data_generic__traits.hpp
[2.980s] -- Up-to-date: /home/yanyew/mapping/install/crazyflie_interfaces/include/crazyflie_interfaces/crazyflie_interfaces/msg/detail/log_block__builder.hpp
[2.980s] -- Up-to-date: /home/yanyew/mapping/install/crazyflie_interfaces/include/crazyflie_interfaces/crazyflie_interfaces/msg/detail/status__builder.hpp
[2.981s] -- Up-to-date: /home/yanyew/mapping/install/crazyflie_interfaces/include/crazyflie_interfaces/crazyflie_interfaces/msg/detail/position__traits.hpp
[2.981s] -- Up-to-date: /home/yanyew/mapping/install/crazyflie_interfaces/include/crazyflie_interfaces/crazyflie_interfaces/msg/detail/status__type_support.hpp
[2.981s] -- Up-to-date: /home/yanyew/mapping/install/crazyflie_interfaces/include/crazyflie_interfaces/crazyflie_interfaces/msg/detail/hover__traits.hpp
[2.981s] -- Up-to-date: /home/yanyew/mapping/install/crazyflie_interfaces/include/crazyflie_interfaces/crazyflie_interfaces/msg/detail/hover__type_support.hpp
[2.981s] -- Up-to-date: /home/yanyew/mapping/install/crazyflie_interfaces/include/crazyflie_interfaces/crazyflie_interfaces/msg/detail/log_data_generic__builder.hpp
[2.981s] -- Up-to-date: /home/yanyew/mapping/install/crazyflie_interfaces/include/crazyflie_interfaces/crazyflie_interfaces/msg/log_block.hpp
[2.982s] -- Up-to-date: /home/yanyew/mapping/install/crazyflie_interfaces/include/crazyflie_interfaces/crazyflie_interfaces/msg/position.hpp
[2.982s] -- Up-to-date: /home/yanyew/mapping/install/crazyflie_interfaces/include/crazyflie_interfaces/crazyflie_interfaces/msg/velocity_world.hpp
[2.982s] -- Up-to-date: /home/yanyew/mapping/install/crazyflie_interfaces/include/crazyflie_interfaces/crazyflie_interfaces/msg/full_state.hpp
[2.982s] -- Up-to-date: /home/yanyew/mapping/install/crazyflie_interfaces/include/crazyflie_interfaces/crazyflie_interfaces/msg/status.hpp
[2.982s] -- Up-to-date: /home/yanyew/mapping/install/crazyflie_interfaces/include/crazyflie_interfaces/crazyflie_interfaces/msg/connection_statistics_array.hpp
[2.982s] -- Up-to-date: /home/yanyew/mapping/install/crazyflie_interfaces/include/crazyflie_interfaces/crazyflie_interfaces/msg/log_data_generic.hpp
[2.982s] -- Up-to-date: /home/yanyew/mapping/install/crazyflie_interfaces/include/crazyflie_interfaces/crazyflie_interfaces/msg/trajectory_polynomial_piece.hpp
[2.983s] -- Up-to-date: /home/yanyew/mapping/install/crazyflie_interfaces/include/crazyflie_interfaces/crazyflie_interfaces/msg/rosidl_generator_cpp__visibility_control.hpp
[2.983s] -- Up-to-date: /home/yanyew/mapping/install/crazyflie_interfaces/include/crazyflie_interfaces/crazyflie_interfaces/msg/connection_statistics.hpp
[2.983s] -- Up-to-date: /home/yanyew/mapping/install/crazyflie_interfaces/include/crazyflie_interfaces/crazyflie_interfaces/msg/hover.hpp
[2.983s] -- Up-to-date: /home/yanyew/mapping/install/crazyflie_interfaces/include/crazyflie_interfaces/crazyflie_interfaces
[2.983s] -- Up-to-date: /home/yanyew/mapping/install/crazyflie_interfaces/include/crazyflie_interfaces/crazyflie_interfaces/srv
[2.987s] -- Up-to-date: /home/yanyew/mapping/install/crazyflie_interfaces/include/crazyflie_interfaces/crazyflie_interfaces/srv/detail
[2.987s] -- Up-to-date: /home/yanyew/mapping/install/crazyflie_interfaces/include/crazyflie_interfaces/crazyflie_interfaces/srv/detail/start_trajectory__rosidl_typesupport_fastrtps_cpp.hpp
[2.987s] -- Up-to-date: /home/yanyew/mapping/install/crazyflie_interfaces/include/crazyflie_interfaces/crazyflie_interfaces/srv/detail/takeoff__rosidl_typesupport_fastrtps_cpp.hpp
[2.988s] -- Up-to-date: /home/yanyew/mapping/install/crazyflie_interfaces/include/crazyflie_interfaces/crazyflie_interfaces/srv/detail/dds_fastrtps
[2.988s] -- Up-to-date: /home/yanyew/mapping/install/crazyflie_interfaces/include/crazyflie_interfaces/crazyflie_interfaces/srv/detail/upload_trajectory__rosidl_typesupport_fastrtps_cpp.hpp
[2.988s] -- Up-to-date: /home/yanyew/mapping/install/crazyflie_interfaces/include/crazyflie_interfaces/crazyflie_interfaces/srv/detail/notify_setpoints_stop__rosidl_typesupport_fastrtps_cpp.hpp
[2.988s] -- Up-to-date: /home/yanyew/mapping/install/crazyflie_interfaces/include/crazyflie_interfaces/crazyflie_interfaces/srv/detail/land__rosidl_typesupport_fastrtps_cpp.hpp
[2.988s] -- Up-to-date: /home/yanyew/mapping/install/crazyflie_interfaces/include/crazyflie_interfaces/crazyflie_interfaces/srv/detail/add_logging__rosidl_typesupport_fastrtps_cpp.hpp
[2.988s] -- Up-to-date: /home/yanyew/mapping/install/crazyflie_interfaces/include/crazyflie_interfaces/crazyflie_interfaces/srv/detail/update_params__rosidl_typesupport_fastrtps_cpp.hpp
[2.989s] -- Up-to-date: /home/yanyew/mapping/install/crazyflie_interfaces/include/crazyflie_interfaces/crazyflie_interfaces/srv/detail/stop__rosidl_typesupport_fastrtps_cpp.hpp
[2.989s] -- Up-to-date: /home/yanyew/mapping/install/crazyflie_interfaces/include/crazyflie_interfaces/crazyflie_interfaces/srv/detail/arm__rosidl_typesupport_fastrtps_cpp.hpp
[2.989s] -- Up-to-date: /home/yanyew/mapping/install/crazyflie_interfaces/include/crazyflie_interfaces/crazyflie_interfaces/srv/detail/remove_logging__rosidl_typesupport_fastrtps_cpp.hpp
[2.989s] -- Up-to-date: /home/yanyew/mapping/install/crazyflie_interfaces/include/crazyflie_interfaces/crazyflie_interfaces/srv/detail/go_to__rosidl_typesupport_fastrtps_cpp.hpp
[2.989s] -- Up-to-date: /home/yanyew/mapping/install/crazyflie_interfaces/include/crazyflie_interfaces/crazyflie_interfaces/srv/detail/set_group_mask__rosidl_typesupport_fastrtps_cpp.hpp
[2.990s] -- Up-to-date: /home/yanyew/mapping/install/crazyflie_interfaces/include/crazyflie_interfaces/crazyflie_interfaces/msg
[2.990s] -- Up-to-date: /home/yanyew/mapping/install/crazyflie_interfaces/include/crazyflie_interfaces/crazyflie_interfaces/msg/detail
[2.990s] -- Up-to-date: /home/yanyew/mapping/install/crazyflie_interfaces/include/crazyflie_interfaces/crazyflie_interfaces/msg/detail/full_state__rosidl_typesupport_fastrtps_cpp.hpp
[2.998s] -- Up-to-date: /home/yanyew/mapping/install/crazyflie_interfaces/include/crazyflie_interfaces/crazyflie_interfaces/msg/detail/log_data_generic__rosidl_typesupport_fastrtps_cpp.hpp
[3.000s] -- Up-to-date: /home/yanyew/mapping/install/crazyflie_interfaces/include/crazyflie_interfaces/crazyflie_interfaces/msg/detail/dds_fastrtps
[3.001s] -- Up-to-date: /home/yanyew/mapping/install/crazyflie_interfaces/include/crazyflie_interfaces/crazyflie_interfaces/msg/detail/trajectory_polynomial_piece__rosidl_typesupport_fastrtps_cpp.hpp
[3.002s] -- Up-to-date: /home/yanyew/mapping/install/crazyflie_interfaces/include/crazyflie_interfaces/crazyflie_interfaces/msg/detail/connection_statistics_array__rosidl_typesupport_fastrtps_cpp.hpp
[3.004s] -- Up-to-date: /home/yanyew/mapping/install/crazyflie_interfaces/include/crazyflie_interfaces/crazyflie_interfaces/msg/detail/hover__rosidl_typesupport_fastrtps_cpp.hpp
[3.004s] -- Up-to-date: /home/yanyew/mapping/install/crazyflie_interfaces/include/crazyflie_interfaces/crazyflie_interfaces/msg/detail/log_block__rosidl_typesupport_fastrtps_cpp.hpp
[3.005s] -- Up-to-date: /home/yanyew/mapping/install/crazyflie_interfaces/include/crazyflie_interfaces/crazyflie_interfaces/msg/detail/position__rosidl_typesupport_fastrtps_cpp.hpp
[3.005s] -- Up-to-date: /home/yanyew/mapping/install/crazyflie_interfaces/include/crazyflie_interfaces/crazyflie_interfaces/msg/detail/status__rosidl_typesupport_fastrtps_cpp.hpp
[3.005s] -- Up-to-date: /home/yanyew/mapping/install/crazyflie_interfaces/include/crazyflie_interfaces/crazyflie_interfaces/msg/detail/velocity_world__rosidl_typesupport_fastrtps_cpp.hpp
[3.005s] -- Up-to-date: /home/yanyew/mapping/install/crazyflie_interfaces/include/crazyflie_interfaces/crazyflie_interfaces/msg/detail/connection_statistics__rosidl_typesupport_fastrtps_cpp.hpp
[3.005s] -- Up-to-date: /home/yanyew/mapping/install/crazyflie_interfaces/include/crazyflie_interfaces/crazyflie_interfaces/msg/rosidl_typesupport_fastrtps_cpp__visibility_control.h
[3.006s] -- Up-to-date: /home/yanyew/mapping/install/crazyflie_interfaces/lib/libcrazyflie_interfaces__rosidl_typesupport_fastrtps_cpp.so
[3.006s] -- Up-to-date: /home/yanyew/mapping/install/crazyflie_interfaces/include/crazyflie_interfaces/crazyflie_interfaces
[3.006s] -- Up-to-date: /home/yanyew/mapping/install/crazyflie_interfaces/include/crazyflie_interfaces/crazyflie_interfaces/srv
[3.006s] -- Up-to-date: /home/yanyew/mapping/install/crazyflie_interfaces/include/crazyflie_interfaces/crazyflie_interfaces/srv/detail
[3.006s] -- Up-to-date: /home/yanyew/mapping/install/crazyflie_interfaces/include/crazyflie_interfaces/crazyflie_interfaces/srv/detail/remove_logging__type_support.c
[3.007s] -- Up-to-date: /home/yanyew/mapping/install/crazyflie_interfaces/include/crazyflie_interfaces/crazyflie_interfaces/srv/detail/land__type_support.c
[3.007s] -- Up-to-date: /home/yanyew/mapping/install/crazyflie_interfaces/include/crazyflie_interfaces/crazyflie_interfaces/srv/detail/add_logging__rosidl_typesupport_introspection_c.h
[3.007s] -- Up-to-date: /home/yanyew/mapping/install/crazyflie_interfaces/include/crazyflie_interfaces/crazyflie_interfaces/srv/detail/stop__type_support.c
[3.007s] -- Up-to-date: /home/yanyew/mapping/install/crazyflie_interfaces/include/crazyflie_interfaces/crazyflie_interfaces/srv/detail/notify_setpoints_stop__rosidl_typesupport_introspection_c.h
[3.010s] -- Up-to-date: /home/yanyew/mapping/install/crazyflie_interfaces/include/crazyflie_interfaces/crazyflie_interfaces/srv/detail/notify_setpoints_stop__type_support.c
[3.015s] -- Up-to-date: /home/yanyew/mapping/install/crazyflie_interfaces/include/crazyflie_interfaces/crazyflie_interfaces/srv/detail/remove_logging__rosidl_typesupport_introspection_c.h
[3.015s] -- Up-to-date: /home/yanyew/mapping/install/crazyflie_interfaces/include/crazyflie_interfaces/crazyflie_interfaces/srv/detail/update_params__type_support.c
[3.016s] -- Up-to-date: /home/yanyew/mapping/install/crazyflie_interfaces/include/crazyflie_interfaces/crazyflie_interfaces/srv/detail/update_params__rosidl_typesupport_introspection_c.h
[3.016s] -- Up-to-date: /home/yanyew/mapping/install/crazyflie_interfaces/include/crazyflie_interfaces/crazyflie_interfaces/srv/detail/upload_trajectory__type_support.c
[3.018s] -- Up-to-date: /home/yanyew/mapping/install/crazyflie_interfaces/include/crazyflie_interfaces/crazyflie_interfaces/srv/detail/arm__rosidl_typesupport_introspection_c.h
[3.019s] -- Up-to-date: /home/yanyew/mapping/install/crazyflie_interfaces/include/crazyflie_interfaces/crazyflie_interfaces/srv/detail/takeoff__type_support.c
[3.019s] -- Up-to-date: /home/yanyew/mapping/install/crazyflie_interfaces/include/crazyflie_interfaces/crazyflie_interfaces/srv/detail/land__rosidl_typesupport_introspection_c.h
[3.019s] -- Up-to-date: /home/yanyew/mapping/install/crazyflie_interfaces/include/crazyflie_interfaces/crazyflie_interfaces/srv/detail/set_group_mask__type_support.c
[3.019s] -- Up-to-date: /home/yanyew/mapping/install/crazyflie_interfaces/include/crazyflie_interfaces/crazyflie_interfaces/srv/detail/start_trajectory__type_support.c
[3.020s] -- Up-to-date: /home/yanyew/mapping/install/crazyflie_interfaces/include/crazyflie_interfaces/crazyflie_interfaces/srv/detail/start_trajectory__rosidl_typesupport_introspection_c.h
[3.020s] -- Up-to-date: /home/yanyew/mapping/install/crazyflie_interfaces/include/crazyflie_interfaces/crazyflie_interfaces/srv/detail/takeoff__rosidl_typesupport_introspection_c.h
[3.020s] -- Up-to-date: /home/yanyew/mapping/install/crazyflie_interfaces/include/crazyflie_interfaces/crazyflie_interfaces/srv/detail/go_to__rosidl_typesupport_introspection_c.h
[3.020s] -- Up-to-date: /home/yanyew/mapping/install/crazyflie_interfaces/include/crazyflie_interfaces/crazyflie_interfaces/srv/detail/go_to__type_support.c
[3.020s] -- Up-to-date: /home/yanyew/mapping/install/crazyflie_interfaces/include/crazyflie_interfaces/crazyflie_interfaces/srv/detail/stop__rosidl_typesupport_introspection_c.h
[3.021s] -- Up-to-date: /home/yanyew/mapping/install/crazyflie_interfaces/include/crazyflie_interfaces/crazyflie_interfaces/srv/detail/upload_trajectory__rosidl_typesupport_introspection_c.h
[3.021s] -- Up-to-date: /home/yanyew/mapping/install/crazyflie_interfaces/include/crazyflie_interfaces/crazyflie_interfaces/srv/detail/set_group_mask__rosidl_typesupport_introspection_c.h
[3.021s] -- Up-to-date: /home/yanyew/mapping/install/crazyflie_interfaces/include/crazyflie_interfaces/crazyflie_interfaces/srv/detail/arm__type_support.c
[3.023s] -- Up-to-date: /home/yanyew/mapping/install/crazyflie_interfaces/include/crazyflie_interfaces/crazyflie_interfaces/srv/detail/add_logging__type_support.c
[3.023s] -- Up-to-date: /home/yanyew/mapping/install/crazyflie_interfaces/include/crazyflie_interfaces/crazyflie_interfaces/msg
[3.023s] -- Up-to-date: /home/yanyew/mapping/install/crazyflie_interfaces/include/crazyflie_interfaces/crazyflie_interfaces/msg/detail
[3.023s] -- Up-to-date: /home/yanyew/mapping/install/crazyflie_interfaces/include/crazyflie_interfaces/crazyflie_interfaces/msg/detail/velocity_world__rosidl_typesupport_introspection_c.h
[3.027s] -- Up-to-date: /home/yanyew/mapping/install/crazyflie_interfaces/include/crazyflie_interfaces/crazyflie_interfaces/msg/detail/connection_statistics_array__rosidl_typesupport_introspection_c.h
[3.027s] -- Up-to-date: /home/yanyew/mapping/install/crazyflie_interfaces/include/crazyflie_interfaces/crazyflie_interfaces/msg/detail/connection_statistics__type_support.c
[3.027s] -- Up-to-date: /home/yanyew/mapping/install/crazyflie_interfaces/include/crazyflie_interfaces/crazyflie_interfaces/msg/detail/position__rosidl_typesupport_introspection_c.h
[3.028s] -- Up-to-date: /home/yanyew/mapping/install/crazyflie_interfaces/include/crazyflie_interfaces/crazyflie_interfaces/msg/detail/connection_statistics_array__type_support.c
[3.028s] -- Up-to-date: /home/yanyew/mapping/install/crazyflie_interfaces/include/crazyflie_interfaces/crazyflie_interfaces/msg/detail/status__type_support.c
[3.028s] -- Up-to-date: /home/yanyew/mapping/install/crazyflie_interfaces/include/crazyflie_interfaces/crazyflie_interfaces/msg/detail/trajectory_polynomial_piece__rosidl_typesupport_introspection_c.h
[3.028s] -- Up-to-date: /home/yanyew/mapping/install/crazyflie_interfaces/include/crazyflie_interfaces/crazyflie_interfaces/msg/detail/velocity_world__type_support.c
[3.028s] -- Up-to-date: /home/yanyew/mapping/install/crazyflie_interfaces/include/crazyflie_interfaces/crazyflie_interfaces/msg/detail/log_data_generic__type_support.c
[3.029s] -- Up-to-date: /home/yanyew/mapping/install/crazyflie_interfaces/include/crazyflie_interfaces/crazyflie_interfaces/msg/detail/log_data_generic__rosidl_typesupport_introspection_c.h
[3.029s] -- Up-to-date: /home/yanyew/mapping/install/crazyflie_interfaces/include/crazyflie_interfaces/crazyflie_interfaces/msg/detail/log_block__rosidl_typesupport_introspection_c.h
[3.029s] -- Up-to-date: /home/yanyew/mapping/install/crazyflie_interfaces/include/crazyflie_interfaces/crazyflie_interfaces/msg/detail/hover__type_support.c
[3.029s] -- Up-to-date: /home/yanyew/mapping/install/crazyflie_interfaces/include/crazyflie_interfaces/crazyflie_interfaces/msg/detail/status__rosidl_typesupport_introspection_c.h
[3.029s] -- Up-to-date: /home/yanyew/mapping/install/crazyflie_interfaces/include/crazyflie_interfaces/crazyflie_interfaces/msg/detail/full_state__type_support.c
[3.030s] -- Up-to-date: /home/yanyew/mapping/install/crazyflie_interfaces/include/crazyflie_interfaces/crazyflie_interfaces/msg/detail/position__type_support.c
[3.030s] -- Up-to-date: /home/yanyew/mapping/install/crazyflie_interfaces/include/crazyflie_interfaces/crazyflie_interfaces/msg/detail/log_block__type_support.c
[3.030s] -- Up-to-date: /home/yanyew/mapping/install/crazyflie_interfaces/include/crazyflie_interfaces/crazyflie_interfaces/msg/detail/hover__rosidl_typesupport_introspection_c.h
[3.030s] -- Up-to-date: /home/yanyew/mapping/install/crazyflie_interfaces/include/crazyflie_interfaces/crazyflie_interfaces/msg/detail/full_state__rosidl_typesupport_introspection_c.h
[3.030s] -- Up-to-date: /home/yanyew/mapping/install/crazyflie_interfaces/include/crazyflie_interfaces/crazyflie_interfaces/msg/detail/trajectory_polynomial_piece__type_support.c
[3.031s] -- Up-to-date: /home/yanyew/mapping/install/crazyflie_interfaces/include/crazyflie_interfaces/crazyflie_interfaces/msg/detail/connection_statistics__rosidl_typesupport_introspection_c.h
[3.031s] -- Up-to-date: /home/yanyew/mapping/install/crazyflie_interfaces/include/crazyflie_interfaces/crazyflie_interfaces/msg/rosidl_typesupport_introspection_c__visibility_control.h
[3.031s] -- Up-to-date: /home/yanyew/mapping/install/crazyflie_interfaces/lib/libcrazyflie_interfaces__rosidl_typesupport_introspection_c.so
[3.032s] -- Up-to-date: /home/yanyew/mapping/install/crazyflie_interfaces/lib/libcrazyflie_interfaces__rosidl_typesupport_c.so
[3.032s] -- Up-to-date: /home/yanyew/mapping/install/crazyflie_interfaces/include/crazyflie_interfaces/crazyflie_interfaces
[3.033s] -- Up-to-date: /home/yanyew/mapping/install/crazyflie_interfaces/include/crazyflie_interfaces/crazyflie_interfaces/srv
[3.033s] -- Up-to-date: /home/yanyew/mapping/install/crazyflie_interfaces/include/crazyflie_interfaces/crazyflie_interfaces/srv/detail
[3.033s] -- Up-to-date: /home/yanyew/mapping/install/crazyflie_interfaces/include/crazyflie_interfaces/crazyflie_interfaces/srv/detail/add_logging__type_support.cpp
[3.033s] -- Up-to-date: /home/yanyew/mapping/install/crazyflie_interfaces/include/crazyflie_interfaces/crazyflie_interfaces/srv/detail/go_to__type_support.cpp
[3.034s] -- Up-to-date: /home/yanyew/mapping/install/crazyflie_interfaces/include/crazyflie_interfaces/crazyflie_interfaces/srv/detail/stop__type_support.cpp
[3.034s] -- Up-to-date: /home/yanyew/mapping/install/crazyflie_interfaces/include/crazyflie_interfaces/crazyflie_interfaces/srv/detail/notify_setpoints_stop__type_support.cpp
[3.034s] -- Up-to-date: /home/yanyew/mapping/install/crazyflie_interfaces/include/crazyflie_interfaces/crazyflie_interfaces/srv/detail/upload_trajectory__rosidl_typesupport_introspection_cpp.hpp
[3.035s] -- Up-to-date: /home/yanyew/mapping/install/crazyflie_interfaces/include/crazyflie_interfaces/crazyflie_interfaces/srv/detail/takeoff__rosidl_typesupport_introspection_cpp.hpp
[3.035s] -- Up-to-date: /home/yanyew/mapping/install/crazyflie_interfaces/include/crazyflie_interfaces/crazyflie_interfaces/srv/detail/upload_trajectory__type_support.cpp
[3.036s] -- Up-to-date: /home/yanyew/mapping/install/crazyflie_interfaces/include/crazyflie_interfaces/crazyflie_interfaces/srv/detail/stop__rosidl_typesupport_introspection_cpp.hpp
[3.036s] -- Up-to-date: /home/yanyew/mapping/install/crazyflie_interfaces/include/crazyflie_interfaces/crazyflie_interfaces/srv/detail/land__type_support.cpp
[3.036s] -- Up-to-date: /home/yanyew/mapping/install/crazyflie_interfaces/include/crazyflie_interfaces/crazyflie_interfaces/srv/detail/start_trajectory__type_support.cpp
[3.037s] -- Up-to-date: /home/yanyew/mapping/install/crazyflie_interfaces/include/crazyflie_interfaces/crazyflie_interfaces/srv/detail/arm__rosidl_typesupport_introspection_cpp.hpp
[3.038s] -- Up-to-date: /home/yanyew/mapping/install/crazyflie_interfaces/include/crazyflie_interfaces/crazyflie_interfaces/srv/detail/notify_setpoints_stop__rosidl_typesupport_introspection_cpp.hpp
[3.038s] -- Up-to-date: /home/yanyew/mapping/install/crazyflie_interfaces/include/crazyflie_interfaces/crazyflie_interfaces/srv/detail/land__rosidl_typesupport_introspection_cpp.hpp
[3.038s] -- Up-to-date: /home/yanyew/mapping/install/crazyflie_interfaces/include/crazyflie_interfaces/crazyflie_interfaces/srv/detail/arm__type_support.cpp
[3.040s] -- Up-to-date: /home/yanyew/mapping/install/crazyflie_interfaces/include/crazyflie_interfaces/crazyflie_interfaces/srv/detail/remove_logging__rosidl_typesupport_introspection_cpp.hpp
[3.044s] -- Up-to-date: /home/yanyew/mapping/install/crazyflie_interfaces/include/crazyflie_interfaces/crazyflie_interfaces/srv/detail/set_group_mask__type_support.cpp
[3.044s] -- Up-to-date: /home/yanyew/mapping/install/crazyflie_interfaces/include/crazyflie_interfaces/crazyflie_interfaces/srv/detail/takeoff__type_support.cpp
[3.045s] -- Up-to-date: /home/yanyew/mapping/install/crazyflie_interfaces/include/crazyflie_interfaces/crazyflie_interfaces/srv/detail/update_params__rosidl_typesupport_introspection_cpp.hpp
[3.045s] -- Up-to-date: /home/yanyew/mapping/install/crazyflie_interfaces/include/crazyflie_interfaces/crazyflie_interfaces/srv/detail/start_trajectory__rosidl_typesupport_introspection_cpp.hpp
[3.045s] -- Up-to-date: /home/yanyew/mapping/install/crazyflie_interfaces/include/crazyflie_interfaces/crazyflie_interfaces/srv/detail/update_params__type_support.cpp
[3.045s] -- Up-to-date: /home/yanyew/mapping/install/crazyflie_interfaces/include/crazyflie_interfaces/crazyflie_interfaces/srv/detail/set_group_mask__rosidl_typesupport_introspection_cpp.hpp
[3.046s] -- Up-to-date: /home/yanyew/mapping/install/crazyflie_interfaces/include/crazyflie_interfaces/crazyflie_interfaces/srv/detail/go_to__rosidl_typesupport_introspection_cpp.hpp
[3.046s] -- Up-to-date: /home/yanyew/mapping/install/crazyflie_interfaces/include/crazyflie_interfaces/crazyflie_interfaces/srv/detail/remove_logging__type_support.cpp
[3.046s] -- Up-to-date: /home/yanyew/mapping/install/crazyflie_interfaces/include/crazyflie_interfaces/crazyflie_interfaces/srv/detail/add_logging__rosidl_typesupport_introspection_cpp.hpp
[3.046s] -- Up-to-date: /home/yanyew/mapping/install/crazyflie_interfaces/include/crazyflie_interfaces/crazyflie_interfaces/msg
[3.047s] -- Up-to-date: /home/yanyew/mapping/install/crazyflie_interfaces/include/crazyflie_interfaces/crazyflie_interfaces/msg/detail
[3.047s] -- Up-to-date: /home/yanyew/mapping/install/crazyflie_interfaces/include/crazyflie_interfaces/crazyflie_interfaces/msg/detail/full_state__type_support.cpp
[3.047s] -- Up-to-date: /home/yanyew/mapping/install/crazyflie_interfaces/include/crazyflie_interfaces/crazyflie_interfaces/msg/detail/hover__type_support.cpp
[3.047s] -- Up-to-date: /home/yanyew/mapping/install/crazyflie_interfaces/include/crazyflie_interfaces/crazyflie_interfaces/msg/detail/velocity_world__rosidl_typesupport_introspection_cpp.hpp
[3.047s] -- Up-to-date: /home/yanyew/mapping/install/crazyflie_interfaces/include/crazyflie_interfaces/crazyflie_interfaces/msg/detail/hover__rosidl_typesupport_introspection_cpp.hpp
[3.048s] -- Up-to-date: /home/yanyew/mapping/install/crazyflie_interfaces/include/crazyflie_interfaces/crazyflie_interfaces/msg/detail/log_block__rosidl_typesupport_introspection_cpp.hpp
[3.048s] -- Up-to-date: /home/yanyew/mapping/install/crazyflie_interfaces/include/crazyflie_interfaces/crazyflie_interfaces/msg/detail/status__type_support.cpp
[3.048s] -- Up-to-date: /home/yanyew/mapping/install/crazyflie_interfaces/include/crazyflie_interfaces/crazyflie_interfaces/msg/detail/connection_statistics__rosidl_typesupport_introspection_cpp.hpp
[3.048s] -- Up-to-date: /home/yanyew/mapping/install/crazyflie_interfaces/include/crazyflie_interfaces/crazyflie_interfaces/msg/detail/velocity_world__type_support.cpp
[3.048s] -- Up-to-date: /home/yanyew/mapping/install/crazyflie_interfaces/include/crazyflie_interfaces/crazyflie_interfaces/msg/detail/trajectory_polynomial_piece__type_support.cpp
[3.048s] -- Up-to-date: /home/yanyew/mapping/install/crazyflie_interfaces/include/crazyflie_interfaces/crazyflie_interfaces/msg/detail/log_data_generic__type_support.cpp
[3.049s] -- Up-to-date: /home/yanyew/mapping/install/crazyflie_interfaces/include/crazyflie_interfaces/crazyflie_interfaces/msg/detail/position__type_support.cpp
[3.049s] -- Up-to-date: /home/yanyew/mapping/install/crazyflie_interfaces/include/crazyflie_interfaces/crazyflie_interfaces/msg/detail/position__rosidl_typesupport_introspection_cpp.hpp
[3.049s] -- Up-to-date: /home/yanyew/mapping/install/crazyflie_interfaces/include/crazyflie_interfaces/crazyflie_interfaces/msg/detail/status__rosidl_typesupport_introspection_cpp.hpp
[3.049s] -- Up-to-date: /home/yanyew/mapping/install/crazyflie_interfaces/include/crazyflie_interfaces/crazyflie_interfaces/msg/detail/connection_statistics_array__type_support.cpp
[3.049s] -- Up-to-date: /home/yanyew/mapping/install/crazyflie_interfaces/include/crazyflie_interfaces/crazyflie_interfaces/msg/detail/connection_statistics_array__rosidl_typesupport_introspection_cpp.hpp
[3.049s] -- Up-to-date: /home/yanyew/mapping/install/crazyflie_interfaces/include/crazyflie_interfaces/crazyflie_interfaces/msg/detail/connection_statistics__type_support.cpp
[3.050s] -- Up-to-date: /home/yanyew/mapping/install/crazyflie_interfaces/include/crazyflie_interfaces/crazyflie_interfaces/msg/detail/trajectory_polynomial_piece__rosidl_typesupport_introspection_cpp.hpp
[3.050s] -- Up-to-date: /home/yanyew/mapping/install/crazyflie_interfaces/include/crazyflie_interfaces/crazyflie_interfaces/msg/detail/full_state__rosidl_typesupport_introspection_cpp.hpp
[3.050s] -- Up-to-date: /home/yanyew/mapping/install/crazyflie_interfaces/include/crazyflie_interfaces/crazyflie_interfaces/msg/detail/log_block__type_support.cpp
[3.050s] -- Up-to-date: /home/yanyew/mapping/install/crazyflie_interfaces/include/crazyflie_interfaces/crazyflie_interfaces/msg/detail/log_data_generic__rosidl_typesupport_introspection_cpp.hpp
[3.051s] -- Up-to-date: /home/yanyew/mapping/install/crazyflie_interfaces/lib/libcrazyflie_interfaces__rosidl_typesupport_introspection_cpp.so
[3.054s] -- Up-to-date: /home/yanyew/mapping/install/crazyflie_interfaces/lib/libcrazyflie_interfaces__rosidl_typesupport_cpp.so
[3.054s] -- Up-to-date: /home/yanyew/mapping/install/crazyflie_interfaces/share/crazyflie_interfaces/environment/pythonpath.sh
[3.055s] -- Up-to-date: /home/yanyew/mapping/install/crazyflie_interfaces/share/crazyflie_interfaces/environment/pythonpath.dsv
[3.055s] -- Up-to-date: /home/yanyew/mapping/install/crazyflie_interfaces/local/lib/python3.10/dist-packages/crazyflie_interfaces-2.0.0-py3.10.egg-info
[3.056s] -- Installing: /home/yanyew/mapping/install/crazyflie_interfaces/local/lib/python3.10/dist-packages/crazyflie_interfaces-2.0.0-py3.10.egg-info/PKG-INFO
[3.056s] -- Installing: /home/yanyew/mapping/install/crazyflie_interfaces/local/lib/python3.10/dist-packages/crazyflie_interfaces-2.0.0-py3.10.egg-info/top_level.txt
[3.056s] -- Installing: /home/yanyew/mapping/install/crazyflie_interfaces/local/lib/python3.10/dist-packages/crazyflie_interfaces-2.0.0-py3.10.egg-info/dependency_links.txt
[3.056s] -- Installing: /home/yanyew/mapping/install/crazyflie_interfaces/local/lib/python3.10/dist-packages/crazyflie_interfaces-2.0.0-py3.10.egg-info/SOURCES.txt
[3.056s] -- Up-to-date: /home/yanyew/mapping/install/crazyflie_interfaces/local/lib/python3.10/dist-packages/crazyflie_interfaces
[3.056s] -- Up-to-date: /home/yanyew/mapping/install/crazyflie_interfaces/local/lib/python3.10/dist-packages/crazyflie_interfaces/__init__.py
[3.056s] -- Up-to-date: /home/yanyew/mapping/install/crazyflie_interfaces/local/lib/python3.10/dist-packages/crazyflie_interfaces/srv
[3.057s] -- Up-to-date: /home/yanyew/mapping/install/crazyflie_interfaces/local/lib/python3.10/dist-packages/crazyflie_interfaces/srv/_stop_s.c
[3.057s] -- Up-to-date: /home/yanyew/mapping/install/crazyflie_interfaces/local/lib/python3.10/dist-packages/crazyflie_interfaces/srv/__init__.py
[3.057s] -- Up-to-date: /home/yanyew/mapping/install/crazyflie_interfaces/local/lib/python3.10/dist-packages/crazyflie_interfaces/srv/_add_logging.py
[3.057s] -- Up-to-date: /home/yanyew/mapping/install/crazyflie_interfaces/local/lib/python3.10/dist-packages/crazyflie_interfaces/srv/_land.py
[3.057s] -- Up-to-date: /home/yanyew/mapping/install/crazyflie_interfaces/local/lib/python3.10/dist-packages/crazyflie_interfaces/srv/_go_to.py
[3.057s] -- Up-to-date: /home/yanyew/mapping/install/crazyflie_interfaces/local/lib/python3.10/dist-packages/crazyflie_interfaces/srv/_set_group_mask_s.c
[3.057s] -- Up-to-date: /home/yanyew/mapping/install/crazyflie_interfaces/local/lib/python3.10/dist-packages/crazyflie_interfaces/srv/_notify_setpoints_stop.py
[3.058s] -- Up-to-date: /home/yanyew/mapping/install/crazyflie_interfaces/local/lib/python3.10/dist-packages/crazyflie_interfaces/srv/_notify_setpoints_stop_s.c
[3.058s] -- Up-to-date: /home/yanyew/mapping/install/crazyflie_interfaces/local/lib/python3.10/dist-packages/crazyflie_interfaces/srv/_remove_logging.py
[3.058s] -- Up-to-date: /home/yanyew/mapping/install/crazyflie_interfaces/local/lib/python3.10/dist-packages/crazyflie_interfaces/srv/_go_to_s.c
[3.058s] -- Up-to-date: /home/yanyew/mapping/install/crazyflie_interfaces/local/lib/python3.10/dist-packages/crazyflie_interfaces/srv/_set_group_mask.py
[3.058s] -- Up-to-date: /home/yanyew/mapping/install/crazyflie_interfaces/local/lib/python3.10/dist-packages/crazyflie_interfaces/srv/_land_s.c
[3.059s] -- Up-to-date: /home/yanyew/mapping/install/crazyflie_interfaces/local/lib/python3.10/dist-packages/crazyflie_interfaces/srv/_update_params.py
[3.059s] -- Up-to-date: /home/yanyew/mapping/install/crazyflie_interfaces/local/lib/python3.10/dist-packages/crazyflie_interfaces/srv/_takeoff_s.c
[3.059s] -- Up-to-date: /home/yanyew/mapping/install/crazyflie_interfaces/local/lib/python3.10/dist-packages/crazyflie_interfaces/srv/_upload_trajectory.py
[3.060s] -- Up-to-date: /home/yanyew/mapping/install/crazyflie_interfaces/local/lib/python3.10/dist-packages/crazyflie_interfaces/srv/_remove_logging_s.c
[3.060s] -- Up-to-date: /home/yanyew/mapping/install/crazyflie_interfaces/local/lib/python3.10/dist-packages/crazyflie_interfaces/srv/_takeoff.py
[3.060s] -- Up-to-date: /home/yanyew/mapping/install/crazyflie_interfaces/local/lib/python3.10/dist-packages/crazyflie_interfaces/srv/_add_logging_s.c
[3.060s] -- Up-to-date: /home/yanyew/mapping/install/crazyflie_interfaces/local/lib/python3.10/dist-packages/crazyflie_interfaces/srv/_stop.py
[3.061s] -- Up-to-date: /home/yanyew/mapping/install/crazyflie_interfaces/local/lib/python3.10/dist-packages/crazyflie_interfaces/srv/_update_params_s.c
[3.061s] -- Up-to-date: /home/yanyew/mapping/install/crazyflie_interfaces/local/lib/python3.10/dist-packages/crazyflie_interfaces/srv/_start_trajectory_s.c
[3.062s] -- Up-to-date: /home/yanyew/mapping/install/crazyflie_interfaces/local/lib/python3.10/dist-packages/crazyflie_interfaces/srv/_arm.py
[3.063s] -- Up-to-date: /home/yanyew/mapping/install/crazyflie_interfaces/local/lib/python3.10/dist-packages/crazyflie_interfaces/srv/_arm_s.c
[3.063s] -- Up-to-date: /home/yanyew/mapping/install/crazyflie_interfaces/local/lib/python3.10/dist-packages/crazyflie_interfaces/srv/_upload_trajectory_s.c
[3.063s] -- Up-to-date: /home/yanyew/mapping/install/crazyflie_interfaces/local/lib/python3.10/dist-packages/crazyflie_interfaces/srv/_start_trajectory.py
[3.063s] -- Up-to-date: /home/yanyew/mapping/install/crazyflie_interfaces/local/lib/python3.10/dist-packages/crazyflie_interfaces/libcrazyflie_interfaces__rosidl_generator_py.so
[3.064s] -- Up-to-date: /home/yanyew/mapping/install/crazyflie_interfaces/local/lib/python3.10/dist-packages/crazyflie_interfaces/_crazyflie_interfaces_s.ep.rosidl_typesupport_fastrtps_c.c
[3.064s] -- Up-to-date: /home/yanyew/mapping/install/crazyflie_interfaces/local/lib/python3.10/dist-packages/crazyflie_interfaces/crazyflie_interfaces_s__rosidl_typesupport_c.cpython-310-x86_64-linux-gnu.so
[3.064s] -- Up-to-date: /home/yanyew/mapping/install/crazyflie_interfaces/local/lib/python3.10/dist-packages/crazyflie_interfaces/crazyflie_interfaces_s__rosidl_typesupport_introspection_c.cpython-310-x86_64-linux-gnu.so
[3.065s] -- Up-to-date: /home/yanyew/mapping/install/crazyflie_interfaces/local/lib/python3.10/dist-packages/crazyflie_interfaces/_crazyflie_interfaces_s.ep.rosidl_typesupport_introspection_c.c
[3.065s] -- Up-to-date: /home/yanyew/mapping/install/crazyflie_interfaces/local/lib/python3.10/dist-packages/crazyflie_interfaces/crazyflie_interfaces_s__rosidl_typesupport_fastrtps_c.cpython-310-x86_64-linux-gnu.so
[3.065s] -- Up-to-date: /home/yanyew/mapping/install/crazyflie_interfaces/local/lib/python3.10/dist-packages/crazyflie_interfaces/_crazyflie_interfaces_s.ep.rosidl_typesupport_c.c
[3.066s] -- Up-to-date: /home/yanyew/mapping/install/crazyflie_interfaces/local/lib/python3.10/dist-packages/crazyflie_interfaces/msg
[3.066s] -- Up-to-date: /home/yanyew/mapping/install/crazyflie_interfaces/local/lib/python3.10/dist-packages/crazyflie_interfaces/msg/_status_s.c
[3.067s] -- Up-to-date: /home/yanyew/mapping/install/crazyflie_interfaces/local/lib/python3.10/dist-packages/crazyflie_interfaces/msg/__init__.py
[3.067s] -- Up-to-date: /home/yanyew/mapping/install/crazyflie_interfaces/local/lib/python3.10/dist-packages/crazyflie_interfaces/msg/_connection_statistics_array.py
[3.068s] -- Up-to-date: /home/yanyew/mapping/install/crazyflie_interfaces/local/lib/python3.10/dist-packages/crazyflie_interfaces/msg/_velocity_world_s.c
[3.068s] -- Up-to-date: /home/yanyew/mapping/install/crazyflie_interfaces/local/lib/python3.10/dist-packages/crazyflie_interfaces/msg/_position.py
[3.068s] -- Up-to-date: /home/yanyew/mapping/install/crazyflie_interfaces/local/lib/python3.10/dist-packages/crazyflie_interfaces/msg/_log_data_generic_s.c
[3.069s] -- Up-to-date: /home/yanyew/mapping/install/crazyflie_interfaces/local/lib/python3.10/dist-packages/crazyflie_interfaces/msg/_trajectory_polynomial_piece_s.c
[3.069s] -- Up-to-date: /home/yanyew/mapping/install/crazyflie_interfaces/local/lib/python3.10/dist-packages/crazyflie_interfaces/msg/_full_state.py
[3.069s] -- Up-to-date: /home/yanyew/mapping/install/crazyflie_interfaces/local/lib/python3.10/dist-packages/crazyflie_interfaces/msg/_full_state_s.c
[3.069s] -- Up-to-date: /home/yanyew/mapping/install/crazyflie_interfaces/local/lib/python3.10/dist-packages/crazyflie_interfaces/msg/_log_block_s.c
[3.069s] -- Up-to-date: /home/yanyew/mapping/install/crazyflie_interfaces/local/lib/python3.10/dist-packages/crazyflie_interfaces/msg/_trajectory_polynomial_piece.py
[3.070s] -- Up-to-date: /home/yanyew/mapping/install/crazyflie_interfaces/local/lib/python3.10/dist-packages/crazyflie_interfaces/msg/_connection_statistics_s.c
[3.070s] -- Up-to-date: /home/yanyew/mapping/install/crazyflie_interfaces/local/lib/python3.10/dist-packages/crazyflie_interfaces/msg/_velocity_world.py
[3.070s] -- Up-to-date: /home/yanyew/mapping/install/crazyflie_interfaces/local/lib/python3.10/dist-packages/crazyflie_interfaces/msg/_connection_statistics_array_s.c
[3.070s] -- Up-to-date: /home/yanyew/mapping/install/crazyflie_interfaces/local/lib/python3.10/dist-packages/crazyflie_interfaces/msg/_connection_statistics.py
[3.070s] -- Up-to-date: /home/yanyew/mapping/install/crazyflie_interfaces/local/lib/python3.10/dist-packages/crazyflie_interfaces/msg/_log_block.py
[3.071s] -- Up-to-date: /home/yanyew/mapping/install/crazyflie_interfaces/local/lib/python3.10/dist-packages/crazyflie_interfaces/msg/_hover_s.c
[3.071s] -- Up-to-date: /home/yanyew/mapping/install/crazyflie_interfaces/local/lib/python3.10/dist-packages/crazyflie_interfaces/msg/_position_s.c
[3.071s] -- Up-to-date: /home/yanyew/mapping/install/crazyflie_interfaces/local/lib/python3.10/dist-packages/crazyflie_interfaces/msg/_status.py
[3.071s] -- Up-to-date: /home/yanyew/mapping/install/crazyflie_interfaces/local/lib/python3.10/dist-packages/crazyflie_interfaces/msg/_hover.py
[3.072s] -- Up-to-date: /home/yanyew/mapping/install/crazyflie_interfaces/local/lib/python3.10/dist-packages/crazyflie_interfaces/msg/_log_data_generic.py
[3.072s] Listing '/home/yanyew/mapping/install/crazyflie_interfaces/local/lib/python3.10/dist-packages/crazyflie_interfaces'...
[3.072s] Listing '/home/yanyew/mapping/install/crazyflie_interfaces/local/lib/python3.10/dist-packages/crazyflie_interfaces/msg'...
[3.072s] Listing '/home/yanyew/mapping/install/crazyflie_interfaces/local/lib/python3.10/dist-packages/crazyflie_interfaces/srv'...
[3.072s] -- Up-to-date: /home/yanyew/mapping/install/crazyflie_interfaces/local/lib/python3.10/dist-packages/crazyflie_interfaces/crazyflie_interfaces_s__rosidl_typesupport_fastrtps_c.cpython-310-x86_64-linux-gnu.so
[3.073s] -- Up-to-date: /home/yanyew/mapping/install/crazyflie_interfaces/local/lib/python3.10/dist-packages/crazyflie_interfaces/crazyflie_interfaces_s__rosidl_typesupport_introspection_c.cpython-310-x86_64-linux-gnu.so
[3.073s] -- Up-to-date: /home/yanyew/mapping/install/crazyflie_interfaces/local/lib/python3.10/dist-packages/crazyflie_interfaces/crazyflie_interfaces_s__rosidl_typesupport_c.cpython-310-x86_64-linux-gnu.so
[3.073s] -- Up-to-date: /home/yanyew/mapping/install/crazyflie_interfaces/lib/libcrazyflie_interfaces__rosidl_generator_py.so
[3.073s] -- Up-to-date: /home/yanyew/mapping/install/crazyflie_interfaces/share/crazyflie_interfaces/msg/ConnectionStatistics.idl
[3.074s] -- Up-to-date: /home/yanyew/mapping/install/crazyflie_interfaces/share/crazyflie_interfaces/msg/ConnectionStatisticsArray.idl
[3.074s] -- Up-to-date: /home/yanyew/mapping/install/crazyflie_interfaces/share/crazyflie_interfaces/msg/FullState.idl
[3.075s] -- Up-to-date: /home/yanyew/mapping/install/crazyflie_interfaces/share/crazyflie_interfaces/msg/LogDataGeneric.idl
[3.075s] -- Up-to-date: /home/yanyew/mapping/install/crazyflie_interfaces/share/crazyflie_interfaces/msg/Hover.idl
[3.075s] -- Up-to-date: /home/yanyew/mapping/install/crazyflie_interfaces/share/crazyflie_interfaces/msg/LogBlock.idl
[3.076s] -- Up-to-date: /home/yanyew/mapping/install/crazyflie_interfaces/share/crazyflie_interfaces/msg/Position.idl
[3.076s] -- Up-to-date: /home/yanyew/mapping/install/crazyflie_interfaces/share/crazyflie_interfaces/msg/Status.idl
[3.076s] -- Up-to-date: /home/yanyew/mapping/install/crazyflie_interfaces/share/crazyflie_interfaces/msg/TrajectoryPolynomialPiece.idl
[3.076s] -- Up-to-date: /home/yanyew/mapping/install/crazyflie_interfaces/share/crazyflie_interfaces/msg/VelocityWorld.idl
[3.076s] -- Up-to-date: /home/yanyew/mapping/install/crazyflie_interfaces/share/crazyflie_interfaces/srv/GoTo.idl
[3.078s] -- Up-to-date: /home/yanyew/mapping/install/crazyflie_interfaces/share/crazyflie_interfaces/srv/Land.idl
[3.080s] -- Up-to-date: /home/yanyew/mapping/install/crazyflie_interfaces/share/crazyflie_interfaces/srv/NotifySetpointsStop.idl
[3.080s] -- Up-to-date: /home/yanyew/mapping/install/crazyflie_interfaces/share/crazyflie_interfaces/srv/SetGroupMask.idl
[3.080s] -- Up-to-date: /home/yanyew/mapping/install/crazyflie_interfaces/share/crazyflie_interfaces/srv/StartTrajectory.idl
[3.080s] -- Up-to-date: /home/yanyew/mapping/install/crazyflie_interfaces/share/crazyflie_interfaces/srv/Stop.idl
[3.080s] -- Up-to-date: /home/yanyew/mapping/install/crazyflie_interfaces/share/crazyflie_interfaces/srv/Takeoff.idl
[3.081s] -- Up-to-date: /home/yanyew/mapping/install/crazyflie_interfaces/share/crazyflie_interfaces/srv/UpdateParams.idl
[3.081s] -- Up-to-date: /home/yanyew/mapping/install/crazyflie_interfaces/share/crazyflie_interfaces/srv/UploadTrajectory.idl
[3.081s] -- Up-to-date: /home/yanyew/mapping/install/crazyflie_interfaces/share/crazyflie_interfaces/srv/RemoveLogging.idl
[3.081s] -- Up-to-date: /home/yanyew/mapping/install/crazyflie_interfaces/share/crazyflie_interfaces/srv/AddLogging.idl
[3.081s] -- Up-to-date: /home/yanyew/mapping/install/crazyflie_interfaces/share/crazyflie_interfaces/srv/Arm.idl
[3.081s] -- Up-to-date: /home/yanyew/mapping/install/crazyflie_interfaces/share/crazyflie_interfaces/msg/ConnectionStatistics.msg
[3.082s] -- Up-to-date: /home/yanyew/mapping/install/crazyflie_interfaces/share/crazyflie_interfaces/msg/ConnectionStatisticsArray.msg
[3.082s] -- Up-to-date: /home/yanyew/mapping/install/crazyflie_interfaces/share/crazyflie_interfaces/msg/FullState.msg
[3.082s] -- Up-to-date: /home/yanyew/mapping/install/crazyflie_interfaces/share/crazyflie_interfaces/msg/LogDataGeneric.msg
[3.082s] -- Up-to-date: /home/yanyew/mapping/install/crazyflie_interfaces/share/crazyflie_interfaces/msg/Hover.msg
[3.082s] -- Up-to-date: /home/yanyew/mapping/install/crazyflie_interfaces/share/crazyflie_interfaces/msg/LogBlock.msg
[3.082s] -- Up-to-date: /home/yanyew/mapping/install/crazyflie_interfaces/share/crazyflie_interfaces/msg/Position.msg
[3.082s] -- Up-to-date: /home/yanyew/mapping/install/crazyflie_interfaces/share/crazyflie_interfaces/msg/Status.msg
[3.083s] -- Up-to-date: /home/yanyew/mapping/install/crazyflie_interfaces/share/crazyflie_interfaces/msg/TrajectoryPolynomialPiece.msg
[3.083s] -- Up-to-date: /home/yanyew/mapping/install/crazyflie_interfaces/share/crazyflie_interfaces/msg/VelocityWorld.msg
[3.083s] -- Up-to-date: /home/yanyew/mapping/install/crazyflie_interfaces/share/crazyflie_interfaces/srv/GoTo.srv
[3.083s] -- Up-to-date: /home/yanyew/mapping/install/crazyflie_interfaces/share/crazyflie_interfaces/srv/GoTo_Request.msg
[3.083s] -- Up-to-date: /home/yanyew/mapping/install/crazyflie_interfaces/share/crazyflie_interfaces/srv/GoTo_Response.msg
[3.083s] -- Up-to-date: /home/yanyew/mapping/install/crazyflie_interfaces/share/crazyflie_interfaces/srv/Land.srv
[3.084s] -- Up-to-date: /home/yanyew/mapping/install/crazyflie_interfaces/share/crazyflie_interfaces/srv/Land_Request.msg
[3.084s] -- Up-to-date: /home/yanyew/mapping/install/crazyflie_interfaces/share/crazyflie_interfaces/srv/Land_Response.msg
[3.084s] -- Up-to-date: /home/yanyew/mapping/install/crazyflie_interfaces/share/crazyflie_interfaces/srv/NotifySetpointsStop.srv
[3.084s] -- Up-to-date: /home/yanyew/mapping/install/crazyflie_interfaces/share/crazyflie_interfaces/srv/NotifySetpointsStop_Request.msg
[3.084s] -- Up-to-date: /home/yanyew/mapping/install/crazyflie_interfaces/share/crazyflie_interfaces/srv/NotifySetpointsStop_Response.msg
[3.085s] -- Up-to-date: /home/yanyew/mapping/install/crazyflie_interfaces/share/crazyflie_interfaces/srv/SetGroupMask.srv
[3.085s] -- Up-to-date: /home/yanyew/mapping/install/crazyflie_interfaces/share/crazyflie_interfaces/srv/SetGroupMask_Request.msg
[3.086s] -- Up-to-date: /home/yanyew/mapping/install/crazyflie_interfaces/share/crazyflie_interfaces/srv/SetGroupMask_Response.msg
[3.086s] -- Up-to-date: /home/yanyew/mapping/install/crazyflie_interfaces/share/crazyflie_interfaces/srv/StartTrajectory.srv
[3.086s] -- Up-to-date: /home/yanyew/mapping/install/crazyflie_interfaces/share/crazyflie_interfaces/srv/StartTrajectory_Request.msg
[3.086s] -- Up-to-date: /home/yanyew/mapping/install/crazyflie_interfaces/share/crazyflie_interfaces/srv/StartTrajectory_Response.msg
[3.086s] -- Up-to-date: /home/yanyew/mapping/install/crazyflie_interfaces/share/crazyflie_interfaces/srv/Stop.srv
[3.086s] -- Up-to-date: /home/yanyew/mapping/install/crazyflie_interfaces/share/crazyflie_interfaces/srv/Stop_Request.msg
[3.086s] -- Up-to-date: /home/yanyew/mapping/install/crazyflie_interfaces/share/crazyflie_interfaces/srv/Stop_Response.msg
[3.087s] -- Up-to-date: /home/yanyew/mapping/install/crazyflie_interfaces/share/crazyflie_interfaces/srv/Takeoff.srv
[3.087s] -- Up-to-date: /home/yanyew/mapping/install/crazyflie_interfaces/share/crazyflie_interfaces/srv/Takeoff_Request.msg
[3.087s] -- Up-to-date: /home/yanyew/mapping/install/crazyflie_interfaces/share/crazyflie_interfaces/srv/Takeoff_Response.msg
[3.087s] -- Up-to-date: /home/yanyew/mapping/install/crazyflie_interfaces/share/crazyflie_interfaces/srv/UpdateParams.srv
[3.087s] -- Up-to-date: /home/yanyew/mapping/install/crazyflie_interfaces/share/crazyflie_interfaces/srv/UpdateParams_Request.msg
[3.087s] -- Up-to-date: /home/yanyew/mapping/install/crazyflie_interfaces/share/crazyflie_interfaces/srv/UpdateParams_Response.msg
[3.088s] -- Up-to-date: /home/yanyew/mapping/install/crazyflie_interfaces/share/crazyflie_interfaces/srv/UploadTrajectory.srv
[3.088s] -- Up-to-date: /home/yanyew/mapping/install/crazyflie_interfaces/share/crazyflie_interfaces/srv/UploadTrajectory_Request.msg
[3.088s] -- Up-to-date: /home/yanyew/mapping/install/crazyflie_interfaces/share/crazyflie_interfaces/srv/UploadTrajectory_Response.msg
[3.088s] -- Up-to-date: /home/yanyew/mapping/install/crazyflie_interfaces/share/crazyflie_interfaces/srv/RemoveLogging.srv
[3.088s] -- Up-to-date: /home/yanyew/mapping/install/crazyflie_interfaces/share/crazyflie_interfaces/srv/RemoveLogging_Request.msg
[3.088s] -- Up-to-date: /home/yanyew/mapping/install/crazyflie_interfaces/share/crazyflie_interfaces/srv/RemoveLogging_Response.msg
[3.088s] -- Up-to-date: /home/yanyew/mapping/install/crazyflie_interfaces/share/crazyflie_interfaces/srv/AddLogging.srv
[3.089s] -- Up-to-date: /home/yanyew/mapping/install/crazyflie_interfaces/share/crazyflie_interfaces/srv/AddLogging_Request.msg
[3.090s] -- Up-to-date: /home/yanyew/mapping/install/crazyflie_interfaces/share/crazyflie_interfaces/srv/AddLogging_Response.msg
[3.090s] -- Up-to-date: /home/yanyew/mapping/install/crazyflie_interfaces/share/crazyflie_interfaces/srv/Arm.srv
[3.090s] -- Up-to-date: /home/yanyew/mapping/install/crazyflie_interfaces/share/crazyflie_interfaces/srv/Arm_Request.msg
[3.090s] -- Up-to-date: /home/yanyew/mapping/install/crazyflie_interfaces/share/crazyflie_interfaces/srv/Arm_Response.msg
[3.091s] -- Up-to-date: /home/yanyew/mapping/install/crazyflie_interfaces/share/ament_index/resource_index/package_run_dependencies/crazyflie_interfaces
[3.091s] -- Up-to-date: /home/yanyew/mapping/install/crazyflie_interfaces/share/ament_index/resource_index/parent_prefix_path/crazyflie_interfaces
[3.092s] -- Up-to-date: /home/yanyew/mapping/install/crazyflie_interfaces/share/crazyflie_interfaces/environment/ament_prefix_path.sh
[3.092s] -- Up-to-date: /home/yanyew/mapping/install/crazyflie_interfaces/share/crazyflie_interfaces/environment/ament_prefix_path.dsv
[3.092s] -- Up-to-date: /home/yanyew/mapping/install/crazyflie_interfaces/share/crazyflie_interfaces/environment/path.sh
[3.093s] -- Up-to-date: /home/yanyew/mapping/install/crazyflie_interfaces/share/crazyflie_interfaces/environment/path.dsv
[3.093s] -- Up-to-date: /home/yanyew/mapping/install/crazyflie_interfaces/share/crazyflie_interfaces/local_setup.bash
[3.093s] -- Up-to-date: /home/yanyew/mapping/install/crazyflie_interfaces/share/crazyflie_interfaces/local_setup.sh
[3.093s] -- Up-to-date: /home/yanyew/mapping/install/crazyflie_interfaces/share/crazyflie_interfaces/local_setup.zsh
[3.093s] -- Up-to-date: /home/yanyew/mapping/install/crazyflie_interfaces/share/crazyflie_interfaces/local_setup.dsv
[3.093s] -- Installing: /home/yanyew/mapping/install/crazyflie_interfaces/share/crazyflie_interfaces/package.dsv
[3.094s] -- Up-to-date: /home/yanyew/mapping/install/crazyflie_interfaces/share/ament_index/resource_index/packages/crazyflie_interfaces
[3.094s] -- Up-to-date: /home/yanyew/mapping/install/crazyflie_interfaces/share/crazyflie_interfaces/cmake/export_crazyflie_interfaces__rosidl_generator_cExport.cmake
[3.094s] -- Up-to-date: /home/yanyew/mapping/install/crazyflie_interfaces/share/crazyflie_interfaces/cmake/export_crazyflie_interfaces__rosidl_generator_cExport-noconfig.cmake
[3.094s] -- Up-to-date: /home/yanyew/mapping/install/crazyflie_interfaces/share/crazyflie_interfaces/cmake/export_crazyflie_interfaces__rosidl_typesupport_fastrtps_cExport.cmake
[3.094s] -- Up-to-date: /home/yanyew/mapping/install/crazyflie_interfaces/share/crazyflie_interfaces/cmake/export_crazyflie_interfaces__rosidl_typesupport_fastrtps_cExport-noconfig.cmake
[3.095s] -- Up-to-date: /home/yanyew/mapping/install/crazyflie_interfaces/share/crazyflie_interfaces/cmake/export_crazyflie_interfaces__rosidl_generator_cppExport.cmake
[3.095s] -- Up-to-date: /home/yanyew/mapping/install/crazyflie_interfaces/share/crazyflie_interfaces/cmake/export_crazyflie_interfaces__rosidl_typesupport_fastrtps_cppExport.cmake
[3.095s] -- Up-to-date: /home/yanyew/mapping/install/crazyflie_interfaces/share/crazyflie_interfaces/cmake/export_crazyflie_interfaces__rosidl_typesupport_fastrtps_cppExport-noconfig.cmake
[3.096s] -- Up-to-date: /home/yanyew/mapping/install/crazyflie_interfaces/share/crazyflie_interfaces/cmake/crazyflie_interfaces__rosidl_typesupport_introspection_cExport.cmake
[3.096s] -- Up-to-date: /home/yanyew/mapping/install/crazyflie_interfaces/share/crazyflie_interfaces/cmake/crazyflie_interfaces__rosidl_typesupport_introspection_cExport-noconfig.cmake
[3.096s] -- Up-to-date: /home/yanyew/mapping/install/crazyflie_interfaces/share/crazyflie_interfaces/cmake/crazyflie_interfaces__rosidl_typesupport_cExport.cmake
[3.097s] -- Up-to-date: /home/yanyew/mapping/install/crazyflie_interfaces/share/crazyflie_interfaces/cmake/crazyflie_interfaces__rosidl_typesupport_cExport-noconfig.cmake
[3.097s] -- Up-to-date: /home/yanyew/mapping/install/crazyflie_interfaces/share/crazyflie_interfaces/cmake/crazyflie_interfaces__rosidl_typesupport_introspection_cppExport.cmake
[3.097s] -- Up-to-date: /home/yanyew/mapping/install/crazyflie_interfaces/share/crazyflie_interfaces/cmake/crazyflie_interfaces__rosidl_typesupport_introspection_cppExport-noconfig.cmake
[3.098s] -- Up-to-date: /home/yanyew/mapping/install/crazyflie_interfaces/share/crazyflie_interfaces/cmake/crazyflie_interfaces__rosidl_typesupport_cppExport.cmake
[3.098s] -- Up-to-date: /home/yanyew/mapping/install/crazyflie_interfaces/share/crazyflie_interfaces/cmake/crazyflie_interfaces__rosidl_typesupport_cppExport-noconfig.cmake
[3.098s] -- Up-to-date: /home/yanyew/mapping/install/crazyflie_interfaces/share/crazyflie_interfaces/cmake/export_crazyflie_interfaces__rosidl_generator_pyExport.cmake
[3.098s] -- Up-to-date: /home/yanyew/mapping/install/crazyflie_interfaces/share/crazyflie_interfaces/cmake/export_crazyflie_interfaces__rosidl_generator_pyExport-noconfig.cmake
[3.098s] -- Up-to-date: /home/yanyew/mapping/install/crazyflie_interfaces/share/crazyflie_interfaces/cmake/rosidl_cmake-extras.cmake
[3.098s] -- Up-to-date: /home/yanyew/mapping/install/crazyflie_interfaces/share/crazyflie_interfaces/cmake/ament_cmake_export_dependencies-extras.cmake
[3.099s] -- Up-to-date: /home/yanyew/mapping/install/crazyflie_interfaces/share/crazyflie_interfaces/cmake/ament_cmake_export_include_directories-extras.cmake
[3.099s] -- Up-to-date: /home/yanyew/mapping/install/crazyflie_interfaces/share/crazyflie_interfaces/cmake/ament_cmake_export_libraries-extras.cmake
[3.099s] -- Up-to-date: /home/yanyew/mapping/install/crazyflie_interfaces/share/crazyflie_interfaces/cmake/ament_cmake_export_targets-extras.cmake
[3.099s] -- Up-to-date: /home/yanyew/mapping/install/crazyflie_interfaces/share/crazyflie_interfaces/cmake/rosidl_cmake_export_typesupport_targets-extras.cmake
[3.099s] -- Up-to-date: /home/yanyew/mapping/install/crazyflie_interfaces/share/crazyflie_interfaces/cmake/rosidl_cmake_export_typesupport_libraries-extras.cmake
[3.099s] -- Up-to-date: /home/yanyew/mapping/install/crazyflie_interfaces/share/crazyflie_interfaces/cmake/crazyflie_interfacesConfig.cmake
[3.099s] -- Up-to-date: /home/yanyew/mapping/install/crazyflie_interfaces/share/crazyflie_interfaces/cmake/crazyflie_interfacesConfig-version.cmake
[3.100s] -- Up-to-date: /home/yanyew/mapping/install/crazyflie_interfaces/share/crazyflie_interfaces/package.xml
[3.100s] Invoked command in '/home/yanyew/mapping/build/crazyflie_interfaces' returned '0': CMAKE_PREFIX_PATH=${CMAKE_PREFIX_PATH}:/home/yanyew/mapping/install/ros_gz_crazyflie_control:/home/yanyew/mapping/install/merge_map:/home/yanyew/mapping/install/crazyflie_ros2_multiranger_wall_following:/home/yanyew/mapping/install/crazyflie_ros2_multiranger_simple_mapper:/home/yanyew/mapping/install/crazyflie_py:/home/yanyew/mapping/install/crazyflie_launch:/opt/ros/humble /usr/bin/cmake --install /home/yanyew/mapping/build/crazyflie_interfaces
