[0.024s] Invoking command in '/home/yanyew/mapping/build/crazyflie_examples': AMENT_PREFIX_PATH=/home/yanyew/mapping/install/crazyflie_py:/home/yanyew/mapping/install/crazyflie_ros2_multiranger_bringup:/home/yanyew/mapping/install/ros_gz_crazyflie_bringup:/home/yanyew/mapping/install/ros_gz_crazyflie_gazebo:/home/yanyew/mapping/install/ros_gz_crazyflie_control:/home/yanyew/mapping/install/merge_map:/home/yanyew/mapping/install/crazyflie_sim:/home/yanyew/mapping/install/crazyflie_ros2_multiranger_wall_following:/home/yanyew/mapping/install/crazyflie_ros2_multiranger_simple_mapper:/home/yanyew/mapping/install/crazyflie_examples:/home/yanyew/mapping/install/crazyflie_launch:/home/yanyew/mapping/install/crazyflie:/home/yanyew/mapping/install/crazyflie_interfaces:/opt/ros/humble CMAKE_PREFIX_PATH=/home/yanyew/mapping/install/crazyflie_interfaces:/home/yanyew/mapping/install/crazyflie_ros2_multiranger_bringup:/home/yanyew/mapping/install/ros_gz_crazyflie_bringup:/home/yanyew/mapping/install/ros_gz_crazyflie_gazebo:/home/yanyew/mapping/install/crazyflie_sim:/home/yanyew/mapping/install/crazyflie_examples:/home/yanyew/mapping/install/crazyflie:/home/yanyew/mapping/install/ros_gz_crazyflie_control:/home/yanyew/mapping/install/merge_map:/home/yanyew/mapping/install/crazyflie_ros2_multiranger_wall_following:/home/yanyew/mapping/install/crazyflie_ros2_multiranger_simple_mapper:/home/yanyew/mapping/install/crazyflie_py:/home/yanyew/mapping/install/crazyflie_launch:/opt/ros/humble LD_LIBRARY_PATH=/home/yanyew/mapping/install/crazyflie_interfaces/lib:/usr/lib/x86_64-linux-gnu/gazebo-11/plugins:/opt/ros/humble/opt/rviz_ogre_vendor/lib:/opt/ros/humble/lib/x86_64-linux-gnu:/opt/ros/humble/lib:/usr/lib/x86_64-linux-gnu/gazebo-11/plugins PYTHONPATH=/home/yanyew/mapping/install/crazyflie_py/lib/python3.10/site-packages:/home/yanyew/mapping/install/ros_gz_crazyflie_control/lib/python3.10/site-packages:/home/yanyew/mapping/install/merge_map/lib/python3.10/site-packages:/home/yanyew/mapping/install/crazyflie_sim/local/lib/python3.10/dist-packages:/home/yanyew/mapping/install/crazyflie_ros2_multiranger_wall_following/lib/python3.10/site-packages:/home/yanyew/mapping/install/crazyflie_ros2_multiranger_simple_mapper/lib/python3.10/site-packages:/home/yanyew/mapping/install/crazyflie_examples/local/lib/python3.10/dist-packages:/home/yanyew/mapping/install/crazyflie_launch/lib/python3.10/site-packages:/home/yanyew/mapping/install/crazyflie_interfaces/local/lib/python3.10/dist-packages:/opt/ros/humble/lib/python3.10/site-packages:/opt/ros/humble/local/lib/python3.10/dist-packages /usr/bin/cmake --build /home/yanyew/mapping/build/crazyflie_examples -- -j12 -l12
[0.151s] Built target ament_cmake_python_copy_crazyflie_examples_setup
[0.161s] Built target ament_cmake_python_copy_crazyflie_examples
[0.926s] running egg_info
[0.929s] writing crazyflie_examples.egg-info/PKG-INFO
[0.929s] writing dependency_links to crazyflie_examples.egg-info/dependency_links.txt
[0.930s] writing entry points to crazyflie_examples.egg-info/entry_points.txt
[0.930s] writing top-level names to crazyflie_examples.egg-info/top_level.txt
[0.936s] reading manifest file 'crazyflie_examples.egg-info/SOURCES.txt'
[0.939s] writing manifest file 'crazyflie_examples.egg-info/SOURCES.txt'
[0.989s] running install_scripts
[1.000s] /usr/lib/python3/dist-packages/setuptools/command/install.py:34: SetuptoolsDeprecationWarning: setup.py install is deprecated. Use build and pip and other standards-based tools.
[1.000s]   warnings.warn(
[1.011s] Built target ament_cmake_python_build_crazyflie_examples_egg
[1.071s] running egg_info
[1.074s] writing crazyflie_examples.egg-info/PKG-INFO
[1.074s] writing dependency_links to crazyflie_examples.egg-info/dependency_links.txt
[1.075s] writing entry points to crazyflie_examples.egg-info/entry_points.txt
[1.075s] writing top-level names to crazyflie_examples.egg-info/top_level.txt
[1.082s] reading manifest file 'crazyflie_examples.egg-info/SOURCES.txt'
[1.085s] writing manifest file 'crazyflie_examples.egg-info/SOURCES.txt'
[1.092s] Installing arming script to scripts
[1.092s] Installing cmd_full_state script to scripts
[1.092s] Installing figure8 script to scripts
[1.093s] Installing group_mask script to scripts
[1.093s] Installing hello_world script to scripts
[1.093s] Installing infinite_flight script to scripts
[1.094s] Installing multi_trajectory script to scripts
[1.094s] Installing nice_hover script to scripts
[1.095s] Installing set_param script to scripts
[1.095s] Installing swap script to scripts
[1.188s] Built target ament_cmake_python_build_crazyflie_examples_scripts
[1.207s] Invoked command in '/home/yanyew/mapping/build/crazyflie_examples' returned '0': AMENT_PREFIX_PATH=/home/yanyew/mapping/install/crazyflie_py:/home/yanyew/mapping/install/crazyflie_ros2_multiranger_bringup:/home/yanyew/mapping/install/ros_gz_crazyflie_bringup:/home/yanyew/mapping/install/ros_gz_crazyflie_gazebo:/home/yanyew/mapping/install/ros_gz_crazyflie_control:/home/yanyew/mapping/install/merge_map:/home/yanyew/mapping/install/crazyflie_sim:/home/yanyew/mapping/install/crazyflie_ros2_multiranger_wall_following:/home/yanyew/mapping/install/crazyflie_ros2_multiranger_simple_mapper:/home/yanyew/mapping/install/crazyflie_examples:/home/yanyew/mapping/install/crazyflie_launch:/home/yanyew/mapping/install/crazyflie:/home/yanyew/mapping/install/crazyflie_interfaces:/opt/ros/humble CMAKE_PREFIX_PATH=/home/yanyew/mapping/install/crazyflie_interfaces:/home/yanyew/mapping/install/crazyflie_ros2_multiranger_bringup:/home/yanyew/mapping/install/ros_gz_crazyflie_bringup:/home/yanyew/mapping/install/ros_gz_crazyflie_gazebo:/home/yanyew/mapping/install/crazyflie_sim:/home/yanyew/mapping/install/crazyflie_examples:/home/yanyew/mapping/install/crazyflie:/home/yanyew/mapping/install/ros_gz_crazyflie_control:/home/yanyew/mapping/install/merge_map:/home/yanyew/mapping/install/crazyflie_ros2_multiranger_wall_following:/home/yanyew/mapping/install/crazyflie_ros2_multiranger_simple_mapper:/home/yanyew/mapping/install/crazyflie_py:/home/yanyew/mapping/install/crazyflie_launch:/opt/ros/humble LD_LIBRARY_PATH=/home/yanyew/mapping/install/crazyflie_interfaces/lib:/usr/lib/x86_64-linux-gnu/gazebo-11/plugins:/opt/ros/humble/opt/rviz_ogre_vendor/lib:/opt/ros/humble/lib/x86_64-linux-gnu:/opt/ros/humble/lib:/usr/lib/x86_64-linux-gnu/gazebo-11/plugins PYTHONPATH=/home/yanyew/mapping/install/crazyflie_py/lib/python3.10/site-packages:/home/yanyew/mapping/install/ros_gz_crazyflie_control/lib/python3.10/site-packages:/home/yanyew/mapping/install/merge_map/lib/python3.10/site-packages:/home/yanyew/mapping/install/crazyflie_sim/local/lib/python3.10/dist-packages:/home/yanyew/mapping/install/crazyflie_ros2_multiranger_wall_following/lib/python3.10/site-packages:/home/yanyew/mapping/install/crazyflie_ros2_multiranger_simple_mapper/lib/python3.10/site-packages:/home/yanyew/mapping/install/crazyflie_examples/local/lib/python3.10/dist-packages:/home/yanyew/mapping/install/crazyflie_launch/lib/python3.10/site-packages:/home/yanyew/mapping/install/crazyflie_interfaces/local/lib/python3.10/dist-packages:/opt/ros/humble/lib/python3.10/site-packages:/opt/ros/humble/local/lib/python3.10/dist-packages /usr/bin/cmake --build /home/yanyew/mapping/build/crazyflie_examples -- -j12 -l12
[1.210s] Invoking command in '/home/yanyew/mapping/build/crazyflie_examples': AMENT_PREFIX_PATH=/home/yanyew/mapping/install/crazyflie_py:/home/yanyew/mapping/install/crazyflie_ros2_multiranger_bringup:/home/yanyew/mapping/install/ros_gz_crazyflie_bringup:/home/yanyew/mapping/install/ros_gz_crazyflie_gazebo:/home/yanyew/mapping/install/ros_gz_crazyflie_control:/home/yanyew/mapping/install/merge_map:/home/yanyew/mapping/install/crazyflie_sim:/home/yanyew/mapping/install/crazyflie_ros2_multiranger_wall_following:/home/yanyew/mapping/install/crazyflie_ros2_multiranger_simple_mapper:/home/yanyew/mapping/install/crazyflie_examples:/home/yanyew/mapping/install/crazyflie_launch:/home/yanyew/mapping/install/crazyflie:/home/yanyew/mapping/install/crazyflie_interfaces:/opt/ros/humble CMAKE_PREFIX_PATH=/home/yanyew/mapping/install/crazyflie_interfaces:/home/yanyew/mapping/install/crazyflie_ros2_multiranger_bringup:/home/yanyew/mapping/install/ros_gz_crazyflie_bringup:/home/yanyew/mapping/install/ros_gz_crazyflie_gazebo:/home/yanyew/mapping/install/crazyflie_sim:/home/yanyew/mapping/install/crazyflie_examples:/home/yanyew/mapping/install/crazyflie:/home/yanyew/mapping/install/ros_gz_crazyflie_control:/home/yanyew/mapping/install/merge_map:/home/yanyew/mapping/install/crazyflie_ros2_multiranger_wall_following:/home/yanyew/mapping/install/crazyflie_ros2_multiranger_simple_mapper:/home/yanyew/mapping/install/crazyflie_py:/home/yanyew/mapping/install/crazyflie_launch:/opt/ros/humble LD_LIBRARY_PATH=/home/yanyew/mapping/install/crazyflie_interfaces/lib:/usr/lib/x86_64-linux-gnu/gazebo-11/plugins:/opt/ros/humble/opt/rviz_ogre_vendor/lib:/opt/ros/humble/lib/x86_64-linux-gnu:/opt/ros/humble/lib:/usr/lib/x86_64-linux-gnu/gazebo-11/plugins PYTHONPATH=/home/yanyew/mapping/install/crazyflie_py/lib/python3.10/site-packages:/home/yanyew/mapping/install/ros_gz_crazyflie_control/lib/python3.10/site-packages:/home/yanyew/mapping/install/merge_map/lib/python3.10/site-packages:/home/yanyew/mapping/install/crazyflie_sim/local/lib/python3.10/dist-packages:/home/yanyew/mapping/install/crazyflie_ros2_multiranger_wall_following/lib/python3.10/site-packages:/home/yanyew/mapping/install/crazyflie_ros2_multiranger_simple_mapper/lib/python3.10/site-packages:/home/yanyew/mapping/install/crazyflie_examples/local/lib/python3.10/dist-packages:/home/yanyew/mapping/install/crazyflie_launch/lib/python3.10/site-packages:/home/yanyew/mapping/install/crazyflie_interfaces/local/lib/python3.10/dist-packages:/opt/ros/humble/lib/python3.10/site-packages:/opt/ros/humble/local/lib/python3.10/dist-packages /usr/bin/cmake --install /home/yanyew/mapping/build/crazyflie_examples
[1.229s] -- Install configuration: ""
[1.229s] -- Up-to-date: /home/yanyew/mapping/install/crazyflie_examples/share/crazyflie_examples/environment/pythonpath.sh
[1.229s] -- Up-to-date: /home/yanyew/mapping/install/crazyflie_examples/share/crazyflie_examples/environment/pythonpath.dsv
[1.230s] -- Up-to-date: /home/yanyew/mapping/install/crazyflie_examples/local/lib/python3.10/dist-packages/crazyflie_examples-2.0.0-py3.10.egg-info
[1.230s] -- Installing: /home/yanyew/mapping/install/crazyflie_examples/local/lib/python3.10/dist-packages/crazyflie_examples-2.0.0-py3.10.egg-info/PKG-INFO
[1.231s] -- Installing: /home/yanyew/mapping/install/crazyflie_examples/local/lib/python3.10/dist-packages/crazyflie_examples-2.0.0-py3.10.egg-info/top_level.txt
[1.231s] -- Installing: /home/yanyew/mapping/install/crazyflie_examples/local/lib/python3.10/dist-packages/crazyflie_examples-2.0.0-py3.10.egg-info/entry_points.txt
[1.231s] -- Installing: /home/yanyew/mapping/install/crazyflie_examples/local/lib/python3.10/dist-packages/crazyflie_examples-2.0.0-py3.10.egg-info/dependency_links.txt
[1.232s] -- Installing: /home/yanyew/mapping/install/crazyflie_examples/local/lib/python3.10/dist-packages/crazyflie_examples-2.0.0-py3.10.egg-info/SOURCES.txt
[1.232s] -- Up-to-date: /home/yanyew/mapping/install/crazyflie_examples/lib/crazyflie_examples/
[1.232s] -- Installing: /home/yanyew/mapping/install/crazyflie_examples/lib/crazyflie_examples//swap
[1.232s] -- Installing: /home/yanyew/mapping/install/crazyflie_examples/lib/crazyflie_examples//nice_hover
[1.233s] -- Installing: /home/yanyew/mapping/install/crazyflie_examples/lib/crazyflie_examples//set_param
[1.233s] -- Installing: /home/yanyew/mapping/install/crazyflie_examples/lib/crazyflie_examples//figure8
[1.233s] -- Installing: /home/yanyew/mapping/install/crazyflie_examples/lib/crazyflie_examples//cmd_full_state
[1.233s] -- Installing: /home/yanyew/mapping/install/crazyflie_examples/lib/crazyflie_examples//group_mask
[1.234s] -- Installing: /home/yanyew/mapping/install/crazyflie_examples/lib/crazyflie_examples//arming
[1.234s] -- Installing: /home/yanyew/mapping/install/crazyflie_examples/lib/crazyflie_examples//hello_world
[1.234s] -- Installing: /home/yanyew/mapping/install/crazyflie_examples/lib/crazyflie_examples//multi_trajectory
[1.235s] -- Installing: /home/yanyew/mapping/install/crazyflie_examples/lib/crazyflie_examples//infinite_flight
[1.235s] -- Up-to-date: /home/yanyew/mapping/install/crazyflie_examples/local/lib/python3.10/dist-packages/crazyflie_examples
[1.235s] -- Up-to-date: /home/yanyew/mapping/install/crazyflie_examples/local/lib/python3.10/dist-packages/crazyflie_examples/group_mask.py
[1.235s] -- Up-to-date: /home/yanyew/mapping/install/crazyflie_examples/local/lib/python3.10/dist-packages/crazyflie_examples/multi_trajectory.py
[1.235s] -- Up-to-date: /home/yanyew/mapping/install/crazyflie_examples/local/lib/python3.10/dist-packages/crazyflie_examples/figure8.py
[1.236s] -- Up-to-date: /home/yanyew/mapping/install/crazyflie_examples/local/lib/python3.10/dist-packages/crazyflie_examples/set_param.py
[1.236s] -- Up-to-date: /home/yanyew/mapping/install/crazyflie_examples/local/lib/python3.10/dist-packages/crazyflie_examples/__init__.py
[1.236s] -- Up-to-date: /home/yanyew/mapping/install/crazyflie_examples/local/lib/python3.10/dist-packages/crazyflie_examples/swap.py
[1.236s] -- Up-to-date: /home/yanyew/mapping/install/crazyflie_examples/local/lib/python3.10/dist-packages/crazyflie_examples/infinite_flight.py
[1.237s] -- Up-to-date: /home/yanyew/mapping/install/crazyflie_examples/local/lib/python3.10/dist-packages/crazyflie_examples/data
[1.237s] -- Up-to-date: /home/yanyew/mapping/install/crazyflie_examples/local/lib/python3.10/dist-packages/crazyflie_examples/data/multi_trajectory
[1.237s] -- Up-to-date: /home/yanyew/mapping/install/crazyflie_examples/local/lib/python3.10/dist-packages/crazyflie_examples/data/multi_trajectory/traj0.csv
[1.237s] -- Up-to-date: /home/yanyew/mapping/install/crazyflie_examples/local/lib/python3.10/dist-packages/crazyflie_examples/data/multi_trajectory/traj1.csv
[1.238s] -- Up-to-date: /home/yanyew/mapping/install/crazyflie_examples/local/lib/python3.10/dist-packages/crazyflie_examples/data/figure8.csv
[1.238s] -- Up-to-date: /home/yanyew/mapping/install/crazyflie_examples/local/lib/python3.10/dist-packages/crazyflie_examples/cmd_full_state.py
[1.238s] -- Up-to-date: /home/yanyew/mapping/install/crazyflie_examples/local/lib/python3.10/dist-packages/crazyflie_examples/arming.py
[1.238s] -- Up-to-date: /home/yanyew/mapping/install/crazyflie_examples/local/lib/python3.10/dist-packages/crazyflie_examples/nice_hover.py
[1.239s] -- Up-to-date: /home/yanyew/mapping/install/crazyflie_examples/local/lib/python3.10/dist-packages/crazyflie_examples/hello_world.py
[1.307s] Listing '/home/yanyew/mapping/install/crazyflie_examples/local/lib/python3.10/dist-packages/crazyflie_examples'...
[1.307s] Listing '/home/yanyew/mapping/install/crazyflie_examples/local/lib/python3.10/dist-packages/crazyflie_examples/data'...
[1.308s] Listing '/home/yanyew/mapping/install/crazyflie_examples/local/lib/python3.10/dist-packages/crazyflie_examples/data/multi_trajectory'...
[1.320s] -- Up-to-date: /home/yanyew/mapping/install/crazyflie_examples/share/crazyflie_examples//config
[1.320s] -- Up-to-date: /home/yanyew/mapping/install/crazyflie_examples/share/crazyflie_examples//config/nav2_view.rviz
[1.320s] -- Up-to-date: /home/yanyew/mapping/install/crazyflie_examples/share/crazyflie_examples//config/nav2_params.yaml
[1.321s] -- Up-to-date: /home/yanyew/mapping/install/crazyflie_examples/share/crazyflie_examples//data
[1.321s] -- Up-to-date: /home/yanyew/mapping/install/crazyflie_examples/share/crazyflie_examples//data/map.posegraph
[1.321s] -- Up-to-date: /home/yanyew/mapping/install/crazyflie_examples/share/crazyflie_examples//data/map.yaml
[1.321s] -- Up-to-date: /home/yanyew/mapping/install/crazyflie_examples/share/crazyflie_examples//data/map.data
[1.321s] -- Up-to-date: /home/yanyew/mapping/install/crazyflie_examples/share/crazyflie_examples//data/map.pgm
[1.322s] -- Up-to-date: /home/yanyew/mapping/install/crazyflie_examples/share/crazyflie_examples//launch
[1.322s] -- Up-to-date: /home/yanyew/mapping/install/crazyflie_examples/share/crazyflie_examples//launch/multiranger_nav2_launch.py
[1.322s] -- Up-to-date: /home/yanyew/mapping/install/crazyflie_examples/share/crazyflie_examples//launch/multiranger_simple_mapper_launch.py
[1.322s] -- Up-to-date: /home/yanyew/mapping/install/crazyflie_examples/share/crazyflie_examples//launch/keyboard_velmux_launch.py
[1.323s] -- Up-to-date: /home/yanyew/mapping/install/crazyflie_examples/share/crazyflie_examples//launch/launch.py
[1.323s] -- Up-to-date: /home/yanyew/mapping/install/crazyflie_examples/share/crazyflie_examples//launch/multiranger_mapping_launch.py
[1.323s] -- Up-to-date: /home/yanyew/mapping/install/crazyflie_examples/share/ament_index/resource_index/package_run_dependencies/crazyflie_examples
[1.324s] -- Up-to-date: /home/yanyew/mapping/install/crazyflie_examples/share/ament_index/resource_index/parent_prefix_path/crazyflie_examples
[1.324s] -- Up-to-date: /home/yanyew/mapping/install/crazyflie_examples/share/crazyflie_examples/environment/ament_prefix_path.sh
[1.324s] -- Up-to-date: /home/yanyew/mapping/install/crazyflie_examples/share/crazyflie_examples/environment/ament_prefix_path.dsv
[1.324s] -- Up-to-date: /home/yanyew/mapping/install/crazyflie_examples/share/crazyflie_examples/environment/path.sh
[1.325s] -- Up-to-date: /home/yanyew/mapping/install/crazyflie_examples/share/crazyflie_examples/environment/path.dsv
[1.325s] -- Up-to-date: /home/yanyew/mapping/install/crazyflie_examples/share/crazyflie_examples/local_setup.bash
[1.325s] -- Up-to-date: /home/yanyew/mapping/install/crazyflie_examples/share/crazyflie_examples/local_setup.sh
[1.326s] -- Up-to-date: /home/yanyew/mapping/install/crazyflie_examples/share/crazyflie_examples/local_setup.zsh
[1.326s] -- Up-to-date: /home/yanyew/mapping/install/crazyflie_examples/share/crazyflie_examples/local_setup.dsv
[1.326s] -- Installing: /home/yanyew/mapping/install/crazyflie_examples/share/crazyflie_examples/package.dsv
[1.326s] -- Up-to-date: /home/yanyew/mapping/install/crazyflie_examples/share/ament_index/resource_index/packages/crazyflie_examples
[1.326s] -- Up-to-date: /home/yanyew/mapping/install/crazyflie_examples/share/crazyflie_examples/cmake/crazyflie_examplesConfig.cmake
[1.327s] -- Up-to-date: /home/yanyew/mapping/install/crazyflie_examples/share/crazyflie_examples/cmake/crazyflie_examplesConfig-version.cmake
[1.327s] -- Up-to-date: /home/yanyew/mapping/install/crazyflie_examples/share/crazyflie_examples/package.xml
[1.332s] Invoked command in '/home/yanyew/mapping/build/crazyflie_examples' returned '0': AMENT_PREFIX_PATH=/home/yanyew/mapping/install/crazyflie_py:/home/yanyew/mapping/install/crazyflie_ros2_multiranger_bringup:/home/yanyew/mapping/install/ros_gz_crazyflie_bringup:/home/yanyew/mapping/install/ros_gz_crazyflie_gazebo:/home/yanyew/mapping/install/ros_gz_crazyflie_control:/home/yanyew/mapping/install/merge_map:/home/yanyew/mapping/install/crazyflie_sim:/home/yanyew/mapping/install/crazyflie_ros2_multiranger_wall_following:/home/yanyew/mapping/install/crazyflie_ros2_multiranger_simple_mapper:/home/yanyew/mapping/install/crazyflie_examples:/home/yanyew/mapping/install/crazyflie_launch:/home/yanyew/mapping/install/crazyflie:/home/yanyew/mapping/install/crazyflie_interfaces:/opt/ros/humble CMAKE_PREFIX_PATH=/home/yanyew/mapping/install/crazyflie_interfaces:/home/yanyew/mapping/install/crazyflie_ros2_multiranger_bringup:/home/yanyew/mapping/install/ros_gz_crazyflie_bringup:/home/yanyew/mapping/install/ros_gz_crazyflie_gazebo:/home/yanyew/mapping/install/crazyflie_sim:/home/yanyew/mapping/install/crazyflie_examples:/home/yanyew/mapping/install/crazyflie:/home/yanyew/mapping/install/ros_gz_crazyflie_control:/home/yanyew/mapping/install/merge_map:/home/yanyew/mapping/install/crazyflie_ros2_multiranger_wall_following:/home/yanyew/mapping/install/crazyflie_ros2_multiranger_simple_mapper:/home/yanyew/mapping/install/crazyflie_py:/home/yanyew/mapping/install/crazyflie_launch:/opt/ros/humble LD_LIBRARY_PATH=/home/yanyew/mapping/install/crazyflie_interfaces/lib:/usr/lib/x86_64-linux-gnu/gazebo-11/plugins:/opt/ros/humble/opt/rviz_ogre_vendor/lib:/opt/ros/humble/lib/x86_64-linux-gnu:/opt/ros/humble/lib:/usr/lib/x86_64-linux-gnu/gazebo-11/plugins PYTHONPATH=/home/yanyew/mapping/install/crazyflie_py/lib/python3.10/site-packages:/home/yanyew/mapping/install/ros_gz_crazyflie_control/lib/python3.10/site-packages:/home/yanyew/mapping/install/merge_map/lib/python3.10/site-packages:/home/yanyew/mapping/install/crazyflie_sim/local/lib/python3.10/dist-packages:/home/yanyew/mapping/install/crazyflie_ros2_multiranger_wall_following/lib/python3.10/site-packages:/home/yanyew/mapping/install/crazyflie_ros2_multiranger_simple_mapper/lib/python3.10/site-packages:/home/yanyew/mapping/install/crazyflie_examples/local/lib/python3.10/dist-packages:/home/yanyew/mapping/install/crazyflie_launch/lib/python3.10/site-packages:/home/yanyew/mapping/install/crazyflie_interfaces/local/lib/python3.10/dist-packages:/opt/ros/humble/lib/python3.10/site-packages:/opt/ros/humble/local/lib/python3.10/dist-packages /usr/bin/cmake --install /home/yanyew/mapping/build/crazyflie_examples
