[1.663s] Invoking command in '/home/yanyew/mapping/src/crazyswarm2/crazyflie_py': CMAKE_PREFIX_PATH=/home/yanyew/mapping/install/crazyflie_interfaces:/home/yanyew/mapping/install/crazyflie_ros2_multiranger_bringup:/home/yanyew/mapping/install/ros_gz_crazyflie_bringup:/home/yanyew/mapping/install/ros_gz_crazyflie_gazebo:/home/yanyew/mapping/install/crazyflie_sim:/home/yanyew/mapping/install/crazyflie_examples:/home/yanyew/mapping/install/crazyflie LD_LIBRARY_PATH=/home/yanyew/mapping/install/crazyflie_interfaces/lib:/usr/lib/x86_64-linux-gnu/gazebo-11/plugins:/opt/ros/humble/opt/rviz_ogre_vendor/lib:/opt/ros/humble/lib/x86_64-linux-gnu:/opt/ros/humble/lib:/usr/lib/x86_64-linux-gnu/gazebo-11/plugins PYTHONPATH=/home/yanyew/mapping/build/crazyflie_py/prefix_override:/usr/lib/python3/dist-packages/colcon_core/task/python/colcon_distutils_commands:/home/yanyew/mapping/install/crazyflie_py/lib/python3.10/site-packages:${PYTHONPATH} /usr/bin/python3 -W ignore:setup.py install is deprecated -W ignore:easy_install command is deprecated setup.py egg_info --egg-base ../../../build/crazyflie_py build --build-base /home/yanyew/mapping/build/crazyflie_py/build install --record /home/yanyew/mapping/build/crazyflie_py/install.log --single-version-externally-managed install_data
[2.040s] running egg_info
[2.041s] writing ../../../build/crazyflie_py/crazyflie_py.egg-info/PKG-INFO
[2.041s] writing dependency_links to ../../../build/crazyflie_py/crazyflie_py.egg-info/dependency_links.txt
[2.041s] writing entry points to ../../../build/crazyflie_py/crazyflie_py.egg-info/entry_points.txt
[2.041s] writing requirements to ../../../build/crazyflie_py/crazyflie_py.egg-info/requires.txt
[2.041s] writing top-level names to ../../../build/crazyflie_py/crazyflie_py.egg-info/top_level.txt
[2.044s] reading manifest file '../../../build/crazyflie_py/crazyflie_py.egg-info/SOURCES.txt'
[2.045s] writing manifest file '../../../build/crazyflie_py/crazyflie_py.egg-info/SOURCES.txt'
[2.045s] running build
[2.046s] running build_py
[2.047s] running install
[2.047s] running install_lib
[2.050s] running install_data
[2.050s] running install_egg_info
[2.053s] removing '/home/yanyew/mapping/install/crazyflie_py/lib/python3.10/site-packages/crazyflie_py-2.0.0-py3.10.egg-info' (and everything under it)
[2.053s] Copying ../../../build/crazyflie_py/crazyflie_py.egg-info to /home/yanyew/mapping/install/crazyflie_py/lib/python3.10/site-packages/crazyflie_py-2.0.0-py3.10.egg-info
[2.054s] running install_scripts
[2.083s] writing list of installed files to '/home/yanyew/mapping/build/crazyflie_py/install.log'
[2.112s] Invoked command in '/home/yanyew/mapping/src/crazyswarm2/crazyflie_py' returned '0': CMAKE_PREFIX_PATH=/home/yanyew/mapping/install/crazyflie_interfaces:/home/yanyew/mapping/install/crazyflie_ros2_multiranger_bringup:/home/yanyew/mapping/install/ros_gz_crazyflie_bringup:/home/yanyew/mapping/install/ros_gz_crazyflie_gazebo:/home/yanyew/mapping/install/crazyflie_sim:/home/yanyew/mapping/install/crazyflie_examples:/home/yanyew/mapping/install/crazyflie LD_LIBRARY_PATH=/home/yanyew/mapping/install/crazyflie_interfaces/lib:/usr/lib/x86_64-linux-gnu/gazebo-11/plugins:/opt/ros/humble/opt/rviz_ogre_vendor/lib:/opt/ros/humble/lib/x86_64-linux-gnu:/opt/ros/humble/lib:/usr/lib/x86_64-linux-gnu/gazebo-11/plugins PYTHONPATH=/home/yanyew/mapping/build/crazyflie_py/prefix_override:/usr/lib/python3/dist-packages/colcon_core/task/python/colcon_distutils_commands:/home/yanyew/mapping/install/crazyflie_py/lib/python3.10/site-packages:${PYTHONPATH} /usr/bin/python3 -W ignore:setup.py install is deprecated -W ignore:easy_install command is deprecated setup.py egg_info --egg-base ../../../build/crazyflie_py build --build-base /home/yanyew/mapping/build/crazyflie_py/build install --record /home/yanyew/mapping/build/crazyflie_py/install.log --single-version-externally-managed install_data
