[0.417s] Invoking command in '/home/yanyew/mapping/build/crazyflie_sim': CMAKE_PREFIX_PATH=/home/yanyew/mapping/install/crazyflie_interfaces:/home/yanyew/mapping/install/crazyflie_ros2_multiranger_bringup:/home/yanyew/mapping/install/ros_gz_crazyflie_bringup:/home/yanyew/mapping/install/ros_gz_crazyflie_gazebo:/home/yanyew/mapping/install/crazyflie_sim:/home/yanyew/mapping/install/crazyflie_examples:/home/yanyew/mapping/install/crazyflie:/home/yanyew/mapping/install/ros_gz_crazyflie_control:/home/yanyew/mapping/install/merge_map:/home/yanyew/mapping/install/crazyflie_ros2_multiranger_wall_following:/home/yanyew/mapping/install/crazyflie_ros2_multiranger_simple_mapper:/home/yanyew/mapping/install/crazyflie_py:/home/yanyew/mapping/install/crazyflie_launch:/opt/ros/humble LD_LIBRARY_PATH=/home/yanyew/mapping/install/crazyflie_interfaces/lib:/usr/lib/x86_64-linux-gnu/gazebo-11/plugins:/opt/ros/humble/opt/rviz_ogre_vendor/lib:/opt/ros/humble/lib/x86_64-linux-gnu:/opt/ros/humble/lib:/usr/lib/x86_64-linux-gnu/gazebo-11/plugins /usr/bin/cmake --build /home/yanyew/mapping/build/crazyflie_sim -- -j12 -l12
[0.507s] Built target ament_cmake_python_copy_crazyflie_sim_setup
[0.507s] Built target ament_cmake_python_copy_crazyflie_sim
[0.913s] running egg_info
[0.914s] writing crazyflie_sim.egg-info/PKG-INFO
[0.914s] writing dependency_links to crazyflie_sim.egg-info/dependency_links.txt
[0.915s] writing entry points to crazyflie_sim.egg-info/entry_points.txt
[0.915s] writing top-level names to crazyflie_sim.egg-info/top_level.txt
[0.917s] reading manifest file 'crazyflie_sim.egg-info/SOURCES.txt'
[0.919s] writing manifest file 'crazyflie_sim.egg-info/SOURCES.txt'
[0.947s] Built target ament_cmake_python_build_crazyflie_sim_egg
[1.020s] running install_scripts
[1.022s] /usr/lib/python3/dist-packages/setuptools/command/install.py:34: SetuptoolsDeprecationWarning: setup.py install is deprecated. Use build and pip and other standards-based tools.
[1.022s]   warnings.warn(
[1.047s] running egg_info
[1.050s] writing crazyflie_sim.egg-info/PKG-INFO
[1.050s] writing dependency_links to crazyflie_sim.egg-info/dependency_links.txt
[1.050s] writing entry points to crazyflie_sim.egg-info/entry_points.txt
[1.050s] writing top-level names to crazyflie_sim.egg-info/top_level.txt
[1.053s] reading manifest file 'crazyflie_sim.egg-info/SOURCES.txt'
[1.053s] writing manifest file 'crazyflie_sim.egg-info/SOURCES.txt'
[1.056s] Installing crazyflie_server script to scripts
[1.099s] Built target ament_cmake_python_build_crazyflie_sim_scripts
[1.109s] Invoked command in '/home/yanyew/mapping/build/crazyflie_sim' returned '0': CMAKE_PREFIX_PATH=/home/yanyew/mapping/install/crazyflie_interfaces:/home/yanyew/mapping/install/crazyflie_ros2_multiranger_bringup:/home/yanyew/mapping/install/ros_gz_crazyflie_bringup:/home/yanyew/mapping/install/ros_gz_crazyflie_gazebo:/home/yanyew/mapping/install/crazyflie_sim:/home/yanyew/mapping/install/crazyflie_examples:/home/yanyew/mapping/install/crazyflie:/home/yanyew/mapping/install/ros_gz_crazyflie_control:/home/yanyew/mapping/install/merge_map:/home/yanyew/mapping/install/crazyflie_ros2_multiranger_wall_following:/home/yanyew/mapping/install/crazyflie_ros2_multiranger_simple_mapper:/home/yanyew/mapping/install/crazyflie_py:/home/yanyew/mapping/install/crazyflie_launch:/opt/ros/humble LD_LIBRARY_PATH=/home/yanyew/mapping/install/crazyflie_interfaces/lib:/usr/lib/x86_64-linux-gnu/gazebo-11/plugins:/opt/ros/humble/opt/rviz_ogre_vendor/lib:/opt/ros/humble/lib/x86_64-linux-gnu:/opt/ros/humble/lib:/usr/lib/x86_64-linux-gnu/gazebo-11/plugins /usr/bin/cmake --build /home/yanyew/mapping/build/crazyflie_sim -- -j12 -l12
[1.111s] Invoking command in '/home/yanyew/mapping/build/crazyflie_sim': CMAKE_PREFIX_PATH=/home/yanyew/mapping/install/crazyflie_interfaces:/home/yanyew/mapping/install/crazyflie_ros2_multiranger_bringup:/home/yanyew/mapping/install/ros_gz_crazyflie_bringup:/home/yanyew/mapping/install/ros_gz_crazyflie_gazebo:/home/yanyew/mapping/install/crazyflie_sim:/home/yanyew/mapping/install/crazyflie_examples:/home/yanyew/mapping/install/crazyflie:/home/yanyew/mapping/install/ros_gz_crazyflie_control:/home/yanyew/mapping/install/merge_map:/home/yanyew/mapping/install/crazyflie_ros2_multiranger_wall_following:/home/yanyew/mapping/install/crazyflie_ros2_multiranger_simple_mapper:/home/yanyew/mapping/install/crazyflie_py:/home/yanyew/mapping/install/crazyflie_launch:/opt/ros/humble LD_LIBRARY_PATH=/home/yanyew/mapping/install/crazyflie_interfaces/lib:/usr/lib/x86_64-linux-gnu/gazebo-11/plugins:/opt/ros/humble/opt/rviz_ogre_vendor/lib:/opt/ros/humble/lib/x86_64-linux-gnu:/opt/ros/humble/lib:/usr/lib/x86_64-linux-gnu/gazebo-11/plugins /usr/bin/cmake --install /home/yanyew/mapping/build/crazyflie_sim
[1.119s] -- Install configuration: ""
[1.119s] -- Up-to-date: /home/yanyew/mapping/install/crazyflie_sim/share/crazyflie_sim/environment/pythonpath.sh
[1.119s] -- Up-to-date: /home/yanyew/mapping/install/crazyflie_sim/share/crazyflie_sim/environment/pythonpath.dsv
[1.120s] -- Up-to-date: /home/yanyew/mapping/install/crazyflie_sim/local/lib/python3.10/dist-packages/crazyflie_sim-2.0.0-py3.10.egg-info
[1.120s] -- Installing: /home/yanyew/mapping/install/crazyflie_sim/local/lib/python3.10/dist-packages/crazyflie_sim-2.0.0-py3.10.egg-info/PKG-INFO
[1.120s] -- Installing: /home/yanyew/mapping/install/crazyflie_sim/local/lib/python3.10/dist-packages/crazyflie_sim-2.0.0-py3.10.egg-info/top_level.txt
[1.121s] -- Installing: /home/yanyew/mapping/install/crazyflie_sim/local/lib/python3.10/dist-packages/crazyflie_sim-2.0.0-py3.10.egg-info/entry_points.txt
[1.121s] -- Installing: /home/yanyew/mapping/install/crazyflie_sim/local/lib/python3.10/dist-packages/crazyflie_sim-2.0.0-py3.10.egg-info/dependency_links.txt
[1.121s] -- Installing: /home/yanyew/mapping/install/crazyflie_sim/local/lib/python3.10/dist-packages/crazyflie_sim-2.0.0-py3.10.egg-info/SOURCES.txt
[1.122s] -- Up-to-date: /home/yanyew/mapping/install/crazyflie_sim/lib/crazyflie_sim/
[1.123s] -- Installing: /home/yanyew/mapping/install/crazyflie_sim/lib/crazyflie_sim//crazyflie_server
[1.123s] -- Up-to-date: /home/yanyew/mapping/install/crazyflie_sim/local/lib/python3.10/dist-packages/crazyflie_sim
[1.123s] -- Up-to-date: /home/yanyew/mapping/install/crazyflie_sim/local/lib/python3.10/dist-packages/crazyflie_sim/__init__.py
[1.123s] -- Up-to-date: /home/yanyew/mapping/install/crazyflie_sim/local/lib/python3.10/dist-packages/crazyflie_sim/crazyflie_sil.py
[1.123s] -- Up-to-date: /home/yanyew/mapping/install/crazyflie_sim/local/lib/python3.10/dist-packages/crazyflie_sim/crazyflie_server.py
[1.123s] -- Up-to-date: /home/yanyew/mapping/install/crazyflie_sim/local/lib/python3.10/dist-packages/crazyflie_sim/visualization
[1.124s] -- Up-to-date: /home/yanyew/mapping/install/crazyflie_sim/local/lib/python3.10/dist-packages/crazyflie_sim/visualization/pdf.py
[1.124s] -- Up-to-date: /home/yanyew/mapping/install/crazyflie_sim/local/lib/python3.10/dist-packages/crazyflie_sim/visualization/data
[1.124s] -- Up-to-date: /home/yanyew/mapping/install/crazyflie_sim/local/lib/python3.10/dist-packages/crazyflie_sim/visualization/data/model
[1.124s] -- Up-to-date: /home/yanyew/mapping/install/crazyflie_sim/local/lib/python3.10/dist-packages/crazyflie_sim/visualization/data/model/cf.obj
[1.124s] -- Up-to-date: /home/yanyew/mapping/install/crazyflie_sim/local/lib/python3.10/dist-packages/crazyflie_sim/visualization/data/model/cf.mtl
[1.124s] -- Up-to-date: /home/yanyew/mapping/install/crazyflie_sim/local/lib/python3.10/dist-packages/crazyflie_sim/visualization/data/README.md
[1.124s] -- Up-to-date: /home/yanyew/mapping/install/crazyflie_sim/local/lib/python3.10/dist-packages/crazyflie_sim/visualization/data/env
[1.125s] -- Up-to-date: /home/yanyew/mapping/install/crazyflie_sim/local/lib/python3.10/dist-packages/crazyflie_sim/visualization/data/env/abandoned_greenhouse.jpg
[1.126s] -- Up-to-date: /home/yanyew/mapping/install/crazyflie_sim/local/lib/python3.10/dist-packages/crazyflie_sim/visualization/data/env/lago_disola.jpg
[1.126s] -- Up-to-date: /home/yanyew/mapping/install/crazyflie_sim/local/lib/python3.10/dist-packages/crazyflie_sim/visualization/data/env/derelict_overpass.jpg
[1.126s] -- Up-to-date: /home/yanyew/mapping/install/crazyflie_sim/local/lib/python3.10/dist-packages/crazyflie_sim/visualization/data/env/crosswalk.jpg
[1.127s] -- Up-to-date: /home/yanyew/mapping/install/crazyflie_sim/local/lib/python3.10/dist-packages/crazyflie_sim/visualization/data/env/env.jpg
[1.127s] -- Up-to-date: /home/yanyew/mapping/install/crazyflie_sim/local/lib/python3.10/dist-packages/crazyflie_sim/visualization/data/env/aviation_museum.jpg
[1.127s] -- Up-to-date: /home/yanyew/mapping/install/crazyflie_sim/local/lib/python3.10/dist-packages/crazyflie_sim/visualization/data/env/lake_pier.jpg
[1.128s] -- Up-to-date: /home/yanyew/mapping/install/crazyflie_sim/local/lib/python3.10/dist-packages/crazyflie_sim/visualization/data/env/peppermint_powerplant.jpg
[1.129s] -- Up-to-date: /home/yanyew/mapping/install/crazyflie_sim/local/lib/python3.10/dist-packages/crazyflie_sim/visualization/data/env/machine_shop.jpg
[1.129s] -- Up-to-date: /home/yanyew/mapping/install/crazyflie_sim/local/lib/python3.10/dist-packages/crazyflie_sim/visualization/data/env/studio_garden.jpg
[1.130s] -- Up-to-date: /home/yanyew/mapping/install/crazyflie_sim/local/lib/python3.10/dist-packages/crazyflie_sim/visualization/data/env/museumplein.jpg
[1.130s] -- Up-to-date: /home/yanyew/mapping/install/crazyflie_sim/local/lib/python3.10/dist-packages/crazyflie_sim/visualization/data/env/aerodynamics_workshop.jpg
[1.130s] -- Up-to-date: /home/yanyew/mapping/install/crazyflie_sim/local/lib/python3.10/dist-packages/crazyflie_sim/visualization/record_states.py
[1.130s] -- Up-to-date: /home/yanyew/mapping/install/crazyflie_sim/local/lib/python3.10/dist-packages/crazyflie_sim/visualization/README.md
[1.131s] -- Up-to-date: /home/yanyew/mapping/install/crazyflie_sim/local/lib/python3.10/dist-packages/crazyflie_sim/visualization/rviz.py
[1.131s] -- Up-to-date: /home/yanyew/mapping/install/crazyflie_sim/local/lib/python3.10/dist-packages/crazyflie_sim/visualization/blender.py
[1.131s] -- Up-to-date: /home/yanyew/mapping/install/crazyflie_sim/local/lib/python3.10/dist-packages/crazyflie_sim/backend
[1.131s] -- Up-to-date: /home/yanyew/mapping/install/crazyflie_sim/local/lib/python3.10/dist-packages/crazyflie_sim/backend/dynobench.py
[1.131s] -- Up-to-date: /home/yanyew/mapping/install/crazyflie_sim/local/lib/python3.10/dist-packages/crazyflie_sim/backend/neuralswarm.py
[1.131s] -- Up-to-date: /home/yanyew/mapping/install/crazyflie_sim/local/lib/python3.10/dist-packages/crazyflie_sim/backend/data
[1.132s] -- Up-to-date: /home/yanyew/mapping/install/crazyflie_sim/local/lib/python3.10/dist-packages/crazyflie_sim/backend/data/pinocchio
[1.132s] -- Up-to-date: /home/yanyew/mapping/install/crazyflie_sim/local/lib/python3.10/dist-packages/crazyflie_sim/backend/data/pinocchio/crazyflie2.urdf
[1.132s] -- Up-to-date: /home/yanyew/mapping/install/crazyflie_sim/local/lib/python3.10/dist-packages/crazyflie_sim/backend/data/dynobench
[1.133s] -- Up-to-date: /home/yanyew/mapping/install/crazyflie_sim/local/lib/python3.10/dist-packages/crazyflie_sim/backend/data/dynobench/crazyflie2.yaml
[1.133s] -- Up-to-date: /home/yanyew/mapping/install/crazyflie_sim/local/lib/python3.10/dist-packages/crazyflie_sim/backend/data/neuralswarm2
[1.133s] -- Up-to-date: /home/yanyew/mapping/install/crazyflie_sim/local/lib/python3.10/dist-packages/crazyflie_sim/backend/data/neuralswarm2/rho_S.pth
[1.134s] -- Up-to-date: /home/yanyew/mapping/install/crazyflie_sim/local/lib/python3.10/dist-packages/crazyflie_sim/backend/data/neuralswarm2/rho_L.pth
[1.134s] -- Up-to-date: /home/yanyew/mapping/install/crazyflie_sim/local/lib/python3.10/dist-packages/crazyflie_sim/backend/data/neuralswarm2/phi_S.pth
[1.134s] -- Up-to-date: /home/yanyew/mapping/install/crazyflie_sim/local/lib/python3.10/dist-packages/crazyflie_sim/backend/data/neuralswarm2/phi_G.pth
[1.134s] -- Up-to-date: /home/yanyew/mapping/install/crazyflie_sim/local/lib/python3.10/dist-packages/crazyflie_sim/backend/data/neuralswarm2/phi_L.pth
[1.135s] -- Up-to-date: /home/yanyew/mapping/install/crazyflie_sim/local/lib/python3.10/dist-packages/crazyflie_sim/backend/np.py
[1.135s] -- Up-to-date: /home/yanyew/mapping/install/crazyflie_sim/local/lib/python3.10/dist-packages/crazyflie_sim/backend/none.py
[1.135s] -- Up-to-date: /home/yanyew/mapping/install/crazyflie_sim/local/lib/python3.10/dist-packages/crazyflie_sim/backend/pinocchio.py
[1.135s] -- Up-to-date: /home/yanyew/mapping/install/crazyflie_sim/local/lib/python3.10/dist-packages/crazyflie_sim/sim_data_types.py
[1.162s] Listing '/home/yanyew/mapping/install/crazyflie_sim/local/lib/python3.10/dist-packages/crazyflie_sim'...
[1.162s] Listing '/home/yanyew/mapping/install/crazyflie_sim/local/lib/python3.10/dist-packages/crazyflie_sim/backend'...
[1.162s] Listing '/home/yanyew/mapping/install/crazyflie_sim/local/lib/python3.10/dist-packages/crazyflie_sim/backend/data'...
[1.162s] Listing '/home/yanyew/mapping/install/crazyflie_sim/local/lib/python3.10/dist-packages/crazyflie_sim/backend/data/dynobench'...
[1.162s] Listing '/home/yanyew/mapping/install/crazyflie_sim/local/lib/python3.10/dist-packages/crazyflie_sim/backend/data/neuralswarm2'...
[1.162s] Listing '/home/yanyew/mapping/install/crazyflie_sim/local/lib/python3.10/dist-packages/crazyflie_sim/backend/data/pinocchio'...
[1.162s] Listing '/home/yanyew/mapping/install/crazyflie_sim/local/lib/python3.10/dist-packages/crazyflie_sim/visualization'...
[1.162s] Listing '/home/yanyew/mapping/install/crazyflie_sim/local/lib/python3.10/dist-packages/crazyflie_sim/visualization/data'...
[1.162s] Listing '/home/yanyew/mapping/install/crazyflie_sim/local/lib/python3.10/dist-packages/crazyflie_sim/visualization/data/env'...
[1.162s] Listing '/home/yanyew/mapping/install/crazyflie_sim/local/lib/python3.10/dist-packages/crazyflie_sim/visualization/data/model'...
[1.166s] -- Up-to-date: /home/yanyew/mapping/install/crazyflie_sim/share/ament_index/resource_index/package_run_dependencies/crazyflie_sim
[1.166s] -- Up-to-date: /home/yanyew/mapping/install/crazyflie_sim/share/ament_index/resource_index/parent_prefix_path/crazyflie_sim
[1.166s] -- Up-to-date: /home/yanyew/mapping/install/crazyflie_sim/share/crazyflie_sim/environment/ament_prefix_path.sh
[1.166s] -- Up-to-date: /home/yanyew/mapping/install/crazyflie_sim/share/crazyflie_sim/environment/ament_prefix_path.dsv
[1.166s] -- Up-to-date: /home/yanyew/mapping/install/crazyflie_sim/share/crazyflie_sim/environment/path.sh
[1.166s] -- Up-to-date: /home/yanyew/mapping/install/crazyflie_sim/share/crazyflie_sim/environment/path.dsv
[1.166s] -- Up-to-date: /home/yanyew/mapping/install/crazyflie_sim/share/crazyflie_sim/local_setup.bash
[1.166s] -- Up-to-date: /home/yanyew/mapping/install/crazyflie_sim/share/crazyflie_sim/local_setup.sh
[1.166s] -- Up-to-date: /home/yanyew/mapping/install/crazyflie_sim/share/crazyflie_sim/local_setup.zsh
[1.166s] -- Up-to-date: /home/yanyew/mapping/install/crazyflie_sim/share/crazyflie_sim/local_setup.dsv
[1.167s] -- Installing: /home/yanyew/mapping/install/crazyflie_sim/share/crazyflie_sim/package.dsv
[1.167s] -- Up-to-date: /home/yanyew/mapping/install/crazyflie_sim/share/ament_index/resource_index/packages/crazyflie_sim
[1.167s] -- Up-to-date: /home/yanyew/mapping/install/crazyflie_sim/share/crazyflie_sim/cmake/crazyflie_simConfig.cmake
[1.167s] -- Up-to-date: /home/yanyew/mapping/install/crazyflie_sim/share/crazyflie_sim/cmake/crazyflie_simConfig-version.cmake
[1.167s] -- Up-to-date: /home/yanyew/mapping/install/crazyflie_sim/share/crazyflie_sim/package.xml
[1.169s] Invoked command in '/home/yanyew/mapping/build/crazyflie_sim' returned '0': CMAKE_PREFIX_PATH=/home/yanyew/mapping/install/crazyflie_interfaces:/home/yanyew/mapping/install/crazyflie_ros2_multiranger_bringup:/home/yanyew/mapping/install/ros_gz_crazyflie_bringup:/home/yanyew/mapping/install/ros_gz_crazyflie_gazebo:/home/yanyew/mapping/install/crazyflie_sim:/home/yanyew/mapping/install/crazyflie_examples:/home/yanyew/mapping/install/crazyflie:/home/yanyew/mapping/install/ros_gz_crazyflie_control:/home/yanyew/mapping/install/merge_map:/home/yanyew/mapping/install/crazyflie_ros2_multiranger_wall_following:/home/yanyew/mapping/install/crazyflie_ros2_multiranger_simple_mapper:/home/yanyew/mapping/install/crazyflie_py:/home/yanyew/mapping/install/crazyflie_launch:/opt/ros/humble LD_LIBRARY_PATH=/home/yanyew/mapping/install/crazyflie_interfaces/lib:/usr/lib/x86_64-linux-gnu/gazebo-11/plugins:/opt/ros/humble/opt/rviz_ogre_vendor/lib:/opt/ros/humble/lib/x86_64-linux-gnu:/opt/ros/humble/lib:/usr/lib/x86_64-linux-gnu/gazebo-11/plugins /usr/bin/cmake --install /home/yanyew/mapping/build/crazyflie_sim
