[2.119s] Invoking command in '/home/yanyew/mapping/src/crazyflie_launch': PYTHONPATH=/home/yanyew/mapping/build/crazyflie_launch/prefix_override:/usr/lib/python3/dist-packages/colcon_core/task/python/colcon_distutils_commands:/home/yanyew/mapping/install/crazyflie_launch/lib/python3.10/site-packages:${PYTHONPATH} /usr/bin/python3 -W ignore:setup.py install is deprecated -W ignore:easy_install command is deprecated setup.py egg_info --egg-base ../../build/crazyflie_launch build --build-base /home/yanyew/mapping/build/crazyflie_launch/build install --record /home/yanyew/mapping/build/crazyflie_launch/install.log --single-version-externally-managed install_data
[2.600s] running egg_info
[2.601s] writing ../../build/crazyflie_launch/crazyflie_launch.egg-info/PKG-INFO
[2.602s] writing dependency_links to ../../build/crazyflie_launch/crazyflie_launch.egg-info/dependency_links.txt
[2.602s] writing entry points to ../../build/crazyflie_launch/crazyflie_launch.egg-info/entry_points.txt
[2.602s] writing requirements to ../../build/crazyflie_launch/crazyflie_launch.egg-info/requires.txt
[2.602s] writing top-level names to ../../build/crazyflie_launch/crazyflie_launch.egg-info/top_level.txt
[2.605s] reading manifest file '../../build/crazyflie_launch/crazyflie_launch.egg-info/SOURCES.txt'
[2.607s] writing manifest file '../../build/crazyflie_launch/crazyflie_launch.egg-info/SOURCES.txt'
[2.607s] running build
[2.607s] running build_py
[2.607s] running install
[2.607s] running install_lib
[2.610s] running install_data
[2.610s] running install_egg_info
[2.613s] removing '/home/yanyew/mapping/install/crazyflie_launch/lib/python3.10/site-packages/crazyflie_launch-0.0.0-py3.10.egg-info' (and everything under it)
[2.613s] Copying ../../build/crazyflie_launch/crazyflie_launch.egg-info to /home/yanyew/mapping/install/crazyflie_launch/lib/python3.10/site-packages/crazyflie_launch-0.0.0-py3.10.egg-info
[2.614s] running install_scripts
[2.649s] writing list of installed files to '/home/yanyew/mapping/build/crazyflie_launch/install.log'
[2.691s] Invoked command in '/home/yanyew/mapping/src/crazyflie_launch' returned '0': PYTHONPATH=/home/yanyew/mapping/build/crazyflie_launch/prefix_override:/usr/lib/python3/dist-packages/colcon_core/task/python/colcon_distutils_commands:/home/yanyew/mapping/install/crazyflie_launch/lib/python3.10/site-packages:${PYTHONPATH} /usr/bin/python3 -W ignore:setup.py install is deprecated -W ignore:easy_install command is deprecated setup.py egg_info --egg-base ../../build/crazyflie_launch build --build-base /home/yanyew/mapping/build/crazyflie_launch/build install --record /home/yanyew/mapping/build/crazyflie_launch/install.log --single-version-externally-managed install_data
