[3.227s] Invoking command in '/home/yanyew/mapping/src/merge_map': PYTHONPATH=/home/yanyew/mapping/build/merge_map/prefix_override:/usr/lib/python3/dist-packages/colcon_core/task/python/colcon_distutils_commands:/home/yanyew/mapping/install/merge_map/lib/python3.10/site-packages:${PYTHONPATH} /usr/bin/python3 -W ignore:setup.py install is deprecated -W ignore:easy_install command is deprecated setup.py egg_info --egg-base ../../build/merge_map build --build-base /home/yanyew/mapping/build/merge_map/build install --record /home/yanyew/mapping/build/merge_map/install.log --single-version-externally-managed install_data
[3.937s] running egg_info
[3.939s] writing ../../build/merge_map/merge_map.egg-info/PKG-INFO
[3.939s] writing dependency_links to ../../build/merge_map/merge_map.egg-info/dependency_links.txt
[3.939s] writing entry points to ../../build/merge_map/merge_map.egg-info/entry_points.txt
[3.940s] writing requirements to ../../build/merge_map/merge_map.egg-info/requires.txt
[3.940s] writing top-level names to ../../build/merge_map/merge_map.egg-info/top_level.txt
[3.944s] reading manifest file '../../build/merge_map/merge_map.egg-info/SOURCES.txt'
[3.946s] writing manifest file '../../build/merge_map/merge_map.egg-info/SOURCES.txt'
[3.946s] running build
[3.947s] running build_py
[3.947s] running install
[3.948s] running install_lib
[3.950s] running install_data
[3.951s] running install_egg_info
[3.955s] removing '/home/yanyew/mapping/install/merge_map/lib/python3.10/site-packages/merge_map-0.0.0-py3.10.egg-info' (and everything under it)
[3.955s] Copying ../../build/merge_map/merge_map.egg-info to /home/yanyew/mapping/install/merge_map/lib/python3.10/site-packages/merge_map-0.0.0-py3.10.egg-info
[3.957s] running install_scripts
[4.010s] Installing merge_map script to /home/yanyew/mapping/install/merge_map/lib/merge_map
[4.014s] writing list of installed files to '/home/yanyew/mapping/build/merge_map/install.log'
[4.060s] Invoked command in '/home/yanyew/mapping/src/merge_map' returned '0': PYTHONPATH=/home/yanyew/mapping/build/merge_map/prefix_override:/usr/lib/python3/dist-packages/colcon_core/task/python/colcon_distutils_commands:/home/yanyew/mapping/install/merge_map/lib/python3.10/site-packages:${PYTHONPATH} /usr/bin/python3 -W ignore:setup.py install is deprecated -W ignore:easy_install command is deprecated setup.py egg_info --egg-base ../../build/merge_map build --build-base /home/yanyew/mapping/build/merge_map/build install --record /home/yanyew/mapping/build/merge_map/install.log --single-version-externally-managed install_data
