[0.020s] Invoking command in '/home/yanyew/mapping/build/crazyflie_ros2_multiranger_bringup': AMENT_PREFIX_PATH=/home/yanyew/mapping/install/ros_gz_crazyflie_bringup:/home/yanyew/mapping/install/ros_gz_crazyflie_gazebo:${AMENT_PREFIX_PATH} CMAKE_PREFIX_PATH=/home/yanyew/mapping/install/ros_gz_crazyflie_bringup:/home/yanyew/mapping/install/ros_gz_crazyflie_gazebo:/opt/ros/humble /usr/bin/cmake --build /home/yanyew/mapping/build/crazyflie_ros2_multiranger_bringup -- -j12 -l12
[0.088s] Invoked command in '/home/yanyew/mapping/build/crazyflie_ros2_multiranger_bringup' returned '0': AMENT_PREFIX_PATH=/home/yanyew/mapping/install/ros_gz_crazyflie_bringup:/home/yanyew/mapping/install/ros_gz_crazyflie_gazebo:${AMENT_PREFIX_PATH} CMAKE_PREFIX_PATH=/home/yanyew/mapping/install/ros_gz_crazyflie_bringup:/home/yanyew/mapping/install/ros_gz_crazyflie_gazebo:/opt/ros/humble /usr/bin/cmake --build /home/yanyew/mapping/build/crazyflie_ros2_multiranger_bringup -- -j12 -l12
[0.097s] Invoking command in '/home/yanyew/mapping/build/crazyflie_ros2_multiranger_bringup': AMENT_PREFIX_PATH=/home/yanyew/mapping/install/ros_gz_crazyflie_bringup:/home/yanyew/mapping/install/ros_gz_crazyflie_gazebo:${AMENT_PREFIX_PATH} CMAKE_PREFIX_PATH=/home/yanyew/mapping/install/ros_gz_crazyflie_bringup:/home/yanyew/mapping/install/ros_gz_crazyflie_gazebo:/opt/ros/humble /usr/bin/cmake --install /home/yanyew/mapping/build/crazyflie_ros2_multiranger_bringup
[0.122s] -- Install configuration: ""
[0.126s] -- Up-to-date: /home/yanyew/mapping/install/crazyflie_ros2_multiranger_bringup/share/crazyflie_ros2_multiranger_bringup//launch
[0.126s] -- Up-to-date: /home/yanyew/mapping/install/crazyflie_ros2_multiranger_bringup/share/crazyflie_ros2_multiranger_bringup//launch/wall_follower_mapper_simulation.launch.py
[0.127s] -- Up-to-date: /home/yanyew/mapping/install/crazyflie_ros2_multiranger_bringup/share/crazyflie_ros2_multiranger_bringup//launch/simple_mapper_simulation.launch.py
[0.127s] -- Up-to-date: /home/yanyew/mapping/install/crazyflie_ros2_multiranger_bringup/share/crazyflie_ros2_multiranger_bringup//launch/simple_mapper_real.launch.py
[0.127s] -- Up-to-date: /home/yanyew/mapping/install/crazyflie_ros2_multiranger_bringup/share/crazyflie_ros2_multiranger_bringup//launch/wall_follower_mapper_real.launch.py
[0.127s] -- Up-to-date: /home/yanyew/mapping/install/crazyflie_ros2_multiranger_bringup/share/crazyflie_ros2_multiranger_bringup//config
[0.127s] -- Up-to-date: /home/yanyew/mapping/install/crazyflie_ros2_multiranger_bringup/share/crazyflie_ros2_multiranger_bringup//config/crazyflie_real_crazyswarm2.yaml
[0.127s] -- Up-to-date: /home/yanyew/mapping/install/crazyflie_ros2_multiranger_bringup/share/crazyflie_ros2_multiranger_bringup//config/sim_mapping.rviz
[0.127s] -- Up-to-date: /home/yanyew/mapping/install/crazyflie_ros2_multiranger_bringup/share/crazyflie_ros2_multiranger_bringup//config/real_mapping.rviz
[0.128s] -- Up-to-date: /home/yanyew/mapping/install/crazyflie_ros2_multiranger_bringup/share/ament_index/resource_index/package_run_dependencies/crazyflie_ros2_multiranger_bringup
[0.128s] -- Up-to-date: /home/yanyew/mapping/install/crazyflie_ros2_multiranger_bringup/share/ament_index/resource_index/parent_prefix_path/crazyflie_ros2_multiranger_bringup
[0.128s] -- Up-to-date: /home/yanyew/mapping/install/crazyflie_ros2_multiranger_bringup/share/crazyflie_ros2_multiranger_bringup/environment/ament_prefix_path.sh
[0.129s] -- Up-to-date: /home/yanyew/mapping/install/crazyflie_ros2_multiranger_bringup/share/crazyflie_ros2_multiranger_bringup/environment/ament_prefix_path.dsv
[0.130s] -- Up-to-date: /home/yanyew/mapping/install/crazyflie_ros2_multiranger_bringup/share/crazyflie_ros2_multiranger_bringup/environment/path.sh
[0.130s] -- Up-to-date: /home/yanyew/mapping/install/crazyflie_ros2_multiranger_bringup/share/crazyflie_ros2_multiranger_bringup/environment/path.dsv
[0.130s] -- Up-to-date: /home/yanyew/mapping/install/crazyflie_ros2_multiranger_bringup/share/crazyflie_ros2_multiranger_bringup/local_setup.bash
[0.130s] -- Up-to-date: /home/yanyew/mapping/install/crazyflie_ros2_multiranger_bringup/share/crazyflie_ros2_multiranger_bringup/local_setup.sh
[0.130s] -- Up-to-date: /home/yanyew/mapping/install/crazyflie_ros2_multiranger_bringup/share/crazyflie_ros2_multiranger_bringup/local_setup.zsh
[0.131s] -- Up-to-date: /home/yanyew/mapping/install/crazyflie_ros2_multiranger_bringup/share/crazyflie_ros2_multiranger_bringup/local_setup.dsv
[0.131s] -- Installing: /home/yanyew/mapping/install/crazyflie_ros2_multiranger_bringup/share/crazyflie_ros2_multiranger_bringup/package.dsv
[0.131s] -- Up-to-date: /home/yanyew/mapping/install/crazyflie_ros2_multiranger_bringup/share/ament_index/resource_index/packages/crazyflie_ros2_multiranger_bringup
[0.131s] -- Up-to-date: /home/yanyew/mapping/install/crazyflie_ros2_multiranger_bringup/share/crazyflie_ros2_multiranger_bringup/cmake/crazyflie_ros2_multiranger_bringupConfig.cmake
[0.131s] -- Up-to-date: /home/yanyew/mapping/install/crazyflie_ros2_multiranger_bringup/share/crazyflie_ros2_multiranger_bringup/cmake/crazyflie_ros2_multiranger_bringupConfig-version.cmake
[0.132s] -- Up-to-date: /home/yanyew/mapping/install/crazyflie_ros2_multiranger_bringup/share/crazyflie_ros2_multiranger_bringup/package.xml
[0.145s] Invoked command in '/home/yanyew/mapping/build/crazyflie_ros2_multiranger_bringup' returned '0': AMENT_PREFIX_PATH=/home/yanyew/mapping/install/ros_gz_crazyflie_bringup:/home/yanyew/mapping/install/ros_gz_crazyflie_gazebo:${AMENT_PREFIX_PATH} CMAKE_PREFIX_PATH=/home/yanyew/mapping/install/ros_gz_crazyflie_bringup:/home/yanyew/mapping/install/ros_gz_crazyflie_gazebo:/opt/ros/humble /usr/bin/cmake --install /home/yanyew/mapping/build/crazyflie_ros2_multiranger_bringup
