[0.660s] Invoking command in '/home/yanyew/mapping/build/crazyflie': CMAKE_PREFIX_PATH=/home/yanyew/mapping/install/crazyflie_interfaces:/home/yanyew/mapping/install/crazyflie_ros2_multiranger_bringup:/home/yanyew/mapping/install/ros_gz_crazyflie_bringup:/home/yanyew/mapping/install/ros_gz_crazyflie_gazebo:/home/yanyew/mapping/install/crazyflie_sim:/home/yanyew/mapping/install/crazyflie_examples:/home/yanyew/mapping/install/crazyflie:/home/yanyew/mapping/install/ros_gz_crazyflie_control:/home/yanyew/mapping/install/merge_map:/home/yanyew/mapping/install/crazyflie_ros2_multiranger_wall_following:/home/yanyew/mapping/install/crazyflie_ros2_multiranger_simple_mapper:/home/yanyew/mapping/install/crazyflie_py:/home/yanyew/mapping/install/crazyflie_launch:/opt/ros/humble LD_LIBRARY_PATH=/home/yanyew/mapping/install/crazyflie_interfaces/lib:/usr/lib/x86_64-linux-gnu/gazebo-11/plugins:/opt/ros/humble/opt/rviz_ogre_vendor/lib:/opt/ros/humble/lib/x86_64-linux-gnu:/opt/ros/humble/lib:/usr/lib/x86_64-linux-gnu/gazebo-11/plugins /usr/bin/cmake --build /home/yanyew/mapping/build/crazyflie -- -j12 -l12
[0.744s] [ 22%] Built target crazyflieLinkCpp
[0.751s] [ 27%] Built target teleop
[0.783s] [ 35%] Built target crazyflie_cpp
[0.901s] [ 40%] Built target scan
[0.909s] [ 45%] Built target reboot
[0.912s] [ 50%] Built target version
[0.912s] [ 67%] Built target comCheck
[0.913s] [ 55%] Built target listParams
[0.913s] [ 72%] Built target downloadUSDLogfile
[0.913s] [ 75%] Built target crazyflie_server
[0.914s] [ 80%] Built target listMemories
[0.915s] [ 60%] Built target log
[0.919s] [ 85%] Built target listLogVariables
[0.920s] [ 90%] Built target console
[0.921s] [ 95%] Built target battery
[0.962s] [100%] Built target setParam
[0.982s] Invoked command in '/home/yanyew/mapping/build/crazyflie' returned '0': CMAKE_PREFIX_PATH=/home/yanyew/mapping/install/crazyflie_interfaces:/home/yanyew/mapping/install/crazyflie_ros2_multiranger_bringup:/home/yanyew/mapping/install/ros_gz_crazyflie_bringup:/home/yanyew/mapping/install/ros_gz_crazyflie_gazebo:/home/yanyew/mapping/install/crazyflie_sim:/home/yanyew/mapping/install/crazyflie_examples:/home/yanyew/mapping/install/crazyflie:/home/yanyew/mapping/install/ros_gz_crazyflie_control:/home/yanyew/mapping/install/merge_map:/home/yanyew/mapping/install/crazyflie_ros2_multiranger_wall_following:/home/yanyew/mapping/install/crazyflie_ros2_multiranger_simple_mapper:/home/yanyew/mapping/install/crazyflie_py:/home/yanyew/mapping/install/crazyflie_launch:/opt/ros/humble LD_LIBRARY_PATH=/home/yanyew/mapping/install/crazyflie_interfaces/lib:/usr/lib/x86_64-linux-gnu/gazebo-11/plugins:/opt/ros/humble/opt/rviz_ogre_vendor/lib:/opt/ros/humble/lib/x86_64-linux-gnu:/opt/ros/humble/lib:/usr/lib/x86_64-linux-gnu/gazebo-11/plugins /usr/bin/cmake --build /home/yanyew/mapping/build/crazyflie -- -j12 -l12
[0.985s] Invoking command in '/home/yanyew/mapping/build/crazyflie': CMAKE_PREFIX_PATH=/home/yanyew/mapping/install/crazyflie_interfaces:/home/yanyew/mapping/install/crazyflie_ros2_multiranger_bringup:/home/yanyew/mapping/install/ros_gz_crazyflie_bringup:/home/yanyew/mapping/install/ros_gz_crazyflie_gazebo:/home/yanyew/mapping/install/crazyflie_sim:/home/yanyew/mapping/install/crazyflie_examples:/home/yanyew/mapping/install/crazyflie:/home/yanyew/mapping/install/ros_gz_crazyflie_control:/home/yanyew/mapping/install/merge_map:/home/yanyew/mapping/install/crazyflie_ros2_multiranger_wall_following:/home/yanyew/mapping/install/crazyflie_ros2_multiranger_simple_mapper:/home/yanyew/mapping/install/crazyflie_py:/home/yanyew/mapping/install/crazyflie_launch:/opt/ros/humble LD_LIBRARY_PATH=/home/yanyew/mapping/install/crazyflie_interfaces/lib:/usr/lib/x86_64-linux-gnu/gazebo-11/plugins:/opt/ros/humble/opt/rviz_ogre_vendor/lib:/opt/ros/humble/lib/x86_64-linux-gnu:/opt/ros/humble/lib:/usr/lib/x86_64-linux-gnu/gazebo-11/plugins /usr/bin/cmake --install /home/yanyew/mapping/build/crazyflie
[0.996s] -- Install configuration: ""
[0.997s] -- Up-to-date: /home/yanyew/mapping/install/crazyflie/lib/crazyflie/comCheck
[0.997s] -- Up-to-date: /home/yanyew/mapping/install/crazyflie/lib/crazyflie/scan
[0.998s] -- Up-to-date: /home/yanyew/mapping/install/crazyflie/lib/crazyflie/listParams
[1.001s] -- Up-to-date: /home/yanyew/mapping/install/crazyflie/lib/crazyflie/listLogVariables
[1.001s] -- Up-to-date: /home/yanyew/mapping/install/crazyflie/lib/crazyflie/listMemories
[1.001s] -- Up-to-date: /home/yanyew/mapping/install/crazyflie/lib/crazyflie/reboot
[1.002s] -- Up-to-date: /home/yanyew/mapping/install/crazyflie/lib/crazyflie/battery
[1.002s] -- Up-to-date: /home/yanyew/mapping/install/crazyflie/lib/crazyflie/version
[1.002s] -- Up-to-date: /home/yanyew/mapping/install/crazyflie/lib/crazyflie/console
[1.002s] -- Up-to-date: /home/yanyew/mapping/install/crazyflie/lib/crazyflie/log
[1.002s] -- Up-to-date: /home/yanyew/mapping/install/crazyflie/lib/crazyflie/setParam
[1.002s] -- Up-to-date: /home/yanyew/mapping/install/crazyflie/lib/crazyflie/downloadUSDLogfile
[1.002s] -- Up-to-date: /home/yanyew/mapping/install/crazyflie/lib/crazyflie/teleop
[1.003s] -- Up-to-date: /home/yanyew/mapping/install/crazyflie/lib/crazyflie/crazyflie_server
[1.003s] -- Up-to-date: /home/yanyew/mapping/install/crazyflie/lib/crazyflie/crazyflie_server.py
[1.003s] -- Up-to-date: /home/yanyew/mapping/install/crazyflie/lib/crazyflie/chooser.py
[1.003s] -- Up-to-date: /home/yanyew/mapping/install/crazyflie/lib/crazyflie/vel_mux.py
[1.003s] -- Up-to-date: /home/yanyew/mapping/install/crazyflie/lib/crazyflie/cfmult.py
[1.003s] -- Up-to-date: /home/yanyew/mapping/install/crazyflie/lib/crazyflie/simple_mapper_multiranger.py
[1.003s] -- Up-to-date: /home/yanyew/mapping/install/crazyflie/lib/crazyflie/aideck_streamer.py
[1.004s] -- Up-to-date: /home/yanyew/mapping/install/crazyflie/lib/crazyflie/gui.py
[1.004s] -- Up-to-date: /home/yanyew/mapping/install/crazyflie/lib/crazyflie/flash.py
[1.004s] -- Up-to-date: /home/yanyew/mapping/install/crazyflie/share/crazyflie//launch
[1.010s] -- Up-to-date: /home/yanyew/mapping/install/crazyflie/share/crazyflie//launch/launch_teleop2.py
[1.010s] -- Up-to-date: /home/yanyew/mapping/install/crazyflie/share/crazyflie//launch/launch(Feb 13).py
[1.010s] -- Up-to-date: /home/yanyew/mapping/install/crazyflie/share/crazyflie//launch/default_swarm_map.launch.py
[1.010s] -- Up-to-date: /home/yanyew/mapping/install/crazyflie/share/crazyflie//launch/launch.py
[1.010s] -- Up-to-date: /home/yanyew/mapping/install/crazyflie/share/crazyflie//launch/teleop_launch.py
[1.011s] -- Up-to-date: /home/yanyew/mapping/install/crazyflie/share/crazyflie//launch/swarm_mapping.launch.py
[1.011s] -- Up-to-date: /home/yanyew/mapping/install/crazyflie/share/crazyflie//config
[1.011s] -- Up-to-date: /home/yanyew/mapping/install/crazyflie/share/crazyflie//config/aideck_streamer.yaml
[1.012s] -- Up-to-date: /home/yanyew/mapping/install/crazyflie/share/crazyflie//config/config.rviz
[1.012s] -- Up-to-date: /home/yanyew/mapping/install/crazyflie/share/crazyflie//config/crazyflies.yaml
[1.012s] -- Up-to-date: /home/yanyew/mapping/install/crazyflie/share/crazyflie//config/teleop.yaml
[1.012s] -- Up-to-date: /home/yanyew/mapping/install/crazyflie/share/crazyflie//config/server.yaml
[1.012s] -- Up-to-date: /home/yanyew/mapping/install/crazyflie/share/crazyflie//config/config copy.rviz
[1.012s] -- Up-to-date: /home/yanyew/mapping/install/crazyflie/share/crazyflie//config/motion_capture.yaml
[1.013s] -- Up-to-date: /home/yanyew/mapping/install/crazyflie/share/crazyflie//urdf
[1.013s] -- Up-to-date: /home/yanyew/mapping/install/crazyflie/share/crazyflie//urdf/cf2_assembly_with_props.dae
[1.013s] -- Up-to-date: /home/yanyew/mapping/install/crazyflie/share/crazyflie//urdf/crazyflie_description.urdf
[1.013s] -- Up-to-date: /home/yanyew/mapping/install/crazyflie/share/crazyflie//urdf/cf2_assembly.stl
[1.014s] -- Up-to-date: /home/yanyew/mapping/install/crazyflie/share/ament_index/resource_index/package_run_dependencies/crazyflie
[1.014s] -- Up-to-date: /home/yanyew/mapping/install/crazyflie/share/ament_index/resource_index/parent_prefix_path/crazyflie
[1.014s] -- Up-to-date: /home/yanyew/mapping/install/crazyflie/share/crazyflie/environment/ament_prefix_path.sh
[1.017s] -- Up-to-date: /home/yanyew/mapping/install/crazyflie/share/crazyflie/environment/ament_prefix_path.dsv
[1.017s] -- Up-to-date: /home/yanyew/mapping/install/crazyflie/share/crazyflie/environment/path.sh
[1.017s] -- Up-to-date: /home/yanyew/mapping/install/crazyflie/share/crazyflie/environment/path.dsv
[1.017s] -- Up-to-date: /home/yanyew/mapping/install/crazyflie/share/crazyflie/local_setup.bash
[1.017s] -- Up-to-date: /home/yanyew/mapping/install/crazyflie/share/crazyflie/local_setup.sh
[1.017s] -- Up-to-date: /home/yanyew/mapping/install/crazyflie/share/crazyflie/local_setup.zsh
[1.018s] -- Up-to-date: /home/yanyew/mapping/install/crazyflie/share/crazyflie/local_setup.dsv
[1.018s] -- Installing: /home/yanyew/mapping/install/crazyflie/share/crazyflie/package.dsv
[1.018s] -- Up-to-date: /home/yanyew/mapping/install/crazyflie/share/ament_index/resource_index/packages/crazyflie
[1.021s] -- Up-to-date: /home/yanyew/mapping/install/crazyflie/share/crazyflie/cmake/crazyflieConfig.cmake
[1.021s] -- Up-to-date: /home/yanyew/mapping/install/crazyflie/share/crazyflie/cmake/crazyflieConfig-version.cmake
[1.021s] -- Up-to-date: /home/yanyew/mapping/install/crazyflie/share/crazyflie/package.xml
[1.021s] Invoked command in '/home/yanyew/mapping/build/crazyflie' returned '0': CMAKE_PREFIX_PATH=/home/yanyew/mapping/install/crazyflie_interfaces:/home/yanyew/mapping/install/crazyflie_ros2_multiranger_bringup:/home/yanyew/mapping/install/ros_gz_crazyflie_bringup:/home/yanyew/mapping/install/ros_gz_crazyflie_gazebo:/home/yanyew/mapping/install/crazyflie_sim:/home/yanyew/mapping/install/crazyflie_examples:/home/yanyew/mapping/install/crazyflie:/home/yanyew/mapping/install/ros_gz_crazyflie_control:/home/yanyew/mapping/install/merge_map:/home/yanyew/mapping/install/crazyflie_ros2_multiranger_wall_following:/home/yanyew/mapping/install/crazyflie_ros2_multiranger_simple_mapper:/home/yanyew/mapping/install/crazyflie_py:/home/yanyew/mapping/install/crazyflie_launch:/opt/ros/humble LD_LIBRARY_PATH=/home/yanyew/mapping/install/crazyflie_interfaces/lib:/usr/lib/x86_64-linux-gnu/gazebo-11/plugins:/opt/ros/humble/opt/rviz_ogre_vendor/lib:/opt/ros/humble/lib/x86_64-linux-gnu:/opt/ros/humble/lib:/usr/lib/x86_64-linux-gnu/gazebo-11/plugins /usr/bin/cmake --install /home/yanyew/mapping/build/crazyflie
