[0.040s] Invoking command in '/home/yanyew/mapping/build/ros_gz_crazyflie_gazebo': CMAKE_PREFIX_PATH=${CMAKE_PREFIX_PATH}:/home/yanyew/mapping/install/ros_gz_crazyflie_control:/home/yanyew/mapping/install/merge_map:/home/yanyew/mapping/install/crazyflie_ros2_multiranger_wall_following:/home/yanyew/mapping/install/crazyflie_ros2_multiranger_simple_mapper:/home/yanyew/mapping/install/crazyflie_py:/home/yanyew/mapping/install/crazyflie_launch:/opt/ros/humble /usr/bin/cmake --build /home/yanyew/mapping/build/ros_gz_crazyflie_gazebo -- -j12 -l12
[1.648s] Invoked command in '/home/yanyew/mapping/build/ros_gz_crazyflie_gazebo' returned '0': CMAKE_PREFIX_PATH=${CMAKE_PREFIX_PATH}:/home/yanyew/mapping/install/ros_gz_crazyflie_control:/home/yanyew/mapping/install/merge_map:/home/yanyew/mapping/install/crazyflie_ros2_multiranger_wall_following:/home/yanyew/mapping/install/crazyflie_ros2_multiranger_simple_mapper:/home/yanyew/mapping/install/crazyflie_py:/home/yanyew/mapping/install/crazyflie_launch:/opt/ros/humble /usr/bin/cmake --build /home/yanyew/mapping/build/ros_gz_crazyflie_gazebo -- -j12 -l12
[1.656s] Invoking command in '/home/yanyew/mapping/build/ros_gz_crazyflie_gazebo': CMAKE_PREFIX_PATH=${CMAKE_PREFIX_PATH}:/home/yanyew/mapping/install/ros_gz_crazyflie_control:/home/yanyew/mapping/install/merge_map:/home/yanyew/mapping/install/crazyflie_ros2_multiranger_wall_following:/home/yanyew/mapping/install/crazyflie_ros2_multiranger_simple_mapper:/home/yanyew/mapping/install/crazyflie_py:/home/yanyew/mapping/install/crazyflie_launch:/opt/ros/humble /usr/bin/cmake --install /home/yanyew/mapping/build/ros_gz_crazyflie_gazebo
[1.663s] -- Install configuration: ""
[1.664s] -- Up-to-date: /home/yanyew/mapping/install/ros_gz_crazyflie_gazebo/share/ros_gz_crazyflie_gazebo/worlds
[1.664s] -- Up-to-date: /home/yanyew/mapping/install/ros_gz_crazyflie_gazebo/share/ros_gz_crazyflie_gazebo/worlds/crazyflie_world.sdf
[1.665s] -- Up-to-date: /home/yanyew/mapping/install/ros_gz_crazyflie_gazebo/share/ament_index/resource_index/package_run_dependencies/ros_gz_crazyflie_gazebo
[1.666s] -- Up-to-date: /home/yanyew/mapping/install/ros_gz_crazyflie_gazebo/share/ament_index/resource_index/parent_prefix_path/ros_gz_crazyflie_gazebo
[1.666s] -- Up-to-date: /home/yanyew/mapping/install/ros_gz_crazyflie_gazebo/share/ros_gz_crazyflie_gazebo/environment/ament_prefix_path.sh
[1.666s] -- Up-to-date: /home/yanyew/mapping/install/ros_gz_crazyflie_gazebo/share/ros_gz_crazyflie_gazebo/environment/ament_prefix_path.dsv
[1.666s] -- Up-to-date: /home/yanyew/mapping/install/ros_gz_crazyflie_gazebo/share/ros_gz_crazyflie_gazebo/environment/path.sh
[1.666s] -- Up-to-date: /home/yanyew/mapping/install/ros_gz_crazyflie_gazebo/share/ros_gz_crazyflie_gazebo/environment/path.dsv
[1.666s] -- Up-to-date: /home/yanyew/mapping/install/ros_gz_crazyflie_gazebo/share/ros_gz_crazyflie_gazebo/local_setup.bash
[1.666s] -- Up-to-date: /home/yanyew/mapping/install/ros_gz_crazyflie_gazebo/share/ros_gz_crazyflie_gazebo/local_setup.sh
[1.667s] -- Up-to-date: /home/yanyew/mapping/install/ros_gz_crazyflie_gazebo/share/ros_gz_crazyflie_gazebo/local_setup.zsh
[1.667s] -- Up-to-date: /home/yanyew/mapping/install/ros_gz_crazyflie_gazebo/share/ros_gz_crazyflie_gazebo/local_setup.dsv
[1.667s] -- Installing: /home/yanyew/mapping/install/ros_gz_crazyflie_gazebo/share/ros_gz_crazyflie_gazebo/package.dsv
[1.667s] -- Up-to-date: /home/yanyew/mapping/install/ros_gz_crazyflie_gazebo/share/ament_index/resource_index/packages/ros_gz_crazyflie_gazebo
[1.667s] -- Up-to-date: /home/yanyew/mapping/install/ros_gz_crazyflie_gazebo/share/ros_gz_crazyflie_gazebo/cmake/ros_gz_crazyflie_gazeboConfig.cmake
[1.667s] -- Up-to-date: /home/yanyew/mapping/install/ros_gz_crazyflie_gazebo/share/ros_gz_crazyflie_gazebo/cmake/ros_gz_crazyflie_gazeboConfig-version.cmake
[1.667s] -- Up-to-date: /home/yanyew/mapping/install/ros_gz_crazyflie_gazebo/share/ros_gz_crazyflie_gazebo/package.xml
[1.730s] Invoked command in '/home/yanyew/mapping/build/ros_gz_crazyflie_gazebo' returned '0': CMAKE_PREFIX_PATH=${CMAKE_PREFIX_PATH}:/home/yanyew/mapping/install/ros_gz_crazyflie_control:/home/yanyew/mapping/install/merge_map:/home/yanyew/mapping/install/crazyflie_ros2_multiranger_wall_following:/home/yanyew/mapping/install/crazyflie_ros2_multiranger_simple_mapper:/home/yanyew/mapping/install/crazyflie_py:/home/yanyew/mapping/install/crazyflie_launch:/opt/ros/humble /usr/bin/cmake --install /home/yanyew/mapping/build/ros_gz_crazyflie_gazebo
