[0.045s] Invoking command in '/home/yanyew/mapping/build/crazyflie_interfaces': CMAKE_PREFIX_PATH=${CMAKE_PREFIX_PATH}:/home/yanyew/mapping/install/ros_gz_crazyflie_control:/home/yanyew/mapping/install/merge_map:/home/yanyew/mapping/install/crazyflie_ros2_multiranger_wall_following:/home/yanyew/mapping/install/crazyflie_ros2_multiranger_simple_mapper:/home/yanyew/mapping/install/crazyflie_py:/home/yanyew/mapping/install/crazyflie_launch:/opt/ros/humble /usr/bin/cmake --build /home/yanyew/mapping/build/crazyflie_interfaces -- -j12 -l12
[1.683s] [  0%] Built target crazyflie_interfaces__cpp
[1.683s] [ 12%] Built target crazyflie_interfaces__rosidl_generator_c
[1.683s] [ 12%] Built target ament_cmake_python_copy_crazyflie_interfaces
[1.683s] [ 24%] Built target crazyflie_interfaces__rosidl_typesupport_cpp
[1.683s] [ 37%] Built target crazyflie_interfaces__rosidl_typesupport_introspection_cpp
[1.683s] [ 49%] Built target crazyflie_interfaces__rosidl_typesupport_c
[1.684s] [ 72%] Built target crazyflie_interfaces__rosidl_typesupport_fastrtps_c
[1.684s] [ 73%] Built target crazyflie_interfaces__rosidl_typesupport_introspection_c
[1.684s] [ 85%] Built target crazyflie_interfaces__rosidl_typesupport_fastrtps_cpp
[1.684s] [ 85%] Built target crazyflie_interfaces
[1.684s] [ 86%] Built target crazyflie_interfaces__py
[1.685s] [ 97%] Built target crazyflie_interfaces__rosidl_generator_py
[1.685s] [ 98%] Built target crazyflie_interfaces__rosidl_typesupport_c__pyext
[1.685s] [100%] Built target crazyflie_interfaces__rosidl_typesupport_introspection_c__pyext
[1.685s] [100%] Built target crazyflie_interfaces__rosidl_typesupport_fastrtps_c__pyext
[1.685s] running egg_info
[1.685s] writing crazyflie_interfaces.egg-info/PKG-INFO
[1.685s] writing dependency_links to crazyflie_interfaces.egg-info/dependency_links.txt
[1.686s] writing top-level names to crazyflie_interfaces.egg-info/top_level.txt
[1.686s] reading manifest file 'crazyflie_interfaces.egg-info/SOURCES.txt'
[1.686s] writing manifest file 'crazyflie_interfaces.egg-info/SOURCES.txt'
[1.686s] [100%] Built target ament_cmake_python_build_crazyflie_interfaces_egg
[1.696s] Invoked command in '/home/yanyew/mapping/build/crazyflie_interfaces' returned '0': CMAKE_PREFIX_PATH=${CMAKE_PREFIX_PATH}:/home/yanyew/mapping/install/ros_gz_crazyflie_control:/home/yanyew/mapping/install/merge_map:/home/yanyew/mapping/install/crazyflie_ros2_multiranger_wall_following:/home/yanyew/mapping/install/crazyflie_ros2_multiranger_simple_mapper:/home/yanyew/mapping/install/crazyflie_py:/home/yanyew/mapping/install/crazyflie_launch:/opt/ros/humble /usr/bin/cmake --build /home/yanyew/mapping/build/crazyflie_interfaces -- -j12 -l12
[1.697s] Invoking command in '/home/yanyew/mapping/build/crazyflie_interfaces': CMAKE_PREFIX_PATH=${CMAKE_PREFIX_PATH}:/home/yanyew/mapping/install/ros_gz_crazyflie_control:/home/yanyew/mapping/install/merge_map:/home/yanyew/mapping/install/crazyflie_ros2_multiranger_wall_following:/home/yanyew/mapping/install/crazyflie_ros2_multiranger_simple_mapper:/home/yanyew/mapping/install/crazyflie_py:/home/yanyew/mapping/install/crazyflie_launch:/opt/ros/humble /usr/bin/cmake --install /home/yanyew/mapping/build/crazyflie_interfaces
[1.710s] -- Install configuration: ""
[1.711s] -- Up-to-date: /home/yanyew/mapping/install/crazyflie_interfaces/share/ament_index/resource_index/rosidl_interfaces/crazyflie_interfaces
[1.711s] -- Up-to-date: /home/yanyew/mapping/install/crazyflie_interfaces/include/crazyflie_interfaces/crazyflie_interfaces
[1.713s] -- Up-to-date: /home/yanyew/mapping/install/crazyflie_interfaces/include/crazyflie_interfaces/crazyflie_interfaces/srv
[1.715s] -- Up-to-date: /home/yanyew/mapping/install/crazyflie_interfaces/include/crazyflie_interfaces/crazyflie_interfaces/srv/detail
[1.715s] -- Up-to-date: /home/yanyew/mapping/install/crazyflie_interfaces/include/crazyflie_interfaces/crazyflie_interfaces/srv/detail/set_group_mask__type_support.h
[1.717s] -- Up-to-date: /home/yanyew/mapping/install/crazyflie_interfaces/include/crazyflie_interfaces/crazyflie_interfaces/srv/detail/arm__functions.h
[1.717s] -- Up-to-date: /home/yanyew/mapping/install/crazyflie_interfaces/include/crazyflie_interfaces/crazyflie_interfaces/srv/detail/remove_logging__struct.h
[1.717s] -- Up-to-date: /home/yanyew/mapping/install/crazyflie_interfaces/include/crazyflie_interfaces/crazyflie_interfaces/srv/detail/add_logging__type_support.h
[1.718s] -- Up-to-date: /home/yanyew/mapping/install/crazyflie_interfaces/include/crazyflie_interfaces/crazyflie_interfaces/srv/detail/takeoff__functions.h
[1.718s] -- Up-to-date: /home/yanyew/mapping/install/crazyflie_interfaces/include/crazyflie_interfaces/crazyflie_interfaces/srv/detail/add_logging__functions.h
[1.718s] -- Up-to-date: /home/yanyew/mapping/install/crazyflie_interfaces/include/crazyflie_interfaces/crazyflie_interfaces/srv/detail/takeoff__struct.h
[1.718s] -- Up-to-date: /home/yanyew/mapping/install/crazyflie_interfaces/include/crazyflie_interfaces/crazyflie_interfaces/srv/detail/remove_logging__functions.c
[1.718s] -- Up-to-date: /home/yanyew/mapping/install/crazyflie_interfaces/include/crazyflie_interfaces/crazyflie_interfaces/srv/detail/takeoff__type_support.h
[1.719s] -- Up-to-date: /home/yanyew/mapping/install/crazyflie_interfaces/include/crazyflie_interfaces/crazyflie_interfaces/srv/detail/start_trajectory__functions.c
[1.720s] -- Up-to-date: /home/yanyew/mapping/install/crazyflie_interfaces/include/crazyflie_interfaces/crazyflie_interfaces/srv/detail/start_trajectory__struct.h
[1.720s] -- Up-to-date: /home/yanyew/mapping/install/crazyflie_interfaces/include/crazyflie_interfaces/crazyflie_interfaces/srv/detail/update_params__struct.h
[1.720s] -- Up-to-date: /home/yanyew/mapping/install/crazyflie_interfaces/include/crazyflie_interfaces/crazyflie_interfaces/srv/detail/stop__type_support.h
[1.720s] -- Up-to-date: /home/yanyew/mapping/install/crazyflie_interfaces/include/crazyflie_interfaces/crazyflie_interfaces/srv/detail/add_logging__functions.c
[1.721s] -- Up-to-date: /home/yanyew/mapping/install/crazyflie_interfaces/include/crazyflie_interfaces/crazyflie_interfaces/srv/detail/go_to__struct.h
[1.721s] -- Up-to-date: /home/yanyew/mapping/install/crazyflie_interfaces/include/crazyflie_interfaces/crazyflie_interfaces/srv/detail/update_params__type_support.h
[1.721s] -- Up-to-date: /home/yanyew/mapping/install/crazyflie_interfaces/include/crazyflie_interfaces/crazyflie_interfaces/srv/detail/go_to__functions.h
[1.721s] -- Up-to-date: /home/yanyew/mapping/install/crazyflie_interfaces/include/crazyflie_interfaces/crazyflie_interfaces/srv/detail/start_trajectory__functions.h
[1.721s] -- Up-to-date: /home/yanyew/mapping/install/crazyflie_interfaces/include/crazyflie_interfaces/crazyflie_interfaces/srv/detail/remove_logging__type_support.h
[1.721s] -- Up-to-date: /home/yanyew/mapping/install/crazyflie_interfaces/include/crazyflie_interfaces/crazyflie_interfaces/srv/detail/arm__struct.h
[1.722s] -- Up-to-date: /home/yanyew/mapping/install/crazyflie_interfaces/include/crazyflie_interfaces/crazyflie_interfaces/srv/detail/go_to__type_support.h
[1.722s] -- Up-to-date: /home/yanyew/mapping/install/crazyflie_interfaces/include/crazyflie_interfaces/crazyflie_interfaces/srv/detail/stop__functions.h
[1.722s] -- Up-to-date: /home/yanyew/mapping/install/crazyflie_interfaces/include/crazyflie_interfaces/crazyflie_interfaces/srv/detail/notify_setpoints_stop__struct.h
[1.723s] -- Up-to-date: /home/yanyew/mapping/install/crazyflie_interfaces/include/crazyflie_interfaces/crazyflie_interfaces/srv/detail/upload_trajectory__type_support.h
[1.723s] -- Up-to-date: /home/yanyew/mapping/install/crazyflie_interfaces/include/crazyflie_interfaces/crazyflie_interfaces/srv/detail/add_logging__struct.h
[1.723s] -- Up-to-date: /home/yanyew/mapping/install/crazyflie_interfaces/include/crazyflie_interfaces/crazyflie_interfaces/srv/detail/upload_trajectory__functions.c
[1.723s] -- Up-to-date: /home/yanyew/mapping/install/crazyflie_interfaces/include/crazyflie_interfaces/crazyflie_interfaces/srv/detail/takeoff__functions.c
[1.723s] -- Up-to-date: /home/yanyew/mapping/install/crazyflie_interfaces/include/crazyflie_interfaces/crazyflie_interfaces/srv/detail/notify_setpoints_stop__functions.h
[1.723s] -- Up-to-date: /home/yanyew/mapping/install/crazyflie_interfaces/include/crazyflie_interfaces/crazyflie_interfaces/srv/detail/stop__struct.h
[1.723s] -- Up-to-date: /home/yanyew/mapping/install/crazyflie_interfaces/include/crazyflie_interfaces/crazyflie_interfaces/srv/detail/update_params__functions.c
[1.723s] -- Up-to-date: /home/yanyew/mapping/install/crazyflie_interfaces/include/crazyflie_interfaces/crazyflie_interfaces/srv/detail/set_group_mask__functions.h
[1.724s] -- Up-to-date: /home/yanyew/mapping/install/crazyflie_interfaces/include/crazyflie_interfaces/crazyflie_interfaces/srv/detail/land__type_support.h
[1.724s] -- Up-to-date: /home/yanyew/mapping/install/crazyflie_interfaces/include/crazyflie_interfaces/crazyflie_interfaces/srv/detail/notify_setpoints_stop__functions.c
[1.724s] -- Up-to-date: /home/yanyew/mapping/install/crazyflie_interfaces/include/crazyflie_interfaces/crazyflie_interfaces/srv/detail/arm__type_support.h
[1.724s] -- Up-to-date: /home/yanyew/mapping/install/crazyflie_interfaces/include/crazyflie_interfaces/crazyflie_interfaces/srv/detail/go_to__functions.c
[1.724s] -- Up-to-date: /home/yanyew/mapping/install/crazyflie_interfaces/include/crazyflie_interfaces/crazyflie_interfaces/srv/detail/start_trajectory__type_support.h
[1.724s] -- Up-to-date: /home/yanyew/mapping/install/crazyflie_interfaces/include/crazyflie_interfaces/crazyflie_interfaces/srv/detail/upload_trajectory__functions.h
[1.724s] -- Up-to-date: /home/yanyew/mapping/install/crazyflie_interfaces/include/crazyflie_interfaces/crazyflie_interfaces/srv/detail/remove_logging__functions.h
[1.725s] -- Up-to-date: /home/yanyew/mapping/install/crazyflie_interfaces/include/crazyflie_interfaces/crazyflie_interfaces/srv/detail/set_group_mask__functions.c
[1.725s] -- Up-to-date: /home/yanyew/mapping/install/crazyflie_interfaces/include/crazyflie_interfaces/crazyflie_interfaces/srv/detail/notify_setpoints_stop__type_support.h
[1.725s] -- Up-to-date: /home/yanyew/mapping/install/crazyflie_interfaces/include/crazyflie_interfaces/crazyflie_interfaces/srv/detail/update_params__functions.h
[1.725s] -- Up-to-date: /home/yanyew/mapping/install/crazyflie_interfaces/include/crazyflie_interfaces/crazyflie_interfaces/srv/detail/land__functions.h
[1.725s] -- Up-to-date: /home/yanyew/mapping/install/crazyflie_interfaces/include/crazyflie_interfaces/crazyflie_interfaces/srv/detail/land__struct.h
[1.725s] -- Up-to-date: /home/yanyew/mapping/install/crazyflie_interfaces/include/crazyflie_interfaces/crazyflie_interfaces/srv/detail/upload_trajectory__struct.h
[1.725s] -- Up-to-date: /home/yanyew/mapping/install/crazyflie_interfaces/include/crazyflie_interfaces/crazyflie_interfaces/srv/detail/stop__functions.c
[1.726s] -- Up-to-date: /home/yanyew/mapping/install/crazyflie_interfaces/include/crazyflie_interfaces/crazyflie_interfaces/srv/detail/arm__functions.c
[1.726s] -- Up-to-date: /home/yanyew/mapping/install/crazyflie_interfaces/include/crazyflie_interfaces/crazyflie_interfaces/srv/detail/set_group_mask__struct.h
[1.726s] -- Up-to-date: /home/yanyew/mapping/install/crazyflie_interfaces/include/crazyflie_interfaces/crazyflie_interfaces/srv/detail/land__functions.c
[1.726s] -- Up-to-date: /home/yanyew/mapping/install/crazyflie_interfaces/include/crazyflie_interfaces/crazyflie_interfaces/srv/arm.h
[1.726s] -- Up-to-date: /home/yanyew/mapping/install/crazyflie_interfaces/include/crazyflie_interfaces/crazyflie_interfaces/srv/takeoff.h
[1.726s] -- Up-to-date: /home/yanyew/mapping/install/crazyflie_interfaces/include/crazyflie_interfaces/crazyflie_interfaces/srv/update_params.h
[1.727s] -- Up-to-date: /home/yanyew/mapping/install/crazyflie_interfaces/include/crazyflie_interfaces/crazyflie_interfaces/srv/set_group_mask.h
[1.727s] -- Up-to-date: /home/yanyew/mapping/install/crazyflie_interfaces/include/crazyflie_interfaces/crazyflie_interfaces/srv/remove_logging.h
[1.728s] -- Up-to-date: /home/yanyew/mapping/install/crazyflie_interfaces/include/crazyflie_interfaces/crazyflie_interfaces/srv/upload_trajectory.h
[1.728s] -- Up-to-date: /home/yanyew/mapping/install/crazyflie_interfaces/include/crazyflie_interfaces/crazyflie_interfaces/srv/go_to.h
[1.728s] -- Up-to-date: /home/yanyew/mapping/install/crazyflie_interfaces/include/crazyflie_interfaces/crazyflie_interfaces/srv/start_trajectory.h
[1.728s] -- Up-to-date: /home/yanyew/mapping/install/crazyflie_interfaces/include/crazyflie_interfaces/crazyflie_interfaces/srv/land.h
[1.728s] -- Up-to-date: /home/yanyew/mapping/install/crazyflie_interfaces/include/crazyflie_interfaces/crazyflie_interfaces/srv/add_logging.h
[1.728s] -- Up-to-date: /home/yanyew/mapping/install/crazyflie_interfaces/include/crazyflie_interfaces/crazyflie_interfaces/srv/stop.h
[1.728s] -- Up-to-date: /home/yanyew/mapping/install/crazyflie_interfaces/include/crazyflie_interfaces/crazyflie_interfaces/srv/notify_setpoints_stop.h
[1.729s] -- Up-to-date: /home/yanyew/mapping/install/crazyflie_interfaces/include/crazyflie_interfaces/crazyflie_interfaces/msg
[1.729s] -- Up-to-date: /home/yanyew/mapping/install/crazyflie_interfaces/include/crazyflie_interfaces/crazyflie_interfaces/msg/log_block.h
[1.729s] -- Up-to-date: /home/yanyew/mapping/install/crazyflie_interfaces/include/crazyflie_interfaces/crazyflie_interfaces/msg/detail
[1.729s] -- Up-to-date: /home/yanyew/mapping/install/crazyflie_interfaces/include/crazyflie_interfaces/crazyflie_interfaces/msg/detail/log_block__struct.h
[1.729s] -- Up-to-date: /home/yanyew/mapping/install/crazyflie_interfaces/include/crazyflie_interfaces/crazyflie_interfaces/msg/detail/status__struct.h
[1.729s] -- Up-to-date: /home/yanyew/mapping/install/crazyflie_interfaces/include/crazyflie_interfaces/crazyflie_interfaces/msg/detail/status__functions.h
[1.730s] -- Up-to-date: /home/yanyew/mapping/install/crazyflie_interfaces/include/crazyflie_interfaces/crazyflie_interfaces/msg/detail/trajectory_polynomial_piece__functions.h
[1.730s] -- Up-to-date: /home/yanyew/mapping/install/crazyflie_interfaces/include/crazyflie_interfaces/crazyflie_interfaces/msg/detail/log_block__functions.h
[1.730s] -- Up-to-date: /home/yanyew/mapping/install/crazyflie_interfaces/include/crazyflie_interfaces/crazyflie_interfaces/msg/detail/full_state__struct.h
[1.730s] -- Up-to-date: /home/yanyew/mapping/install/crazyflie_interfaces/include/crazyflie_interfaces/crazyflie_interfaces/msg/detail/trajectory_polynomial_piece__type_support.h
[1.730s] -- Up-to-date: /home/yanyew/mapping/install/crazyflie_interfaces/include/crazyflie_interfaces/crazyflie_interfaces/msg/detail/position__functions.c
[1.730s] -- Up-to-date: /home/yanyew/mapping/install/crazyflie_interfaces/include/crazyflie_interfaces/crazyflie_interfaces/msg/detail/full_state__functions.h
[1.730s] -- Up-to-date: /home/yanyew/mapping/install/crazyflie_interfaces/include/crazyflie_interfaces/crazyflie_interfaces/msg/detail/connection_statistics__type_support.h
[1.730s] -- Up-to-date: /home/yanyew/mapping/install/crazyflie_interfaces/include/crazyflie_interfaces/crazyflie_interfaces/msg/detail/log_data_generic__functions.c
[1.731s] -- Up-to-date: /home/yanyew/mapping/install/crazyflie_interfaces/include/crazyflie_interfaces/crazyflie_interfaces/msg/detail/trajectory_polynomial_piece__functions.c
[1.731s] -- Up-to-date: /home/yanyew/mapping/install/crazyflie_interfaces/include/crazyflie_interfaces/crazyflie_interfaces/msg/detail/hover__functions.c
[1.731s] -- Up-to-date: /home/yanyew/mapping/install/crazyflie_interfaces/include/crazyflie_interfaces/crazyflie_interfaces/msg/detail/log_data_generic__functions.h
[1.731s] -- Up-to-date: /home/yanyew/mapping/install/crazyflie_interfaces/include/crazyflie_interfaces/crazyflie_interfaces/msg/detail/position__type_support.h
[1.731s] -- Up-to-date: /home/yanyew/mapping/install/crazyflie_interfaces/include/crazyflie_interfaces/crazyflie_interfaces/msg/detail/connection_statistics__functions.h
[1.731s] -- Up-to-date: /home/yanyew/mapping/install/crazyflie_interfaces/include/crazyflie_interfaces/crazyflie_interfaces/msg/detail/connection_statistics_array__struct.h
[1.731s] -- Up-to-date: /home/yanyew/mapping/install/crazyflie_interfaces/include/crazyflie_interfaces/crazyflie_interfaces/msg/detail/position__struct.h
[1.732s] -- Up-to-date: /home/yanyew/mapping/install/crazyflie_interfaces/include/crazyflie_interfaces/crazyflie_interfaces/msg/detail/trajectory_polynomial_piece__struct.h
[1.732s] -- Up-to-date: /home/yanyew/mapping/install/crazyflie_interfaces/include/crazyflie_interfaces/crazyflie_interfaces/msg/detail/connection_statistics_array__functions.h
[1.732s] -- Up-to-date: /home/yanyew/mapping/install/crazyflie_interfaces/include/crazyflie_interfaces/crazyflie_interfaces/msg/detail/full_state__functions.c
[1.732s] -- Up-to-date: /home/yanyew/mapping/install/crazyflie_interfaces/include/crazyflie_interfaces/crazyflie_interfaces/msg/detail/velocity_world__type_support.h
[1.732s] -- Up-to-date: /home/yanyew/mapping/install/crazyflie_interfaces/include/crazyflie_interfaces/crazyflie_interfaces/msg/detail/status__type_support.h
[1.732s] -- Up-to-date: /home/yanyew/mapping/install/crazyflie_interfaces/include/crazyflie_interfaces/crazyflie_interfaces/msg/detail/status__functions.c
[1.732s] -- Up-to-date: /home/yanyew/mapping/install/crazyflie_interfaces/include/crazyflie_interfaces/crazyflie_interfaces/msg/detail/connection_statistics__struct.h
[1.732s] -- Up-to-date: /home/yanyew/mapping/install/crazyflie_interfaces/include/crazyflie_interfaces/crazyflie_interfaces/msg/detail/velocity_world__functions.h
[1.733s] -- Up-to-date: /home/yanyew/mapping/install/crazyflie_interfaces/include/crazyflie_interfaces/crazyflie_interfaces/msg/detail/velocity_world__functions.c
[1.733s] -- Up-to-date: /home/yanyew/mapping/install/crazyflie_interfaces/include/crazyflie_interfaces/crazyflie_interfaces/msg/detail/log_data_generic__type_support.h
[1.733s] -- Up-to-date: /home/yanyew/mapping/install/crazyflie_interfaces/include/crazyflie_interfaces/crazyflie_interfaces/msg/detail/hover__struct.h
[1.733s] -- Up-to-date: /home/yanyew/mapping/install/crazyflie_interfaces/include/crazyflie_interfaces/crazyflie_interfaces/msg/detail/connection_statistics__functions.c
[1.733s] -- Up-to-date: /home/yanyew/mapping/install/crazyflie_interfaces/include/crazyflie_interfaces/crazyflie_interfaces/msg/detail/hover__functions.h
[1.733s] -- Up-to-date: /home/yanyew/mapping/install/crazyflie_interfaces/include/crazyflie_interfaces/crazyflie_interfaces/msg/detail/hover__type_support.h
[1.733s] -- Up-to-date: /home/yanyew/mapping/install/crazyflie_interfaces/include/crazyflie_interfaces/crazyflie_interfaces/msg/detail/position__functions.h
[1.733s] -- Up-to-date: /home/yanyew/mapping/install/crazyflie_interfaces/include/crazyflie_interfaces/crazyflie_interfaces/msg/detail/log_block__functions.c
[1.734s] -- Up-to-date: /home/yanyew/mapping/install/crazyflie_interfaces/include/crazyflie_interfaces/crazyflie_interfaces/msg/detail/connection_statistics_array__type_support.h
[1.734s] -- Up-to-date: /home/yanyew/mapping/install/crazyflie_interfaces/include/crazyflie_interfaces/crazyflie_interfaces/msg/detail/full_state__type_support.h
[1.734s] -- Up-to-date: /home/yanyew/mapping/install/crazyflie_interfaces/include/crazyflie_interfaces/crazyflie_interfaces/msg/detail/connection_statistics_array__functions.c
[1.734s] -- Up-to-date: /home/yanyew/mapping/install/crazyflie_interfaces/include/crazyflie_interfaces/crazyflie_interfaces/msg/detail/log_block__type_support.h
[1.734s] -- Up-to-date: /home/yanyew/mapping/install/crazyflie_interfaces/include/crazyflie_interfaces/crazyflie_interfaces/msg/detail/velocity_world__struct.h
[1.734s] -- Up-to-date: /home/yanyew/mapping/install/crazyflie_interfaces/include/crazyflie_interfaces/crazyflie_interfaces/msg/detail/log_data_generic__struct.h
[1.735s] -- Up-to-date: /home/yanyew/mapping/install/crazyflie_interfaces/include/crazyflie_interfaces/crazyflie_interfaces/msg/velocity_world.h
[1.735s] -- Up-to-date: /home/yanyew/mapping/install/crazyflie_interfaces/include/crazyflie_interfaces/crazyflie_interfaces/msg/trajectory_polynomial_piece.h
[1.735s] -- Up-to-date: /home/yanyew/mapping/install/crazyflie_interfaces/include/crazyflie_interfaces/crazyflie_interfaces/msg/rosidl_generator_c__visibility_control.h
[1.736s] -- Up-to-date: /home/yanyew/mapping/install/crazyflie_interfaces/include/crazyflie_interfaces/crazyflie_interfaces/msg/position.h
[1.736s] -- Up-to-date: /home/yanyew/mapping/install/crazyflie_interfaces/include/crazyflie_interfaces/crazyflie_interfaces/msg/hover.h
[1.736s] -- Up-to-date: /home/yanyew/mapping/install/crazyflie_interfaces/include/crazyflie_interfaces/crazyflie_interfaces/msg/log_data_generic.h
[1.736s] -- Up-to-date: /home/yanyew/mapping/install/crazyflie_interfaces/include/crazyflie_interfaces/crazyflie_interfaces/msg/status.h
[1.736s] -- Up-to-date: /home/yanyew/mapping/install/crazyflie_interfaces/include/crazyflie_interfaces/crazyflie_interfaces/msg/full_state.h
[1.736s] -- Up-to-date: /home/yanyew/mapping/install/crazyflie_interfaces/include/crazyflie_interfaces/crazyflie_interfaces/msg/connection_statistics.h
[1.736s] -- Up-to-date: /home/yanyew/mapping/install/crazyflie_interfaces/include/crazyflie_interfaces/crazyflie_interfaces/msg/connection_statistics_array.h
[1.737s] -- Up-to-date: /home/yanyew/mapping/install/crazyflie_interfaces/share/crazyflie_interfaces/environment/library_path.sh
[1.737s] -- Up-to-date: /home/yanyew/mapping/install/crazyflie_interfaces/share/crazyflie_interfaces/environment/library_path.dsv
[1.737s] -- Up-to-date: /home/yanyew/mapping/install/crazyflie_interfaces/lib/libcrazyflie_interfaces__rosidl_generator_c.so
[1.737s] -- Up-to-date: /home/yanyew/mapping/install/crazyflie_interfaces/include/crazyflie_interfaces/crazyflie_interfaces
[1.737s] -- Up-to-date: /home/yanyew/mapping/install/crazyflie_interfaces/include/crazyflie_interfaces/crazyflie_interfaces/srv
[1.737s] -- Up-to-date: /home/yanyew/mapping/install/crazyflie_interfaces/include/crazyflie_interfaces/crazyflie_interfaces/srv/detail
[1.738s] -- Up-to-date: /home/yanyew/mapping/install/crazyflie_interfaces/include/crazyflie_interfaces/crazyflie_interfaces/srv/detail/add_logging__rosidl_typesupport_fastrtps_c.h
[1.738s] -- Up-to-date: /home/yanyew/mapping/install/crazyflie_interfaces/include/crazyflie_interfaces/crazyflie_interfaces/srv/detail/start_trajectory__rosidl_typesupport_fastrtps_c.h
[1.738s] -- Up-to-date: /home/yanyew/mapping/install/crazyflie_interfaces/include/crazyflie_interfaces/crazyflie_interfaces/srv/detail/update_params__rosidl_typesupport_fastrtps_c.h
[1.738s] -- Up-to-date: /home/yanyew/mapping/install/crazyflie_interfaces/include/crazyflie_interfaces/crazyflie_interfaces/srv/detail/remove_logging__rosidl_typesupport_fastrtps_c.h
[1.738s] -- Up-to-date: /home/yanyew/mapping/install/crazyflie_interfaces/include/crazyflie_interfaces/crazyflie_interfaces/srv/detail/takeoff__rosidl_typesupport_fastrtps_c.h
[1.738s] -- Up-to-date: /home/yanyew/mapping/install/crazyflie_interfaces/include/crazyflie_interfaces/crazyflie_interfaces/srv/detail/land__rosidl_typesupport_fastrtps_c.h
[1.739s] -- Up-to-date: /home/yanyew/mapping/install/crazyflie_interfaces/include/crazyflie_interfaces/crazyflie_interfaces/srv/detail/upload_trajectory__rosidl_typesupport_fastrtps_c.h
[1.739s] -- Up-to-date: /home/yanyew/mapping/install/crazyflie_interfaces/include/crazyflie_interfaces/crazyflie_interfaces/srv/detail/go_to__rosidl_typesupport_fastrtps_c.h
[1.739s] -- Up-to-date: /home/yanyew/mapping/install/crazyflie_interfaces/include/crazyflie_interfaces/crazyflie_interfaces/srv/detail/stop__rosidl_typesupport_fastrtps_c.h
[1.739s] -- Up-to-date: /home/yanyew/mapping/install/crazyflie_interfaces/include/crazyflie_interfaces/crazyflie_interfaces/srv/detail/set_group_mask__rosidl_typesupport_fastrtps_c.h
[1.739s] -- Up-to-date: /home/yanyew/mapping/install/crazyflie_interfaces/include/crazyflie_interfaces/crazyflie_interfaces/srv/detail/arm__rosidl_typesupport_fastrtps_c.h
[1.740s] -- Up-to-date: /home/yanyew/mapping/install/crazyflie_interfaces/include/crazyflie_interfaces/crazyflie_interfaces/srv/detail/notify_setpoints_stop__rosidl_typesupport_fastrtps_c.h
[1.740s] -- Up-to-date: /home/yanyew/mapping/install/crazyflie_interfaces/include/crazyflie_interfaces/crazyflie_interfaces/msg
[1.740s] -- Up-to-date: /home/yanyew/mapping/install/crazyflie_interfaces/include/crazyflie_interfaces/crazyflie_interfaces/msg/detail
[1.740s] -- Up-to-date: /home/yanyew/mapping/install/crazyflie_interfaces/include/crazyflie_interfaces/crazyflie_interfaces/msg/detail/connection_statistics_array__rosidl_typesupport_fastrtps_c.h
[1.740s] -- Up-to-date: /home/yanyew/mapping/install/crazyflie_interfaces/include/crazyflie_interfaces/crazyflie_interfaces/msg/detail/log_data_generic__rosidl_typesupport_fastrtps_c.h
[1.741s] -- Up-to-date: /home/yanyew/mapping/install/crazyflie_interfaces/include/crazyflie_interfaces/crazyflie_interfaces/msg/detail/hover__rosidl_typesupport_fastrtps_c.h
[1.741s] -- Up-to-date: /home/yanyew/mapping/install/crazyflie_interfaces/include/crazyflie_interfaces/crazyflie_interfaces/msg/detail/velocity_world__rosidl_typesupport_fastrtps_c.h
[1.741s] -- Up-to-date: /home/yanyew/mapping/install/crazyflie_interfaces/include/crazyflie_interfaces/crazyflie_interfaces/msg/detail/connection_statistics__rosidl_typesupport_fastrtps_c.h
[1.741s] -- Up-to-date: /home/yanyew/mapping/install/crazyflie_interfaces/include/crazyflie_interfaces/crazyflie_interfaces/msg/detail/trajectory_polynomial_piece__rosidl_typesupport_fastrtps_c.h
[1.741s] -- Up-to-date: /home/yanyew/mapping/install/crazyflie_interfaces/include/crazyflie_interfaces/crazyflie_interfaces/msg/detail/status__rosidl_typesupport_fastrtps_c.h
[1.741s] -- Up-to-date: /home/yanyew/mapping/install/crazyflie_interfaces/include/crazyflie_interfaces/crazyflie_interfaces/msg/detail/position__rosidl_typesupport_fastrtps_c.h
[1.742s] -- Up-to-date: /home/yanyew/mapping/install/crazyflie_interfaces/include/crazyflie_interfaces/crazyflie_interfaces/msg/detail/full_state__rosidl_typesupport_fastrtps_c.h
[1.742s] -- Up-to-date: /home/yanyew/mapping/install/crazyflie_interfaces/include/crazyflie_interfaces/crazyflie_interfaces/msg/detail/log_block__rosidl_typesupport_fastrtps_c.h
[1.742s] -- Up-to-date: /home/yanyew/mapping/install/crazyflie_interfaces/include/crazyflie_interfaces/crazyflie_interfaces/msg/rosidl_typesupport_fastrtps_c__visibility_control.h
[1.742s] -- Up-to-date: /home/yanyew/mapping/install/crazyflie_interfaces/lib/libcrazyflie_interfaces__rosidl_typesupport_fastrtps_c.so
[1.742s] -- Up-to-date: /home/yanyew/mapping/install/crazyflie_interfaces/include/crazyflie_interfaces/crazyflie_interfaces
[1.743s] -- Up-to-date: /home/yanyew/mapping/install/crazyflie_interfaces/include/crazyflie_interfaces/crazyflie_interfaces/srv
[1.743s] -- Up-to-date: /home/yanyew/mapping/install/crazyflie_interfaces/include/crazyflie_interfaces/crazyflie_interfaces/srv/detail
[1.743s] -- Up-to-date: /home/yanyew/mapping/install/crazyflie_interfaces/include/crazyflie_interfaces/crazyflie_interfaces/srv/detail/set_group_mask__struct.hpp
[1.743s] -- Up-to-date: /home/yanyew/mapping/install/crazyflie_interfaces/include/crazyflie_interfaces/crazyflie_interfaces/srv/detail/go_to__builder.hpp
[1.745s] -- Up-to-date: /home/yanyew/mapping/install/crazyflie_interfaces/include/crazyflie_interfaces/crazyflie_interfaces/srv/detail/set_group_mask__traits.hpp
[1.746s] -- Up-to-date: /home/yanyew/mapping/install/crazyflie_interfaces/include/crazyflie_interfaces/crazyflie_interfaces/srv/detail/update_params__traits.hpp
[1.746s] -- Up-to-date: /home/yanyew/mapping/install/crazyflie_interfaces/include/crazyflie_interfaces/crazyflie_interfaces/srv/detail/notify_setpoints_stop__struct.hpp
[1.746s] -- Up-to-date: /home/yanyew/mapping/install/crazyflie_interfaces/include/crazyflie_interfaces/crazyflie_interfaces/srv/detail/land__traits.hpp
[1.746s] -- Up-to-date: /home/yanyew/mapping/install/crazyflie_interfaces/include/crazyflie_interfaces/crazyflie_interfaces/srv/detail/go_to__struct.hpp
[1.747s] -- Up-to-date: /home/yanyew/mapping/install/crazyflie_interfaces/include/crazyflie_interfaces/crazyflie_interfaces/srv/detail/land__type_support.hpp
[1.747s] -- Up-to-date: /home/yanyew/mapping/install/crazyflie_interfaces/include/crazyflie_interfaces/crazyflie_interfaces/srv/detail/stop__traits.hpp
[1.747s] -- Up-to-date: /home/yanyew/mapping/install/crazyflie_interfaces/include/crazyflie_interfaces/crazyflie_interfaces/srv/detail/set_group_mask__builder.hpp
[1.747s] -- Up-to-date: /home/yanyew/mapping/install/crazyflie_interfaces/include/crazyflie_interfaces/crazyflie_interfaces/srv/detail/takeoff__traits.hpp
[1.748s] -- Up-to-date: /home/yanyew/mapping/install/crazyflie_interfaces/include/crazyflie_interfaces/crazyflie_interfaces/srv/detail/go_to__type_support.hpp
[1.748s] -- Up-to-date: /home/yanyew/mapping/install/crazyflie_interfaces/include/crazyflie_interfaces/crazyflie_interfaces/srv/detail/update_params__type_support.hpp
[1.748s] -- Up-to-date: /home/yanyew/mapping/install/crazyflie_interfaces/include/crazyflie_interfaces/crazyflie_interfaces/srv/detail/add_logging__struct.hpp
[1.748s] -- Up-to-date: /home/yanyew/mapping/install/crazyflie_interfaces/include/crazyflie_interfaces/crazyflie_interfaces/srv/detail/start_trajectory__builder.hpp
[1.748s] -- Up-to-date: /home/yanyew/mapping/install/crazyflie_interfaces/include/crazyflie_interfaces/crazyflie_interfaces/srv/detail/upload_trajectory__struct.hpp
[1.749s] -- Up-to-date: /home/yanyew/mapping/install/crazyflie_interfaces/include/crazyflie_interfaces/crazyflie_interfaces/srv/detail/remove_logging__type_support.hpp
[1.749s] -- Up-to-date: /home/yanyew/mapping/install/crazyflie_interfaces/include/crazyflie_interfaces/crazyflie_interfaces/srv/detail/set_group_mask__type_support.hpp
[1.749s] -- Up-to-date: /home/yanyew/mapping/install/crazyflie_interfaces/include/crazyflie_interfaces/crazyflie_interfaces/srv/detail/add_logging__traits.hpp
[1.749s] -- Up-to-date: /home/yanyew/mapping/install/crazyflie_interfaces/include/crazyflie_interfaces/crazyflie_interfaces/srv/detail/land__builder.hpp
[1.749s] -- Up-to-date: /home/yanyew/mapping/install/crazyflie_interfaces/include/crazyflie_interfaces/crazyflie_interfaces/srv/detail/start_trajectory__struct.hpp
[1.749s] -- Up-to-date: /home/yanyew/mapping/install/crazyflie_interfaces/include/crazyflie_interfaces/crazyflie_interfaces/srv/detail/upload_trajectory__traits.hpp
[1.749s] -- Up-to-date: /home/yanyew/mapping/install/crazyflie_interfaces/include/crazyflie_interfaces/crazyflie_interfaces/srv/detail/update_params__struct.hpp
[1.750s] -- Up-to-date: /home/yanyew/mapping/install/crazyflie_interfaces/include/crazyflie_interfaces/crazyflie_interfaces/srv/detail/remove_logging__traits.hpp
[1.750s] -- Up-to-date: /home/yanyew/mapping/install/crazyflie_interfaces/include/crazyflie_interfaces/crazyflie_interfaces/srv/detail/arm__struct.hpp
[1.750s] -- Up-to-date: /home/yanyew/mapping/install/crazyflie_interfaces/include/crazyflie_interfaces/crazyflie_interfaces/srv/detail/takeoff__type_support.hpp
[1.750s] -- Up-to-date: /home/yanyew/mapping/install/crazyflie_interfaces/include/crazyflie_interfaces/crazyflie_interfaces/srv/detail/notify_setpoints_stop__traits.hpp
[1.750s] -- Up-to-date: /home/yanyew/mapping/install/crazyflie_interfaces/include/crazyflie_interfaces/crazyflie_interfaces/srv/detail/remove_logging__struct.hpp
[1.751s] -- Up-to-date: /home/yanyew/mapping/install/crazyflie_interfaces/include/crazyflie_interfaces/crazyflie_interfaces/srv/detail/go_to__traits.hpp
[1.751s] -- Up-to-date: /home/yanyew/mapping/install/crazyflie_interfaces/include/crazyflie_interfaces/crazyflie_interfaces/srv/detail/notify_setpoints_stop__builder.hpp
[1.751s] -- Up-to-date: /home/yanyew/mapping/install/crazyflie_interfaces/include/crazyflie_interfaces/crazyflie_interfaces/srv/detail/arm__builder.hpp
[1.752s] -- Up-to-date: /home/yanyew/mapping/install/crazyflie_interfaces/include/crazyflie_interfaces/crazyflie_interfaces/srv/detail/remove_logging__builder.hpp
[1.752s] -- Up-to-date: /home/yanyew/mapping/install/crazyflie_interfaces/include/crazyflie_interfaces/crazyflie_interfaces/srv/detail/stop__struct.hpp
[1.752s] -- Up-to-date: /home/yanyew/mapping/install/crazyflie_interfaces/include/crazyflie_interfaces/crazyflie_interfaces/srv/detail/start_trajectory__type_support.hpp
[1.753s] -- Up-to-date: /home/yanyew/mapping/install/crazyflie_interfaces/include/crazyflie_interfaces/crazyflie_interfaces/srv/detail/arm__traits.hpp
[1.754s] -- Up-to-date: /home/yanyew/mapping/install/crazyflie_interfaces/include/crazyflie_interfaces/crazyflie_interfaces/srv/detail/update_params__builder.hpp
[1.754s] -- Up-to-date: /home/yanyew/mapping/install/crazyflie_interfaces/include/crazyflie_interfaces/crazyflie_interfaces/srv/detail/add_logging__builder.hpp
[1.754s] -- Up-to-date: /home/yanyew/mapping/install/crazyflie_interfaces/include/crazyflie_interfaces/crazyflie_interfaces/srv/detail/add_logging__type_support.hpp
[1.754s] -- Up-to-date: /home/yanyew/mapping/install/crazyflie_interfaces/include/crazyflie_interfaces/crazyflie_interfaces/srv/detail/stop__type_support.hpp
[1.754s] -- Up-to-date: /home/yanyew/mapping/install/crazyflie_interfaces/include/crazyflie_interfaces/crazyflie_interfaces/srv/detail/stop__builder.hpp
[1.754s] -- Up-to-date: /home/yanyew/mapping/install/crazyflie_interfaces/include/crazyflie_interfaces/crazyflie_interfaces/srv/detail/upload_trajectory__builder.hpp
[1.754s] -- Up-to-date: /home/yanyew/mapping/install/crazyflie_interfaces/include/crazyflie_interfaces/crazyflie_interfaces/srv/detail/arm__type_support.hpp
[1.755s] -- Up-to-date: /home/yanyew/mapping/install/crazyflie_interfaces/include/crazyflie_interfaces/crazyflie_interfaces/srv/detail/takeoff__struct.hpp
[1.755s] -- Up-to-date: /home/yanyew/mapping/install/crazyflie_interfaces/include/crazyflie_interfaces/crazyflie_interfaces/srv/detail/upload_trajectory__type_support.hpp
[1.755s] -- Up-to-date: /home/yanyew/mapping/install/crazyflie_interfaces/include/crazyflie_interfaces/crazyflie_interfaces/srv/detail/notify_setpoints_stop__type_support.hpp
[1.755s] -- Up-to-date: /home/yanyew/mapping/install/crazyflie_interfaces/include/crazyflie_interfaces/crazyflie_interfaces/srv/detail/takeoff__builder.hpp
[1.755s] -- Up-to-date: /home/yanyew/mapping/install/crazyflie_interfaces/include/crazyflie_interfaces/crazyflie_interfaces/srv/detail/land__struct.hpp
[1.756s] -- Up-to-date: /home/yanyew/mapping/install/crazyflie_interfaces/include/crazyflie_interfaces/crazyflie_interfaces/srv/detail/start_trajectory__traits.hpp
[1.756s] -- Up-to-date: /home/yanyew/mapping/install/crazyflie_interfaces/include/crazyflie_interfaces/crazyflie_interfaces/srv/remove_logging.hpp
[1.756s] -- Up-to-date: /home/yanyew/mapping/install/crazyflie_interfaces/include/crazyflie_interfaces/crazyflie_interfaces/srv/add_logging.hpp
[1.756s] -- Up-to-date: /home/yanyew/mapping/install/crazyflie_interfaces/include/crazyflie_interfaces/crazyflie_interfaces/srv/land.hpp
[1.757s] -- Up-to-date: /home/yanyew/mapping/install/crazyflie_interfaces/include/crazyflie_interfaces/crazyflie_interfaces/srv/stop.hpp
[1.757s] -- Up-to-date: /home/yanyew/mapping/install/crazyflie_interfaces/include/crazyflie_interfaces/crazyflie_interfaces/srv/notify_setpoints_stop.hpp
[1.757s] -- Up-to-date: /home/yanyew/mapping/install/crazyflie_interfaces/include/crazyflie_interfaces/crazyflie_interfaces/srv/set_group_mask.hpp
[1.757s] -- Up-to-date: /home/yanyew/mapping/install/crazyflie_interfaces/include/crazyflie_interfaces/crazyflie_interfaces/srv/update_params.hpp
[1.757s] -- Up-to-date: /home/yanyew/mapping/install/crazyflie_interfaces/include/crazyflie_interfaces/crazyflie_interfaces/srv/start_trajectory.hpp
[1.757s] -- Up-to-date: /home/yanyew/mapping/install/crazyflie_interfaces/include/crazyflie_interfaces/crazyflie_interfaces/srv/takeoff.hpp
[1.758s] -- Up-to-date: /home/yanyew/mapping/install/crazyflie_interfaces/include/crazyflie_interfaces/crazyflie_interfaces/srv/go_to.hpp
[1.758s] -- Up-to-date: /home/yanyew/mapping/install/crazyflie_interfaces/include/crazyflie_interfaces/crazyflie_interfaces/srv/arm.hpp
[1.758s] -- Up-to-date: /home/yanyew/mapping/install/crazyflie_interfaces/include/crazyflie_interfaces/crazyflie_interfaces/srv/upload_trajectory.hpp
[1.758s] -- Up-to-date: /home/yanyew/mapping/install/crazyflie_interfaces/include/crazyflie_interfaces/crazyflie_interfaces/msg
[1.758s] -- Up-to-date: /home/yanyew/mapping/install/crazyflie_interfaces/include/crazyflie_interfaces/crazyflie_interfaces/msg/detail
[1.758s] -- Up-to-date: /home/yanyew/mapping/install/crazyflie_interfaces/include/crazyflie_interfaces/crazyflie_interfaces/msg/detail/log_block__traits.hpp
[1.758s] -- Up-to-date: /home/yanyew/mapping/install/crazyflie_interfaces/include/crazyflie_interfaces/crazyflie_interfaces/msg/detail/full_state__struct.hpp
[1.758s] -- Up-to-date: /home/yanyew/mapping/install/crazyflie_interfaces/include/crazyflie_interfaces/crazyflie_interfaces/msg/detail/position__struct.hpp
[1.759s] -- Up-to-date: /home/yanyew/mapping/install/crazyflie_interfaces/include/crazyflie_interfaces/crazyflie_interfaces/msg/detail/trajectory_polynomial_piece__builder.hpp
[1.759s] -- Up-to-date: /home/yanyew/mapping/install/crazyflie_interfaces/include/crazyflie_interfaces/crazyflie_interfaces/msg/detail/log_data_generic__type_support.hpp
[1.759s] -- Up-to-date: /home/yanyew/mapping/install/crazyflie_interfaces/include/crazyflie_interfaces/crazyflie_interfaces/msg/detail/log_data_generic__struct.hpp
[1.759s] -- Up-to-date: /home/yanyew/mapping/install/crazyflie_interfaces/include/crazyflie_interfaces/crazyflie_interfaces/msg/detail/full_state__traits.hpp
[1.761s] -- Up-to-date: /home/yanyew/mapping/install/crazyflie_interfaces/include/crazyflie_interfaces/crazyflie_interfaces/msg/detail/status__traits.hpp
[1.761s] -- Up-to-date: /home/yanyew/mapping/install/crazyflie_interfaces/include/crazyflie_interfaces/crazyflie_interfaces/msg/detail/connection_statistics__type_support.hpp
[1.761s] -- Up-to-date: /home/yanyew/mapping/install/crazyflie_interfaces/include/crazyflie_interfaces/crazyflie_interfaces/msg/detail/log_block__struct.hpp
[1.761s] -- Up-to-date: /home/yanyew/mapping/install/crazyflie_interfaces/include/crazyflie_interfaces/crazyflie_interfaces/msg/detail/full_state__type_support.hpp
[1.762s] -- Up-to-date: /home/yanyew/mapping/install/crazyflie_interfaces/include/crazyflie_interfaces/crazyflie_interfaces/msg/detail/velocity_world__traits.hpp
[1.762s] -- Up-to-date: /home/yanyew/mapping/install/crazyflie_interfaces/include/crazyflie_interfaces/crazyflie_interfaces/msg/detail/velocity_world__struct.hpp
[1.762s] -- Up-to-date: /home/yanyew/mapping/install/crazyflie_interfaces/include/crazyflie_interfaces/crazyflie_interfaces/msg/detail/position__builder.hpp
[1.762s] -- Up-to-date: /home/yanyew/mapping/install/crazyflie_interfaces/include/crazyflie_interfaces/crazyflie_interfaces/msg/detail/connection_statistics_array__traits.hpp
[1.762s] -- Up-to-date: /home/yanyew/mapping/install/crazyflie_interfaces/include/crazyflie_interfaces/crazyflie_interfaces/msg/detail/connection_statistics_array__struct.hpp
[1.762s] -- Up-to-date: /home/yanyew/mapping/install/crazyflie_interfaces/include/crazyflie_interfaces/crazyflie_interfaces/msg/detail/hover__struct.hpp
[1.762s] -- Up-to-date: /home/yanyew/mapping/install/crazyflie_interfaces/include/crazyflie_interfaces/crazyflie_interfaces/msg/detail/position__type_support.hpp
[1.763s] -- Up-to-date: /home/yanyew/mapping/install/crazyflie_interfaces/include/crazyflie_interfaces/crazyflie_interfaces/msg/detail/full_state__builder.hpp
[1.763s] -- Up-to-date: /home/yanyew/mapping/install/crazyflie_interfaces/include/crazyflie_interfaces/crazyflie_interfaces/msg/detail/hover__builder.hpp
[1.763s] -- Up-to-date: /home/yanyew/mapping/install/crazyflie_interfaces/include/crazyflie_interfaces/crazyflie_interfaces/msg/detail/status__struct.hpp
[1.763s] -- Up-to-date: /home/yanyew/mapping/install/crazyflie_interfaces/include/crazyflie_interfaces/crazyflie_interfaces/msg/detail/connection_statistics__traits.hpp
[1.763s] -- Up-to-date: /home/yanyew/mapping/install/crazyflie_interfaces/include/crazyflie_interfaces/crazyflie_interfaces/msg/detail/connection_statistics__builder.hpp
[1.763s] -- Up-to-date: /home/yanyew/mapping/install/crazyflie_interfaces/include/crazyflie_interfaces/crazyflie_interfaces/msg/detail/connection_statistics__struct.hpp
[1.763s] -- Up-to-date: /home/yanyew/mapping/install/crazyflie_interfaces/include/crazyflie_interfaces/crazyflie_interfaces/msg/detail/connection_statistics_array__type_support.hpp
[1.764s] -- Up-to-date: /home/yanyew/mapping/install/crazyflie_interfaces/include/crazyflie_interfaces/crazyflie_interfaces/msg/detail/trajectory_polynomial_piece__traits.hpp
[1.764s] -- Up-to-date: /home/yanyew/mapping/install/crazyflie_interfaces/include/crazyflie_interfaces/crazyflie_interfaces/msg/detail/trajectory_polynomial_piece__type_support.hpp
[1.764s] -- Up-to-date: /home/yanyew/mapping/install/crazyflie_interfaces/include/crazyflie_interfaces/crazyflie_interfaces/msg/detail/velocity_world__builder.hpp
[1.764s] -- Up-to-date: /home/yanyew/mapping/install/crazyflie_interfaces/include/crazyflie_interfaces/crazyflie_interfaces/msg/detail/velocity_world__type_support.hpp
[1.764s] -- Up-to-date: /home/yanyew/mapping/install/crazyflie_interfaces/include/crazyflie_interfaces/crazyflie_interfaces/msg/detail/connection_statistics_array__builder.hpp
[1.764s] -- Up-to-date: /home/yanyew/mapping/install/crazyflie_interfaces/include/crazyflie_interfaces/crazyflie_interfaces/msg/detail/trajectory_polynomial_piece__struct.hpp
[1.764s] -- Up-to-date: /home/yanyew/mapping/install/crazyflie_interfaces/include/crazyflie_interfaces/crazyflie_interfaces/msg/detail/log_block__type_support.hpp
[1.765s] -- Up-to-date: /home/yanyew/mapping/install/crazyflie_interfaces/include/crazyflie_interfaces/crazyflie_interfaces/msg/detail/log_data_generic__traits.hpp
[1.765s] -- Up-to-date: /home/yanyew/mapping/install/crazyflie_interfaces/include/crazyflie_interfaces/crazyflie_interfaces/msg/detail/log_block__builder.hpp
[1.765s] -- Up-to-date: /home/yanyew/mapping/install/crazyflie_interfaces/include/crazyflie_interfaces/crazyflie_interfaces/msg/detail/status__builder.hpp
[1.765s] -- Up-to-date: /home/yanyew/mapping/install/crazyflie_interfaces/include/crazyflie_interfaces/crazyflie_interfaces/msg/detail/position__traits.hpp
[1.765s] -- Up-to-date: /home/yanyew/mapping/install/crazyflie_interfaces/include/crazyflie_interfaces/crazyflie_interfaces/msg/detail/status__type_support.hpp
[1.765s] -- Up-to-date: /home/yanyew/mapping/install/crazyflie_interfaces/include/crazyflie_interfaces/crazyflie_interfaces/msg/detail/hover__traits.hpp
[1.765s] -- Up-to-date: /home/yanyew/mapping/install/crazyflie_interfaces/include/crazyflie_interfaces/crazyflie_interfaces/msg/detail/hover__type_support.hpp
[1.765s] -- Up-to-date: /home/yanyew/mapping/install/crazyflie_interfaces/include/crazyflie_interfaces/crazyflie_interfaces/msg/detail/log_data_generic__builder.hpp
[1.766s] -- Up-to-date: /home/yanyew/mapping/install/crazyflie_interfaces/include/crazyflie_interfaces/crazyflie_interfaces/msg/log_block.hpp
[1.766s] -- Up-to-date: /home/yanyew/mapping/install/crazyflie_interfaces/include/crazyflie_interfaces/crazyflie_interfaces/msg/position.hpp
[1.766s] -- Up-to-date: /home/yanyew/mapping/install/crazyflie_interfaces/include/crazyflie_interfaces/crazyflie_interfaces/msg/velocity_world.hpp
[1.766s] -- Up-to-date: /home/yanyew/mapping/install/crazyflie_interfaces/include/crazyflie_interfaces/crazyflie_interfaces/msg/full_state.hpp
[1.766s] -- Up-to-date: /home/yanyew/mapping/install/crazyflie_interfaces/include/crazyflie_interfaces/crazyflie_interfaces/msg/status.hpp
[1.766s] -- Up-to-date: /home/yanyew/mapping/install/crazyflie_interfaces/include/crazyflie_interfaces/crazyflie_interfaces/msg/connection_statistics_array.hpp
[1.767s] -- Up-to-date: /home/yanyew/mapping/install/crazyflie_interfaces/include/crazyflie_interfaces/crazyflie_interfaces/msg/log_data_generic.hpp
[1.767s] -- Up-to-date: /home/yanyew/mapping/install/crazyflie_interfaces/include/crazyflie_interfaces/crazyflie_interfaces/msg/trajectory_polynomial_piece.hpp
[1.767s] -- Up-to-date: /home/yanyew/mapping/install/crazyflie_interfaces/include/crazyflie_interfaces/crazyflie_interfaces/msg/rosidl_generator_cpp__visibility_control.hpp
[1.767s] -- Up-to-date: /home/yanyew/mapping/install/crazyflie_interfaces/include/crazyflie_interfaces/crazyflie_interfaces/msg/connection_statistics.hpp
[1.767s] -- Up-to-date: /home/yanyew/mapping/install/crazyflie_interfaces/include/crazyflie_interfaces/crazyflie_interfaces/msg/hover.hpp
[1.768s] -- Up-to-date: /home/yanyew/mapping/install/crazyflie_interfaces/include/crazyflie_interfaces/crazyflie_interfaces
[1.768s] -- Up-to-date: /home/yanyew/mapping/install/crazyflie_interfaces/include/crazyflie_interfaces/crazyflie_interfaces/srv
[1.768s] -- Up-to-date: /home/yanyew/mapping/install/crazyflie_interfaces/include/crazyflie_interfaces/crazyflie_interfaces/srv/detail
[1.768s] -- Up-to-date: /home/yanyew/mapping/install/crazyflie_interfaces/include/crazyflie_interfaces/crazyflie_interfaces/srv/detail/start_trajectory__rosidl_typesupport_fastrtps_cpp.hpp
[1.768s] -- Up-to-date: /home/yanyew/mapping/install/crazyflie_interfaces/include/crazyflie_interfaces/crazyflie_interfaces/srv/detail/takeoff__rosidl_typesupport_fastrtps_cpp.hpp
[1.769s] -- Up-to-date: /home/yanyew/mapping/install/crazyflie_interfaces/include/crazyflie_interfaces/crazyflie_interfaces/srv/detail/dds_fastrtps
[1.769s] -- Up-to-date: /home/yanyew/mapping/install/crazyflie_interfaces/include/crazyflie_interfaces/crazyflie_interfaces/srv/detail/upload_trajectory__rosidl_typesupport_fastrtps_cpp.hpp
[1.769s] -- Up-to-date: /home/yanyew/mapping/install/crazyflie_interfaces/include/crazyflie_interfaces/crazyflie_interfaces/srv/detail/notify_setpoints_stop__rosidl_typesupport_fastrtps_cpp.hpp
[1.770s] -- Up-to-date: /home/yanyew/mapping/install/crazyflie_interfaces/include/crazyflie_interfaces/crazyflie_interfaces/srv/detail/land__rosidl_typesupport_fastrtps_cpp.hpp
[1.770s] -- Up-to-date: /home/yanyew/mapping/install/crazyflie_interfaces/include/crazyflie_interfaces/crazyflie_interfaces/srv/detail/add_logging__rosidl_typesupport_fastrtps_cpp.hpp
[1.770s] -- Up-to-date: /home/yanyew/mapping/install/crazyflie_interfaces/include/crazyflie_interfaces/crazyflie_interfaces/srv/detail/update_params__rosidl_typesupport_fastrtps_cpp.hpp
[1.770s] -- Up-to-date: /home/yanyew/mapping/install/crazyflie_interfaces/include/crazyflie_interfaces/crazyflie_interfaces/srv/detail/stop__rosidl_typesupport_fastrtps_cpp.hpp
[1.770s] -- Up-to-date: /home/yanyew/mapping/install/crazyflie_interfaces/include/crazyflie_interfaces/crazyflie_interfaces/srv/detail/arm__rosidl_typesupport_fastrtps_cpp.hpp
[1.771s] -- Up-to-date: /home/yanyew/mapping/install/crazyflie_interfaces/include/crazyflie_interfaces/crazyflie_interfaces/srv/detail/remove_logging__rosidl_typesupport_fastrtps_cpp.hpp
[1.771s] -- Up-to-date: /home/yanyew/mapping/install/crazyflie_interfaces/include/crazyflie_interfaces/crazyflie_interfaces/srv/detail/go_to__rosidl_typesupport_fastrtps_cpp.hpp
[1.771s] -- Up-to-date: /home/yanyew/mapping/install/crazyflie_interfaces/include/crazyflie_interfaces/crazyflie_interfaces/srv/detail/set_group_mask__rosidl_typesupport_fastrtps_cpp.hpp
[1.771s] -- Up-to-date: /home/yanyew/mapping/install/crazyflie_interfaces/include/crazyflie_interfaces/crazyflie_interfaces/msg
[1.771s] -- Up-to-date: /home/yanyew/mapping/install/crazyflie_interfaces/include/crazyflie_interfaces/crazyflie_interfaces/msg/detail
[1.771s] -- Up-to-date: /home/yanyew/mapping/install/crazyflie_interfaces/include/crazyflie_interfaces/crazyflie_interfaces/msg/detail/full_state__rosidl_typesupport_fastrtps_cpp.hpp
[1.772s] -- Up-to-date: /home/yanyew/mapping/install/crazyflie_interfaces/include/crazyflie_interfaces/crazyflie_interfaces/msg/detail/log_data_generic__rosidl_typesupport_fastrtps_cpp.hpp
[1.772s] -- Up-to-date: /home/yanyew/mapping/install/crazyflie_interfaces/include/crazyflie_interfaces/crazyflie_interfaces/msg/detail/dds_fastrtps
[1.772s] -- Up-to-date: /home/yanyew/mapping/install/crazyflie_interfaces/include/crazyflie_interfaces/crazyflie_interfaces/msg/detail/trajectory_polynomial_piece__rosidl_typesupport_fastrtps_cpp.hpp
[1.772s] -- Up-to-date: /home/yanyew/mapping/install/crazyflie_interfaces/include/crazyflie_interfaces/crazyflie_interfaces/msg/detail/connection_statistics_array__rosidl_typesupport_fastrtps_cpp.hpp
[1.773s] -- Up-to-date: /home/yanyew/mapping/install/crazyflie_interfaces/include/crazyflie_interfaces/crazyflie_interfaces/msg/detail/hover__rosidl_typesupport_fastrtps_cpp.hpp
[1.773s] -- Up-to-date: /home/yanyew/mapping/install/crazyflie_interfaces/include/crazyflie_interfaces/crazyflie_interfaces/msg/detail/log_block__rosidl_typesupport_fastrtps_cpp.hpp
[1.774s] -- Up-to-date: /home/yanyew/mapping/install/crazyflie_interfaces/include/crazyflie_interfaces/crazyflie_interfaces/msg/detail/position__rosidl_typesupport_fastrtps_cpp.hpp
[1.774s] -- Up-to-date: /home/yanyew/mapping/install/crazyflie_interfaces/include/crazyflie_interfaces/crazyflie_interfaces/msg/detail/status__rosidl_typesupport_fastrtps_cpp.hpp
[1.774s] -- Up-to-date: /home/yanyew/mapping/install/crazyflie_interfaces/include/crazyflie_interfaces/crazyflie_interfaces/msg/detail/velocity_world__rosidl_typesupport_fastrtps_cpp.hpp
[1.774s] -- Up-to-date: /home/yanyew/mapping/install/crazyflie_interfaces/include/crazyflie_interfaces/crazyflie_interfaces/msg/detail/connection_statistics__rosidl_typesupport_fastrtps_cpp.hpp
[1.774s] -- Up-to-date: /home/yanyew/mapping/install/crazyflie_interfaces/include/crazyflie_interfaces/crazyflie_interfaces/msg/rosidl_typesupport_fastrtps_cpp__visibility_control.h
[1.775s] -- Up-to-date: /home/yanyew/mapping/install/crazyflie_interfaces/lib/libcrazyflie_interfaces__rosidl_typesupport_fastrtps_cpp.so
[1.775s] -- Up-to-date: /home/yanyew/mapping/install/crazyflie_interfaces/include/crazyflie_interfaces/crazyflie_interfaces
[1.775s] -- Up-to-date: /home/yanyew/mapping/install/crazyflie_interfaces/include/crazyflie_interfaces/crazyflie_interfaces/srv
[1.775s] -- Up-to-date: /home/yanyew/mapping/install/crazyflie_interfaces/include/crazyflie_interfaces/crazyflie_interfaces/srv/detail
[1.775s] -- Up-to-date: /home/yanyew/mapping/install/crazyflie_interfaces/include/crazyflie_interfaces/crazyflie_interfaces/srv/detail/remove_logging__type_support.c
[1.775s] -- Up-to-date: /home/yanyew/mapping/install/crazyflie_interfaces/include/crazyflie_interfaces/crazyflie_interfaces/srv/detail/land__type_support.c
[1.776s] -- Up-to-date: /home/yanyew/mapping/install/crazyflie_interfaces/include/crazyflie_interfaces/crazyflie_interfaces/srv/detail/add_logging__rosidl_typesupport_introspection_c.h
[1.777s] -- Up-to-date: /home/yanyew/mapping/install/crazyflie_interfaces/include/crazyflie_interfaces/crazyflie_interfaces/srv/detail/stop__type_support.c
[1.777s] -- Up-to-date: /home/yanyew/mapping/install/crazyflie_interfaces/include/crazyflie_interfaces/crazyflie_interfaces/srv/detail/notify_setpoints_stop__rosidl_typesupport_introspection_c.h
[1.778s] -- Up-to-date: /home/yanyew/mapping/install/crazyflie_interfaces/include/crazyflie_interfaces/crazyflie_interfaces/srv/detail/notify_setpoints_stop__type_support.c
[1.778s] -- Up-to-date: /home/yanyew/mapping/install/crazyflie_interfaces/include/crazyflie_interfaces/crazyflie_interfaces/srv/detail/remove_logging__rosidl_typesupport_introspection_c.h
[1.778s] -- Up-to-date: /home/yanyew/mapping/install/crazyflie_interfaces/include/crazyflie_interfaces/crazyflie_interfaces/srv/detail/update_params__type_support.c
[1.778s] -- Up-to-date: /home/yanyew/mapping/install/crazyflie_interfaces/include/crazyflie_interfaces/crazyflie_interfaces/srv/detail/update_params__rosidl_typesupport_introspection_c.h
[1.779s] -- Up-to-date: /home/yanyew/mapping/install/crazyflie_interfaces/include/crazyflie_interfaces/crazyflie_interfaces/srv/detail/upload_trajectory__type_support.c
[1.779s] -- Up-to-date: /home/yanyew/mapping/install/crazyflie_interfaces/include/crazyflie_interfaces/crazyflie_interfaces/srv/detail/arm__rosidl_typesupport_introspection_c.h
[1.779s] -- Up-to-date: /home/yanyew/mapping/install/crazyflie_interfaces/include/crazyflie_interfaces/crazyflie_interfaces/srv/detail/takeoff__type_support.c
[1.780s] -- Up-to-date: /home/yanyew/mapping/install/crazyflie_interfaces/include/crazyflie_interfaces/crazyflie_interfaces/srv/detail/land__rosidl_typesupport_introspection_c.h
[1.780s] -- Up-to-date: /home/yanyew/mapping/install/crazyflie_interfaces/include/crazyflie_interfaces/crazyflie_interfaces/srv/detail/set_group_mask__type_support.c
[1.780s] -- Up-to-date: /home/yanyew/mapping/install/crazyflie_interfaces/include/crazyflie_interfaces/crazyflie_interfaces/srv/detail/start_trajectory__type_support.c
[1.780s] -- Up-to-date: /home/yanyew/mapping/install/crazyflie_interfaces/include/crazyflie_interfaces/crazyflie_interfaces/srv/detail/start_trajectory__rosidl_typesupport_introspection_c.h
[1.781s] -- Up-to-date: /home/yanyew/mapping/install/crazyflie_interfaces/include/crazyflie_interfaces/crazyflie_interfaces/srv/detail/takeoff__rosidl_typesupport_introspection_c.h
[1.781s] -- Up-to-date: /home/yanyew/mapping/install/crazyflie_interfaces/include/crazyflie_interfaces/crazyflie_interfaces/srv/detail/go_to__rosidl_typesupport_introspection_c.h
[1.781s] -- Up-to-date: /home/yanyew/mapping/install/crazyflie_interfaces/include/crazyflie_interfaces/crazyflie_interfaces/srv/detail/go_to__type_support.c
[1.781s] -- Up-to-date: /home/yanyew/mapping/install/crazyflie_interfaces/include/crazyflie_interfaces/crazyflie_interfaces/srv/detail/stop__rosidl_typesupport_introspection_c.h
[1.781s] -- Up-to-date: /home/yanyew/mapping/install/crazyflie_interfaces/include/crazyflie_interfaces/crazyflie_interfaces/srv/detail/upload_trajectory__rosidl_typesupport_introspection_c.h
[1.781s] -- Up-to-date: /home/yanyew/mapping/install/crazyflie_interfaces/include/crazyflie_interfaces/crazyflie_interfaces/srv/detail/set_group_mask__rosidl_typesupport_introspection_c.h
[1.781s] -- Up-to-date: /home/yanyew/mapping/install/crazyflie_interfaces/include/crazyflie_interfaces/crazyflie_interfaces/srv/detail/arm__type_support.c
[1.782s] -- Up-to-date: /home/yanyew/mapping/install/crazyflie_interfaces/include/crazyflie_interfaces/crazyflie_interfaces/srv/detail/add_logging__type_support.c
[1.782s] -- Up-to-date: /home/yanyew/mapping/install/crazyflie_interfaces/include/crazyflie_interfaces/crazyflie_interfaces/msg
[1.782s] -- Up-to-date: /home/yanyew/mapping/install/crazyflie_interfaces/include/crazyflie_interfaces/crazyflie_interfaces/msg/detail
[1.782s] -- Up-to-date: /home/yanyew/mapping/install/crazyflie_interfaces/include/crazyflie_interfaces/crazyflie_interfaces/msg/detail/velocity_world__rosidl_typesupport_introspection_c.h
[1.782s] -- Up-to-date: /home/yanyew/mapping/install/crazyflie_interfaces/include/crazyflie_interfaces/crazyflie_interfaces/msg/detail/connection_statistics_array__rosidl_typesupport_introspection_c.h
[1.782s] -- Up-to-date: /home/yanyew/mapping/install/crazyflie_interfaces/include/crazyflie_interfaces/crazyflie_interfaces/msg/detail/connection_statistics__type_support.c
[1.783s] -- Up-to-date: /home/yanyew/mapping/install/crazyflie_interfaces/include/crazyflie_interfaces/crazyflie_interfaces/msg/detail/position__rosidl_typesupport_introspection_c.h
[1.784s] -- Up-to-date: /home/yanyew/mapping/install/crazyflie_interfaces/include/crazyflie_interfaces/crazyflie_interfaces/msg/detail/connection_statistics_array__type_support.c
[1.784s] -- Up-to-date: /home/yanyew/mapping/install/crazyflie_interfaces/include/crazyflie_interfaces/crazyflie_interfaces/msg/detail/status__type_support.c
[1.784s] -- Up-to-date: /home/yanyew/mapping/install/crazyflie_interfaces/include/crazyflie_interfaces/crazyflie_interfaces/msg/detail/trajectory_polynomial_piece__rosidl_typesupport_introspection_c.h
[1.784s] -- Up-to-date: /home/yanyew/mapping/install/crazyflie_interfaces/include/crazyflie_interfaces/crazyflie_interfaces/msg/detail/velocity_world__type_support.c
[1.785s] -- Up-to-date: /home/yanyew/mapping/install/crazyflie_interfaces/include/crazyflie_interfaces/crazyflie_interfaces/msg/detail/log_data_generic__type_support.c
[1.785s] -- Up-to-date: /home/yanyew/mapping/install/crazyflie_interfaces/include/crazyflie_interfaces/crazyflie_interfaces/msg/detail/log_data_generic__rosidl_typesupport_introspection_c.h
[1.785s] -- Up-to-date: /home/yanyew/mapping/install/crazyflie_interfaces/include/crazyflie_interfaces/crazyflie_interfaces/msg/detail/log_block__rosidl_typesupport_introspection_c.h
[1.785s] -- Up-to-date: /home/yanyew/mapping/install/crazyflie_interfaces/include/crazyflie_interfaces/crazyflie_interfaces/msg/detail/hover__type_support.c
[1.785s] -- Up-to-date: /home/yanyew/mapping/install/crazyflie_interfaces/include/crazyflie_interfaces/crazyflie_interfaces/msg/detail/status__rosidl_typesupport_introspection_c.h
[1.785s] -- Up-to-date: /home/yanyew/mapping/install/crazyflie_interfaces/include/crazyflie_interfaces/crazyflie_interfaces/msg/detail/full_state__type_support.c
[1.785s] -- Up-to-date: /home/yanyew/mapping/install/crazyflie_interfaces/include/crazyflie_interfaces/crazyflie_interfaces/msg/detail/position__type_support.c
[1.785s] -- Up-to-date: /home/yanyew/mapping/install/crazyflie_interfaces/include/crazyflie_interfaces/crazyflie_interfaces/msg/detail/log_block__type_support.c
[1.786s] -- Up-to-date: /home/yanyew/mapping/install/crazyflie_interfaces/include/crazyflie_interfaces/crazyflie_interfaces/msg/detail/hover__rosidl_typesupport_introspection_c.h
[1.786s] -- Up-to-date: /home/yanyew/mapping/install/crazyflie_interfaces/include/crazyflie_interfaces/crazyflie_interfaces/msg/detail/full_state__rosidl_typesupport_introspection_c.h
[1.786s] -- Up-to-date: /home/yanyew/mapping/install/crazyflie_interfaces/include/crazyflie_interfaces/crazyflie_interfaces/msg/detail/trajectory_polynomial_piece__type_support.c
[1.786s] -- Up-to-date: /home/yanyew/mapping/install/crazyflie_interfaces/include/crazyflie_interfaces/crazyflie_interfaces/msg/detail/connection_statistics__rosidl_typesupport_introspection_c.h
[1.786s] -- Up-to-date: /home/yanyew/mapping/install/crazyflie_interfaces/include/crazyflie_interfaces/crazyflie_interfaces/msg/rosidl_typesupport_introspection_c__visibility_control.h
[1.786s] -- Up-to-date: /home/yanyew/mapping/install/crazyflie_interfaces/lib/libcrazyflie_interfaces__rosidl_typesupport_introspection_c.so
[1.786s] -- Up-to-date: /home/yanyew/mapping/install/crazyflie_interfaces/lib/libcrazyflie_interfaces__rosidl_typesupport_c.so
[1.787s] -- Up-to-date: /home/yanyew/mapping/install/crazyflie_interfaces/include/crazyflie_interfaces/crazyflie_interfaces
[1.787s] -- Up-to-date: /home/yanyew/mapping/install/crazyflie_interfaces/include/crazyflie_interfaces/crazyflie_interfaces/srv
[1.787s] -- Up-to-date: /home/yanyew/mapping/install/crazyflie_interfaces/include/crazyflie_interfaces/crazyflie_interfaces/srv/detail
[1.787s] -- Up-to-date: /home/yanyew/mapping/install/crazyflie_interfaces/include/crazyflie_interfaces/crazyflie_interfaces/srv/detail/add_logging__type_support.cpp
[1.788s] -- Up-to-date: /home/yanyew/mapping/install/crazyflie_interfaces/include/crazyflie_interfaces/crazyflie_interfaces/srv/detail/go_to__type_support.cpp
[1.788s] -- Up-to-date: /home/yanyew/mapping/install/crazyflie_interfaces/include/crazyflie_interfaces/crazyflie_interfaces/srv/detail/stop__type_support.cpp
[1.788s] -- Up-to-date: /home/yanyew/mapping/install/crazyflie_interfaces/include/crazyflie_interfaces/crazyflie_interfaces/srv/detail/notify_setpoints_stop__type_support.cpp
[1.788s] -- Up-to-date: /home/yanyew/mapping/install/crazyflie_interfaces/include/crazyflie_interfaces/crazyflie_interfaces/srv/detail/upload_trajectory__rosidl_typesupport_introspection_cpp.hpp
[1.788s] -- Up-to-date: /home/yanyew/mapping/install/crazyflie_interfaces/include/crazyflie_interfaces/crazyflie_interfaces/srv/detail/takeoff__rosidl_typesupport_introspection_cpp.hpp
[1.788s] -- Up-to-date: /home/yanyew/mapping/install/crazyflie_interfaces/include/crazyflie_interfaces/crazyflie_interfaces/srv/detail/upload_trajectory__type_support.cpp
[1.789s] -- Up-to-date: /home/yanyew/mapping/install/crazyflie_interfaces/include/crazyflie_interfaces/crazyflie_interfaces/srv/detail/stop__rosidl_typesupport_introspection_cpp.hpp
[1.789s] -- Up-to-date: /home/yanyew/mapping/install/crazyflie_interfaces/include/crazyflie_interfaces/crazyflie_interfaces/srv/detail/land__type_support.cpp
[1.789s] -- Up-to-date: /home/yanyew/mapping/install/crazyflie_interfaces/include/crazyflie_interfaces/crazyflie_interfaces/srv/detail/start_trajectory__type_support.cpp
[1.789s] -- Up-to-date: /home/yanyew/mapping/install/crazyflie_interfaces/include/crazyflie_interfaces/crazyflie_interfaces/srv/detail/arm__rosidl_typesupport_introspection_cpp.hpp
[1.789s] -- Up-to-date: /home/yanyew/mapping/install/crazyflie_interfaces/include/crazyflie_interfaces/crazyflie_interfaces/srv/detail/notify_setpoints_stop__rosidl_typesupport_introspection_cpp.hpp
[1.789s] -- Up-to-date: /home/yanyew/mapping/install/crazyflie_interfaces/include/crazyflie_interfaces/crazyflie_interfaces/srv/detail/land__rosidl_typesupport_introspection_cpp.hpp
[1.789s] -- Up-to-date: /home/yanyew/mapping/install/crazyflie_interfaces/include/crazyflie_interfaces/crazyflie_interfaces/srv/detail/arm__type_support.cpp
[1.790s] -- Up-to-date: /home/yanyew/mapping/install/crazyflie_interfaces/include/crazyflie_interfaces/crazyflie_interfaces/srv/detail/remove_logging__rosidl_typesupport_introspection_cpp.hpp
[1.790s] -- Up-to-date: /home/yanyew/mapping/install/crazyflie_interfaces/include/crazyflie_interfaces/crazyflie_interfaces/srv/detail/set_group_mask__type_support.cpp
[1.790s] -- Up-to-date: /home/yanyew/mapping/install/crazyflie_interfaces/include/crazyflie_interfaces/crazyflie_interfaces/srv/detail/takeoff__type_support.cpp
[1.791s] -- Up-to-date: /home/yanyew/mapping/install/crazyflie_interfaces/include/crazyflie_interfaces/crazyflie_interfaces/srv/detail/update_params__rosidl_typesupport_introspection_cpp.hpp
[1.791s] -- Up-to-date: /home/yanyew/mapping/install/crazyflie_interfaces/include/crazyflie_interfaces/crazyflie_interfaces/srv/detail/start_trajectory__rosidl_typesupport_introspection_cpp.hpp
[1.791s] -- Up-to-date: /home/yanyew/mapping/install/crazyflie_interfaces/include/crazyflie_interfaces/crazyflie_interfaces/srv/detail/update_params__type_support.cpp
[1.791s] -- Up-to-date: /home/yanyew/mapping/install/crazyflie_interfaces/include/crazyflie_interfaces/crazyflie_interfaces/srv/detail/set_group_mask__rosidl_typesupport_introspection_cpp.hpp
[1.791s] -- Up-to-date: /home/yanyew/mapping/install/crazyflie_interfaces/include/crazyflie_interfaces/crazyflie_interfaces/srv/detail/go_to__rosidl_typesupport_introspection_cpp.hpp
[1.791s] -- Up-to-date: /home/yanyew/mapping/install/crazyflie_interfaces/include/crazyflie_interfaces/crazyflie_interfaces/srv/detail/remove_logging__type_support.cpp
[1.792s] -- Up-to-date: /home/yanyew/mapping/install/crazyflie_interfaces/include/crazyflie_interfaces/crazyflie_interfaces/srv/detail/add_logging__rosidl_typesupport_introspection_cpp.hpp
[1.792s] -- Up-to-date: /home/yanyew/mapping/install/crazyflie_interfaces/include/crazyflie_interfaces/crazyflie_interfaces/msg
[1.792s] -- Up-to-date: /home/yanyew/mapping/install/crazyflie_interfaces/include/crazyflie_interfaces/crazyflie_interfaces/msg/detail
[1.792s] -- Up-to-date: /home/yanyew/mapping/install/crazyflie_interfaces/include/crazyflie_interfaces/crazyflie_interfaces/msg/detail/full_state__type_support.cpp
[1.793s] -- Up-to-date: /home/yanyew/mapping/install/crazyflie_interfaces/include/crazyflie_interfaces/crazyflie_interfaces/msg/detail/hover__type_support.cpp
[1.793s] -- Up-to-date: /home/yanyew/mapping/install/crazyflie_interfaces/include/crazyflie_interfaces/crazyflie_interfaces/msg/detail/velocity_world__rosidl_typesupport_introspection_cpp.hpp
[1.793s] -- Up-to-date: /home/yanyew/mapping/install/crazyflie_interfaces/include/crazyflie_interfaces/crazyflie_interfaces/msg/detail/hover__rosidl_typesupport_introspection_cpp.hpp
[1.793s] -- Up-to-date: /home/yanyew/mapping/install/crazyflie_interfaces/include/crazyflie_interfaces/crazyflie_interfaces/msg/detail/log_block__rosidl_typesupport_introspection_cpp.hpp
[1.793s] -- Up-to-date: /home/yanyew/mapping/install/crazyflie_interfaces/include/crazyflie_interfaces/crazyflie_interfaces/msg/detail/status__type_support.cpp
[1.793s] -- Up-to-date: /home/yanyew/mapping/install/crazyflie_interfaces/include/crazyflie_interfaces/crazyflie_interfaces/msg/detail/connection_statistics__rosidl_typesupport_introspection_cpp.hpp
[1.793s] -- Up-to-date: /home/yanyew/mapping/install/crazyflie_interfaces/include/crazyflie_interfaces/crazyflie_interfaces/msg/detail/velocity_world__type_support.cpp
[1.794s] -- Up-to-date: /home/yanyew/mapping/install/crazyflie_interfaces/include/crazyflie_interfaces/crazyflie_interfaces/msg/detail/trajectory_polynomial_piece__type_support.cpp
[1.794s] -- Up-to-date: /home/yanyew/mapping/install/crazyflie_interfaces/include/crazyflie_interfaces/crazyflie_interfaces/msg/detail/log_data_generic__type_support.cpp
[1.794s] -- Up-to-date: /home/yanyew/mapping/install/crazyflie_interfaces/include/crazyflie_interfaces/crazyflie_interfaces/msg/detail/position__type_support.cpp
[1.794s] -- Up-to-date: /home/yanyew/mapping/install/crazyflie_interfaces/include/crazyflie_interfaces/crazyflie_interfaces/msg/detail/position__rosidl_typesupport_introspection_cpp.hpp
[1.794s] -- Up-to-date: /home/yanyew/mapping/install/crazyflie_interfaces/include/crazyflie_interfaces/crazyflie_interfaces/msg/detail/status__rosidl_typesupport_introspection_cpp.hpp
[1.794s] -- Up-to-date: /home/yanyew/mapping/install/crazyflie_interfaces/include/crazyflie_interfaces/crazyflie_interfaces/msg/detail/connection_statistics_array__type_support.cpp
[1.795s] -- Up-to-date: /home/yanyew/mapping/install/crazyflie_interfaces/include/crazyflie_interfaces/crazyflie_interfaces/msg/detail/connection_statistics_array__rosidl_typesupport_introspection_cpp.hpp
[1.795s] -- Up-to-date: /home/yanyew/mapping/install/crazyflie_interfaces/include/crazyflie_interfaces/crazyflie_interfaces/msg/detail/connection_statistics__type_support.cpp
[1.795s] -- Up-to-date: /home/yanyew/mapping/install/crazyflie_interfaces/include/crazyflie_interfaces/crazyflie_interfaces/msg/detail/trajectory_polynomial_piece__rosidl_typesupport_introspection_cpp.hpp
[1.795s] -- Up-to-date: /home/yanyew/mapping/install/crazyflie_interfaces/include/crazyflie_interfaces/crazyflie_interfaces/msg/detail/full_state__rosidl_typesupport_introspection_cpp.hpp
[1.795s] -- Up-to-date: /home/yanyew/mapping/install/crazyflie_interfaces/include/crazyflie_interfaces/crazyflie_interfaces/msg/detail/log_block__type_support.cpp
[1.795s] -- Up-to-date: /home/yanyew/mapping/install/crazyflie_interfaces/include/crazyflie_interfaces/crazyflie_interfaces/msg/detail/log_data_generic__rosidl_typesupport_introspection_cpp.hpp
[1.795s] -- Up-to-date: /home/yanyew/mapping/install/crazyflie_interfaces/lib/libcrazyflie_interfaces__rosidl_typesupport_introspection_cpp.so
[1.796s] -- Up-to-date: /home/yanyew/mapping/install/crazyflie_interfaces/lib/libcrazyflie_interfaces__rosidl_typesupport_cpp.so
[1.796s] -- Up-to-date: /home/yanyew/mapping/install/crazyflie_interfaces/share/crazyflie_interfaces/environment/pythonpath.sh
[1.796s] -- Up-to-date: /home/yanyew/mapping/install/crazyflie_interfaces/share/crazyflie_interfaces/environment/pythonpath.dsv
[1.796s] -- Up-to-date: /home/yanyew/mapping/install/crazyflie_interfaces/local/lib/python3.10/dist-packages/crazyflie_interfaces-2.0.0-py3.10.egg-info
[1.796s] -- Installing: /home/yanyew/mapping/install/crazyflie_interfaces/local/lib/python3.10/dist-packages/crazyflie_interfaces-2.0.0-py3.10.egg-info/PKG-INFO
[1.796s] -- Installing: /home/yanyew/mapping/install/crazyflie_interfaces/local/lib/python3.10/dist-packages/crazyflie_interfaces-2.0.0-py3.10.egg-info/top_level.txt
[1.797s] -- Installing: /home/yanyew/mapping/install/crazyflie_interfaces/local/lib/python3.10/dist-packages/crazyflie_interfaces-2.0.0-py3.10.egg-info/dependency_links.txt
[1.797s] -- Installing: /home/yanyew/mapping/install/crazyflie_interfaces/local/lib/python3.10/dist-packages/crazyflie_interfaces-2.0.0-py3.10.egg-info/SOURCES.txt
[1.797s] -- Up-to-date: /home/yanyew/mapping/install/crazyflie_interfaces/local/lib/python3.10/dist-packages/crazyflie_interfaces
[1.797s] -- Up-to-date: /home/yanyew/mapping/install/crazyflie_interfaces/local/lib/python3.10/dist-packages/crazyflie_interfaces/__init__.py
[1.797s] -- Up-to-date: /home/yanyew/mapping/install/crazyflie_interfaces/local/lib/python3.10/dist-packages/crazyflie_interfaces/srv
[1.797s] -- Up-to-date: /home/yanyew/mapping/install/crazyflie_interfaces/local/lib/python3.10/dist-packages/crazyflie_interfaces/srv/_stop_s.c
[1.797s] -- Up-to-date: /home/yanyew/mapping/install/crazyflie_interfaces/local/lib/python3.10/dist-packages/crazyflie_interfaces/srv/__init__.py
[1.798s] -- Up-to-date: /home/yanyew/mapping/install/crazyflie_interfaces/local/lib/python3.10/dist-packages/crazyflie_interfaces/srv/_add_logging.py
[1.798s] -- Up-to-date: /home/yanyew/mapping/install/crazyflie_interfaces/local/lib/python3.10/dist-packages/crazyflie_interfaces/srv/_land.py
[1.798s] -- Up-to-date: /home/yanyew/mapping/install/crazyflie_interfaces/local/lib/python3.10/dist-packages/crazyflie_interfaces/srv/_go_to.py
[1.799s] -- Up-to-date: /home/yanyew/mapping/install/crazyflie_interfaces/local/lib/python3.10/dist-packages/crazyflie_interfaces/srv/_set_group_mask_s.c
[1.799s] -- Up-to-date: /home/yanyew/mapping/install/crazyflie_interfaces/local/lib/python3.10/dist-packages/crazyflie_interfaces/srv/_notify_setpoints_stop.py
[1.800s] -- Up-to-date: /home/yanyew/mapping/install/crazyflie_interfaces/local/lib/python3.10/dist-packages/crazyflie_interfaces/srv/_notify_setpoints_stop_s.c
[1.800s] -- Up-to-date: /home/yanyew/mapping/install/crazyflie_interfaces/local/lib/python3.10/dist-packages/crazyflie_interfaces/srv/_remove_logging.py
[1.800s] -- Up-to-date: /home/yanyew/mapping/install/crazyflie_interfaces/local/lib/python3.10/dist-packages/crazyflie_interfaces/srv/_go_to_s.c
[1.801s] -- Up-to-date: /home/yanyew/mapping/install/crazyflie_interfaces/local/lib/python3.10/dist-packages/crazyflie_interfaces/srv/_set_group_mask.py
[1.802s] -- Up-to-date: /home/yanyew/mapping/install/crazyflie_interfaces/local/lib/python3.10/dist-packages/crazyflie_interfaces/srv/_land_s.c
[1.802s] -- Up-to-date: /home/yanyew/mapping/install/crazyflie_interfaces/local/lib/python3.10/dist-packages/crazyflie_interfaces/srv/_update_params.py
[1.802s] -- Up-to-date: /home/yanyew/mapping/install/crazyflie_interfaces/local/lib/python3.10/dist-packages/crazyflie_interfaces/srv/_takeoff_s.c
[1.802s] -- Up-to-date: /home/yanyew/mapping/install/crazyflie_interfaces/local/lib/python3.10/dist-packages/crazyflie_interfaces/srv/_upload_trajectory.py
[1.803s] -- Up-to-date: /home/yanyew/mapping/install/crazyflie_interfaces/local/lib/python3.10/dist-packages/crazyflie_interfaces/srv/_remove_logging_s.c
[1.803s] -- Up-to-date: /home/yanyew/mapping/install/crazyflie_interfaces/local/lib/python3.10/dist-packages/crazyflie_interfaces/srv/_takeoff.py
[1.803s] -- Up-to-date: /home/yanyew/mapping/install/crazyflie_interfaces/local/lib/python3.10/dist-packages/crazyflie_interfaces/srv/_add_logging_s.c
[1.803s] -- Up-to-date: /home/yanyew/mapping/install/crazyflie_interfaces/local/lib/python3.10/dist-packages/crazyflie_interfaces/srv/_stop.py
[1.803s] -- Up-to-date: /home/yanyew/mapping/install/crazyflie_interfaces/local/lib/python3.10/dist-packages/crazyflie_interfaces/srv/_update_params_s.c
[1.803s] -- Up-to-date: /home/yanyew/mapping/install/crazyflie_interfaces/local/lib/python3.10/dist-packages/crazyflie_interfaces/srv/_start_trajectory_s.c
[1.804s] -- Up-to-date: /home/yanyew/mapping/install/crazyflie_interfaces/local/lib/python3.10/dist-packages/crazyflie_interfaces/srv/_arm.py
[1.804s] -- Up-to-date: /home/yanyew/mapping/install/crazyflie_interfaces/local/lib/python3.10/dist-packages/crazyflie_interfaces/srv/_arm_s.c
[1.804s] -- Up-to-date: /home/yanyew/mapping/install/crazyflie_interfaces/local/lib/python3.10/dist-packages/crazyflie_interfaces/srv/_upload_trajectory_s.c
[1.804s] -- Up-to-date: /home/yanyew/mapping/install/crazyflie_interfaces/local/lib/python3.10/dist-packages/crazyflie_interfaces/srv/_start_trajectory.py
[1.804s] -- Up-to-date: /home/yanyew/mapping/install/crazyflie_interfaces/local/lib/python3.10/dist-packages/crazyflie_interfaces/libcrazyflie_interfaces__rosidl_generator_py.so
[1.804s] -- Up-to-date: /home/yanyew/mapping/install/crazyflie_interfaces/local/lib/python3.10/dist-packages/crazyflie_interfaces/_crazyflie_interfaces_s.ep.rosidl_typesupport_fastrtps_c.c
[1.804s] -- Up-to-date: /home/yanyew/mapping/install/crazyflie_interfaces/local/lib/python3.10/dist-packages/crazyflie_interfaces/crazyflie_interfaces_s__rosidl_typesupport_c.cpython-310-x86_64-linux-gnu.so
[1.805s] -- Up-to-date: /home/yanyew/mapping/install/crazyflie_interfaces/local/lib/python3.10/dist-packages/crazyflie_interfaces/crazyflie_interfaces_s__rosidl_typesupport_introspection_c.cpython-310-x86_64-linux-gnu.so
[1.805s] -- Up-to-date: /home/yanyew/mapping/install/crazyflie_interfaces/local/lib/python3.10/dist-packages/crazyflie_interfaces/_crazyflie_interfaces_s.ep.rosidl_typesupport_introspection_c.c
[1.805s] -- Up-to-date: /home/yanyew/mapping/install/crazyflie_interfaces/local/lib/python3.10/dist-packages/crazyflie_interfaces/crazyflie_interfaces_s__rosidl_typesupport_fastrtps_c.cpython-310-x86_64-linux-gnu.so
[1.805s] -- Up-to-date: /home/yanyew/mapping/install/crazyflie_interfaces/local/lib/python3.10/dist-packages/crazyflie_interfaces/_crazyflie_interfaces_s.ep.rosidl_typesupport_c.c
[1.805s] -- Up-to-date: /home/yanyew/mapping/install/crazyflie_interfaces/local/lib/python3.10/dist-packages/crazyflie_interfaces/msg
[1.805s] -- Up-to-date: /home/yanyew/mapping/install/crazyflie_interfaces/local/lib/python3.10/dist-packages/crazyflie_interfaces/msg/_status_s.c
[1.806s] -- Up-to-date: /home/yanyew/mapping/install/crazyflie_interfaces/local/lib/python3.10/dist-packages/crazyflie_interfaces/msg/__init__.py
[1.806s] -- Up-to-date: /home/yanyew/mapping/install/crazyflie_interfaces/local/lib/python3.10/dist-packages/crazyflie_interfaces/msg/_connection_statistics_array.py
[1.806s] -- Up-to-date: /home/yanyew/mapping/install/crazyflie_interfaces/local/lib/python3.10/dist-packages/crazyflie_interfaces/msg/_velocity_world_s.c
[1.806s] -- Up-to-date: /home/yanyew/mapping/install/crazyflie_interfaces/local/lib/python3.10/dist-packages/crazyflie_interfaces/msg/_position.py
[1.806s] -- Up-to-date: /home/yanyew/mapping/install/crazyflie_interfaces/local/lib/python3.10/dist-packages/crazyflie_interfaces/msg/_log_data_generic_s.c
[1.806s] -- Up-to-date: /home/yanyew/mapping/install/crazyflie_interfaces/local/lib/python3.10/dist-packages/crazyflie_interfaces/msg/_trajectory_polynomial_piece_s.c
[1.807s] -- Up-to-date: /home/yanyew/mapping/install/crazyflie_interfaces/local/lib/python3.10/dist-packages/crazyflie_interfaces/msg/_full_state.py
[1.807s] -- Up-to-date: /home/yanyew/mapping/install/crazyflie_interfaces/local/lib/python3.10/dist-packages/crazyflie_interfaces/msg/_full_state_s.c
[1.807s] -- Up-to-date: /home/yanyew/mapping/install/crazyflie_interfaces/local/lib/python3.10/dist-packages/crazyflie_interfaces/msg/_log_block_s.c
[1.807s] -- Up-to-date: /home/yanyew/mapping/install/crazyflie_interfaces/local/lib/python3.10/dist-packages/crazyflie_interfaces/msg/_trajectory_polynomial_piece.py
[1.807s] -- Up-to-date: /home/yanyew/mapping/install/crazyflie_interfaces/local/lib/python3.10/dist-packages/crazyflie_interfaces/msg/_connection_statistics_s.c
[1.807s] -- Up-to-date: /home/yanyew/mapping/install/crazyflie_interfaces/local/lib/python3.10/dist-packages/crazyflie_interfaces/msg/_velocity_world.py
[1.807s] -- Up-to-date: /home/yanyew/mapping/install/crazyflie_interfaces/local/lib/python3.10/dist-packages/crazyflie_interfaces/msg/_connection_statistics_array_s.c
[1.808s] -- Up-to-date: /home/yanyew/mapping/install/crazyflie_interfaces/local/lib/python3.10/dist-packages/crazyflie_interfaces/msg/_connection_statistics.py
[1.808s] -- Up-to-date: /home/yanyew/mapping/install/crazyflie_interfaces/local/lib/python3.10/dist-packages/crazyflie_interfaces/msg/_log_block.py
[1.808s] -- Up-to-date: /home/yanyew/mapping/install/crazyflie_interfaces/local/lib/python3.10/dist-packages/crazyflie_interfaces/msg/_hover_s.c
[1.809s] -- Up-to-date: /home/yanyew/mapping/install/crazyflie_interfaces/local/lib/python3.10/dist-packages/crazyflie_interfaces/msg/_position_s.c
[1.809s] -- Up-to-date: /home/yanyew/mapping/install/crazyflie_interfaces/local/lib/python3.10/dist-packages/crazyflie_interfaces/msg/_status.py
[1.809s] -- Up-to-date: /home/yanyew/mapping/install/crazyflie_interfaces/local/lib/python3.10/dist-packages/crazyflie_interfaces/msg/_hover.py
[1.810s] -- Up-to-date: /home/yanyew/mapping/install/crazyflie_interfaces/local/lib/python3.10/dist-packages/crazyflie_interfaces/msg/_log_data_generic.py
[1.810s] Listing '/home/yanyew/mapping/install/crazyflie_interfaces/local/lib/python3.10/dist-packages/crazyflie_interfaces'...
[1.810s] Listing '/home/yanyew/mapping/install/crazyflie_interfaces/local/lib/python3.10/dist-packages/crazyflie_interfaces/msg'...
[1.810s] Listing '/home/yanyew/mapping/install/crazyflie_interfaces/local/lib/python3.10/dist-packages/crazyflie_interfaces/srv'...
[1.811s] -- Up-to-date: /home/yanyew/mapping/install/crazyflie_interfaces/local/lib/python3.10/dist-packages/crazyflie_interfaces/crazyflie_interfaces_s__rosidl_typesupport_fastrtps_c.cpython-310-x86_64-linux-gnu.so
[1.811s] -- Up-to-date: /home/yanyew/mapping/install/crazyflie_interfaces/local/lib/python3.10/dist-packages/crazyflie_interfaces/crazyflie_interfaces_s__rosidl_typesupport_introspection_c.cpython-310-x86_64-linux-gnu.so
[1.812s] -- Up-to-date: /home/yanyew/mapping/install/crazyflie_interfaces/local/lib/python3.10/dist-packages/crazyflie_interfaces/crazyflie_interfaces_s__rosidl_typesupport_c.cpython-310-x86_64-linux-gnu.so
[1.812s] -- Up-to-date: /home/yanyew/mapping/install/crazyflie_interfaces/lib/libcrazyflie_interfaces__rosidl_generator_py.so
[1.812s] -- Up-to-date: /home/yanyew/mapping/install/crazyflie_interfaces/share/crazyflie_interfaces/msg/ConnectionStatistics.idl
[1.812s] -- Up-to-date: /home/yanyew/mapping/install/crazyflie_interfaces/share/crazyflie_interfaces/msg/ConnectionStatisticsArray.idl
[1.812s] -- Up-to-date: /home/yanyew/mapping/install/crazyflie_interfaces/share/crazyflie_interfaces/msg/FullState.idl
[1.813s] -- Up-to-date: /home/yanyew/mapping/install/crazyflie_interfaces/share/crazyflie_interfaces/msg/LogDataGeneric.idl
[1.813s] -- Up-to-date: /home/yanyew/mapping/install/crazyflie_interfaces/share/crazyflie_interfaces/msg/Hover.idl
[1.814s] -- Up-to-date: /home/yanyew/mapping/install/crazyflie_interfaces/share/crazyflie_interfaces/msg/LogBlock.idl
[1.815s] -- Up-to-date: /home/yanyew/mapping/install/crazyflie_interfaces/share/crazyflie_interfaces/msg/Position.idl
[1.815s] -- Up-to-date: /home/yanyew/mapping/install/crazyflie_interfaces/share/crazyflie_interfaces/msg/Status.idl
[1.815s] -- Up-to-date: /home/yanyew/mapping/install/crazyflie_interfaces/share/crazyflie_interfaces/msg/TrajectoryPolynomialPiece.idl
[1.815s] -- Up-to-date: /home/yanyew/mapping/install/crazyflie_interfaces/share/crazyflie_interfaces/msg/VelocityWorld.idl
[1.816s] -- Up-to-date: /home/yanyew/mapping/install/crazyflie_interfaces/share/crazyflie_interfaces/srv/GoTo.idl
[1.816s] -- Up-to-date: /home/yanyew/mapping/install/crazyflie_interfaces/share/crazyflie_interfaces/srv/Land.idl
[1.816s] -- Up-to-date: /home/yanyew/mapping/install/crazyflie_interfaces/share/crazyflie_interfaces/srv/NotifySetpointsStop.idl
[1.816s] -- Up-to-date: /home/yanyew/mapping/install/crazyflie_interfaces/share/crazyflie_interfaces/srv/SetGroupMask.idl
[1.817s] -- Up-to-date: /home/yanyew/mapping/install/crazyflie_interfaces/share/crazyflie_interfaces/srv/StartTrajectory.idl
[1.817s] -- Up-to-date: /home/yanyew/mapping/install/crazyflie_interfaces/share/crazyflie_interfaces/srv/Stop.idl
[1.817s] -- Up-to-date: /home/yanyew/mapping/install/crazyflie_interfaces/share/crazyflie_interfaces/srv/Takeoff.idl
[1.817s] -- Up-to-date: /home/yanyew/mapping/install/crazyflie_interfaces/share/crazyflie_interfaces/srv/UpdateParams.idl
[1.818s] -- Up-to-date: /home/yanyew/mapping/install/crazyflie_interfaces/share/crazyflie_interfaces/srv/UploadTrajectory.idl
[1.818s] -- Up-to-date: /home/yanyew/mapping/install/crazyflie_interfaces/share/crazyflie_interfaces/srv/RemoveLogging.idl
[1.818s] -- Up-to-date: /home/yanyew/mapping/install/crazyflie_interfaces/share/crazyflie_interfaces/srv/AddLogging.idl
[1.818s] -- Up-to-date: /home/yanyew/mapping/install/crazyflie_interfaces/share/crazyflie_interfaces/srv/Arm.idl
[1.818s] -- Up-to-date: /home/yanyew/mapping/install/crazyflie_interfaces/share/crazyflie_interfaces/msg/ConnectionStatistics.msg
[1.819s] -- Up-to-date: /home/yanyew/mapping/install/crazyflie_interfaces/share/crazyflie_interfaces/msg/ConnectionStatisticsArray.msg
[1.819s] -- Up-to-date: /home/yanyew/mapping/install/crazyflie_interfaces/share/crazyflie_interfaces/msg/FullState.msg
[1.819s] -- Up-to-date: /home/yanyew/mapping/install/crazyflie_interfaces/share/crazyflie_interfaces/msg/LogDataGeneric.msg
[1.819s] -- Up-to-date: /home/yanyew/mapping/install/crazyflie_interfaces/share/crazyflie_interfaces/msg/Hover.msg
[1.819s] -- Up-to-date: /home/yanyew/mapping/install/crazyflie_interfaces/share/crazyflie_interfaces/msg/LogBlock.msg
[1.819s] -- Up-to-date: /home/yanyew/mapping/install/crazyflie_interfaces/share/crazyflie_interfaces/msg/Position.msg
[1.819s] -- Up-to-date: /home/yanyew/mapping/install/crazyflie_interfaces/share/crazyflie_interfaces/msg/Status.msg
[1.819s] -- Up-to-date: /home/yanyew/mapping/install/crazyflie_interfaces/share/crazyflie_interfaces/msg/TrajectoryPolynomialPiece.msg
[1.820s] -- Up-to-date: /home/yanyew/mapping/install/crazyflie_interfaces/share/crazyflie_interfaces/msg/VelocityWorld.msg
[1.820s] -- Up-to-date: /home/yanyew/mapping/install/crazyflie_interfaces/share/crazyflie_interfaces/srv/GoTo.srv
[1.820s] -- Up-to-date: /home/yanyew/mapping/install/crazyflie_interfaces/share/crazyflie_interfaces/srv/GoTo_Request.msg
[1.820s] -- Up-to-date: /home/yanyew/mapping/install/crazyflie_interfaces/share/crazyflie_interfaces/srv/GoTo_Response.msg
[1.820s] -- Up-to-date: /home/yanyew/mapping/install/crazyflie_interfaces/share/crazyflie_interfaces/srv/Land.srv
[1.820s] -- Up-to-date: /home/yanyew/mapping/install/crazyflie_interfaces/share/crazyflie_interfaces/srv/Land_Request.msg
[1.822s] -- Up-to-date: /home/yanyew/mapping/install/crazyflie_interfaces/share/crazyflie_interfaces/srv/Land_Response.msg
[1.822s] -- Up-to-date: /home/yanyew/mapping/install/crazyflie_interfaces/share/crazyflie_interfaces/srv/NotifySetpointsStop.srv
[1.822s] -- Up-to-date: /home/yanyew/mapping/install/crazyflie_interfaces/share/crazyflie_interfaces/srv/NotifySetpointsStop_Request.msg
[1.822s] -- Up-to-date: /home/yanyew/mapping/install/crazyflie_interfaces/share/crazyflie_interfaces/srv/NotifySetpointsStop_Response.msg
[1.822s] -- Up-to-date: /home/yanyew/mapping/install/crazyflie_interfaces/share/crazyflie_interfaces/srv/SetGroupMask.srv
[1.823s] -- Up-to-date: /home/yanyew/mapping/install/crazyflie_interfaces/share/crazyflie_interfaces/srv/SetGroupMask_Request.msg
[1.823s] -- Up-to-date: /home/yanyew/mapping/install/crazyflie_interfaces/share/crazyflie_interfaces/srv/SetGroupMask_Response.msg
[1.823s] -- Up-to-date: /home/yanyew/mapping/install/crazyflie_interfaces/share/crazyflie_interfaces/srv/StartTrajectory.srv
[1.823s] -- Up-to-date: /home/yanyew/mapping/install/crazyflie_interfaces/share/crazyflie_interfaces/srv/StartTrajectory_Request.msg
[1.823s] -- Up-to-date: /home/yanyew/mapping/install/crazyflie_interfaces/share/crazyflie_interfaces/srv/StartTrajectory_Response.msg
[1.823s] -- Up-to-date: /home/yanyew/mapping/install/crazyflie_interfaces/share/crazyflie_interfaces/srv/Stop.srv
[1.823s] -- Up-to-date: /home/yanyew/mapping/install/crazyflie_interfaces/share/crazyflie_interfaces/srv/Stop_Request.msg
[1.824s] -- Up-to-date: /home/yanyew/mapping/install/crazyflie_interfaces/share/crazyflie_interfaces/srv/Stop_Response.msg
[1.824s] -- Up-to-date: /home/yanyew/mapping/install/crazyflie_interfaces/share/crazyflie_interfaces/srv/Takeoff.srv
[1.824s] -- Up-to-date: /home/yanyew/mapping/install/crazyflie_interfaces/share/crazyflie_interfaces/srv/Takeoff_Request.msg
[1.824s] -- Up-to-date: /home/yanyew/mapping/install/crazyflie_interfaces/share/crazyflie_interfaces/srv/Takeoff_Response.msg
[1.824s] -- Up-to-date: /home/yanyew/mapping/install/crazyflie_interfaces/share/crazyflie_interfaces/srv/UpdateParams.srv
[1.824s] -- Up-to-date: /home/yanyew/mapping/install/crazyflie_interfaces/share/crazyflie_interfaces/srv/UpdateParams_Request.msg
[1.825s] -- Up-to-date: /home/yanyew/mapping/install/crazyflie_interfaces/share/crazyflie_interfaces/srv/UpdateParams_Response.msg
[1.825s] -- Up-to-date: /home/yanyew/mapping/install/crazyflie_interfaces/share/crazyflie_interfaces/srv/UploadTrajectory.srv
[1.825s] -- Up-to-date: /home/yanyew/mapping/install/crazyflie_interfaces/share/crazyflie_interfaces/srv/UploadTrajectory_Request.msg
[1.825s] -- Up-to-date: /home/yanyew/mapping/install/crazyflie_interfaces/share/crazyflie_interfaces/srv/UploadTrajectory_Response.msg
[1.825s] -- Up-to-date: /home/yanyew/mapping/install/crazyflie_interfaces/share/crazyflie_interfaces/srv/RemoveLogging.srv
[1.825s] -- Up-to-date: /home/yanyew/mapping/install/crazyflie_interfaces/share/crazyflie_interfaces/srv/RemoveLogging_Request.msg
[1.825s] -- Up-to-date: /home/yanyew/mapping/install/crazyflie_interfaces/share/crazyflie_interfaces/srv/RemoveLogging_Response.msg
[1.826s] -- Up-to-date: /home/yanyew/mapping/install/crazyflie_interfaces/share/crazyflie_interfaces/srv/AddLogging.srv
[1.826s] -- Up-to-date: /home/yanyew/mapping/install/crazyflie_interfaces/share/crazyflie_interfaces/srv/AddLogging_Request.msg
[1.826s] -- Up-to-date: /home/yanyew/mapping/install/crazyflie_interfaces/share/crazyflie_interfaces/srv/AddLogging_Response.msg
[1.826s] -- Up-to-date: /home/yanyew/mapping/install/crazyflie_interfaces/share/crazyflie_interfaces/srv/Arm.srv
[1.826s] -- Up-to-date: /home/yanyew/mapping/install/crazyflie_interfaces/share/crazyflie_interfaces/srv/Arm_Request.msg
[1.826s] -- Up-to-date: /home/yanyew/mapping/install/crazyflie_interfaces/share/crazyflie_interfaces/srv/Arm_Response.msg
[1.826s] -- Up-to-date: /home/yanyew/mapping/install/crazyflie_interfaces/share/ament_index/resource_index/package_run_dependencies/crazyflie_interfaces
[1.826s] -- Up-to-date: /home/yanyew/mapping/install/crazyflie_interfaces/share/ament_index/resource_index/parent_prefix_path/crazyflie_interfaces
[1.827s] -- Up-to-date: /home/yanyew/mapping/install/crazyflie_interfaces/share/crazyflie_interfaces/environment/ament_prefix_path.sh
[1.827s] -- Up-to-date: /home/yanyew/mapping/install/crazyflie_interfaces/share/crazyflie_interfaces/environment/ament_prefix_path.dsv
[1.827s] -- Up-to-date: /home/yanyew/mapping/install/crazyflie_interfaces/share/crazyflie_interfaces/environment/path.sh
[1.827s] -- Up-to-date: /home/yanyew/mapping/install/crazyflie_interfaces/share/crazyflie_interfaces/environment/path.dsv
[1.827s] -- Up-to-date: /home/yanyew/mapping/install/crazyflie_interfaces/share/crazyflie_interfaces/local_setup.bash
[1.827s] -- Up-to-date: /home/yanyew/mapping/install/crazyflie_interfaces/share/crazyflie_interfaces/local_setup.sh
[1.827s] -- Up-to-date: /home/yanyew/mapping/install/crazyflie_interfaces/share/crazyflie_interfaces/local_setup.zsh
[1.828s] -- Up-to-date: /home/yanyew/mapping/install/crazyflie_interfaces/share/crazyflie_interfaces/local_setup.dsv
[1.828s] -- Installing: /home/yanyew/mapping/install/crazyflie_interfaces/share/crazyflie_interfaces/package.dsv
[1.828s] -- Up-to-date: /home/yanyew/mapping/install/crazyflie_interfaces/share/ament_index/resource_index/packages/crazyflie_interfaces
[1.828s] -- Up-to-date: /home/yanyew/mapping/install/crazyflie_interfaces/share/crazyflie_interfaces/cmake/export_crazyflie_interfaces__rosidl_generator_cExport.cmake
[1.828s] -- Up-to-date: /home/yanyew/mapping/install/crazyflie_interfaces/share/crazyflie_interfaces/cmake/export_crazyflie_interfaces__rosidl_generator_cExport-noconfig.cmake
[1.828s] -- Up-to-date: /home/yanyew/mapping/install/crazyflie_interfaces/share/crazyflie_interfaces/cmake/export_crazyflie_interfaces__rosidl_typesupport_fastrtps_cExport.cmake
[1.828s] -- Up-to-date: /home/yanyew/mapping/install/crazyflie_interfaces/share/crazyflie_interfaces/cmake/export_crazyflie_interfaces__rosidl_typesupport_fastrtps_cExport-noconfig.cmake
[1.828s] -- Up-to-date: /home/yanyew/mapping/install/crazyflie_interfaces/share/crazyflie_interfaces/cmake/export_crazyflie_interfaces__rosidl_generator_cppExport.cmake
[1.829s] -- Up-to-date: /home/yanyew/mapping/install/crazyflie_interfaces/share/crazyflie_interfaces/cmake/export_crazyflie_interfaces__rosidl_typesupport_fastrtps_cppExport.cmake
[1.829s] -- Up-to-date: /home/yanyew/mapping/install/crazyflie_interfaces/share/crazyflie_interfaces/cmake/export_crazyflie_interfaces__rosidl_typesupport_fastrtps_cppExport-noconfig.cmake
[1.829s] -- Up-to-date: /home/yanyew/mapping/install/crazyflie_interfaces/share/crazyflie_interfaces/cmake/crazyflie_interfaces__rosidl_typesupport_introspection_cExport.cmake
[1.829s] -- Up-to-date: /home/yanyew/mapping/install/crazyflie_interfaces/share/crazyflie_interfaces/cmake/crazyflie_interfaces__rosidl_typesupport_introspection_cExport-noconfig.cmake
[1.829s] -- Up-to-date: /home/yanyew/mapping/install/crazyflie_interfaces/share/crazyflie_interfaces/cmake/crazyflie_interfaces__rosidl_typesupport_cExport.cmake
[1.829s] -- Up-to-date: /home/yanyew/mapping/install/crazyflie_interfaces/share/crazyflie_interfaces/cmake/crazyflie_interfaces__rosidl_typesupport_cExport-noconfig.cmake
[1.829s] -- Up-to-date: /home/yanyew/mapping/install/crazyflie_interfaces/share/crazyflie_interfaces/cmake/crazyflie_interfaces__rosidl_typesupport_introspection_cppExport.cmake
[1.830s] -- Up-to-date: /home/yanyew/mapping/install/crazyflie_interfaces/share/crazyflie_interfaces/cmake/crazyflie_interfaces__rosidl_typesupport_introspection_cppExport-noconfig.cmake
[1.830s] -- Up-to-date: /home/yanyew/mapping/install/crazyflie_interfaces/share/crazyflie_interfaces/cmake/crazyflie_interfaces__rosidl_typesupport_cppExport.cmake
[1.830s] -- Up-to-date: /home/yanyew/mapping/install/crazyflie_interfaces/share/crazyflie_interfaces/cmake/crazyflie_interfaces__rosidl_typesupport_cppExport-noconfig.cmake
[1.831s] -- Up-to-date: /home/yanyew/mapping/install/crazyflie_interfaces/share/crazyflie_interfaces/cmake/export_crazyflie_interfaces__rosidl_generator_pyExport.cmake
[1.831s] -- Up-to-date: /home/yanyew/mapping/install/crazyflie_interfaces/share/crazyflie_interfaces/cmake/export_crazyflie_interfaces__rosidl_generator_pyExport-noconfig.cmake
[1.831s] -- Up-to-date: /home/yanyew/mapping/install/crazyflie_interfaces/share/crazyflie_interfaces/cmake/rosidl_cmake-extras.cmake
[1.832s] -- Up-to-date: /home/yanyew/mapping/install/crazyflie_interfaces/share/crazyflie_interfaces/cmake/ament_cmake_export_dependencies-extras.cmake
[1.832s] -- Up-to-date: /home/yanyew/mapping/install/crazyflie_interfaces/share/crazyflie_interfaces/cmake/ament_cmake_export_include_directories-extras.cmake
[1.832s] -- Up-to-date: /home/yanyew/mapping/install/crazyflie_interfaces/share/crazyflie_interfaces/cmake/ament_cmake_export_libraries-extras.cmake
[1.832s] -- Up-to-date: /home/yanyew/mapping/install/crazyflie_interfaces/share/crazyflie_interfaces/cmake/ament_cmake_export_targets-extras.cmake
[1.833s] -- Up-to-date: /home/yanyew/mapping/install/crazyflie_interfaces/share/crazyflie_interfaces/cmake/rosidl_cmake_export_typesupport_targets-extras.cmake
[1.833s] -- Up-to-date: /home/yanyew/mapping/install/crazyflie_interfaces/share/crazyflie_interfaces/cmake/rosidl_cmake_export_typesupport_libraries-extras.cmake
[1.833s] -- Up-to-date: /home/yanyew/mapping/install/crazyflie_interfaces/share/crazyflie_interfaces/cmake/crazyflie_interfacesConfig.cmake
[1.833s] -- Up-to-date: /home/yanyew/mapping/install/crazyflie_interfaces/share/crazyflie_interfaces/cmake/crazyflie_interfacesConfig-version.cmake
[1.834s] -- Up-to-date: /home/yanyew/mapping/install/crazyflie_interfaces/share/crazyflie_interfaces/package.xml
[1.835s] Invoked command in '/home/yanyew/mapping/build/crazyflie_interfaces' returned '0': CMAKE_PREFIX_PATH=${CMAKE_PREFIX_PATH}:/home/yanyew/mapping/install/ros_gz_crazyflie_control:/home/yanyew/mapping/install/merge_map:/home/yanyew/mapping/install/crazyflie_ros2_multiranger_wall_following:/home/yanyew/mapping/install/crazyflie_ros2_multiranger_simple_mapper:/home/yanyew/mapping/install/crazyflie_py:/home/yanyew/mapping/install/crazyflie_launch:/opt/ros/humble /usr/bin/cmake --install /home/yanyew/mapping/build/crazyflie_interfaces
