[0.043s] Invoking command in '/home/yanyew/mapping/build/crazyflie_interfaces': CMAKE_PREFIX_PATH=${CMAKE_PREFIX_PATH}:/home/yanyew/mapping/install/ros_gz_crazyflie_control:/home/yanyew/mapping/install/merge_map:/home/yanyew/mapping/install/crazyflie_ros2_multiranger_wall_following:/home/yanyew/mapping/install/crazyflie_ros2_multiranger_simple_mapper:/home/yanyew/mapping/install/crazyflie_py:/home/yanyew/mapping/install/crazyflie_launch:/opt/ros/humble /usr/bin/cmake --build /home/yanyew/mapping/build/crazyflie_interfaces -- -j12 -l12
[1.767s] [  0%] Built target crazyflie_interfaces__cpp
[1.768s] [ 12%] Built target crazyflie_interfaces__rosidl_generator_c
[1.768s] [ 12%] Built target ament_cmake_python_copy_crazyflie_interfaces
[1.768s] [ 27%] Built target crazyflie_interfaces__rosidl_typesupport_c
[1.769s] [ 48%] Built target crazyflie_interfaces__rosidl_typesupport_introspection_c
[1.769s] [ 48%] Built target crazyflie_interfaces__rosidl_typesupport_cpp
[1.769s] [ 60%] Built target crazyflie_interfaces__rosidl_typesupport_fastrtps_cpp
[1.769s] [ 73%] Built target crazyflie_interfaces__rosidl_typesupport_introspection_cpp
[1.769s] [ 85%] Built target crazyflie_interfaces__rosidl_typesupport_fastrtps_c
[1.769s] [ 85%] Built target crazyflie_interfaces
[1.769s] [ 86%] Built target crazyflie_interfaces__py
[1.769s] [ 97%] Built target crazyflie_interfaces__rosidl_generator_py
[1.770s] [ 99%] Built target crazyflie_interfaces__rosidl_typesupport_fastrtps_c__pyext
[1.770s] [ 99%] Built target crazyflie_interfaces__rosidl_typesupport_c__pyext
[1.770s] [100%] Built target crazyflie_interfaces__rosidl_typesupport_introspection_c__pyext
[1.770s] running egg_info
[1.770s] writing crazyflie_interfaces.egg-info/PKG-INFO
[1.770s] writing dependency_links to crazyflie_interfaces.egg-info/dependency_links.txt
[1.770s] writing top-level names to crazyflie_interfaces.egg-info/top_level.txt
[1.770s] reading manifest file 'crazyflie_interfaces.egg-info/SOURCES.txt'
[1.771s] writing manifest file 'crazyflie_interfaces.egg-info/SOURCES.txt'
[1.771s] [100%] Built target ament_cmake_python_build_crazyflie_interfaces_egg
[1.782s] Invoked command in '/home/yanyew/mapping/build/crazyflie_interfaces' returned '0': CMAKE_PREFIX_PATH=${CMAKE_PREFIX_PATH}:/home/yanyew/mapping/install/ros_gz_crazyflie_control:/home/yanyew/mapping/install/merge_map:/home/yanyew/mapping/install/crazyflie_ros2_multiranger_wall_following:/home/yanyew/mapping/install/crazyflie_ros2_multiranger_simple_mapper:/home/yanyew/mapping/install/crazyflie_py:/home/yanyew/mapping/install/crazyflie_launch:/opt/ros/humble /usr/bin/cmake --build /home/yanyew/mapping/build/crazyflie_interfaces -- -j12 -l12
[1.783s] Invoking command in '/home/yanyew/mapping/build/crazyflie_interfaces': CMAKE_PREFIX_PATH=${CMAKE_PREFIX_PATH}:/home/yanyew/mapping/install/ros_gz_crazyflie_control:/home/yanyew/mapping/install/merge_map:/home/yanyew/mapping/install/crazyflie_ros2_multiranger_wall_following:/home/yanyew/mapping/install/crazyflie_ros2_multiranger_simple_mapper:/home/yanyew/mapping/install/crazyflie_py:/home/yanyew/mapping/install/crazyflie_launch:/opt/ros/humble /usr/bin/cmake --install /home/yanyew/mapping/build/crazyflie_interfaces
[1.799s] -- Install configuration: ""
[1.799s] -- Up-to-date: /home/yanyew/mapping/install/crazyflie_interfaces/share/ament_index/resource_index/rosidl_interfaces/crazyflie_interfaces
[1.799s] -- Up-to-date: /home/yanyew/mapping/install/crazyflie_interfaces/include/crazyflie_interfaces/crazyflie_interfaces
[1.799s] -- Up-to-date: /home/yanyew/mapping/install/crazyflie_interfaces/include/crazyflie_interfaces/crazyflie_interfaces/srv
[1.800s] -- Up-to-date: /home/yanyew/mapping/install/crazyflie_interfaces/include/crazyflie_interfaces/crazyflie_interfaces/srv/detail
[1.800s] -- Up-to-date: /home/yanyew/mapping/install/crazyflie_interfaces/include/crazyflie_interfaces/crazyflie_interfaces/srv/detail/set_group_mask__type_support.h
[1.801s] -- Up-to-date: /home/yanyew/mapping/install/crazyflie_interfaces/include/crazyflie_interfaces/crazyflie_interfaces/srv/detail/arm__functions.h
[1.804s] -- Up-to-date: /home/yanyew/mapping/install/crazyflie_interfaces/include/crazyflie_interfaces/crazyflie_interfaces/srv/detail/remove_logging__struct.h
[1.805s] -- Up-to-date: /home/yanyew/mapping/install/crazyflie_interfaces/include/crazyflie_interfaces/crazyflie_interfaces/srv/detail/add_logging__type_support.h
[1.806s] -- Up-to-date: /home/yanyew/mapping/install/crazyflie_interfaces/include/crazyflie_interfaces/crazyflie_interfaces/srv/detail/takeoff__functions.h
[1.806s] -- Up-to-date: /home/yanyew/mapping/install/crazyflie_interfaces/include/crazyflie_interfaces/crazyflie_interfaces/srv/detail/add_logging__functions.h
[1.806s] -- Up-to-date: /home/yanyew/mapping/install/crazyflie_interfaces/include/crazyflie_interfaces/crazyflie_interfaces/srv/detail/takeoff__struct.h
[1.807s] -- Up-to-date: /home/yanyew/mapping/install/crazyflie_interfaces/include/crazyflie_interfaces/crazyflie_interfaces/srv/detail/remove_logging__functions.c
[1.807s] -- Up-to-date: /home/yanyew/mapping/install/crazyflie_interfaces/include/crazyflie_interfaces/crazyflie_interfaces/srv/detail/takeoff__type_support.h
[1.807s] -- Up-to-date: /home/yanyew/mapping/install/crazyflie_interfaces/include/crazyflie_interfaces/crazyflie_interfaces/srv/detail/start_trajectory__functions.c
[1.807s] -- Up-to-date: /home/yanyew/mapping/install/crazyflie_interfaces/include/crazyflie_interfaces/crazyflie_interfaces/srv/detail/start_trajectory__struct.h
[1.807s] -- Up-to-date: /home/yanyew/mapping/install/crazyflie_interfaces/include/crazyflie_interfaces/crazyflie_interfaces/srv/detail/update_params__struct.h
[1.807s] -- Up-to-date: /home/yanyew/mapping/install/crazyflie_interfaces/include/crazyflie_interfaces/crazyflie_interfaces/srv/detail/stop__type_support.h
[1.808s] -- Up-to-date: /home/yanyew/mapping/install/crazyflie_interfaces/include/crazyflie_interfaces/crazyflie_interfaces/srv/detail/add_logging__functions.c
[1.808s] -- Up-to-date: /home/yanyew/mapping/install/crazyflie_interfaces/include/crazyflie_interfaces/crazyflie_interfaces/srv/detail/go_to__struct.h
[1.809s] -- Up-to-date: /home/yanyew/mapping/install/crazyflie_interfaces/include/crazyflie_interfaces/crazyflie_interfaces/srv/detail/update_params__type_support.h
[1.809s] -- Up-to-date: /home/yanyew/mapping/install/crazyflie_interfaces/include/crazyflie_interfaces/crazyflie_interfaces/srv/detail/go_to__functions.h
[1.809s] -- Up-to-date: /home/yanyew/mapping/install/crazyflie_interfaces/include/crazyflie_interfaces/crazyflie_interfaces/srv/detail/start_trajectory__functions.h
[1.809s] -- Up-to-date: /home/yanyew/mapping/install/crazyflie_interfaces/include/crazyflie_interfaces/crazyflie_interfaces/srv/detail/remove_logging__type_support.h
[1.810s] -- Up-to-date: /home/yanyew/mapping/install/crazyflie_interfaces/include/crazyflie_interfaces/crazyflie_interfaces/srv/detail/arm__struct.h
[1.810s] -- Up-to-date: /home/yanyew/mapping/install/crazyflie_interfaces/include/crazyflie_interfaces/crazyflie_interfaces/srv/detail/go_to__type_support.h
[1.810s] -- Up-to-date: /home/yanyew/mapping/install/crazyflie_interfaces/include/crazyflie_interfaces/crazyflie_interfaces/srv/detail/stop__functions.h
[1.810s] -- Up-to-date: /home/yanyew/mapping/install/crazyflie_interfaces/include/crazyflie_interfaces/crazyflie_interfaces/srv/detail/notify_setpoints_stop__struct.h
[1.810s] -- Up-to-date: /home/yanyew/mapping/install/crazyflie_interfaces/include/crazyflie_interfaces/crazyflie_interfaces/srv/detail/upload_trajectory__type_support.h
[1.810s] -- Up-to-date: /home/yanyew/mapping/install/crazyflie_interfaces/include/crazyflie_interfaces/crazyflie_interfaces/srv/detail/add_logging__struct.h
[1.811s] -- Up-to-date: /home/yanyew/mapping/install/crazyflie_interfaces/include/crazyflie_interfaces/crazyflie_interfaces/srv/detail/upload_trajectory__functions.c
[1.811s] -- Up-to-date: /home/yanyew/mapping/install/crazyflie_interfaces/include/crazyflie_interfaces/crazyflie_interfaces/srv/detail/takeoff__functions.c
[1.811s] -- Up-to-date: /home/yanyew/mapping/install/crazyflie_interfaces/include/crazyflie_interfaces/crazyflie_interfaces/srv/detail/notify_setpoints_stop__functions.h
[1.811s] -- Up-to-date: /home/yanyew/mapping/install/crazyflie_interfaces/include/crazyflie_interfaces/crazyflie_interfaces/srv/detail/stop__struct.h
[1.811s] -- Up-to-date: /home/yanyew/mapping/install/crazyflie_interfaces/include/crazyflie_interfaces/crazyflie_interfaces/srv/detail/update_params__functions.c
[1.811s] -- Up-to-date: /home/yanyew/mapping/install/crazyflie_interfaces/include/crazyflie_interfaces/crazyflie_interfaces/srv/detail/set_group_mask__functions.h
[1.812s] -- Up-to-date: /home/yanyew/mapping/install/crazyflie_interfaces/include/crazyflie_interfaces/crazyflie_interfaces/srv/detail/land__type_support.h
[1.812s] -- Up-to-date: /home/yanyew/mapping/install/crazyflie_interfaces/include/crazyflie_interfaces/crazyflie_interfaces/srv/detail/notify_setpoints_stop__functions.c
[1.813s] -- Up-to-date: /home/yanyew/mapping/install/crazyflie_interfaces/include/crazyflie_interfaces/crazyflie_interfaces/srv/detail/arm__type_support.h
[1.813s] -- Up-to-date: /home/yanyew/mapping/install/crazyflie_interfaces/include/crazyflie_interfaces/crazyflie_interfaces/srv/detail/go_to__functions.c
[1.813s] -- Up-to-date: /home/yanyew/mapping/install/crazyflie_interfaces/include/crazyflie_interfaces/crazyflie_interfaces/srv/detail/start_trajectory__type_support.h
[1.813s] -- Up-to-date: /home/yanyew/mapping/install/crazyflie_interfaces/include/crazyflie_interfaces/crazyflie_interfaces/srv/detail/upload_trajectory__functions.h
[1.813s] -- Up-to-date: /home/yanyew/mapping/install/crazyflie_interfaces/include/crazyflie_interfaces/crazyflie_interfaces/srv/detail/remove_logging__functions.h
[1.813s] -- Up-to-date: /home/yanyew/mapping/install/crazyflie_interfaces/include/crazyflie_interfaces/crazyflie_interfaces/srv/detail/set_group_mask__functions.c
[1.813s] -- Up-to-date: /home/yanyew/mapping/install/crazyflie_interfaces/include/crazyflie_interfaces/crazyflie_interfaces/srv/detail/notify_setpoints_stop__type_support.h
[1.813s] -- Up-to-date: /home/yanyew/mapping/install/crazyflie_interfaces/include/crazyflie_interfaces/crazyflie_interfaces/srv/detail/update_params__functions.h
[1.814s] -- Up-to-date: /home/yanyew/mapping/install/crazyflie_interfaces/include/crazyflie_interfaces/crazyflie_interfaces/srv/detail/land__functions.h
[1.814s] -- Up-to-date: /home/yanyew/mapping/install/crazyflie_interfaces/include/crazyflie_interfaces/crazyflie_interfaces/srv/detail/land__struct.h
[1.814s] -- Up-to-date: /home/yanyew/mapping/install/crazyflie_interfaces/include/crazyflie_interfaces/crazyflie_interfaces/srv/detail/upload_trajectory__struct.h
[1.814s] -- Up-to-date: /home/yanyew/mapping/install/crazyflie_interfaces/include/crazyflie_interfaces/crazyflie_interfaces/srv/detail/stop__functions.c
[1.814s] -- Up-to-date: /home/yanyew/mapping/install/crazyflie_interfaces/include/crazyflie_interfaces/crazyflie_interfaces/srv/detail/arm__functions.c
[1.814s] -- Up-to-date: /home/yanyew/mapping/install/crazyflie_interfaces/include/crazyflie_interfaces/crazyflie_interfaces/srv/detail/set_group_mask__struct.h
[1.815s] -- Up-to-date: /home/yanyew/mapping/install/crazyflie_interfaces/include/crazyflie_interfaces/crazyflie_interfaces/srv/detail/land__functions.c
[1.815s] -- Up-to-date: /home/yanyew/mapping/install/crazyflie_interfaces/include/crazyflie_interfaces/crazyflie_interfaces/srv/arm.h
[1.815s] -- Up-to-date: /home/yanyew/mapping/install/crazyflie_interfaces/include/crazyflie_interfaces/crazyflie_interfaces/srv/takeoff.h
[1.815s] -- Up-to-date: /home/yanyew/mapping/install/crazyflie_interfaces/include/crazyflie_interfaces/crazyflie_interfaces/srv/update_params.h
[1.815s] -- Up-to-date: /home/yanyew/mapping/install/crazyflie_interfaces/include/crazyflie_interfaces/crazyflie_interfaces/srv/set_group_mask.h
[1.815s] -- Up-to-date: /home/yanyew/mapping/install/crazyflie_interfaces/include/crazyflie_interfaces/crazyflie_interfaces/srv/remove_logging.h
[1.815s] -- Up-to-date: /home/yanyew/mapping/install/crazyflie_interfaces/include/crazyflie_interfaces/crazyflie_interfaces/srv/upload_trajectory.h
[1.815s] -- Up-to-date: /home/yanyew/mapping/install/crazyflie_interfaces/include/crazyflie_interfaces/crazyflie_interfaces/srv/go_to.h
[1.816s] -- Up-to-date: /home/yanyew/mapping/install/crazyflie_interfaces/include/crazyflie_interfaces/crazyflie_interfaces/srv/start_trajectory.h
[1.816s] -- Up-to-date: /home/yanyew/mapping/install/crazyflie_interfaces/include/crazyflie_interfaces/crazyflie_interfaces/srv/land.h
[1.816s] -- Up-to-date: /home/yanyew/mapping/install/crazyflie_interfaces/include/crazyflie_interfaces/crazyflie_interfaces/srv/add_logging.h
[1.816s] -- Up-to-date: /home/yanyew/mapping/install/crazyflie_interfaces/include/crazyflie_interfaces/crazyflie_interfaces/srv/stop.h
[1.816s] -- Up-to-date: /home/yanyew/mapping/install/crazyflie_interfaces/include/crazyflie_interfaces/crazyflie_interfaces/srv/notify_setpoints_stop.h
[1.816s] -- Up-to-date: /home/yanyew/mapping/install/crazyflie_interfaces/include/crazyflie_interfaces/crazyflie_interfaces/msg
[1.816s] -- Up-to-date: /home/yanyew/mapping/install/crazyflie_interfaces/include/crazyflie_interfaces/crazyflie_interfaces/msg/log_block.h
[1.816s] -- Up-to-date: /home/yanyew/mapping/install/crazyflie_interfaces/include/crazyflie_interfaces/crazyflie_interfaces/msg/detail
[1.816s] -- Up-to-date: /home/yanyew/mapping/install/crazyflie_interfaces/include/crazyflie_interfaces/crazyflie_interfaces/msg/detail/log_block__struct.h
[1.817s] -- Up-to-date: /home/yanyew/mapping/install/crazyflie_interfaces/include/crazyflie_interfaces/crazyflie_interfaces/msg/detail/status__struct.h
[1.817s] -- Up-to-date: /home/yanyew/mapping/install/crazyflie_interfaces/include/crazyflie_interfaces/crazyflie_interfaces/msg/detail/status__functions.h
[1.817s] -- Up-to-date: /home/yanyew/mapping/install/crazyflie_interfaces/include/crazyflie_interfaces/crazyflie_interfaces/msg/detail/trajectory_polynomial_piece__functions.h
[1.817s] -- Up-to-date: /home/yanyew/mapping/install/crazyflie_interfaces/include/crazyflie_interfaces/crazyflie_interfaces/msg/detail/log_block__functions.h
[1.817s] -- Up-to-date: /home/yanyew/mapping/install/crazyflie_interfaces/include/crazyflie_interfaces/crazyflie_interfaces/msg/detail/full_state__struct.h
[1.817s] -- Up-to-date: /home/yanyew/mapping/install/crazyflie_interfaces/include/crazyflie_interfaces/crazyflie_interfaces/msg/detail/trajectory_polynomial_piece__type_support.h
[1.817s] -- Up-to-date: /home/yanyew/mapping/install/crazyflie_interfaces/include/crazyflie_interfaces/crazyflie_interfaces/msg/detail/position__functions.c
[1.817s] -- Up-to-date: /home/yanyew/mapping/install/crazyflie_interfaces/include/crazyflie_interfaces/crazyflie_interfaces/msg/detail/full_state__functions.h
[1.817s] -- Up-to-date: /home/yanyew/mapping/install/crazyflie_interfaces/include/crazyflie_interfaces/crazyflie_interfaces/msg/detail/connection_statistics__type_support.h
[1.818s] -- Up-to-date: /home/yanyew/mapping/install/crazyflie_interfaces/include/crazyflie_interfaces/crazyflie_interfaces/msg/detail/log_data_generic__functions.c
[1.818s] -- Up-to-date: /home/yanyew/mapping/install/crazyflie_interfaces/include/crazyflie_interfaces/crazyflie_interfaces/msg/detail/trajectory_polynomial_piece__functions.c
[1.818s] -- Up-to-date: /home/yanyew/mapping/install/crazyflie_interfaces/include/crazyflie_interfaces/crazyflie_interfaces/msg/detail/hover__functions.c
[1.818s] -- Up-to-date: /home/yanyew/mapping/install/crazyflie_interfaces/include/crazyflie_interfaces/crazyflie_interfaces/msg/detail/log_data_generic__functions.h
[1.818s] -- Up-to-date: /home/yanyew/mapping/install/crazyflie_interfaces/include/crazyflie_interfaces/crazyflie_interfaces/msg/detail/position__type_support.h
[1.818s] -- Up-to-date: /home/yanyew/mapping/install/crazyflie_interfaces/include/crazyflie_interfaces/crazyflie_interfaces/msg/detail/connection_statistics__functions.h
[1.818s] -- Up-to-date: /home/yanyew/mapping/install/crazyflie_interfaces/include/crazyflie_interfaces/crazyflie_interfaces/msg/detail/connection_statistics_array__struct.h
[1.818s] -- Up-to-date: /home/yanyew/mapping/install/crazyflie_interfaces/include/crazyflie_interfaces/crazyflie_interfaces/msg/detail/position__struct.h
[1.818s] -- Up-to-date: /home/yanyew/mapping/install/crazyflie_interfaces/include/crazyflie_interfaces/crazyflie_interfaces/msg/detail/trajectory_polynomial_piece__struct.h
[1.818s] -- Up-to-date: /home/yanyew/mapping/install/crazyflie_interfaces/include/crazyflie_interfaces/crazyflie_interfaces/msg/detail/connection_statistics_array__functions.h
[1.823s] -- Up-to-date: /home/yanyew/mapping/install/crazyflie_interfaces/include/crazyflie_interfaces/crazyflie_interfaces/msg/detail/full_state__functions.c
[1.823s] -- Up-to-date: /home/yanyew/mapping/install/crazyflie_interfaces/include/crazyflie_interfaces/crazyflie_interfaces/msg/detail/velocity_world__type_support.h
[1.823s] -- Up-to-date: /home/yanyew/mapping/install/crazyflie_interfaces/include/crazyflie_interfaces/crazyflie_interfaces/msg/detail/status__type_support.h
[1.823s] -- Up-to-date: /home/yanyew/mapping/install/crazyflie_interfaces/include/crazyflie_interfaces/crazyflie_interfaces/msg/detail/status__functions.c
[1.823s] -- Up-to-date: /home/yanyew/mapping/install/crazyflie_interfaces/include/crazyflie_interfaces/crazyflie_interfaces/msg/detail/connection_statistics__struct.h
[1.823s] -- Up-to-date: /home/yanyew/mapping/install/crazyflie_interfaces/include/crazyflie_interfaces/crazyflie_interfaces/msg/detail/velocity_world__functions.h
[1.823s] -- Up-to-date: /home/yanyew/mapping/install/crazyflie_interfaces/include/crazyflie_interfaces/crazyflie_interfaces/msg/detail/velocity_world__functions.c
[1.823s] -- Up-to-date: /home/yanyew/mapping/install/crazyflie_interfaces/include/crazyflie_interfaces/crazyflie_interfaces/msg/detail/log_data_generic__type_support.h
[1.824s] -- Up-to-date: /home/yanyew/mapping/install/crazyflie_interfaces/include/crazyflie_interfaces/crazyflie_interfaces/msg/detail/hover__struct.h
[1.824s] -- Up-to-date: /home/yanyew/mapping/install/crazyflie_interfaces/include/crazyflie_interfaces/crazyflie_interfaces/msg/detail/connection_statistics__functions.c
[1.824s] -- Up-to-date: /home/yanyew/mapping/install/crazyflie_interfaces/include/crazyflie_interfaces/crazyflie_interfaces/msg/detail/hover__functions.h
[1.824s] -- Up-to-date: /home/yanyew/mapping/install/crazyflie_interfaces/include/crazyflie_interfaces/crazyflie_interfaces/msg/detail/hover__type_support.h
[1.824s] -- Up-to-date: /home/yanyew/mapping/install/crazyflie_interfaces/include/crazyflie_interfaces/crazyflie_interfaces/msg/detail/position__functions.h
[1.824s] -- Up-to-date: /home/yanyew/mapping/install/crazyflie_interfaces/include/crazyflie_interfaces/crazyflie_interfaces/msg/detail/log_block__functions.c
[1.824s] -- Up-to-date: /home/yanyew/mapping/install/crazyflie_interfaces/include/crazyflie_interfaces/crazyflie_interfaces/msg/detail/connection_statistics_array__type_support.h
[1.824s] -- Up-to-date: /home/yanyew/mapping/install/crazyflie_interfaces/include/crazyflie_interfaces/crazyflie_interfaces/msg/detail/full_state__type_support.h
[1.824s] -- Up-to-date: /home/yanyew/mapping/install/crazyflie_interfaces/include/crazyflie_interfaces/crazyflie_interfaces/msg/detail/connection_statistics_array__functions.c
[1.825s] -- Up-to-date: /home/yanyew/mapping/install/crazyflie_interfaces/include/crazyflie_interfaces/crazyflie_interfaces/msg/detail/log_block__type_support.h
[1.825s] -- Up-to-date: /home/yanyew/mapping/install/crazyflie_interfaces/include/crazyflie_interfaces/crazyflie_interfaces/msg/detail/velocity_world__struct.h
[1.825s] -- Up-to-date: /home/yanyew/mapping/install/crazyflie_interfaces/include/crazyflie_interfaces/crazyflie_interfaces/msg/detail/log_data_generic__struct.h
[1.825s] -- Up-to-date: /home/yanyew/mapping/install/crazyflie_interfaces/include/crazyflie_interfaces/crazyflie_interfaces/msg/velocity_world.h
[1.825s] -- Up-to-date: /home/yanyew/mapping/install/crazyflie_interfaces/include/crazyflie_interfaces/crazyflie_interfaces/msg/trajectory_polynomial_piece.h
[1.825s] -- Up-to-date: /home/yanyew/mapping/install/crazyflie_interfaces/include/crazyflie_interfaces/crazyflie_interfaces/msg/rosidl_generator_c__visibility_control.h
[1.825s] -- Up-to-date: /home/yanyew/mapping/install/crazyflie_interfaces/include/crazyflie_interfaces/crazyflie_interfaces/msg/position.h
[1.825s] -- Up-to-date: /home/yanyew/mapping/install/crazyflie_interfaces/include/crazyflie_interfaces/crazyflie_interfaces/msg/hover.h
[1.825s] -- Up-to-date: /home/yanyew/mapping/install/crazyflie_interfaces/include/crazyflie_interfaces/crazyflie_interfaces/msg/log_data_generic.h
[1.825s] -- Up-to-date: /home/yanyew/mapping/install/crazyflie_interfaces/include/crazyflie_interfaces/crazyflie_interfaces/msg/status.h
[1.833s] -- Up-to-date: /home/yanyew/mapping/install/crazyflie_interfaces/include/crazyflie_interfaces/crazyflie_interfaces/msg/full_state.h
[1.833s] -- Up-to-date: /home/yanyew/mapping/install/crazyflie_interfaces/include/crazyflie_interfaces/crazyflie_interfaces/msg/connection_statistics.h
[1.833s] -- Up-to-date: /home/yanyew/mapping/install/crazyflie_interfaces/include/crazyflie_interfaces/crazyflie_interfaces/msg/connection_statistics_array.h
[1.833s] -- Up-to-date: /home/yanyew/mapping/install/crazyflie_interfaces/share/crazyflie_interfaces/environment/library_path.sh
[1.834s] -- Up-to-date: /home/yanyew/mapping/install/crazyflie_interfaces/share/crazyflie_interfaces/environment/library_path.dsv
[1.834s] -- Up-to-date: /home/yanyew/mapping/install/crazyflie_interfaces/lib/libcrazyflie_interfaces__rosidl_generator_c.so
[1.834s] -- Up-to-date: /home/yanyew/mapping/install/crazyflie_interfaces/include/crazyflie_interfaces/crazyflie_interfaces
[1.834s] -- Up-to-date: /home/yanyew/mapping/install/crazyflie_interfaces/include/crazyflie_interfaces/crazyflie_interfaces/srv
[1.834s] -- Up-to-date: /home/yanyew/mapping/install/crazyflie_interfaces/include/crazyflie_interfaces/crazyflie_interfaces/srv/detail
[1.834s] -- Up-to-date: /home/yanyew/mapping/install/crazyflie_interfaces/include/crazyflie_interfaces/crazyflie_interfaces/srv/detail/add_logging__rosidl_typesupport_fastrtps_c.h
[1.834s] -- Up-to-date: /home/yanyew/mapping/install/crazyflie_interfaces/include/crazyflie_interfaces/crazyflie_interfaces/srv/detail/start_trajectory__rosidl_typesupport_fastrtps_c.h
[1.834s] -- Up-to-date: /home/yanyew/mapping/install/crazyflie_interfaces/include/crazyflie_interfaces/crazyflie_interfaces/srv/detail/update_params__rosidl_typesupport_fastrtps_c.h
[1.834s] -- Up-to-date: /home/yanyew/mapping/install/crazyflie_interfaces/include/crazyflie_interfaces/crazyflie_interfaces/srv/detail/remove_logging__rosidl_typesupport_fastrtps_c.h
[1.835s] -- Up-to-date: /home/yanyew/mapping/install/crazyflie_interfaces/include/crazyflie_interfaces/crazyflie_interfaces/srv/detail/takeoff__rosidl_typesupport_fastrtps_c.h
[1.835s] -- Up-to-date: /home/yanyew/mapping/install/crazyflie_interfaces/include/crazyflie_interfaces/crazyflie_interfaces/srv/detail/land__rosidl_typesupport_fastrtps_c.h
[1.835s] -- Up-to-date: /home/yanyew/mapping/install/crazyflie_interfaces/include/crazyflie_interfaces/crazyflie_interfaces/srv/detail/upload_trajectory__rosidl_typesupport_fastrtps_c.h
[1.835s] -- Up-to-date: /home/yanyew/mapping/install/crazyflie_interfaces/include/crazyflie_interfaces/crazyflie_interfaces/srv/detail/go_to__rosidl_typesupport_fastrtps_c.h
[1.835s] -- Up-to-date: /home/yanyew/mapping/install/crazyflie_interfaces/include/crazyflie_interfaces/crazyflie_interfaces/srv/detail/stop__rosidl_typesupport_fastrtps_c.h
[1.835s] -- Up-to-date: /home/yanyew/mapping/install/crazyflie_interfaces/include/crazyflie_interfaces/crazyflie_interfaces/srv/detail/set_group_mask__rosidl_typesupport_fastrtps_c.h
[1.835s] -- Up-to-date: /home/yanyew/mapping/install/crazyflie_interfaces/include/crazyflie_interfaces/crazyflie_interfaces/srv/detail/arm__rosidl_typesupport_fastrtps_c.h
[1.835s] -- Up-to-date: /home/yanyew/mapping/install/crazyflie_interfaces/include/crazyflie_interfaces/crazyflie_interfaces/srv/detail/notify_setpoints_stop__rosidl_typesupport_fastrtps_c.h
[1.835s] -- Up-to-date: /home/yanyew/mapping/install/crazyflie_interfaces/include/crazyflie_interfaces/crazyflie_interfaces/msg
[1.836s] -- Up-to-date: /home/yanyew/mapping/install/crazyflie_interfaces/include/crazyflie_interfaces/crazyflie_interfaces/msg/detail
[1.836s] -- Up-to-date: /home/yanyew/mapping/install/crazyflie_interfaces/include/crazyflie_interfaces/crazyflie_interfaces/msg/detail/connection_statistics_array__rosidl_typesupport_fastrtps_c.h
[1.836s] -- Up-to-date: /home/yanyew/mapping/install/crazyflie_interfaces/include/crazyflie_interfaces/crazyflie_interfaces/msg/detail/log_data_generic__rosidl_typesupport_fastrtps_c.h
[1.836s] -- Up-to-date: /home/yanyew/mapping/install/crazyflie_interfaces/include/crazyflie_interfaces/crazyflie_interfaces/msg/detail/hover__rosidl_typesupport_fastrtps_c.h
[1.836s] -- Up-to-date: /home/yanyew/mapping/install/crazyflie_interfaces/include/crazyflie_interfaces/crazyflie_interfaces/msg/detail/velocity_world__rosidl_typesupport_fastrtps_c.h
[1.836s] -- Up-to-date: /home/yanyew/mapping/install/crazyflie_interfaces/include/crazyflie_interfaces/crazyflie_interfaces/msg/detail/connection_statistics__rosidl_typesupport_fastrtps_c.h
[1.836s] -- Up-to-date: /home/yanyew/mapping/install/crazyflie_interfaces/include/crazyflie_interfaces/crazyflie_interfaces/msg/detail/trajectory_polynomial_piece__rosidl_typesupport_fastrtps_c.h
[1.836s] -- Up-to-date: /home/yanyew/mapping/install/crazyflie_interfaces/include/crazyflie_interfaces/crazyflie_interfaces/msg/detail/status__rosidl_typesupport_fastrtps_c.h
[1.836s] -- Up-to-date: /home/yanyew/mapping/install/crazyflie_interfaces/include/crazyflie_interfaces/crazyflie_interfaces/msg/detail/position__rosidl_typesupport_fastrtps_c.h
[1.841s] -- Up-to-date: /home/yanyew/mapping/install/crazyflie_interfaces/include/crazyflie_interfaces/crazyflie_interfaces/msg/detail/full_state__rosidl_typesupport_fastrtps_c.h
[1.841s] -- Up-to-date: /home/yanyew/mapping/install/crazyflie_interfaces/include/crazyflie_interfaces/crazyflie_interfaces/msg/detail/log_block__rosidl_typesupport_fastrtps_c.h
[1.841s] -- Up-to-date: /home/yanyew/mapping/install/crazyflie_interfaces/include/crazyflie_interfaces/crazyflie_interfaces/msg/rosidl_typesupport_fastrtps_c__visibility_control.h
[1.841s] -- Up-to-date: /home/yanyew/mapping/install/crazyflie_interfaces/lib/libcrazyflie_interfaces__rosidl_typesupport_fastrtps_c.so
[1.841s] -- Up-to-date: /home/yanyew/mapping/install/crazyflie_interfaces/include/crazyflie_interfaces/crazyflie_interfaces
[1.841s] -- Up-to-date: /home/yanyew/mapping/install/crazyflie_interfaces/include/crazyflie_interfaces/crazyflie_interfaces/srv
[1.841s] -- Up-to-date: /home/yanyew/mapping/install/crazyflie_interfaces/include/crazyflie_interfaces/crazyflie_interfaces/srv/detail
[1.841s] -- Up-to-date: /home/yanyew/mapping/install/crazyflie_interfaces/include/crazyflie_interfaces/crazyflie_interfaces/srv/detail/set_group_mask__struct.hpp
[1.842s] -- Up-to-date: /home/yanyew/mapping/install/crazyflie_interfaces/include/crazyflie_interfaces/crazyflie_interfaces/srv/detail/go_to__builder.hpp
[1.842s] -- Up-to-date: /home/yanyew/mapping/install/crazyflie_interfaces/include/crazyflie_interfaces/crazyflie_interfaces/srv/detail/set_group_mask__traits.hpp
[1.842s] -- Up-to-date: /home/yanyew/mapping/install/crazyflie_interfaces/include/crazyflie_interfaces/crazyflie_interfaces/srv/detail/update_params__traits.hpp
[1.842s] -- Up-to-date: /home/yanyew/mapping/install/crazyflie_interfaces/include/crazyflie_interfaces/crazyflie_interfaces/srv/detail/notify_setpoints_stop__struct.hpp
[1.842s] -- Up-to-date: /home/yanyew/mapping/install/crazyflie_interfaces/include/crazyflie_interfaces/crazyflie_interfaces/srv/detail/land__traits.hpp
[1.842s] -- Up-to-date: /home/yanyew/mapping/install/crazyflie_interfaces/include/crazyflie_interfaces/crazyflie_interfaces/srv/detail/go_to__struct.hpp
[1.842s] -- Up-to-date: /home/yanyew/mapping/install/crazyflie_interfaces/include/crazyflie_interfaces/crazyflie_interfaces/srv/detail/land__type_support.hpp
[1.842s] -- Up-to-date: /home/yanyew/mapping/install/crazyflie_interfaces/include/crazyflie_interfaces/crazyflie_interfaces/srv/detail/stop__traits.hpp
[1.842s] -- Up-to-date: /home/yanyew/mapping/install/crazyflie_interfaces/include/crazyflie_interfaces/crazyflie_interfaces/srv/detail/set_group_mask__builder.hpp
[1.843s] -- Up-to-date: /home/yanyew/mapping/install/crazyflie_interfaces/include/crazyflie_interfaces/crazyflie_interfaces/srv/detail/takeoff__traits.hpp
[1.843s] -- Up-to-date: /home/yanyew/mapping/install/crazyflie_interfaces/include/crazyflie_interfaces/crazyflie_interfaces/srv/detail/go_to__type_support.hpp
[1.843s] -- Up-to-date: /home/yanyew/mapping/install/crazyflie_interfaces/include/crazyflie_interfaces/crazyflie_interfaces/srv/detail/update_params__type_support.hpp
[1.843s] -- Up-to-date: /home/yanyew/mapping/install/crazyflie_interfaces/include/crazyflie_interfaces/crazyflie_interfaces/srv/detail/add_logging__struct.hpp
[1.843s] -- Up-to-date: /home/yanyew/mapping/install/crazyflie_interfaces/include/crazyflie_interfaces/crazyflie_interfaces/srv/detail/start_trajectory__builder.hpp
[1.843s] -- Up-to-date: /home/yanyew/mapping/install/crazyflie_interfaces/include/crazyflie_interfaces/crazyflie_interfaces/srv/detail/upload_trajectory__struct.hpp
[1.843s] -- Up-to-date: /home/yanyew/mapping/install/crazyflie_interfaces/include/crazyflie_interfaces/crazyflie_interfaces/srv/detail/remove_logging__type_support.hpp
[1.843s] -- Up-to-date: /home/yanyew/mapping/install/crazyflie_interfaces/include/crazyflie_interfaces/crazyflie_interfaces/srv/detail/set_group_mask__type_support.hpp
[1.844s] -- Up-to-date: /home/yanyew/mapping/install/crazyflie_interfaces/include/crazyflie_interfaces/crazyflie_interfaces/srv/detail/add_logging__traits.hpp
[1.848s] -- Up-to-date: /home/yanyew/mapping/install/crazyflie_interfaces/include/crazyflie_interfaces/crazyflie_interfaces/srv/detail/land__builder.hpp
[1.848s] -- Up-to-date: /home/yanyew/mapping/install/crazyflie_interfaces/include/crazyflie_interfaces/crazyflie_interfaces/srv/detail/start_trajectory__struct.hpp
[1.848s] -- Up-to-date: /home/yanyew/mapping/install/crazyflie_interfaces/include/crazyflie_interfaces/crazyflie_interfaces/srv/detail/upload_trajectory__traits.hpp
[1.848s] -- Up-to-date: /home/yanyew/mapping/install/crazyflie_interfaces/include/crazyflie_interfaces/crazyflie_interfaces/srv/detail/update_params__struct.hpp
[1.848s] -- Up-to-date: /home/yanyew/mapping/install/crazyflie_interfaces/include/crazyflie_interfaces/crazyflie_interfaces/srv/detail/remove_logging__traits.hpp
[1.848s] -- Up-to-date: /home/yanyew/mapping/install/crazyflie_interfaces/include/crazyflie_interfaces/crazyflie_interfaces/srv/detail/arm__struct.hpp
[1.849s] -- Up-to-date: /home/yanyew/mapping/install/crazyflie_interfaces/include/crazyflie_interfaces/crazyflie_interfaces/srv/detail/takeoff__type_support.hpp
[1.849s] -- Up-to-date: /home/yanyew/mapping/install/crazyflie_interfaces/include/crazyflie_interfaces/crazyflie_interfaces/srv/detail/notify_setpoints_stop__traits.hpp
[1.849s] -- Up-to-date: /home/yanyew/mapping/install/crazyflie_interfaces/include/crazyflie_interfaces/crazyflie_interfaces/srv/detail/remove_logging__struct.hpp
[1.849s] -- Up-to-date: /home/yanyew/mapping/install/crazyflie_interfaces/include/crazyflie_interfaces/crazyflie_interfaces/srv/detail/go_to__traits.hpp
[1.849s] -- Up-to-date: /home/yanyew/mapping/install/crazyflie_interfaces/include/crazyflie_interfaces/crazyflie_interfaces/srv/detail/notify_setpoints_stop__builder.hpp
[1.849s] -- Up-to-date: /home/yanyew/mapping/install/crazyflie_interfaces/include/crazyflie_interfaces/crazyflie_interfaces/srv/detail/arm__builder.hpp
[1.849s] -- Up-to-date: /home/yanyew/mapping/install/crazyflie_interfaces/include/crazyflie_interfaces/crazyflie_interfaces/srv/detail/remove_logging__builder.hpp
[1.849s] -- Up-to-date: /home/yanyew/mapping/install/crazyflie_interfaces/include/crazyflie_interfaces/crazyflie_interfaces/srv/detail/stop__struct.hpp
[1.849s] -- Up-to-date: /home/yanyew/mapping/install/crazyflie_interfaces/include/crazyflie_interfaces/crazyflie_interfaces/srv/detail/start_trajectory__type_support.hpp
[1.850s] -- Up-to-date: /home/yanyew/mapping/install/crazyflie_interfaces/include/crazyflie_interfaces/crazyflie_interfaces/srv/detail/arm__traits.hpp
[1.850s] -- Up-to-date: /home/yanyew/mapping/install/crazyflie_interfaces/include/crazyflie_interfaces/crazyflie_interfaces/srv/detail/update_params__builder.hpp
[1.850s] -- Up-to-date: /home/yanyew/mapping/install/crazyflie_interfaces/include/crazyflie_interfaces/crazyflie_interfaces/srv/detail/add_logging__builder.hpp
[1.850s] -- Up-to-date: /home/yanyew/mapping/install/crazyflie_interfaces/include/crazyflie_interfaces/crazyflie_interfaces/srv/detail/add_logging__type_support.hpp
[1.850s] -- Up-to-date: /home/yanyew/mapping/install/crazyflie_interfaces/include/crazyflie_interfaces/crazyflie_interfaces/srv/detail/stop__type_support.hpp
[1.850s] -- Up-to-date: /home/yanyew/mapping/install/crazyflie_interfaces/include/crazyflie_interfaces/crazyflie_interfaces/srv/detail/stop__builder.hpp
[1.850s] -- Up-to-date: /home/yanyew/mapping/install/crazyflie_interfaces/include/crazyflie_interfaces/crazyflie_interfaces/srv/detail/upload_trajectory__builder.hpp
[1.850s] -- Up-to-date: /home/yanyew/mapping/install/crazyflie_interfaces/include/crazyflie_interfaces/crazyflie_interfaces/srv/detail/arm__type_support.hpp
[1.850s] -- Up-to-date: /home/yanyew/mapping/install/crazyflie_interfaces/include/crazyflie_interfaces/crazyflie_interfaces/srv/detail/takeoff__struct.hpp
[1.850s] -- Up-to-date: /home/yanyew/mapping/install/crazyflie_interfaces/include/crazyflie_interfaces/crazyflie_interfaces/srv/detail/upload_trajectory__type_support.hpp
[1.851s] -- Up-to-date: /home/yanyew/mapping/install/crazyflie_interfaces/include/crazyflie_interfaces/crazyflie_interfaces/srv/detail/notify_setpoints_stop__type_support.hpp
[1.851s] -- Up-to-date: /home/yanyew/mapping/install/crazyflie_interfaces/include/crazyflie_interfaces/crazyflie_interfaces/srv/detail/takeoff__builder.hpp
[1.851s] -- Up-to-date: /home/yanyew/mapping/install/crazyflie_interfaces/include/crazyflie_interfaces/crazyflie_interfaces/srv/detail/land__struct.hpp
[1.851s] -- Up-to-date: /home/yanyew/mapping/install/crazyflie_interfaces/include/crazyflie_interfaces/crazyflie_interfaces/srv/detail/start_trajectory__traits.hpp
[1.851s] -- Up-to-date: /home/yanyew/mapping/install/crazyflie_interfaces/include/crazyflie_interfaces/crazyflie_interfaces/srv/remove_logging.hpp
[1.851s] -- Up-to-date: /home/yanyew/mapping/install/crazyflie_interfaces/include/crazyflie_interfaces/crazyflie_interfaces/srv/add_logging.hpp
[1.851s] -- Up-to-date: /home/yanyew/mapping/install/crazyflie_interfaces/include/crazyflie_interfaces/crazyflie_interfaces/srv/land.hpp
[1.851s] -- Up-to-date: /home/yanyew/mapping/install/crazyflie_interfaces/include/crazyflie_interfaces/crazyflie_interfaces/srv/stop.hpp
[1.851s] -- Up-to-date: /home/yanyew/mapping/install/crazyflie_interfaces/include/crazyflie_interfaces/crazyflie_interfaces/srv/notify_setpoints_stop.hpp
[1.852s] -- Up-to-date: /home/yanyew/mapping/install/crazyflie_interfaces/include/crazyflie_interfaces/crazyflie_interfaces/srv/set_group_mask.hpp
[1.852s] -- Up-to-date: /home/yanyew/mapping/install/crazyflie_interfaces/include/crazyflie_interfaces/crazyflie_interfaces/srv/update_params.hpp
[1.852s] -- Up-to-date: /home/yanyew/mapping/install/crazyflie_interfaces/include/crazyflie_interfaces/crazyflie_interfaces/srv/start_trajectory.hpp
[1.852s] -- Up-to-date: /home/yanyew/mapping/install/crazyflie_interfaces/include/crazyflie_interfaces/crazyflie_interfaces/srv/takeoff.hpp
[1.852s] -- Up-to-date: /home/yanyew/mapping/install/crazyflie_interfaces/include/crazyflie_interfaces/crazyflie_interfaces/srv/go_to.hpp
[1.852s] -- Up-to-date: /home/yanyew/mapping/install/crazyflie_interfaces/include/crazyflie_interfaces/crazyflie_interfaces/srv/arm.hpp
[1.852s] -- Up-to-date: /home/yanyew/mapping/install/crazyflie_interfaces/include/crazyflie_interfaces/crazyflie_interfaces/srv/upload_trajectory.hpp
[1.852s] -- Up-to-date: /home/yanyew/mapping/install/crazyflie_interfaces/include/crazyflie_interfaces/crazyflie_interfaces/msg
[1.853s] -- Up-to-date: /home/yanyew/mapping/install/crazyflie_interfaces/include/crazyflie_interfaces/crazyflie_interfaces/msg/detail
[1.853s] -- Up-to-date: /home/yanyew/mapping/install/crazyflie_interfaces/include/crazyflie_interfaces/crazyflie_interfaces/msg/detail/log_block__traits.hpp
[1.857s] -- Up-to-date: /home/yanyew/mapping/install/crazyflie_interfaces/include/crazyflie_interfaces/crazyflie_interfaces/msg/detail/full_state__struct.hpp
[1.857s] -- Up-to-date: /home/yanyew/mapping/install/crazyflie_interfaces/include/crazyflie_interfaces/crazyflie_interfaces/msg/detail/position__struct.hpp
[1.857s] -- Up-to-date: /home/yanyew/mapping/install/crazyflie_interfaces/include/crazyflie_interfaces/crazyflie_interfaces/msg/detail/trajectory_polynomial_piece__builder.hpp
[1.857s] -- Up-to-date: /home/yanyew/mapping/install/crazyflie_interfaces/include/crazyflie_interfaces/crazyflie_interfaces/msg/detail/log_data_generic__type_support.hpp
[1.857s] -- Up-to-date: /home/yanyew/mapping/install/crazyflie_interfaces/include/crazyflie_interfaces/crazyflie_interfaces/msg/detail/log_data_generic__struct.hpp
[1.857s] -- Up-to-date: /home/yanyew/mapping/install/crazyflie_interfaces/include/crazyflie_interfaces/crazyflie_interfaces/msg/detail/full_state__traits.hpp
[1.857s] -- Up-to-date: /home/yanyew/mapping/install/crazyflie_interfaces/include/crazyflie_interfaces/crazyflie_interfaces/msg/detail/status__traits.hpp
[1.857s] -- Up-to-date: /home/yanyew/mapping/install/crazyflie_interfaces/include/crazyflie_interfaces/crazyflie_interfaces/msg/detail/connection_statistics__type_support.hpp
[1.858s] -- Up-to-date: /home/yanyew/mapping/install/crazyflie_interfaces/include/crazyflie_interfaces/crazyflie_interfaces/msg/detail/log_block__struct.hpp
[1.858s] -- Up-to-date: /home/yanyew/mapping/install/crazyflie_interfaces/include/crazyflie_interfaces/crazyflie_interfaces/msg/detail/full_state__type_support.hpp
[1.858s] -- Up-to-date: /home/yanyew/mapping/install/crazyflie_interfaces/include/crazyflie_interfaces/crazyflie_interfaces/msg/detail/velocity_world__traits.hpp
[1.858s] -- Up-to-date: /home/yanyew/mapping/install/crazyflie_interfaces/include/crazyflie_interfaces/crazyflie_interfaces/msg/detail/velocity_world__struct.hpp
[1.858s] -- Up-to-date: /home/yanyew/mapping/install/crazyflie_interfaces/include/crazyflie_interfaces/crazyflie_interfaces/msg/detail/position__builder.hpp
[1.858s] -- Up-to-date: /home/yanyew/mapping/install/crazyflie_interfaces/include/crazyflie_interfaces/crazyflie_interfaces/msg/detail/connection_statistics_array__traits.hpp
[1.858s] -- Up-to-date: /home/yanyew/mapping/install/crazyflie_interfaces/include/crazyflie_interfaces/crazyflie_interfaces/msg/detail/connection_statistics_array__struct.hpp
[1.858s] -- Up-to-date: /home/yanyew/mapping/install/crazyflie_interfaces/include/crazyflie_interfaces/crazyflie_interfaces/msg/detail/hover__struct.hpp
[1.858s] -- Up-to-date: /home/yanyew/mapping/install/crazyflie_interfaces/include/crazyflie_interfaces/crazyflie_interfaces/msg/detail/position__type_support.hpp
[1.858s] -- Up-to-date: /home/yanyew/mapping/install/crazyflie_interfaces/include/crazyflie_interfaces/crazyflie_interfaces/msg/detail/full_state__builder.hpp
[1.859s] -- Up-to-date: /home/yanyew/mapping/install/crazyflie_interfaces/include/crazyflie_interfaces/crazyflie_interfaces/msg/detail/hover__builder.hpp
[1.859s] -- Up-to-date: /home/yanyew/mapping/install/crazyflie_interfaces/include/crazyflie_interfaces/crazyflie_interfaces/msg/detail/status__struct.hpp
[1.859s] -- Up-to-date: /home/yanyew/mapping/install/crazyflie_interfaces/include/crazyflie_interfaces/crazyflie_interfaces/msg/detail/connection_statistics__traits.hpp
[1.859s] -- Up-to-date: /home/yanyew/mapping/install/crazyflie_interfaces/include/crazyflie_interfaces/crazyflie_interfaces/msg/detail/connection_statistics__builder.hpp
[1.859s] -- Up-to-date: /home/yanyew/mapping/install/crazyflie_interfaces/include/crazyflie_interfaces/crazyflie_interfaces/msg/detail/connection_statistics__struct.hpp
[1.859s] -- Up-to-date: /home/yanyew/mapping/install/crazyflie_interfaces/include/crazyflie_interfaces/crazyflie_interfaces/msg/detail/connection_statistics_array__type_support.hpp
[1.859s] -- Up-to-date: /home/yanyew/mapping/install/crazyflie_interfaces/include/crazyflie_interfaces/crazyflie_interfaces/msg/detail/trajectory_polynomial_piece__traits.hpp
[1.859s] -- Up-to-date: /home/yanyew/mapping/install/crazyflie_interfaces/include/crazyflie_interfaces/crazyflie_interfaces/msg/detail/trajectory_polynomial_piece__type_support.hpp
[1.860s] -- Up-to-date: /home/yanyew/mapping/install/crazyflie_interfaces/include/crazyflie_interfaces/crazyflie_interfaces/msg/detail/velocity_world__builder.hpp
[1.860s] -- Up-to-date: /home/yanyew/mapping/install/crazyflie_interfaces/include/crazyflie_interfaces/crazyflie_interfaces/msg/detail/velocity_world__type_support.hpp
[1.860s] -- Up-to-date: /home/yanyew/mapping/install/crazyflie_interfaces/include/crazyflie_interfaces/crazyflie_interfaces/msg/detail/connection_statistics_array__builder.hpp
[1.860s] -- Up-to-date: /home/yanyew/mapping/install/crazyflie_interfaces/include/crazyflie_interfaces/crazyflie_interfaces/msg/detail/trajectory_polynomial_piece__struct.hpp
[1.860s] -- Up-to-date: /home/yanyew/mapping/install/crazyflie_interfaces/include/crazyflie_interfaces/crazyflie_interfaces/msg/detail/log_block__type_support.hpp
[1.860s] -- Up-to-date: /home/yanyew/mapping/install/crazyflie_interfaces/include/crazyflie_interfaces/crazyflie_interfaces/msg/detail/log_data_generic__traits.hpp
[1.860s] -- Up-to-date: /home/yanyew/mapping/install/crazyflie_interfaces/include/crazyflie_interfaces/crazyflie_interfaces/msg/detail/log_block__builder.hpp
[1.860s] -- Up-to-date: /home/yanyew/mapping/install/crazyflie_interfaces/include/crazyflie_interfaces/crazyflie_interfaces/msg/detail/status__builder.hpp
[1.860s] -- Up-to-date: /home/yanyew/mapping/install/crazyflie_interfaces/include/crazyflie_interfaces/crazyflie_interfaces/msg/detail/position__traits.hpp
[1.860s] -- Up-to-date: /home/yanyew/mapping/install/crazyflie_interfaces/include/crazyflie_interfaces/crazyflie_interfaces/msg/detail/status__type_support.hpp
[1.861s] -- Up-to-date: /home/yanyew/mapping/install/crazyflie_interfaces/include/crazyflie_interfaces/crazyflie_interfaces/msg/detail/hover__traits.hpp
[1.861s] -- Up-to-date: /home/yanyew/mapping/install/crazyflie_interfaces/include/crazyflie_interfaces/crazyflie_interfaces/msg/detail/hover__type_support.hpp
[1.861s] -- Up-to-date: /home/yanyew/mapping/install/crazyflie_interfaces/include/crazyflie_interfaces/crazyflie_interfaces/msg/detail/log_data_generic__builder.hpp
[1.861s] -- Up-to-date: /home/yanyew/mapping/install/crazyflie_interfaces/include/crazyflie_interfaces/crazyflie_interfaces/msg/log_block.hpp
[1.861s] -- Up-to-date: /home/yanyew/mapping/install/crazyflie_interfaces/include/crazyflie_interfaces/crazyflie_interfaces/msg/position.hpp
[1.861s] -- Up-to-date: /home/yanyew/mapping/install/crazyflie_interfaces/include/crazyflie_interfaces/crazyflie_interfaces/msg/velocity_world.hpp
[1.861s] -- Up-to-date: /home/yanyew/mapping/install/crazyflie_interfaces/include/crazyflie_interfaces/crazyflie_interfaces/msg/full_state.hpp
[1.861s] -- Up-to-date: /home/yanyew/mapping/install/crazyflie_interfaces/include/crazyflie_interfaces/crazyflie_interfaces/msg/status.hpp
[1.861s] -- Up-to-date: /home/yanyew/mapping/install/crazyflie_interfaces/include/crazyflie_interfaces/crazyflie_interfaces/msg/connection_statistics_array.hpp
[1.866s] -- Up-to-date: /home/yanyew/mapping/install/crazyflie_interfaces/include/crazyflie_interfaces/crazyflie_interfaces/msg/log_data_generic.hpp
[1.866s] -- Up-to-date: /home/yanyew/mapping/install/crazyflie_interfaces/include/crazyflie_interfaces/crazyflie_interfaces/msg/trajectory_polynomial_piece.hpp
[1.866s] -- Up-to-date: /home/yanyew/mapping/install/crazyflie_interfaces/include/crazyflie_interfaces/crazyflie_interfaces/msg/rosidl_generator_cpp__visibility_control.hpp
[1.866s] -- Up-to-date: /home/yanyew/mapping/install/crazyflie_interfaces/include/crazyflie_interfaces/crazyflie_interfaces/msg/connection_statistics.hpp
[1.868s] -- Up-to-date: /home/yanyew/mapping/install/crazyflie_interfaces/include/crazyflie_interfaces/crazyflie_interfaces/msg/hover.hpp
[1.868s] -- Up-to-date: /home/yanyew/mapping/install/crazyflie_interfaces/include/crazyflie_interfaces/crazyflie_interfaces
[1.869s] -- Up-to-date: /home/yanyew/mapping/install/crazyflie_interfaces/include/crazyflie_interfaces/crazyflie_interfaces/srv
[1.869s] -- Up-to-date: /home/yanyew/mapping/install/crazyflie_interfaces/include/crazyflie_interfaces/crazyflie_interfaces/srv/detail
[1.869s] -- Up-to-date: /home/yanyew/mapping/install/crazyflie_interfaces/include/crazyflie_interfaces/crazyflie_interfaces/srv/detail/start_trajectory__rosidl_typesupport_fastrtps_cpp.hpp
[1.869s] -- Up-to-date: /home/yanyew/mapping/install/crazyflie_interfaces/include/crazyflie_interfaces/crazyflie_interfaces/srv/detail/takeoff__rosidl_typesupport_fastrtps_cpp.hpp
[1.869s] -- Up-to-date: /home/yanyew/mapping/install/crazyflie_interfaces/include/crazyflie_interfaces/crazyflie_interfaces/srv/detail/dds_fastrtps
[1.869s] -- Up-to-date: /home/yanyew/mapping/install/crazyflie_interfaces/include/crazyflie_interfaces/crazyflie_interfaces/srv/detail/upload_trajectory__rosidl_typesupport_fastrtps_cpp.hpp
[1.869s] -- Up-to-date: /home/yanyew/mapping/install/crazyflie_interfaces/include/crazyflie_interfaces/crazyflie_interfaces/srv/detail/notify_setpoints_stop__rosidl_typesupport_fastrtps_cpp.hpp
[1.869s] -- Up-to-date: /home/yanyew/mapping/install/crazyflie_interfaces/include/crazyflie_interfaces/crazyflie_interfaces/srv/detail/land__rosidl_typesupport_fastrtps_cpp.hpp
[1.869s] -- Up-to-date: /home/yanyew/mapping/install/crazyflie_interfaces/include/crazyflie_interfaces/crazyflie_interfaces/srv/detail/add_logging__rosidl_typesupport_fastrtps_cpp.hpp
[1.870s] -- Up-to-date: /home/yanyew/mapping/install/crazyflie_interfaces/include/crazyflie_interfaces/crazyflie_interfaces/srv/detail/update_params__rosidl_typesupport_fastrtps_cpp.hpp
[1.870s] -- Up-to-date: /home/yanyew/mapping/install/crazyflie_interfaces/include/crazyflie_interfaces/crazyflie_interfaces/srv/detail/stop__rosidl_typesupport_fastrtps_cpp.hpp
[1.870s] -- Up-to-date: /home/yanyew/mapping/install/crazyflie_interfaces/include/crazyflie_interfaces/crazyflie_interfaces/srv/detail/arm__rosidl_typesupport_fastrtps_cpp.hpp
[1.870s] -- Up-to-date: /home/yanyew/mapping/install/crazyflie_interfaces/include/crazyflie_interfaces/crazyflie_interfaces/srv/detail/remove_logging__rosidl_typesupport_fastrtps_cpp.hpp
[1.870s] -- Up-to-date: /home/yanyew/mapping/install/crazyflie_interfaces/include/crazyflie_interfaces/crazyflie_interfaces/srv/detail/go_to__rosidl_typesupport_fastrtps_cpp.hpp
[1.870s] -- Up-to-date: /home/yanyew/mapping/install/crazyflie_interfaces/include/crazyflie_interfaces/crazyflie_interfaces/srv/detail/set_group_mask__rosidl_typesupport_fastrtps_cpp.hpp
[1.870s] -- Up-to-date: /home/yanyew/mapping/install/crazyflie_interfaces/include/crazyflie_interfaces/crazyflie_interfaces/msg
[1.870s] -- Up-to-date: /home/yanyew/mapping/install/crazyflie_interfaces/include/crazyflie_interfaces/crazyflie_interfaces/msg/detail
[1.870s] -- Up-to-date: /home/yanyew/mapping/install/crazyflie_interfaces/include/crazyflie_interfaces/crazyflie_interfaces/msg/detail/full_state__rosidl_typesupport_fastrtps_cpp.hpp
[1.871s] -- Up-to-date: /home/yanyew/mapping/install/crazyflie_interfaces/include/crazyflie_interfaces/crazyflie_interfaces/msg/detail/log_data_generic__rosidl_typesupport_fastrtps_cpp.hpp
[1.871s] -- Up-to-date: /home/yanyew/mapping/install/crazyflie_interfaces/include/crazyflie_interfaces/crazyflie_interfaces/msg/detail/dds_fastrtps
[1.871s] -- Up-to-date: /home/yanyew/mapping/install/crazyflie_interfaces/include/crazyflie_interfaces/crazyflie_interfaces/msg/detail/trajectory_polynomial_piece__rosidl_typesupport_fastrtps_cpp.hpp
[1.871s] -- Up-to-date: /home/yanyew/mapping/install/crazyflie_interfaces/include/crazyflie_interfaces/crazyflie_interfaces/msg/detail/connection_statistics_array__rosidl_typesupport_fastrtps_cpp.hpp
[1.871s] -- Up-to-date: /home/yanyew/mapping/install/crazyflie_interfaces/include/crazyflie_interfaces/crazyflie_interfaces/msg/detail/hover__rosidl_typesupport_fastrtps_cpp.hpp
[1.871s] -- Up-to-date: /home/yanyew/mapping/install/crazyflie_interfaces/include/crazyflie_interfaces/crazyflie_interfaces/msg/detail/log_block__rosidl_typesupport_fastrtps_cpp.hpp
[1.871s] -- Up-to-date: /home/yanyew/mapping/install/crazyflie_interfaces/include/crazyflie_interfaces/crazyflie_interfaces/msg/detail/position__rosidl_typesupport_fastrtps_cpp.hpp
[1.871s] -- Up-to-date: /home/yanyew/mapping/install/crazyflie_interfaces/include/crazyflie_interfaces/crazyflie_interfaces/msg/detail/status__rosidl_typesupport_fastrtps_cpp.hpp
[1.871s] -- Up-to-date: /home/yanyew/mapping/install/crazyflie_interfaces/include/crazyflie_interfaces/crazyflie_interfaces/msg/detail/velocity_world__rosidl_typesupport_fastrtps_cpp.hpp
[1.872s] -- Up-to-date: /home/yanyew/mapping/install/crazyflie_interfaces/include/crazyflie_interfaces/crazyflie_interfaces/msg/detail/connection_statistics__rosidl_typesupport_fastrtps_cpp.hpp
[1.872s] -- Up-to-date: /home/yanyew/mapping/install/crazyflie_interfaces/include/crazyflie_interfaces/crazyflie_interfaces/msg/rosidl_typesupport_fastrtps_cpp__visibility_control.h
[1.872s] -- Up-to-date: /home/yanyew/mapping/install/crazyflie_interfaces/lib/libcrazyflie_interfaces__rosidl_typesupport_fastrtps_cpp.so
[1.872s] -- Up-to-date: /home/yanyew/mapping/install/crazyflie_interfaces/include/crazyflie_interfaces/crazyflie_interfaces
[1.872s] -- Up-to-date: /home/yanyew/mapping/install/crazyflie_interfaces/include/crazyflie_interfaces/crazyflie_interfaces/srv
[1.872s] -- Up-to-date: /home/yanyew/mapping/install/crazyflie_interfaces/include/crazyflie_interfaces/crazyflie_interfaces/srv/detail
[1.872s] -- Up-to-date: /home/yanyew/mapping/install/crazyflie_interfaces/include/crazyflie_interfaces/crazyflie_interfaces/srv/detail/remove_logging__type_support.c
[1.873s] -- Up-to-date: /home/yanyew/mapping/install/crazyflie_interfaces/include/crazyflie_interfaces/crazyflie_interfaces/srv/detail/land__type_support.c
[1.873s] -- Up-to-date: /home/yanyew/mapping/install/crazyflie_interfaces/include/crazyflie_interfaces/crazyflie_interfaces/srv/detail/add_logging__rosidl_typesupport_introspection_c.h
[1.873s] -- Up-to-date: /home/yanyew/mapping/install/crazyflie_interfaces/include/crazyflie_interfaces/crazyflie_interfaces/srv/detail/stop__type_support.c
[1.873s] -- Up-to-date: /home/yanyew/mapping/install/crazyflie_interfaces/include/crazyflie_interfaces/crazyflie_interfaces/srv/detail/notify_setpoints_stop__rosidl_typesupport_introspection_c.h
[1.873s] -- Up-to-date: /home/yanyew/mapping/install/crazyflie_interfaces/include/crazyflie_interfaces/crazyflie_interfaces/srv/detail/notify_setpoints_stop__type_support.c
[1.874s] -- Up-to-date: /home/yanyew/mapping/install/crazyflie_interfaces/include/crazyflie_interfaces/crazyflie_interfaces/srv/detail/remove_logging__rosidl_typesupport_introspection_c.h
[1.876s] -- Up-to-date: /home/yanyew/mapping/install/crazyflie_interfaces/include/crazyflie_interfaces/crazyflie_interfaces/srv/detail/update_params__type_support.c
[1.876s] -- Up-to-date: /home/yanyew/mapping/install/crazyflie_interfaces/include/crazyflie_interfaces/crazyflie_interfaces/srv/detail/update_params__rosidl_typesupport_introspection_c.h
[1.877s] -- Up-to-date: /home/yanyew/mapping/install/crazyflie_interfaces/include/crazyflie_interfaces/crazyflie_interfaces/srv/detail/upload_trajectory__type_support.c
[1.877s] -- Up-to-date: /home/yanyew/mapping/install/crazyflie_interfaces/include/crazyflie_interfaces/crazyflie_interfaces/srv/detail/arm__rosidl_typesupport_introspection_c.h
[1.878s] -- Up-to-date: /home/yanyew/mapping/install/crazyflie_interfaces/include/crazyflie_interfaces/crazyflie_interfaces/srv/detail/takeoff__type_support.c
[1.878s] -- Up-to-date: /home/yanyew/mapping/install/crazyflie_interfaces/include/crazyflie_interfaces/crazyflie_interfaces/srv/detail/land__rosidl_typesupport_introspection_c.h
[1.878s] -- Up-to-date: /home/yanyew/mapping/install/crazyflie_interfaces/include/crazyflie_interfaces/crazyflie_interfaces/srv/detail/set_group_mask__type_support.c
[1.878s] -- Up-to-date: /home/yanyew/mapping/install/crazyflie_interfaces/include/crazyflie_interfaces/crazyflie_interfaces/srv/detail/start_trajectory__type_support.c
[1.878s] -- Up-to-date: /home/yanyew/mapping/install/crazyflie_interfaces/include/crazyflie_interfaces/crazyflie_interfaces/srv/detail/start_trajectory__rosidl_typesupport_introspection_c.h
[1.878s] -- Up-to-date: /home/yanyew/mapping/install/crazyflie_interfaces/include/crazyflie_interfaces/crazyflie_interfaces/srv/detail/takeoff__rosidl_typesupport_introspection_c.h
[1.878s] -- Up-to-date: /home/yanyew/mapping/install/crazyflie_interfaces/include/crazyflie_interfaces/crazyflie_interfaces/srv/detail/go_to__rosidl_typesupport_introspection_c.h
[1.878s] -- Up-to-date: /home/yanyew/mapping/install/crazyflie_interfaces/include/crazyflie_interfaces/crazyflie_interfaces/srv/detail/go_to__type_support.c
[1.878s] -- Up-to-date: /home/yanyew/mapping/install/crazyflie_interfaces/include/crazyflie_interfaces/crazyflie_interfaces/srv/detail/stop__rosidl_typesupport_introspection_c.h
[1.879s] -- Up-to-date: /home/yanyew/mapping/install/crazyflie_interfaces/include/crazyflie_interfaces/crazyflie_interfaces/srv/detail/upload_trajectory__rosidl_typesupport_introspection_c.h
[1.879s] -- Up-to-date: /home/yanyew/mapping/install/crazyflie_interfaces/include/crazyflie_interfaces/crazyflie_interfaces/srv/detail/set_group_mask__rosidl_typesupport_introspection_c.h
[1.879s] -- Up-to-date: /home/yanyew/mapping/install/crazyflie_interfaces/include/crazyflie_interfaces/crazyflie_interfaces/srv/detail/arm__type_support.c
[1.879s] -- Up-to-date: /home/yanyew/mapping/install/crazyflie_interfaces/include/crazyflie_interfaces/crazyflie_interfaces/srv/detail/add_logging__type_support.c
[1.879s] -- Up-to-date: /home/yanyew/mapping/install/crazyflie_interfaces/include/crazyflie_interfaces/crazyflie_interfaces/msg
[1.879s] -- Up-to-date: /home/yanyew/mapping/install/crazyflie_interfaces/include/crazyflie_interfaces/crazyflie_interfaces/msg/detail
[1.879s] -- Up-to-date: /home/yanyew/mapping/install/crazyflie_interfaces/include/crazyflie_interfaces/crazyflie_interfaces/msg/detail/velocity_world__rosidl_typesupport_introspection_c.h
[1.879s] -- Up-to-date: /home/yanyew/mapping/install/crazyflie_interfaces/include/crazyflie_interfaces/crazyflie_interfaces/msg/detail/connection_statistics_array__rosidl_typesupport_introspection_c.h
[1.879s] -- Up-to-date: /home/yanyew/mapping/install/crazyflie_interfaces/include/crazyflie_interfaces/crazyflie_interfaces/msg/detail/connection_statistics__type_support.c
[1.879s] -- Up-to-date: /home/yanyew/mapping/install/crazyflie_interfaces/include/crazyflie_interfaces/crazyflie_interfaces/msg/detail/position__rosidl_typesupport_introspection_c.h
[1.879s] -- Up-to-date: /home/yanyew/mapping/install/crazyflie_interfaces/include/crazyflie_interfaces/crazyflie_interfaces/msg/detail/connection_statistics_array__type_support.c
[1.880s] -- Up-to-date: /home/yanyew/mapping/install/crazyflie_interfaces/include/crazyflie_interfaces/crazyflie_interfaces/msg/detail/status__type_support.c
[1.881s] -- Up-to-date: /home/yanyew/mapping/install/crazyflie_interfaces/include/crazyflie_interfaces/crazyflie_interfaces/msg/detail/trajectory_polynomial_piece__rosidl_typesupport_introspection_c.h
[1.883s] -- Up-to-date: /home/yanyew/mapping/install/crazyflie_interfaces/include/crazyflie_interfaces/crazyflie_interfaces/msg/detail/velocity_world__type_support.c
[1.884s] -- Up-to-date: /home/yanyew/mapping/install/crazyflie_interfaces/include/crazyflie_interfaces/crazyflie_interfaces/msg/detail/log_data_generic__type_support.c
[1.885s] -- Up-to-date: /home/yanyew/mapping/install/crazyflie_interfaces/include/crazyflie_interfaces/crazyflie_interfaces/msg/detail/log_data_generic__rosidl_typesupport_introspection_c.h
[1.885s] -- Up-to-date: /home/yanyew/mapping/install/crazyflie_interfaces/include/crazyflie_interfaces/crazyflie_interfaces/msg/detail/log_block__rosidl_typesupport_introspection_c.h
[1.886s] -- Up-to-date: /home/yanyew/mapping/install/crazyflie_interfaces/include/crazyflie_interfaces/crazyflie_interfaces/msg/detail/hover__type_support.c
[1.886s] -- Up-to-date: /home/yanyew/mapping/install/crazyflie_interfaces/include/crazyflie_interfaces/crazyflie_interfaces/msg/detail/status__rosidl_typesupport_introspection_c.h
[1.886s] -- Up-to-date: /home/yanyew/mapping/install/crazyflie_interfaces/include/crazyflie_interfaces/crazyflie_interfaces/msg/detail/full_state__type_support.c
[1.886s] -- Up-to-date: /home/yanyew/mapping/install/crazyflie_interfaces/include/crazyflie_interfaces/crazyflie_interfaces/msg/detail/position__type_support.c
[1.886s] -- Up-to-date: /home/yanyew/mapping/install/crazyflie_interfaces/include/crazyflie_interfaces/crazyflie_interfaces/msg/detail/log_block__type_support.c
[1.886s] -- Up-to-date: /home/yanyew/mapping/install/crazyflie_interfaces/include/crazyflie_interfaces/crazyflie_interfaces/msg/detail/hover__rosidl_typesupport_introspection_c.h
[1.886s] -- Up-to-date: /home/yanyew/mapping/install/crazyflie_interfaces/include/crazyflie_interfaces/crazyflie_interfaces/msg/detail/full_state__rosidl_typesupport_introspection_c.h
[1.886s] -- Up-to-date: /home/yanyew/mapping/install/crazyflie_interfaces/include/crazyflie_interfaces/crazyflie_interfaces/msg/detail/trajectory_polynomial_piece__type_support.c
[1.886s] -- Up-to-date: /home/yanyew/mapping/install/crazyflie_interfaces/include/crazyflie_interfaces/crazyflie_interfaces/msg/detail/connection_statistics__rosidl_typesupport_introspection_c.h
[1.887s] -- Up-to-date: /home/yanyew/mapping/install/crazyflie_interfaces/include/crazyflie_interfaces/crazyflie_interfaces/msg/rosidl_typesupport_introspection_c__visibility_control.h
[1.887s] -- Up-to-date: /home/yanyew/mapping/install/crazyflie_interfaces/lib/libcrazyflie_interfaces__rosidl_typesupport_introspection_c.so
[1.887s] -- Up-to-date: /home/yanyew/mapping/install/crazyflie_interfaces/lib/libcrazyflie_interfaces__rosidl_typesupport_c.so
[1.887s] -- Up-to-date: /home/yanyew/mapping/install/crazyflie_interfaces/include/crazyflie_interfaces/crazyflie_interfaces
[1.887s] -- Up-to-date: /home/yanyew/mapping/install/crazyflie_interfaces/include/crazyflie_interfaces/crazyflie_interfaces/srv
[1.887s] -- Up-to-date: /home/yanyew/mapping/install/crazyflie_interfaces/include/crazyflie_interfaces/crazyflie_interfaces/srv/detail
[1.887s] -- Up-to-date: /home/yanyew/mapping/install/crazyflie_interfaces/include/crazyflie_interfaces/crazyflie_interfaces/srv/detail/add_logging__type_support.cpp
[1.887s] -- Up-to-date: /home/yanyew/mapping/install/crazyflie_interfaces/include/crazyflie_interfaces/crazyflie_interfaces/srv/detail/go_to__type_support.cpp
[1.887s] -- Up-to-date: /home/yanyew/mapping/install/crazyflie_interfaces/include/crazyflie_interfaces/crazyflie_interfaces/srv/detail/stop__type_support.cpp
[1.887s] -- Up-to-date: /home/yanyew/mapping/install/crazyflie_interfaces/include/crazyflie_interfaces/crazyflie_interfaces/srv/detail/notify_setpoints_stop__type_support.cpp
[1.887s] -- Up-to-date: /home/yanyew/mapping/install/crazyflie_interfaces/include/crazyflie_interfaces/crazyflie_interfaces/srv/detail/upload_trajectory__rosidl_typesupport_introspection_cpp.hpp
[1.888s] -- Up-to-date: /home/yanyew/mapping/install/crazyflie_interfaces/include/crazyflie_interfaces/crazyflie_interfaces/srv/detail/takeoff__rosidl_typesupport_introspection_cpp.hpp
[1.888s] -- Up-to-date: /home/yanyew/mapping/install/crazyflie_interfaces/include/crazyflie_interfaces/crazyflie_interfaces/srv/detail/upload_trajectory__type_support.cpp
[1.888s] -- Up-to-date: /home/yanyew/mapping/install/crazyflie_interfaces/include/crazyflie_interfaces/crazyflie_interfaces/srv/detail/stop__rosidl_typesupport_introspection_cpp.hpp
[1.888s] -- Up-to-date: /home/yanyew/mapping/install/crazyflie_interfaces/include/crazyflie_interfaces/crazyflie_interfaces/srv/detail/land__type_support.cpp
[1.888s] -- Up-to-date: /home/yanyew/mapping/install/crazyflie_interfaces/include/crazyflie_interfaces/crazyflie_interfaces/srv/detail/start_trajectory__type_support.cpp
[1.888s] -- Up-to-date: /home/yanyew/mapping/install/crazyflie_interfaces/include/crazyflie_interfaces/crazyflie_interfaces/srv/detail/arm__rosidl_typesupport_introspection_cpp.hpp
[1.888s] -- Up-to-date: /home/yanyew/mapping/install/crazyflie_interfaces/include/crazyflie_interfaces/crazyflie_interfaces/srv/detail/notify_setpoints_stop__rosidl_typesupport_introspection_cpp.hpp
[1.888s] -- Up-to-date: /home/yanyew/mapping/install/crazyflie_interfaces/include/crazyflie_interfaces/crazyflie_interfaces/srv/detail/land__rosidl_typesupport_introspection_cpp.hpp
[1.888s] -- Up-to-date: /home/yanyew/mapping/install/crazyflie_interfaces/include/crazyflie_interfaces/crazyflie_interfaces/srv/detail/arm__type_support.cpp
[1.888s] -- Up-to-date: /home/yanyew/mapping/install/crazyflie_interfaces/include/crazyflie_interfaces/crazyflie_interfaces/srv/detail/remove_logging__rosidl_typesupport_introspection_cpp.hpp
[1.889s] -- Up-to-date: /home/yanyew/mapping/install/crazyflie_interfaces/include/crazyflie_interfaces/crazyflie_interfaces/srv/detail/set_group_mask__type_support.cpp
[1.889s] -- Up-to-date: /home/yanyew/mapping/install/crazyflie_interfaces/include/crazyflie_interfaces/crazyflie_interfaces/srv/detail/takeoff__type_support.cpp
[1.889s] -- Up-to-date: /home/yanyew/mapping/install/crazyflie_interfaces/include/crazyflie_interfaces/crazyflie_interfaces/srv/detail/update_params__rosidl_typesupport_introspection_cpp.hpp
[1.889s] -- Up-to-date: /home/yanyew/mapping/install/crazyflie_interfaces/include/crazyflie_interfaces/crazyflie_interfaces/srv/detail/start_trajectory__rosidl_typesupport_introspection_cpp.hpp
[1.889s] -- Up-to-date: /home/yanyew/mapping/install/crazyflie_interfaces/include/crazyflie_interfaces/crazyflie_interfaces/srv/detail/update_params__type_support.cpp
[1.889s] -- Up-to-date: /home/yanyew/mapping/install/crazyflie_interfaces/include/crazyflie_interfaces/crazyflie_interfaces/srv/detail/set_group_mask__rosidl_typesupport_introspection_cpp.hpp
[1.889s] -- Up-to-date: /home/yanyew/mapping/install/crazyflie_interfaces/include/crazyflie_interfaces/crazyflie_interfaces/srv/detail/go_to__rosidl_typesupport_introspection_cpp.hpp
[1.889s] -- Up-to-date: /home/yanyew/mapping/install/crazyflie_interfaces/include/crazyflie_interfaces/crazyflie_interfaces/srv/detail/remove_logging__type_support.cpp
[1.889s] -- Up-to-date: /home/yanyew/mapping/install/crazyflie_interfaces/include/crazyflie_interfaces/crazyflie_interfaces/srv/detail/add_logging__rosidl_typesupport_introspection_cpp.hpp
[1.889s] -- Up-to-date: /home/yanyew/mapping/install/crazyflie_interfaces/include/crazyflie_interfaces/crazyflie_interfaces/msg
[1.890s] -- Up-to-date: /home/yanyew/mapping/install/crazyflie_interfaces/include/crazyflie_interfaces/crazyflie_interfaces/msg/detail
[1.890s] -- Up-to-date: /home/yanyew/mapping/install/crazyflie_interfaces/include/crazyflie_interfaces/crazyflie_interfaces/msg/detail/full_state__type_support.cpp
[1.890s] -- Up-to-date: /home/yanyew/mapping/install/crazyflie_interfaces/include/crazyflie_interfaces/crazyflie_interfaces/msg/detail/hover__type_support.cpp
[1.890s] -- Up-to-date: /home/yanyew/mapping/install/crazyflie_interfaces/include/crazyflie_interfaces/crazyflie_interfaces/msg/detail/velocity_world__rosidl_typesupport_introspection_cpp.hpp
[1.890s] -- Up-to-date: /home/yanyew/mapping/install/crazyflie_interfaces/include/crazyflie_interfaces/crazyflie_interfaces/msg/detail/hover__rosidl_typesupport_introspection_cpp.hpp
[1.890s] -- Up-to-date: /home/yanyew/mapping/install/crazyflie_interfaces/include/crazyflie_interfaces/crazyflie_interfaces/msg/detail/log_block__rosidl_typesupport_introspection_cpp.hpp
[1.890s] -- Up-to-date: /home/yanyew/mapping/install/crazyflie_interfaces/include/crazyflie_interfaces/crazyflie_interfaces/msg/detail/status__type_support.cpp
[1.890s] -- Up-to-date: /home/yanyew/mapping/install/crazyflie_interfaces/include/crazyflie_interfaces/crazyflie_interfaces/msg/detail/connection_statistics__rosidl_typesupport_introspection_cpp.hpp
[1.890s] -- Up-to-date: /home/yanyew/mapping/install/crazyflie_interfaces/include/crazyflie_interfaces/crazyflie_interfaces/msg/detail/velocity_world__type_support.cpp
[1.890s] -- Up-to-date: /home/yanyew/mapping/install/crazyflie_interfaces/include/crazyflie_interfaces/crazyflie_interfaces/msg/detail/trajectory_polynomial_piece__type_support.cpp
[1.891s] -- Up-to-date: /home/yanyew/mapping/install/crazyflie_interfaces/include/crazyflie_interfaces/crazyflie_interfaces/msg/detail/log_data_generic__type_support.cpp
[1.891s] -- Up-to-date: /home/yanyew/mapping/install/crazyflie_interfaces/include/crazyflie_interfaces/crazyflie_interfaces/msg/detail/position__type_support.cpp
[1.891s] -- Up-to-date: /home/yanyew/mapping/install/crazyflie_interfaces/include/crazyflie_interfaces/crazyflie_interfaces/msg/detail/position__rosidl_typesupport_introspection_cpp.hpp
[1.891s] -- Up-to-date: /home/yanyew/mapping/install/crazyflie_interfaces/include/crazyflie_interfaces/crazyflie_interfaces/msg/detail/status__rosidl_typesupport_introspection_cpp.hpp
[1.891s] -- Up-to-date: /home/yanyew/mapping/install/crazyflie_interfaces/include/crazyflie_interfaces/crazyflie_interfaces/msg/detail/connection_statistics_array__type_support.cpp
[1.892s] -- Up-to-date: /home/yanyew/mapping/install/crazyflie_interfaces/include/crazyflie_interfaces/crazyflie_interfaces/msg/detail/connection_statistics_array__rosidl_typesupport_introspection_cpp.hpp
[1.892s] -- Up-to-date: /home/yanyew/mapping/install/crazyflie_interfaces/include/crazyflie_interfaces/crazyflie_interfaces/msg/detail/connection_statistics__type_support.cpp
[1.893s] -- Up-to-date: /home/yanyew/mapping/install/crazyflie_interfaces/include/crazyflie_interfaces/crazyflie_interfaces/msg/detail/trajectory_polynomial_piece__rosidl_typesupport_introspection_cpp.hpp
[1.893s] -- Up-to-date: /home/yanyew/mapping/install/crazyflie_interfaces/include/crazyflie_interfaces/crazyflie_interfaces/msg/detail/full_state__rosidl_typesupport_introspection_cpp.hpp
[1.893s] -- Up-to-date: /home/yanyew/mapping/install/crazyflie_interfaces/include/crazyflie_interfaces/crazyflie_interfaces/msg/detail/log_block__type_support.cpp
[1.893s] -- Up-to-date: /home/yanyew/mapping/install/crazyflie_interfaces/include/crazyflie_interfaces/crazyflie_interfaces/msg/detail/log_data_generic__rosidl_typesupport_introspection_cpp.hpp
[1.893s] -- Up-to-date: /home/yanyew/mapping/install/crazyflie_interfaces/lib/libcrazyflie_interfaces__rosidl_typesupport_introspection_cpp.so
[1.893s] -- Up-to-date: /home/yanyew/mapping/install/crazyflie_interfaces/lib/libcrazyflie_interfaces__rosidl_typesupport_cpp.so
[1.894s] -- Up-to-date: /home/yanyew/mapping/install/crazyflie_interfaces/share/crazyflie_interfaces/environment/pythonpath.sh
[1.894s] -- Up-to-date: /home/yanyew/mapping/install/crazyflie_interfaces/share/crazyflie_interfaces/environment/pythonpath.dsv
[1.894s] -- Up-to-date: /home/yanyew/mapping/install/crazyflie_interfaces/local/lib/python3.10/dist-packages/crazyflie_interfaces-2.0.0-py3.10.egg-info
[1.894s] -- Installing: /home/yanyew/mapping/install/crazyflie_interfaces/local/lib/python3.10/dist-packages/crazyflie_interfaces-2.0.0-py3.10.egg-info/PKG-INFO
[1.894s] -- Installing: /home/yanyew/mapping/install/crazyflie_interfaces/local/lib/python3.10/dist-packages/crazyflie_interfaces-2.0.0-py3.10.egg-info/top_level.txt
[1.894s] -- Installing: /home/yanyew/mapping/install/crazyflie_interfaces/local/lib/python3.10/dist-packages/crazyflie_interfaces-2.0.0-py3.10.egg-info/dependency_links.txt
[1.894s] -- Installing: /home/yanyew/mapping/install/crazyflie_interfaces/local/lib/python3.10/dist-packages/crazyflie_interfaces-2.0.0-py3.10.egg-info/SOURCES.txt
[1.894s] -- Up-to-date: /home/yanyew/mapping/install/crazyflie_interfaces/local/lib/python3.10/dist-packages/crazyflie_interfaces
[1.895s] -- Up-to-date: /home/yanyew/mapping/install/crazyflie_interfaces/local/lib/python3.10/dist-packages/crazyflie_interfaces/__init__.py
[1.895s] -- Up-to-date: /home/yanyew/mapping/install/crazyflie_interfaces/local/lib/python3.10/dist-packages/crazyflie_interfaces/srv
[1.895s] -- Up-to-date: /home/yanyew/mapping/install/crazyflie_interfaces/local/lib/python3.10/dist-packages/crazyflie_interfaces/srv/_stop_s.c
[1.895s] -- Up-to-date: /home/yanyew/mapping/install/crazyflie_interfaces/local/lib/python3.10/dist-packages/crazyflie_interfaces/srv/__init__.py
[1.895s] -- Up-to-date: /home/yanyew/mapping/install/crazyflie_interfaces/local/lib/python3.10/dist-packages/crazyflie_interfaces/srv/_add_logging.py
[1.895s] -- Up-to-date: /home/yanyew/mapping/install/crazyflie_interfaces/local/lib/python3.10/dist-packages/crazyflie_interfaces/srv/_land.py
[1.895s] -- Up-to-date: /home/yanyew/mapping/install/crazyflie_interfaces/local/lib/python3.10/dist-packages/crazyflie_interfaces/srv/_go_to.py
[1.895s] -- Up-to-date: /home/yanyew/mapping/install/crazyflie_interfaces/local/lib/python3.10/dist-packages/crazyflie_interfaces/srv/_set_group_mask_s.c
[1.895s] -- Up-to-date: /home/yanyew/mapping/install/crazyflie_interfaces/local/lib/python3.10/dist-packages/crazyflie_interfaces/srv/_notify_setpoints_stop.py
[1.896s] -- Up-to-date: /home/yanyew/mapping/install/crazyflie_interfaces/local/lib/python3.10/dist-packages/crazyflie_interfaces/srv/_notify_setpoints_stop_s.c
[1.896s] -- Up-to-date: /home/yanyew/mapping/install/crazyflie_interfaces/local/lib/python3.10/dist-packages/crazyflie_interfaces/srv/_remove_logging.py
[1.896s] -- Up-to-date: /home/yanyew/mapping/install/crazyflie_interfaces/local/lib/python3.10/dist-packages/crazyflie_interfaces/srv/_go_to_s.c
[1.896s] -- Up-to-date: /home/yanyew/mapping/install/crazyflie_interfaces/local/lib/python3.10/dist-packages/crazyflie_interfaces/srv/_set_group_mask.py
[1.896s] -- Up-to-date: /home/yanyew/mapping/install/crazyflie_interfaces/local/lib/python3.10/dist-packages/crazyflie_interfaces/srv/_land_s.c
[1.896s] -- Up-to-date: /home/yanyew/mapping/install/crazyflie_interfaces/local/lib/python3.10/dist-packages/crazyflie_interfaces/srv/_update_params.py
[1.896s] -- Up-to-date: /home/yanyew/mapping/install/crazyflie_interfaces/local/lib/python3.10/dist-packages/crazyflie_interfaces/srv/_takeoff_s.c
[1.896s] -- Up-to-date: /home/yanyew/mapping/install/crazyflie_interfaces/local/lib/python3.10/dist-packages/crazyflie_interfaces/srv/_upload_trajectory.py
[1.897s] -- Up-to-date: /home/yanyew/mapping/install/crazyflie_interfaces/local/lib/python3.10/dist-packages/crazyflie_interfaces/srv/_remove_logging_s.c
[1.897s] -- Up-to-date: /home/yanyew/mapping/install/crazyflie_interfaces/local/lib/python3.10/dist-packages/crazyflie_interfaces/srv/_takeoff.py
[1.897s] -- Up-to-date: /home/yanyew/mapping/install/crazyflie_interfaces/local/lib/python3.10/dist-packages/crazyflie_interfaces/srv/_add_logging_s.c
[1.897s] -- Up-to-date: /home/yanyew/mapping/install/crazyflie_interfaces/local/lib/python3.10/dist-packages/crazyflie_interfaces/srv/_stop.py
[1.897s] -- Up-to-date: /home/yanyew/mapping/install/crazyflie_interfaces/local/lib/python3.10/dist-packages/crazyflie_interfaces/srv/_update_params_s.c
[1.897s] -- Up-to-date: /home/yanyew/mapping/install/crazyflie_interfaces/local/lib/python3.10/dist-packages/crazyflie_interfaces/srv/_start_trajectory_s.c
[1.897s] -- Up-to-date: /home/yanyew/mapping/install/crazyflie_interfaces/local/lib/python3.10/dist-packages/crazyflie_interfaces/srv/_arm.py
[1.898s] -- Up-to-date: /home/yanyew/mapping/install/crazyflie_interfaces/local/lib/python3.10/dist-packages/crazyflie_interfaces/srv/_arm_s.c
[1.898s] -- Up-to-date: /home/yanyew/mapping/install/crazyflie_interfaces/local/lib/python3.10/dist-packages/crazyflie_interfaces/srv/_upload_trajectory_s.c
[1.898s] -- Up-to-date: /home/yanyew/mapping/install/crazyflie_interfaces/local/lib/python3.10/dist-packages/crazyflie_interfaces/srv/_start_trajectory.py
[1.898s] -- Up-to-date: /home/yanyew/mapping/install/crazyflie_interfaces/local/lib/python3.10/dist-packages/crazyflie_interfaces/libcrazyflie_interfaces__rosidl_generator_py.so
[1.898s] -- Up-to-date: /home/yanyew/mapping/install/crazyflie_interfaces/local/lib/python3.10/dist-packages/crazyflie_interfaces/_crazyflie_interfaces_s.ep.rosidl_typesupport_fastrtps_c.c
[1.898s] -- Up-to-date: /home/yanyew/mapping/install/crazyflie_interfaces/local/lib/python3.10/dist-packages/crazyflie_interfaces/crazyflie_interfaces_s__rosidl_typesupport_c.cpython-310-x86_64-linux-gnu.so
[1.898s] -- Up-to-date: /home/yanyew/mapping/install/crazyflie_interfaces/local/lib/python3.10/dist-packages/crazyflie_interfaces/crazyflie_interfaces_s__rosidl_typesupport_introspection_c.cpython-310-x86_64-linux-gnu.so
[1.898s] -- Up-to-date: /home/yanyew/mapping/install/crazyflie_interfaces/local/lib/python3.10/dist-packages/crazyflie_interfaces/_crazyflie_interfaces_s.ep.rosidl_typesupport_introspection_c.c
[1.898s] -- Up-to-date: /home/yanyew/mapping/install/crazyflie_interfaces/local/lib/python3.10/dist-packages/crazyflie_interfaces/crazyflie_interfaces_s__rosidl_typesupport_fastrtps_c.cpython-310-x86_64-linux-gnu.so
[1.899s] -- Up-to-date: /home/yanyew/mapping/install/crazyflie_interfaces/local/lib/python3.10/dist-packages/crazyflie_interfaces/_crazyflie_interfaces_s.ep.rosidl_typesupport_c.c
[1.899s] -- Up-to-date: /home/yanyew/mapping/install/crazyflie_interfaces/local/lib/python3.10/dist-packages/crazyflie_interfaces/msg
[1.899s] -- Up-to-date: /home/yanyew/mapping/install/crazyflie_interfaces/local/lib/python3.10/dist-packages/crazyflie_interfaces/msg/_status_s.c
[1.899s] -- Up-to-date: /home/yanyew/mapping/install/crazyflie_interfaces/local/lib/python3.10/dist-packages/crazyflie_interfaces/msg/__init__.py
[1.899s] -- Up-to-date: /home/yanyew/mapping/install/crazyflie_interfaces/local/lib/python3.10/dist-packages/crazyflie_interfaces/msg/_connection_statistics_array.py
[1.899s] -- Up-to-date: /home/yanyew/mapping/install/crazyflie_interfaces/local/lib/python3.10/dist-packages/crazyflie_interfaces/msg/_velocity_world_s.c
[1.899s] -- Up-to-date: /home/yanyew/mapping/install/crazyflie_interfaces/local/lib/python3.10/dist-packages/crazyflie_interfaces/msg/_position.py
[1.899s] -- Up-to-date: /home/yanyew/mapping/install/crazyflie_interfaces/local/lib/python3.10/dist-packages/crazyflie_interfaces/msg/_log_data_generic_s.c
[1.899s] -- Up-to-date: /home/yanyew/mapping/install/crazyflie_interfaces/local/lib/python3.10/dist-packages/crazyflie_interfaces/msg/_trajectory_polynomial_piece_s.c
[1.900s] -- Up-to-date: /home/yanyew/mapping/install/crazyflie_interfaces/local/lib/python3.10/dist-packages/crazyflie_interfaces/msg/_full_state.py
[1.900s] -- Up-to-date: /home/yanyew/mapping/install/crazyflie_interfaces/local/lib/python3.10/dist-packages/crazyflie_interfaces/msg/_full_state_s.c
[1.900s] -- Up-to-date: /home/yanyew/mapping/install/crazyflie_interfaces/local/lib/python3.10/dist-packages/crazyflie_interfaces/msg/_log_block_s.c
[1.900s] -- Up-to-date: /home/yanyew/mapping/install/crazyflie_interfaces/local/lib/python3.10/dist-packages/crazyflie_interfaces/msg/_trajectory_polynomial_piece.py
[1.900s] -- Up-to-date: /home/yanyew/mapping/install/crazyflie_interfaces/local/lib/python3.10/dist-packages/crazyflie_interfaces/msg/_connection_statistics_s.c
[1.900s] -- Up-to-date: /home/yanyew/mapping/install/crazyflie_interfaces/local/lib/python3.10/dist-packages/crazyflie_interfaces/msg/_velocity_world.py
[1.900s] -- Up-to-date: /home/yanyew/mapping/install/crazyflie_interfaces/local/lib/python3.10/dist-packages/crazyflie_interfaces/msg/_connection_statistics_array_s.c
[1.900s] -- Up-to-date: /home/yanyew/mapping/install/crazyflie_interfaces/local/lib/python3.10/dist-packages/crazyflie_interfaces/msg/_connection_statistics.py
[1.900s] -- Up-to-date: /home/yanyew/mapping/install/crazyflie_interfaces/local/lib/python3.10/dist-packages/crazyflie_interfaces/msg/_log_block.py
[1.900s] -- Up-to-date: /home/yanyew/mapping/install/crazyflie_interfaces/local/lib/python3.10/dist-packages/crazyflie_interfaces/msg/_hover_s.c
[1.901s] -- Up-to-date: /home/yanyew/mapping/install/crazyflie_interfaces/local/lib/python3.10/dist-packages/crazyflie_interfaces/msg/_position_s.c
[1.901s] -- Up-to-date: /home/yanyew/mapping/install/crazyflie_interfaces/local/lib/python3.10/dist-packages/crazyflie_interfaces/msg/_status.py
[1.901s] -- Up-to-date: /home/yanyew/mapping/install/crazyflie_interfaces/local/lib/python3.10/dist-packages/crazyflie_interfaces/msg/_hover.py
[1.901s] -- Up-to-date: /home/yanyew/mapping/install/crazyflie_interfaces/local/lib/python3.10/dist-packages/crazyflie_interfaces/msg/_log_data_generic.py
[1.902s] Listing '/home/yanyew/mapping/install/crazyflie_interfaces/local/lib/python3.10/dist-packages/crazyflie_interfaces'...
[1.902s] Listing '/home/yanyew/mapping/install/crazyflie_interfaces/local/lib/python3.10/dist-packages/crazyflie_interfaces/msg'...
[1.902s] Listing '/home/yanyew/mapping/install/crazyflie_interfaces/local/lib/python3.10/dist-packages/crazyflie_interfaces/srv'...
[1.902s] -- Up-to-date: /home/yanyew/mapping/install/crazyflie_interfaces/local/lib/python3.10/dist-packages/crazyflie_interfaces/crazyflie_interfaces_s__rosidl_typesupport_fastrtps_c.cpython-310-x86_64-linux-gnu.so
[1.902s] -- Up-to-date: /home/yanyew/mapping/install/crazyflie_interfaces/local/lib/python3.10/dist-packages/crazyflie_interfaces/crazyflie_interfaces_s__rosidl_typesupport_introspection_c.cpython-310-x86_64-linux-gnu.so
[1.902s] -- Up-to-date: /home/yanyew/mapping/install/crazyflie_interfaces/local/lib/python3.10/dist-packages/crazyflie_interfaces/crazyflie_interfaces_s__rosidl_typesupport_c.cpython-310-x86_64-linux-gnu.so
[1.902s] -- Up-to-date: /home/yanyew/mapping/install/crazyflie_interfaces/lib/libcrazyflie_interfaces__rosidl_generator_py.so
[1.902s] -- Up-to-date: /home/yanyew/mapping/install/crazyflie_interfaces/share/crazyflie_interfaces/msg/ConnectionStatistics.idl
[1.902s] -- Up-to-date: /home/yanyew/mapping/install/crazyflie_interfaces/share/crazyflie_interfaces/msg/ConnectionStatisticsArray.idl
[1.903s] -- Up-to-date: /home/yanyew/mapping/install/crazyflie_interfaces/share/crazyflie_interfaces/msg/FullState.idl
[1.903s] -- Up-to-date: /home/yanyew/mapping/install/crazyflie_interfaces/share/crazyflie_interfaces/msg/LogDataGeneric.idl
[1.903s] -- Up-to-date: /home/yanyew/mapping/install/crazyflie_interfaces/share/crazyflie_interfaces/msg/Hover.idl
[1.903s] -- Up-to-date: /home/yanyew/mapping/install/crazyflie_interfaces/share/crazyflie_interfaces/msg/LogBlock.idl
[1.903s] -- Up-to-date: /home/yanyew/mapping/install/crazyflie_interfaces/share/crazyflie_interfaces/msg/Position.idl
[1.903s] -- Up-to-date: /home/yanyew/mapping/install/crazyflie_interfaces/share/crazyflie_interfaces/msg/Status.idl
[1.903s] -- Up-to-date: /home/yanyew/mapping/install/crazyflie_interfaces/share/crazyflie_interfaces/msg/TrajectoryPolynomialPiece.idl
[1.903s] -- Up-to-date: /home/yanyew/mapping/install/crazyflie_interfaces/share/crazyflie_interfaces/msg/VelocityWorld.idl
[1.903s] -- Up-to-date: /home/yanyew/mapping/install/crazyflie_interfaces/share/crazyflie_interfaces/srv/GoTo.idl
[1.904s] -- Up-to-date: /home/yanyew/mapping/install/crazyflie_interfaces/share/crazyflie_interfaces/srv/Land.idl
[1.904s] -- Up-to-date: /home/yanyew/mapping/install/crazyflie_interfaces/share/crazyflie_interfaces/srv/NotifySetpointsStop.idl
[1.904s] -- Up-to-date: /home/yanyew/mapping/install/crazyflie_interfaces/share/crazyflie_interfaces/srv/SetGroupMask.idl
[1.904s] -- Up-to-date: /home/yanyew/mapping/install/crazyflie_interfaces/share/crazyflie_interfaces/srv/StartTrajectory.idl
[1.904s] -- Up-to-date: /home/yanyew/mapping/install/crazyflie_interfaces/share/crazyflie_interfaces/srv/Stop.idl
[1.904s] -- Up-to-date: /home/yanyew/mapping/install/crazyflie_interfaces/share/crazyflie_interfaces/srv/Takeoff.idl
[1.904s] -- Up-to-date: /home/yanyew/mapping/install/crazyflie_interfaces/share/crazyflie_interfaces/srv/UpdateParams.idl
[1.904s] -- Up-to-date: /home/yanyew/mapping/install/crazyflie_interfaces/share/crazyflie_interfaces/srv/UploadTrajectory.idl
[1.905s] -- Up-to-date: /home/yanyew/mapping/install/crazyflie_interfaces/share/crazyflie_interfaces/srv/RemoveLogging.idl
[1.905s] -- Up-to-date: /home/yanyew/mapping/install/crazyflie_interfaces/share/crazyflie_interfaces/srv/AddLogging.idl
[1.905s] -- Up-to-date: /home/yanyew/mapping/install/crazyflie_interfaces/share/crazyflie_interfaces/srv/Arm.idl
[1.905s] -- Up-to-date: /home/yanyew/mapping/install/crazyflie_interfaces/share/crazyflie_interfaces/msg/ConnectionStatistics.msg
[1.905s] -- Up-to-date: /home/yanyew/mapping/install/crazyflie_interfaces/share/crazyflie_interfaces/msg/ConnectionStatisticsArray.msg
[1.905s] -- Up-to-date: /home/yanyew/mapping/install/crazyflie_interfaces/share/crazyflie_interfaces/msg/FullState.msg
[1.906s] -- Up-to-date: /home/yanyew/mapping/install/crazyflie_interfaces/share/crazyflie_interfaces/msg/LogDataGeneric.msg
[1.906s] -- Up-to-date: /home/yanyew/mapping/install/crazyflie_interfaces/share/crazyflie_interfaces/msg/Hover.msg
[1.906s] -- Up-to-date: /home/yanyew/mapping/install/crazyflie_interfaces/share/crazyflie_interfaces/msg/LogBlock.msg
[1.906s] -- Up-to-date: /home/yanyew/mapping/install/crazyflie_interfaces/share/crazyflie_interfaces/msg/Position.msg
[1.906s] -- Up-to-date: /home/yanyew/mapping/install/crazyflie_interfaces/share/crazyflie_interfaces/msg/Status.msg
[1.906s] -- Up-to-date: /home/yanyew/mapping/install/crazyflie_interfaces/share/crazyflie_interfaces/msg/TrajectoryPolynomialPiece.msg
[1.906s] -- Up-to-date: /home/yanyew/mapping/install/crazyflie_interfaces/share/crazyflie_interfaces/msg/VelocityWorld.msg
[1.906s] -- Up-to-date: /home/yanyew/mapping/install/crazyflie_interfaces/share/crazyflie_interfaces/srv/GoTo.srv
[1.906s] -- Up-to-date: /home/yanyew/mapping/install/crazyflie_interfaces/share/crazyflie_interfaces/srv/GoTo_Request.msg
[1.907s] -- Up-to-date: /home/yanyew/mapping/install/crazyflie_interfaces/share/crazyflie_interfaces/srv/GoTo_Response.msg
[1.907s] -- Up-to-date: /home/yanyew/mapping/install/crazyflie_interfaces/share/crazyflie_interfaces/srv/Land.srv
[1.907s] -- Up-to-date: /home/yanyew/mapping/install/crazyflie_interfaces/share/crazyflie_interfaces/srv/Land_Request.msg
[1.907s] -- Up-to-date: /home/yanyew/mapping/install/crazyflie_interfaces/share/crazyflie_interfaces/srv/Land_Response.msg
[1.907s] -- Up-to-date: /home/yanyew/mapping/install/crazyflie_interfaces/share/crazyflie_interfaces/srv/NotifySetpointsStop.srv
[1.907s] -- Up-to-date: /home/yanyew/mapping/install/crazyflie_interfaces/share/crazyflie_interfaces/srv/NotifySetpointsStop_Request.msg
[1.907s] -- Up-to-date: /home/yanyew/mapping/install/crazyflie_interfaces/share/crazyflie_interfaces/srv/NotifySetpointsStop_Response.msg
[1.907s] -- Up-to-date: /home/yanyew/mapping/install/crazyflie_interfaces/share/crazyflie_interfaces/srv/SetGroupMask.srv
[1.907s] -- Up-to-date: /home/yanyew/mapping/install/crazyflie_interfaces/share/crazyflie_interfaces/srv/SetGroupMask_Request.msg
[1.907s] -- Up-to-date: /home/yanyew/mapping/install/crazyflie_interfaces/share/crazyflie_interfaces/srv/SetGroupMask_Response.msg
[1.908s] -- Up-to-date: /home/yanyew/mapping/install/crazyflie_interfaces/share/crazyflie_interfaces/srv/StartTrajectory.srv
[1.908s] -- Up-to-date: /home/yanyew/mapping/install/crazyflie_interfaces/share/crazyflie_interfaces/srv/StartTrajectory_Request.msg
[1.908s] -- Up-to-date: /home/yanyew/mapping/install/crazyflie_interfaces/share/crazyflie_interfaces/srv/StartTrajectory_Response.msg
[1.908s] -- Up-to-date: /home/yanyew/mapping/install/crazyflie_interfaces/share/crazyflie_interfaces/srv/Stop.srv
[1.908s] -- Up-to-date: /home/yanyew/mapping/install/crazyflie_interfaces/share/crazyflie_interfaces/srv/Stop_Request.msg
[1.908s] -- Up-to-date: /home/yanyew/mapping/install/crazyflie_interfaces/share/crazyflie_interfaces/srv/Stop_Response.msg
[1.908s] -- Up-to-date: /home/yanyew/mapping/install/crazyflie_interfaces/share/crazyflie_interfaces/srv/Takeoff.srv
[1.908s] -- Up-to-date: /home/yanyew/mapping/install/crazyflie_interfaces/share/crazyflie_interfaces/srv/Takeoff_Request.msg
[1.908s] -- Up-to-date: /home/yanyew/mapping/install/crazyflie_interfaces/share/crazyflie_interfaces/srv/Takeoff_Response.msg
[1.909s] -- Up-to-date: /home/yanyew/mapping/install/crazyflie_interfaces/share/crazyflie_interfaces/srv/UpdateParams.srv
[1.909s] -- Up-to-date: /home/yanyew/mapping/install/crazyflie_interfaces/share/crazyflie_interfaces/srv/UpdateParams_Request.msg
[1.909s] -- Up-to-date: /home/yanyew/mapping/install/crazyflie_interfaces/share/crazyflie_interfaces/srv/UpdateParams_Response.msg
[1.909s] -- Up-to-date: /home/yanyew/mapping/install/crazyflie_interfaces/share/crazyflie_interfaces/srv/UploadTrajectory.srv
[1.909s] -- Up-to-date: /home/yanyew/mapping/install/crazyflie_interfaces/share/crazyflie_interfaces/srv/UploadTrajectory_Request.msg
[1.909s] -- Up-to-date: /home/yanyew/mapping/install/crazyflie_interfaces/share/crazyflie_interfaces/srv/UploadTrajectory_Response.msg
[1.909s] -- Up-to-date: /home/yanyew/mapping/install/crazyflie_interfaces/share/crazyflie_interfaces/srv/RemoveLogging.srv
[1.909s] -- Up-to-date: /home/yanyew/mapping/install/crazyflie_interfaces/share/crazyflie_interfaces/srv/RemoveLogging_Request.msg
[1.909s] -- Up-to-date: /home/yanyew/mapping/install/crazyflie_interfaces/share/crazyflie_interfaces/srv/RemoveLogging_Response.msg
[1.910s] -- Up-to-date: /home/yanyew/mapping/install/crazyflie_interfaces/share/crazyflie_interfaces/srv/AddLogging.srv
[1.910s] -- Up-to-date: /home/yanyew/mapping/install/crazyflie_interfaces/share/crazyflie_interfaces/srv/AddLogging_Request.msg
[1.910s] -- Up-to-date: /home/yanyew/mapping/install/crazyflie_interfaces/share/crazyflie_interfaces/srv/AddLogging_Response.msg
[1.910s] -- Up-to-date: /home/yanyew/mapping/install/crazyflie_interfaces/share/crazyflie_interfaces/srv/Arm.srv
[1.910s] -- Up-to-date: /home/yanyew/mapping/install/crazyflie_interfaces/share/crazyflie_interfaces/srv/Arm_Request.msg
[1.910s] -- Up-to-date: /home/yanyew/mapping/install/crazyflie_interfaces/share/crazyflie_interfaces/srv/Arm_Response.msg
[1.910s] -- Up-to-date: /home/yanyew/mapping/install/crazyflie_interfaces/share/ament_index/resource_index/package_run_dependencies/crazyflie_interfaces
[1.910s] -- Up-to-date: /home/yanyew/mapping/install/crazyflie_interfaces/share/ament_index/resource_index/parent_prefix_path/crazyflie_interfaces
[1.910s] -- Up-to-date: /home/yanyew/mapping/install/crazyflie_interfaces/share/crazyflie_interfaces/environment/ament_prefix_path.sh
[1.911s] -- Up-to-date: /home/yanyew/mapping/install/crazyflie_interfaces/share/crazyflie_interfaces/environment/ament_prefix_path.dsv
[1.911s] -- Up-to-date: /home/yanyew/mapping/install/crazyflie_interfaces/share/crazyflie_interfaces/environment/path.sh
[1.911s] -- Up-to-date: /home/yanyew/mapping/install/crazyflie_interfaces/share/crazyflie_interfaces/environment/path.dsv
[1.911s] -- Up-to-date: /home/yanyew/mapping/install/crazyflie_interfaces/share/crazyflie_interfaces/local_setup.bash
[1.911s] -- Up-to-date: /home/yanyew/mapping/install/crazyflie_interfaces/share/crazyflie_interfaces/local_setup.sh
[1.911s] -- Up-to-date: /home/yanyew/mapping/install/crazyflie_interfaces/share/crazyflie_interfaces/local_setup.zsh
[1.911s] -- Up-to-date: /home/yanyew/mapping/install/crazyflie_interfaces/share/crazyflie_interfaces/local_setup.dsv
[1.913s] -- Installing: /home/yanyew/mapping/install/crazyflie_interfaces/share/crazyflie_interfaces/package.dsv
[1.913s] -- Up-to-date: /home/yanyew/mapping/install/crazyflie_interfaces/share/ament_index/resource_index/packages/crazyflie_interfaces
[1.913s] -- Up-to-date: /home/yanyew/mapping/install/crazyflie_interfaces/share/crazyflie_interfaces/cmake/export_crazyflie_interfaces__rosidl_generator_cExport.cmake
[1.913s] -- Up-to-date: /home/yanyew/mapping/install/crazyflie_interfaces/share/crazyflie_interfaces/cmake/export_crazyflie_interfaces__rosidl_generator_cExport-noconfig.cmake
[1.913s] -- Up-to-date: /home/yanyew/mapping/install/crazyflie_interfaces/share/crazyflie_interfaces/cmake/export_crazyflie_interfaces__rosidl_typesupport_fastrtps_cExport.cmake
[1.913s] -- Up-to-date: /home/yanyew/mapping/install/crazyflie_interfaces/share/crazyflie_interfaces/cmake/export_crazyflie_interfaces__rosidl_typesupport_fastrtps_cExport-noconfig.cmake
[1.913s] -- Up-to-date: /home/yanyew/mapping/install/crazyflie_interfaces/share/crazyflie_interfaces/cmake/export_crazyflie_interfaces__rosidl_generator_cppExport.cmake
[1.913s] -- Up-to-date: /home/yanyew/mapping/install/crazyflie_interfaces/share/crazyflie_interfaces/cmake/export_crazyflie_interfaces__rosidl_typesupport_fastrtps_cppExport.cmake
[1.913s] -- Up-to-date: /home/yanyew/mapping/install/crazyflie_interfaces/share/crazyflie_interfaces/cmake/export_crazyflie_interfaces__rosidl_typesupport_fastrtps_cppExport-noconfig.cmake
[1.913s] -- Up-to-date: /home/yanyew/mapping/install/crazyflie_interfaces/share/crazyflie_interfaces/cmake/crazyflie_interfaces__rosidl_typesupport_introspection_cExport.cmake
[1.914s] -- Up-to-date: /home/yanyew/mapping/install/crazyflie_interfaces/share/crazyflie_interfaces/cmake/crazyflie_interfaces__rosidl_typesupport_introspection_cExport-noconfig.cmake
[1.914s] -- Up-to-date: /home/yanyew/mapping/install/crazyflie_interfaces/share/crazyflie_interfaces/cmake/crazyflie_interfaces__rosidl_typesupport_cExport.cmake
[1.914s] -- Up-to-date: /home/yanyew/mapping/install/crazyflie_interfaces/share/crazyflie_interfaces/cmake/crazyflie_interfaces__rosidl_typesupport_cExport-noconfig.cmake
[1.914s] -- Up-to-date: /home/yanyew/mapping/install/crazyflie_interfaces/share/crazyflie_interfaces/cmake/crazyflie_interfaces__rosidl_typesupport_introspection_cppExport.cmake
[1.914s] -- Up-to-date: /home/yanyew/mapping/install/crazyflie_interfaces/share/crazyflie_interfaces/cmake/crazyflie_interfaces__rosidl_typesupport_introspection_cppExport-noconfig.cmake
[1.914s] -- Up-to-date: /home/yanyew/mapping/install/crazyflie_interfaces/share/crazyflie_interfaces/cmake/crazyflie_interfaces__rosidl_typesupport_cppExport.cmake
[1.914s] -- Up-to-date: /home/yanyew/mapping/install/crazyflie_interfaces/share/crazyflie_interfaces/cmake/crazyflie_interfaces__rosidl_typesupport_cppExport-noconfig.cmake
[1.914s] -- Up-to-date: /home/yanyew/mapping/install/crazyflie_interfaces/share/crazyflie_interfaces/cmake/export_crazyflie_interfaces__rosidl_generator_pyExport.cmake
[1.914s] -- Up-to-date: /home/yanyew/mapping/install/crazyflie_interfaces/share/crazyflie_interfaces/cmake/export_crazyflie_interfaces__rosidl_generator_pyExport-noconfig.cmake
[1.914s] -- Up-to-date: /home/yanyew/mapping/install/crazyflie_interfaces/share/crazyflie_interfaces/cmake/rosidl_cmake-extras.cmake
[1.914s] -- Up-to-date: /home/yanyew/mapping/install/crazyflie_interfaces/share/crazyflie_interfaces/cmake/ament_cmake_export_dependencies-extras.cmake
[1.915s] -- Up-to-date: /home/yanyew/mapping/install/crazyflie_interfaces/share/crazyflie_interfaces/cmake/ament_cmake_export_include_directories-extras.cmake
[1.915s] -- Up-to-date: /home/yanyew/mapping/install/crazyflie_interfaces/share/crazyflie_interfaces/cmake/ament_cmake_export_libraries-extras.cmake
[1.915s] -- Up-to-date: /home/yanyew/mapping/install/crazyflie_interfaces/share/crazyflie_interfaces/cmake/ament_cmake_export_targets-extras.cmake
[1.915s] -- Up-to-date: /home/yanyew/mapping/install/crazyflie_interfaces/share/crazyflie_interfaces/cmake/rosidl_cmake_export_typesupport_targets-extras.cmake
[1.915s] -- Up-to-date: /home/yanyew/mapping/install/crazyflie_interfaces/share/crazyflie_interfaces/cmake/rosidl_cmake_export_typesupport_libraries-extras.cmake
[1.915s] -- Up-to-date: /home/yanyew/mapping/install/crazyflie_interfaces/share/crazyflie_interfaces/cmake/crazyflie_interfacesConfig.cmake
[1.915s] -- Up-to-date: /home/yanyew/mapping/install/crazyflie_interfaces/share/crazyflie_interfaces/cmake/crazyflie_interfacesConfig-version.cmake
[1.915s] -- Up-to-date: /home/yanyew/mapping/install/crazyflie_interfaces/share/crazyflie_interfaces/package.xml
[1.916s] Invoked command in '/home/yanyew/mapping/build/crazyflie_interfaces' returned '0': CMAKE_PREFIX_PATH=${CMAKE_PREFIX_PATH}:/home/yanyew/mapping/install/ros_gz_crazyflie_control:/home/yanyew/mapping/install/merge_map:/home/yanyew/mapping/install/crazyflie_ros2_multiranger_wall_following:/home/yanyew/mapping/install/crazyflie_ros2_multiranger_simple_mapper:/home/yanyew/mapping/install/crazyflie_py:/home/yanyew/mapping/install/crazyflie_launch:/opt/ros/humble /usr/bin/cmake --install /home/yanyew/mapping/build/crazyflie_interfaces
