[3.138s] Invoking command in '/home/yanyew/mapping/src/crazyflie_ros2_multiranger/crazyflie_ros2_multiranger_wall_following': PYTHONPATH=/home/yanyew/mapping/build/crazyflie_ros2_multiranger_wall_following/prefix_override:/usr/lib/python3/dist-packages/colcon_core/task/python/colcon_distutils_commands:/home/yanyew/mapping/install/crazyflie_ros2_multiranger_wall_following/lib/python3.10/site-packages:${PYTHONPATH} /usr/bin/python3 -W ignore:setup.py install is deprecated -W ignore:easy_install command is deprecated setup.py egg_info --egg-base ../../../build/crazyflie_ros2_multiranger_wall_following build --build-base /home/yanyew/mapping/build/crazyflie_ros2_multiranger_wall_following/build install --record /home/yanyew/mapping/build/crazyflie_ros2_multiranger_wall_following/install.log --single-version-externally-managed install_data
[3.795s] running egg_info
[3.796s] writing ../../../build/crazyflie_ros2_multiranger_wall_following/crazyflie_ros2_multiranger_wall_following.egg-info/PKG-INFO
[3.797s] writing dependency_links to ../../../build/crazyflie_ros2_multiranger_wall_following/crazyflie_ros2_multiranger_wall_following.egg-info/dependency_links.txt
[3.797s] writing entry points to ../../../build/crazyflie_ros2_multiranger_wall_following/crazyflie_ros2_multiranger_wall_following.egg-info/entry_points.txt
[3.797s] writing requirements to ../../../build/crazyflie_ros2_multiranger_wall_following/crazyflie_ros2_multiranger_wall_following.egg-info/requires.txt
[3.797s] writing top-level names to ../../../build/crazyflie_ros2_multiranger_wall_following/crazyflie_ros2_multiranger_wall_following.egg-info/top_level.txt
[3.800s] reading manifest file '../../../build/crazyflie_ros2_multiranger_wall_following/crazyflie_ros2_multiranger_wall_following.egg-info/SOURCES.txt'
[3.801s] writing manifest file '../../../build/crazyflie_ros2_multiranger_wall_following/crazyflie_ros2_multiranger_wall_following.egg-info/SOURCES.txt'
[3.801s] running build
[3.801s] running build_py
[3.802s] running install
[3.802s] running install_lib
[3.804s] running install_data
[3.804s] running install_egg_info
[3.807s] removing '/home/yanyew/mapping/install/crazyflie_ros2_multiranger_wall_following/lib/python3.10/site-packages/crazyflie_ros2_multiranger_wall_following-0.0.0-py3.10.egg-info' (and everything under it)
[3.807s] Copying ../../../build/crazyflie_ros2_multiranger_wall_following/crazyflie_ros2_multiranger_wall_following.egg-info to /home/yanyew/mapping/install/crazyflie_ros2_multiranger_wall_following/lib/python3.10/site-packages/crazyflie_ros2_multiranger_wall_following-0.0.0-py3.10.egg-info
[3.808s] running install_scripts
[3.839s] Installing wall_following_multiranger script to /home/yanyew/mapping/install/crazyflie_ros2_multiranger_wall_following/lib/crazyflie_ros2_multiranger_wall_following
[3.839s] writing list of installed files to '/home/yanyew/mapping/build/crazyflie_ros2_multiranger_wall_following/install.log'
[3.879s] Invoked command in '/home/yanyew/mapping/src/crazyflie_ros2_multiranger/crazyflie_ros2_multiranger_wall_following' returned '0': PYTHONPATH=/home/yanyew/mapping/build/crazyflie_ros2_multiranger_wall_following/prefix_override:/usr/lib/python3/dist-packages/colcon_core/task/python/colcon_distutils_commands:/home/yanyew/mapping/install/crazyflie_ros2_multiranger_wall_following/lib/python3.10/site-packages:${PYTHONPATH} /usr/bin/python3 -W ignore:setup.py install is deprecated -W ignore:easy_install command is deprecated setup.py egg_info --egg-base ../../../build/crazyflie_ros2_multiranger_wall_following build --build-base /home/yanyew/mapping/build/crazyflie_ros2_multiranger_wall_following/build install --record /home/yanyew/mapping/build/crazyflie_ros2_multiranger_wall_following/install.log --single-version-externally-managed install_data
