[3.485s] Invoking command in '/home/yanyew/mapping/src/crazyflie_ros2_multiranger/crazyflie_ros2_multiranger_simple_mapper': PYTHONPATH=/home/yanyew/mapping/build/crazyflie_ros2_multiranger_simple_mapper/prefix_override:/usr/lib/python3/dist-packages/colcon_core/task/python/colcon_distutils_commands:/home/yanyew/mapping/install/crazyflie_ros2_multiranger_simple_mapper/lib/python3.10/site-packages:${PYTHONPATH} /usr/bin/python3 -W ignore:setup.py install is deprecated -W ignore:easy_install command is deprecated setup.py egg_info --egg-base ../../../build/crazyflie_ros2_multiranger_simple_mapper build --build-base /home/yanyew/mapping/build/crazyflie_ros2_multiranger_simple_mapper/build install --record /home/yanyew/mapping/build/crazyflie_ros2_multiranger_simple_mapper/install.log --single-version-externally-managed install_data
[4.191s] running egg_info
[4.193s] writing ../../../build/crazyflie_ros2_multiranger_simple_mapper/crazyflie_ros2_multiranger_simple_mapper.egg-info/PKG-INFO
[4.193s] writing dependency_links to ../../../build/crazyflie_ros2_multiranger_simple_mapper/crazyflie_ros2_multiranger_simple_mapper.egg-info/dependency_links.txt
[4.194s] writing entry points to ../../../build/crazyflie_ros2_multiranger_simple_mapper/crazyflie_ros2_multiranger_simple_mapper.egg-info/entry_points.txt
[4.194s] writing requirements to ../../../build/crazyflie_ros2_multiranger_simple_mapper/crazyflie_ros2_multiranger_simple_mapper.egg-info/requires.txt
[4.194s] writing top-level names to ../../../build/crazyflie_ros2_multiranger_simple_mapper/crazyflie_ros2_multiranger_simple_mapper.egg-info/top_level.txt
[4.198s] reading manifest file '../../../build/crazyflie_ros2_multiranger_simple_mapper/crazyflie_ros2_multiranger_simple_mapper.egg-info/SOURCES.txt'
[4.200s] writing manifest file '../../../build/crazyflie_ros2_multiranger_simple_mapper/crazyflie_ros2_multiranger_simple_mapper.egg-info/SOURCES.txt'
[4.200s] running build
[4.200s] running build_py
[4.200s] running install
[4.201s] running install_lib
[4.203s] running install_data
[4.204s] running install_egg_info
[4.207s] removing '/home/yanyew/mapping/install/crazyflie_ros2_multiranger_simple_mapper/lib/python3.10/site-packages/crazyflie_ros2_multiranger_simple_mapper-0.0.0-py3.10.egg-info' (and everything under it)
[4.208s] Copying ../../../build/crazyflie_ros2_multiranger_simple_mapper/crazyflie_ros2_multiranger_simple_mapper.egg-info to /home/yanyew/mapping/install/crazyflie_ros2_multiranger_simple_mapper/lib/python3.10/site-packages/crazyflie_ros2_multiranger_simple_mapper-0.0.0-py3.10.egg-info
[4.210s] running install_scripts
[4.256s] Installing simple_mapper_multiranger script to /home/yanyew/mapping/install/crazyflie_ros2_multiranger_simple_mapper/lib/crazyflie_ros2_multiranger_simple_mapper
[4.257s] writing list of installed files to '/home/yanyew/mapping/build/crazyflie_ros2_multiranger_simple_mapper/install.log'
[4.314s] Invoked command in '/home/yanyew/mapping/src/crazyflie_ros2_multiranger/crazyflie_ros2_multiranger_simple_mapper' returned '0': PYTHONPATH=/home/yanyew/mapping/build/crazyflie_ros2_multiranger_simple_mapper/prefix_override:/usr/lib/python3/dist-packages/colcon_core/task/python/colcon_distutils_commands:/home/yanyew/mapping/install/crazyflie_ros2_multiranger_simple_mapper/lib/python3.10/site-packages:${PYTHONPATH} /usr/bin/python3 -W ignore:setup.py install is deprecated -W ignore:easy_install command is deprecated setup.py egg_info --egg-base ../../../build/crazyflie_ros2_multiranger_simple_mapper build --build-base /home/yanyew/mapping/build/crazyflie_ros2_multiranger_simple_mapper/build install --record /home/yanyew/mapping/build/crazyflie_ros2_multiranger_simple_mapper/install.log --single-version-externally-managed install_data
