[0.155s] DEBUG:colcon:Command line arguments: ['/usr/bin/colcon', 'list', '-p', '--base-paths', '/home/yanyew/mapping']
[0.155s] DEBUG:colcon:Parsed command line arguments: Namespace(log_base=None, log_level=None, verb_name='list', build_base='build', ignore_user_meta=False, metas=['./colcon.meta'], base_paths=['/home/yanyew/mapping'], packages_ignore=None, packages_ignore_regex=None, paths=None, packages_up_to=None, packages_up_to_regex=None, packages_above=None, packages_above_and_dependencies=None, packages_above_depth=None, packages_select_by_dep=None, packages_skip_by_dep=None, packages_skip_up_to=None, packages_select_build_failed=False, packages_skip_build_finished=False, packages_select_test_failures=False, packages_skip_test_passed=False, packages_select=None, packages_skip=None, packages_select_regex=None, packages_skip_regex=None, packages_start=None, packages_end=None, allow_overriding=[], topological_order=False, names_only=False, paths_only=True, topological_graph=False, topological_graph_dot=False, topological_graph_density=False, topological_graph_legend=False, topological_graph_dot_cluster=False, topological_graph_dot_include_skipped=False, mixin_files=None, mixin=None, verb_parser=<colcon_mixin.mixin.mixin_argument.MixinArgumentDecorator object at 0x75d580179c60>, verb_extension=<colcon_package_information.verb.list.ListVerb object at 0x75d580178bb0>, main=<bound method ListVerb.main of <colcon_package_information.verb.list.ListVerb object at 0x75d580178bb0>>, mixin_verb=('list',))
[0.490s] Level 1:colcon.colcon_core.package_discovery:discover_packages(colcon_meta) check parameters
[0.490s] Level 1:colcon.colcon_core.package_discovery:discover_packages(recursive) check parameters
[0.490s] Level 1:colcon.colcon_core.package_discovery:discover_packages(ignore) check parameters
[0.490s] Level 1:colcon.colcon_core.package_discovery:discover_packages(path) check parameters
[0.490s] Level 1:colcon.colcon_core.package_discovery:discover_packages(recursive) discover
[0.490s] INFO:colcon.colcon_core.package_discovery:Crawling recursively for packages in '/home/yanyew/mapping'
[0.491s] Level 1:colcon.colcon_core.package_identification:_identify(/home/yanyew/mapping) by extensions ['ignore', 'ignore_ament_install']
[0.491s] Level 1:colcon.colcon_core.package_identification:_identify(/home/yanyew/mapping) by extension 'ignore'
[0.491s] Level 1:colcon.colcon_core.package_identification:_identify(/home/yanyew/mapping) by extension 'ignore_ament_install'
[0.491s] Level 1:colcon.colcon_core.package_identification:_identify(/home/yanyew/mapping) by extensions ['colcon_pkg']
[0.491s] Level 1:colcon.colcon_core.package_identification:_identify(/home/yanyew/mapping) by extension 'colcon_pkg'
[0.491s] Level 1:colcon.colcon_core.package_identification:_identify(/home/yanyew/mapping) by extensions ['colcon_meta']
[0.491s] Level 1:colcon.colcon_core.package_identification:_identify(/home/yanyew/mapping) by extension 'colcon_meta'
[0.492s] Level 1:colcon.colcon_core.package_identification:_identify(/home/yanyew/mapping) by extensions ['ros']
[0.492s] Level 1:colcon.colcon_core.package_identification:_identify(/home/yanyew/mapping) by extension 'ros'
[0.512s] Level 1:colcon.colcon_core.package_identification:_identify(/home/yanyew/mapping) by extensions ['cmake', 'python']
[0.512s] Level 1:colcon.colcon_core.package_identification:_identify(/home/yanyew/mapping) by extension 'cmake'
[0.513s] Level 1:colcon.colcon_core.package_identification:_identify(/home/yanyew/mapping) by extension 'python'
[0.513s] Level 1:colcon.colcon_core.package_identification:_identify(/home/yanyew/mapping) by extensions ['python_setup_py']
[0.513s] Level 1:colcon.colcon_core.package_identification:_identify(/home/yanyew/mapping) by extension 'python_setup_py'
[0.513s] Level 1:colcon.colcon_core.package_identification:_identify(/home/yanyew/mapping/build) by extensions ['ignore', 'ignore_ament_install']
[0.513s] Level 1:colcon.colcon_core.package_identification:_identify(/home/yanyew/mapping/build) by extension 'ignore'
[0.513s] Level 1:colcon.colcon_core.package_identification:_identify(/home/yanyew/mapping/build) ignored
[0.513s] Level 1:colcon.colcon_core.package_identification:_identify(/home/yanyew/mapping/cache) by extensions ['ignore', 'ignore_ament_install']
[0.514s] Level 1:colcon.colcon_core.package_identification:_identify(/home/yanyew/mapping/cache) by extension 'ignore'
[0.514s] Level 1:colcon.colcon_core.package_identification:_identify(/home/yanyew/mapping/cache) by extension 'ignore_ament_install'
[0.514s] Level 1:colcon.colcon_core.package_identification:_identify(/home/yanyew/mapping/cache) by extensions ['colcon_pkg']
[0.514s] Level 1:colcon.colcon_core.package_identification:_identify(/home/yanyew/mapping/cache) by extension 'colcon_pkg'
[0.514s] Level 1:colcon.colcon_core.package_identification:_identify(/home/yanyew/mapping/cache) by extensions ['colcon_meta']
[0.514s] Level 1:colcon.colcon_core.package_identification:_identify(/home/yanyew/mapping/cache) by extension 'colcon_meta'
[0.514s] Level 1:colcon.colcon_core.package_identification:_identify(/home/yanyew/mapping/cache) by extensions ['ros']
[0.514s] Level 1:colcon.colcon_core.package_identification:_identify(/home/yanyew/mapping/cache) by extension 'ros'
[0.514s] Level 1:colcon.colcon_core.package_identification:_identify(/home/yanyew/mapping/cache) by extensions ['cmake', 'python']
[0.514s] Level 1:colcon.colcon_core.package_identification:_identify(/home/yanyew/mapping/cache) by extension 'cmake'
[0.514s] Level 1:colcon.colcon_core.package_identification:_identify(/home/yanyew/mapping/cache) by extension 'python'
[0.514s] Level 1:colcon.colcon_core.package_identification:_identify(/home/yanyew/mapping/cache) by extensions ['python_setup_py']
[0.514s] Level 1:colcon.colcon_core.package_identification:_identify(/home/yanyew/mapping/cache) by extension 'python_setup_py'
[0.515s] Level 1:colcon.colcon_core.package_identification:_identify(/home/yanyew/mapping/install) by extensions ['ignore', 'ignore_ament_install']
[0.515s] Level 1:colcon.colcon_core.package_identification:_identify(/home/yanyew/mapping/install) by extension 'ignore'
[0.515s] Level 1:colcon.colcon_core.package_identification:_identify(/home/yanyew/mapping/install) ignored
[0.515s] Level 1:colcon.colcon_core.package_identification:_identify(/home/yanyew/mapping/log) by extensions ['ignore', 'ignore_ament_install']
[0.515s] Level 1:colcon.colcon_core.package_identification:_identify(/home/yanyew/mapping/log) by extension 'ignore'
[0.515s] Level 1:colcon.colcon_core.package_identification:_identify(/home/yanyew/mapping/log) ignored
[0.516s] Level 1:colcon.colcon_core.package_identification:_identify(/home/yanyew/mapping/src) by extensions ['ignore', 'ignore_ament_install']
[0.516s] Level 1:colcon.colcon_core.package_identification:_identify(/home/yanyew/mapping/src) by extension 'ignore'
[0.516s] Level 1:colcon.colcon_core.package_identification:_identify(/home/yanyew/mapping/src) by extension 'ignore_ament_install'
[0.516s] Level 1:colcon.colcon_core.package_identification:_identify(/home/yanyew/mapping/src) by extensions ['colcon_pkg']
[0.516s] Level 1:colcon.colcon_core.package_identification:_identify(/home/yanyew/mapping/src) by extension 'colcon_pkg'
[0.516s] Level 1:colcon.colcon_core.package_identification:_identify(/home/yanyew/mapping/src) by extensions ['colcon_meta']
[0.516s] Level 1:colcon.colcon_core.package_identification:_identify(/home/yanyew/mapping/src) by extension 'colcon_meta'
[0.516s] Level 1:colcon.colcon_core.package_identification:_identify(/home/yanyew/mapping/src) by extensions ['ros']
[0.516s] Level 1:colcon.colcon_core.package_identification:_identify(/home/yanyew/mapping/src) by extension 'ros'
[0.516s] Level 1:colcon.colcon_core.package_identification:_identify(/home/yanyew/mapping/src) by extensions ['cmake', 'python']
[0.516s] Level 1:colcon.colcon_core.package_identification:_identify(/home/yanyew/mapping/src) by extension 'cmake'
[0.517s] Level 1:colcon.colcon_core.package_identification:_identify(/home/yanyew/mapping/src) by extension 'python'
[0.517s] Level 1:colcon.colcon_core.package_identification:_identify(/home/yanyew/mapping/src) by extensions ['python_setup_py']
[0.517s] Level 1:colcon.colcon_core.package_identification:_identify(/home/yanyew/mapping/src) by extension 'python_setup_py'
[0.517s] Level 1:colcon.colcon_core.package_identification:_identify(/home/yanyew/mapping/src/crazyflie_launch) by extensions ['ignore', 'ignore_ament_install']
[0.517s] Level 1:colcon.colcon_core.package_identification:_identify(/home/yanyew/mapping/src/crazyflie_launch) by extension 'ignore'
[0.517s] Level 1:colcon.colcon_core.package_identification:_identify(/home/yanyew/mapping/src/crazyflie_launch) by extension 'ignore_ament_install'
[0.517s] Level 1:colcon.colcon_core.package_identification:_identify(/home/yanyew/mapping/src/crazyflie_launch) by extensions ['colcon_pkg']
[0.517s] Level 1:colcon.colcon_core.package_identification:_identify(/home/yanyew/mapping/src/crazyflie_launch) by extension 'colcon_pkg'
[0.517s] Level 1:colcon.colcon_core.package_identification:_identify(/home/yanyew/mapping/src/crazyflie_launch) by extensions ['colcon_meta']
[0.517s] Level 1:colcon.colcon_core.package_identification:_identify(/home/yanyew/mapping/src/crazyflie_launch) by extension 'colcon_meta'
[0.517s] Level 1:colcon.colcon_core.package_identification:_identify(/home/yanyew/mapping/src/crazyflie_launch) by extensions ['ros']
[0.517s] Level 1:colcon.colcon_core.package_identification:_identify(/home/yanyew/mapping/src/crazyflie_launch) by extension 'ros'
[0.523s] DEBUG:colcon.colcon_core.package_identification:Package '/home/yanyew/mapping/src/crazyflie_launch' with type 'ros.ament_python' and name 'crazyflie_launch'
[0.523s] Level 1:colcon.colcon_core.package_identification:_identify(/home/yanyew/mapping/src/crazyflie_ros2_multiranger) by extensions ['ignore', 'ignore_ament_install']
[0.523s] Level 1:colcon.colcon_core.package_identification:_identify(/home/yanyew/mapping/src/crazyflie_ros2_multiranger) by extension 'ignore'
[0.524s] Level 1:colcon.colcon_core.package_identification:_identify(/home/yanyew/mapping/src/crazyflie_ros2_multiranger) by extension 'ignore_ament_install'
[0.524s] Level 1:colcon.colcon_core.package_identification:_identify(/home/yanyew/mapping/src/crazyflie_ros2_multiranger) by extensions ['colcon_pkg']
[0.524s] Level 1:colcon.colcon_core.package_identification:_identify(/home/yanyew/mapping/src/crazyflie_ros2_multiranger) by extension 'colcon_pkg'
[0.524s] Level 1:colcon.colcon_core.package_identification:_identify(/home/yanyew/mapping/src/crazyflie_ros2_multiranger) by extensions ['colcon_meta']
[0.524s] Level 1:colcon.colcon_core.package_identification:_identify(/home/yanyew/mapping/src/crazyflie_ros2_multiranger) by extension 'colcon_meta'
[0.524s] Level 1:colcon.colcon_core.package_identification:_identify(/home/yanyew/mapping/src/crazyflie_ros2_multiranger) by extensions ['ros']
[0.524s] Level 1:colcon.colcon_core.package_identification:_identify(/home/yanyew/mapping/src/crazyflie_ros2_multiranger) by extension 'ros'
[0.524s] Level 1:colcon.colcon_core.package_identification:_identify(/home/yanyew/mapping/src/crazyflie_ros2_multiranger) by extensions ['cmake', 'python']
[0.524s] Level 1:colcon.colcon_core.package_identification:_identify(/home/yanyew/mapping/src/crazyflie_ros2_multiranger) by extension 'cmake'
[0.524s] Level 1:colcon.colcon_core.package_identification:_identify(/home/yanyew/mapping/src/crazyflie_ros2_multiranger) by extension 'python'
[0.524s] Level 1:colcon.colcon_core.package_identification:_identify(/home/yanyew/mapping/src/crazyflie_ros2_multiranger) by extensions ['python_setup_py']
[0.524s] Level 1:colcon.colcon_core.package_identification:_identify(/home/yanyew/mapping/src/crazyflie_ros2_multiranger) by extension 'python_setup_py'
[0.524s] Level 1:colcon.colcon_core.package_identification:_identify(/home/yanyew/mapping/src/crazyflie_ros2_multiranger/crazyflie_ros2_multiranger_bringup) by extensions ['ignore', 'ignore_ament_install']
[0.525s] Level 1:colcon.colcon_core.package_identification:_identify(/home/yanyew/mapping/src/crazyflie_ros2_multiranger/crazyflie_ros2_multiranger_bringup) by extension 'ignore'
[0.525s] Level 1:colcon.colcon_core.package_identification:_identify(/home/yanyew/mapping/src/crazyflie_ros2_multiranger/crazyflie_ros2_multiranger_bringup) by extension 'ignore_ament_install'
[0.525s] Level 1:colcon.colcon_core.package_identification:_identify(/home/yanyew/mapping/src/crazyflie_ros2_multiranger/crazyflie_ros2_multiranger_bringup) by extensions ['colcon_pkg']
[0.525s] Level 1:colcon.colcon_core.package_identification:_identify(/home/yanyew/mapping/src/crazyflie_ros2_multiranger/crazyflie_ros2_multiranger_bringup) by extension 'colcon_pkg'
[0.525s] Level 1:colcon.colcon_core.package_identification:_identify(/home/yanyew/mapping/src/crazyflie_ros2_multiranger/crazyflie_ros2_multiranger_bringup) by extensions ['colcon_meta']
[0.525s] Level 1:colcon.colcon_core.package_identification:_identify(/home/yanyew/mapping/src/crazyflie_ros2_multiranger/crazyflie_ros2_multiranger_bringup) by extension 'colcon_meta'
[0.525s] Level 1:colcon.colcon_core.package_identification:_identify(/home/yanyew/mapping/src/crazyflie_ros2_multiranger/crazyflie_ros2_multiranger_bringup) by extensions ['ros']
[0.525s] Level 1:colcon.colcon_core.package_identification:_identify(/home/yanyew/mapping/src/crazyflie_ros2_multiranger/crazyflie_ros2_multiranger_bringup) by extension 'ros'
[0.526s] DEBUG:colcon.colcon_core.package_identification:Package '/home/yanyew/mapping/src/crazyflie_ros2_multiranger/crazyflie_ros2_multiranger_bringup' with type 'ros.ament_cmake' and name 'crazyflie_ros2_multiranger_bringup'
[0.526s] Level 1:colcon.colcon_core.package_identification:_identify(/home/yanyew/mapping/src/crazyflie_ros2_multiranger/crazyflie_ros2_multiranger_simple_mapper) by extensions ['ignore', 'ignore_ament_install']
[0.526s] Level 1:colcon.colcon_core.package_identification:_identify(/home/yanyew/mapping/src/crazyflie_ros2_multiranger/crazyflie_ros2_multiranger_simple_mapper) by extension 'ignore'
[0.526s] Level 1:colcon.colcon_core.package_identification:_identify(/home/yanyew/mapping/src/crazyflie_ros2_multiranger/crazyflie_ros2_multiranger_simple_mapper) by extension 'ignore_ament_install'
[0.526s] Level 1:colcon.colcon_core.package_identification:_identify(/home/yanyew/mapping/src/crazyflie_ros2_multiranger/crazyflie_ros2_multiranger_simple_mapper) by extensions ['colcon_pkg']
[0.526s] Level 1:colcon.colcon_core.package_identification:_identify(/home/yanyew/mapping/src/crazyflie_ros2_multiranger/crazyflie_ros2_multiranger_simple_mapper) by extension 'colcon_pkg'
[0.526s] Level 1:colcon.colcon_core.package_identification:_identify(/home/yanyew/mapping/src/crazyflie_ros2_multiranger/crazyflie_ros2_multiranger_simple_mapper) by extensions ['colcon_meta']
[0.526s] Level 1:colcon.colcon_core.package_identification:_identify(/home/yanyew/mapping/src/crazyflie_ros2_multiranger/crazyflie_ros2_multiranger_simple_mapper) by extension 'colcon_meta'
[0.527s] Level 1:colcon.colcon_core.package_identification:_identify(/home/yanyew/mapping/src/crazyflie_ros2_multiranger/crazyflie_ros2_multiranger_simple_mapper) by extensions ['ros']
[0.527s] Level 1:colcon.colcon_core.package_identification:_identify(/home/yanyew/mapping/src/crazyflie_ros2_multiranger/crazyflie_ros2_multiranger_simple_mapper) by extension 'ros'
[0.528s] DEBUG:colcon.colcon_core.package_identification:Package '/home/yanyew/mapping/src/crazyflie_ros2_multiranger/crazyflie_ros2_multiranger_simple_mapper' with type 'ros.ament_python' and name 'crazyflie_ros2_multiranger_simple_mapper'
[0.528s] Level 1:colcon.colcon_core.package_identification:_identify(/home/yanyew/mapping/src/crazyflie_ros2_multiranger/crazyflie_ros2_multiranger_wall_following) by extensions ['ignore', 'ignore_ament_install']
[0.528s] Level 1:colcon.colcon_core.package_identification:_identify(/home/yanyew/mapping/src/crazyflie_ros2_multiranger/crazyflie_ros2_multiranger_wall_following) by extension 'ignore'
[0.529s] Level 1:colcon.colcon_core.package_identification:_identify(/home/yanyew/mapping/src/crazyflie_ros2_multiranger/crazyflie_ros2_multiranger_wall_following) by extension 'ignore_ament_install'
[0.529s] Level 1:colcon.colcon_core.package_identification:_identify(/home/yanyew/mapping/src/crazyflie_ros2_multiranger/crazyflie_ros2_multiranger_wall_following) by extensions ['colcon_pkg']
[0.529s] Level 1:colcon.colcon_core.package_identification:_identify(/home/yanyew/mapping/src/crazyflie_ros2_multiranger/crazyflie_ros2_multiranger_wall_following) by extension 'colcon_pkg'
[0.529s] Level 1:colcon.colcon_core.package_identification:_identify(/home/yanyew/mapping/src/crazyflie_ros2_multiranger/crazyflie_ros2_multiranger_wall_following) by extensions ['colcon_meta']
[0.529s] Level 1:colcon.colcon_core.package_identification:_identify(/home/yanyew/mapping/src/crazyflie_ros2_multiranger/crazyflie_ros2_multiranger_wall_following) by extension 'colcon_meta'
[0.529s] Level 1:colcon.colcon_core.package_identification:_identify(/home/yanyew/mapping/src/crazyflie_ros2_multiranger/crazyflie_ros2_multiranger_wall_following) by extensions ['ros']
[0.529s] Level 1:colcon.colcon_core.package_identification:_identify(/home/yanyew/mapping/src/crazyflie_ros2_multiranger/crazyflie_ros2_multiranger_wall_following) by extension 'ros'
[0.530s] DEBUG:colcon.colcon_core.package_identification:Package '/home/yanyew/mapping/src/crazyflie_ros2_multiranger/crazyflie_ros2_multiranger_wall_following' with type 'ros.ament_python' and name 'crazyflie_ros2_multiranger_wall_following'
[0.530s] Level 1:colcon.colcon_core.package_identification:_identify(/home/yanyew/mapping/src/crazyswarm2) by extensions ['ignore', 'ignore_ament_install']
[0.530s] Level 1:colcon.colcon_core.package_identification:_identify(/home/yanyew/mapping/src/crazyswarm2) by extension 'ignore'
[0.530s] Level 1:colcon.colcon_core.package_identification:_identify(/home/yanyew/mapping/src/crazyswarm2) by extension 'ignore_ament_install'
[0.530s] Level 1:colcon.colcon_core.package_identification:_identify(/home/yanyew/mapping/src/crazyswarm2) by extensions ['colcon_pkg']
[0.531s] Level 1:colcon.colcon_core.package_identification:_identify(/home/yanyew/mapping/src/crazyswarm2) by extension 'colcon_pkg'
[0.531s] Level 1:colcon.colcon_core.package_identification:_identify(/home/yanyew/mapping/src/crazyswarm2) by extensions ['colcon_meta']
[0.531s] Level 1:colcon.colcon_core.package_identification:_identify(/home/yanyew/mapping/src/crazyswarm2) by extension 'colcon_meta'
[0.531s] Level 1:colcon.colcon_core.package_identification:_identify(/home/yanyew/mapping/src/crazyswarm2) by extensions ['ros']
[0.531s] Level 1:colcon.colcon_core.package_identification:_identify(/home/yanyew/mapping/src/crazyswarm2) by extension 'ros'
[0.531s] Level 1:colcon.colcon_core.package_identification:_identify(/home/yanyew/mapping/src/crazyswarm2) by extensions ['cmake', 'python']
[0.531s] Level 1:colcon.colcon_core.package_identification:_identify(/home/yanyew/mapping/src/crazyswarm2) by extension 'cmake'
[0.531s] Level 1:colcon.colcon_core.package_identification:_identify(/home/yanyew/mapping/src/crazyswarm2) by extension 'python'
[0.531s] Level 1:colcon.colcon_core.package_identification:_identify(/home/yanyew/mapping/src/crazyswarm2) by extensions ['python_setup_py']
[0.531s] Level 1:colcon.colcon_core.package_identification:_identify(/home/yanyew/mapping/src/crazyswarm2) by extension 'python_setup_py'
[0.531s] Level 1:colcon.colcon_core.package_identification:_identify(/home/yanyew/mapping/src/crazyswarm2/crazyflie) by extensions ['ignore', 'ignore_ament_install']
[0.532s] Level 1:colcon.colcon_core.package_identification:_identify(/home/yanyew/mapping/src/crazyswarm2/crazyflie) by extension 'ignore'
[0.532s] Level 1:colcon.colcon_core.package_identification:_identify(/home/yanyew/mapping/src/crazyswarm2/crazyflie) by extension 'ignore_ament_install'
[0.532s] Level 1:colcon.colcon_core.package_identification:_identify(/home/yanyew/mapping/src/crazyswarm2/crazyflie) by extensions ['colcon_pkg']
[0.532s] Level 1:colcon.colcon_core.package_identification:_identify(/home/yanyew/mapping/src/crazyswarm2/crazyflie) by extension 'colcon_pkg'
[0.532s] Level 1:colcon.colcon_core.package_identification:_identify(/home/yanyew/mapping/src/crazyswarm2/crazyflie) by extensions ['colcon_meta']
[0.532s] Level 1:colcon.colcon_core.package_identification:_identify(/home/yanyew/mapping/src/crazyswarm2/crazyflie) by extension 'colcon_meta'
[0.532s] Level 1:colcon.colcon_core.package_identification:_identify(/home/yanyew/mapping/src/crazyswarm2/crazyflie) by extensions ['ros']
[0.532s] Level 1:colcon.colcon_core.package_identification:_identify(/home/yanyew/mapping/src/crazyswarm2/crazyflie) by extension 'ros'
[0.533s] DEBUG:colcon.colcon_core.package_identification:Package '/home/yanyew/mapping/src/crazyswarm2/crazyflie' with type 'ros.ament_cmake' and name 'crazyflie'
[0.534s] Level 1:colcon.colcon_core.package_identification:_identify(/home/yanyew/mapping/src/crazyswarm2/crazyflie_examples) by extensions ['ignore', 'ignore_ament_install']
[0.534s] Level 1:colcon.colcon_core.package_identification:_identify(/home/yanyew/mapping/src/crazyswarm2/crazyflie_examples) by extension 'ignore'
[0.534s] Level 1:colcon.colcon_core.package_identification:_identify(/home/yanyew/mapping/src/crazyswarm2/crazyflie_examples) by extension 'ignore_ament_install'
[0.534s] Level 1:colcon.colcon_core.package_identification:_identify(/home/yanyew/mapping/src/crazyswarm2/crazyflie_examples) by extensions ['colcon_pkg']
[0.534s] Level 1:colcon.colcon_core.package_identification:_identify(/home/yanyew/mapping/src/crazyswarm2/crazyflie_examples) by extension 'colcon_pkg'
[0.534s] Level 1:colcon.colcon_core.package_identification:_identify(/home/yanyew/mapping/src/crazyswarm2/crazyflie_examples) by extensions ['colcon_meta']
[0.534s] Level 1:colcon.colcon_core.package_identification:_identify(/home/yanyew/mapping/src/crazyswarm2/crazyflie_examples) by extension 'colcon_meta'
[0.534s] Level 1:colcon.colcon_core.package_identification:_identify(/home/yanyew/mapping/src/crazyswarm2/crazyflie_examples) by extensions ['ros']
[0.534s] Level 1:colcon.colcon_core.package_identification:_identify(/home/yanyew/mapping/src/crazyswarm2/crazyflie_examples) by extension 'ros'
[0.537s] DEBUG:colcon.colcon_core.package_identification:Package '/home/yanyew/mapping/src/crazyswarm2/crazyflie_examples' with type 'ros.ament_cmake' and name 'crazyflie_examples'
[0.538s] Level 1:colcon.colcon_core.package_identification:_identify(/home/yanyew/mapping/src/crazyswarm2/crazyflie_interfaces) by extensions ['ignore', 'ignore_ament_install']
[0.539s] Level 1:colcon.colcon_core.package_identification:_identify(/home/yanyew/mapping/src/crazyswarm2/crazyflie_interfaces) by extension 'ignore'
[0.539s] Level 1:colcon.colcon_core.package_identification:_identify(/home/yanyew/mapping/src/crazyswarm2/crazyflie_interfaces) by extension 'ignore_ament_install'
[0.539s] Level 1:colcon.colcon_core.package_identification:_identify(/home/yanyew/mapping/src/crazyswarm2/crazyflie_interfaces) by extensions ['colcon_pkg']
[0.539s] Level 1:colcon.colcon_core.package_identification:_identify(/home/yanyew/mapping/src/crazyswarm2/crazyflie_interfaces) by extension 'colcon_pkg'
[0.539s] Level 1:colcon.colcon_core.package_identification:_identify(/home/yanyew/mapping/src/crazyswarm2/crazyflie_interfaces) by extensions ['colcon_meta']
[0.539s] Level 1:colcon.colcon_core.package_identification:_identify(/home/yanyew/mapping/src/crazyswarm2/crazyflie_interfaces) by extension 'colcon_meta'
[0.539s] Level 1:colcon.colcon_core.package_identification:_identify(/home/yanyew/mapping/src/crazyswarm2/crazyflie_interfaces) by extensions ['ros']
[0.539s] Level 1:colcon.colcon_core.package_identification:_identify(/home/yanyew/mapping/src/crazyswarm2/crazyflie_interfaces) by extension 'ros'
[0.541s] DEBUG:colcon.colcon_core.package_identification:Package '/home/yanyew/mapping/src/crazyswarm2/crazyflie_interfaces' with type 'ros.ament_cmake' and name 'crazyflie_interfaces'
[0.542s] Level 1:colcon.colcon_core.package_identification:_identify(/home/yanyew/mapping/src/crazyswarm2/crazyflie_py) by extensions ['ignore', 'ignore_ament_install']
[0.542s] Level 1:colcon.colcon_core.package_identification:_identify(/home/yanyew/mapping/src/crazyswarm2/crazyflie_py) by extension 'ignore'
[0.542s] Level 1:colcon.colcon_core.package_identification:_identify(/home/yanyew/mapping/src/crazyswarm2/crazyflie_py) by extension 'ignore_ament_install'
[0.542s] Level 1:colcon.colcon_core.package_identification:_identify(/home/yanyew/mapping/src/crazyswarm2/crazyflie_py) by extensions ['colcon_pkg']
[0.542s] Level 1:colcon.colcon_core.package_identification:_identify(/home/yanyew/mapping/src/crazyswarm2/crazyflie_py) by extension 'colcon_pkg'
[0.542s] Level 1:colcon.colcon_core.package_identification:_identify(/home/yanyew/mapping/src/crazyswarm2/crazyflie_py) by extensions ['colcon_meta']
[0.542s] Level 1:colcon.colcon_core.package_identification:_identify(/home/yanyew/mapping/src/crazyswarm2/crazyflie_py) by extension 'colcon_meta'
[0.542s] Level 1:colcon.colcon_core.package_identification:_identify(/home/yanyew/mapping/src/crazyswarm2/crazyflie_py) by extensions ['ros']
[0.543s] Level 1:colcon.colcon_core.package_identification:_identify(/home/yanyew/mapping/src/crazyswarm2/crazyflie_py) by extension 'ros'
[0.543s] DEBUG:colcon.colcon_core.package_identification:Package '/home/yanyew/mapping/src/crazyswarm2/crazyflie_py' with type 'ros.ament_python' and name 'crazyflie_py'
[0.544s] Level 1:colcon.colcon_core.package_identification:_identify(/home/yanyew/mapping/src/crazyswarm2/crazyflie_sim) by extensions ['ignore', 'ignore_ament_install']
[0.544s] Level 1:colcon.colcon_core.package_identification:_identify(/home/yanyew/mapping/src/crazyswarm2/crazyflie_sim) by extension 'ignore'
[0.544s] Level 1:colcon.colcon_core.package_identification:_identify(/home/yanyew/mapping/src/crazyswarm2/crazyflie_sim) by extension 'ignore_ament_install'
[0.544s] Level 1:colcon.colcon_core.package_identification:_identify(/home/yanyew/mapping/src/crazyswarm2/crazyflie_sim) by extensions ['colcon_pkg']
[0.544s] Level 1:colcon.colcon_core.package_identification:_identify(/home/yanyew/mapping/src/crazyswarm2/crazyflie_sim) by extension 'colcon_pkg'
[0.544s] Level 1:colcon.colcon_core.package_identification:_identify(/home/yanyew/mapping/src/crazyswarm2/crazyflie_sim) by extensions ['colcon_meta']
[0.544s] Level 1:colcon.colcon_core.package_identification:_identify(/home/yanyew/mapping/src/crazyswarm2/crazyflie_sim) by extension 'colcon_meta'
[0.544s] Level 1:colcon.colcon_core.package_identification:_identify(/home/yanyew/mapping/src/crazyswarm2/crazyflie_sim) by extensions ['ros']
[0.544s] Level 1:colcon.colcon_core.package_identification:_identify(/home/yanyew/mapping/src/crazyswarm2/crazyflie_sim) by extension 'ros'
[0.547s] DEBUG:colcon.colcon_core.package_identification:Package '/home/yanyew/mapping/src/crazyswarm2/crazyflie_sim' with type 'ros.ament_cmake' and name 'crazyflie_sim'
[0.547s] Level 1:colcon.colcon_core.package_identification:_identify(/home/yanyew/mapping/src/crazyswarm2/docs) by extensions ['ignore', 'ignore_ament_install']
[0.547s] Level 1:colcon.colcon_core.package_identification:_identify(/home/yanyew/mapping/src/crazyswarm2/docs) by extension 'ignore'
[0.547s] Level 1:colcon.colcon_core.package_identification:_identify(/home/yanyew/mapping/src/crazyswarm2/docs) by extension 'ignore_ament_install'
[0.547s] Level 1:colcon.colcon_core.package_identification:_identify(/home/yanyew/mapping/src/crazyswarm2/docs) by extensions ['colcon_pkg']
[0.547s] Level 1:colcon.colcon_core.package_identification:_identify(/home/yanyew/mapping/src/crazyswarm2/docs) by extension 'colcon_pkg'
[0.547s] Level 1:colcon.colcon_core.package_identification:_identify(/home/yanyew/mapping/src/crazyswarm2/docs) by extensions ['colcon_meta']
[0.547s] Level 1:colcon.colcon_core.package_identification:_identify(/home/yanyew/mapping/src/crazyswarm2/docs) by extension 'colcon_meta'
[0.548s] Level 1:colcon.colcon_core.package_identification:_identify(/home/yanyew/mapping/src/crazyswarm2/docs) by extensions ['ros']
[0.548s] Level 1:colcon.colcon_core.package_identification:_identify(/home/yanyew/mapping/src/crazyswarm2/docs) by extension 'ros'
[0.548s] Level 1:colcon.colcon_core.package_identification:_identify(/home/yanyew/mapping/src/crazyswarm2/docs) by extensions ['cmake', 'python']
[0.548s] Level 1:colcon.colcon_core.package_identification:_identify(/home/yanyew/mapping/src/crazyswarm2/docs) by extension 'cmake'
[0.548s] Level 1:colcon.colcon_core.package_identification:_identify(/home/yanyew/mapping/src/crazyswarm2/docs) by extension 'python'
[0.548s] Level 1:colcon.colcon_core.package_identification:_identify(/home/yanyew/mapping/src/crazyswarm2/docs) by extensions ['python_setup_py']
[0.548s] Level 1:colcon.colcon_core.package_identification:_identify(/home/yanyew/mapping/src/crazyswarm2/docs) by extension 'python_setup_py'
[0.548s] Level 1:colcon.colcon_core.package_identification:_identify(/home/yanyew/mapping/src/crazyswarm2/docs/generated) by extensions ['ignore', 'ignore_ament_install']
[0.548s] Level 1:colcon.colcon_core.package_identification:_identify(/home/yanyew/mapping/src/crazyswarm2/docs/generated) by extension 'ignore'
[0.548s] Level 1:colcon.colcon_core.package_identification:_identify(/home/yanyew/mapping/src/crazyswarm2/docs/generated) by extension 'ignore_ament_install'
[0.548s] Level 1:colcon.colcon_core.package_identification:_identify(/home/yanyew/mapping/src/crazyswarm2/docs/generated) by extensions ['colcon_pkg']
[0.548s] Level 1:colcon.colcon_core.package_identification:_identify(/home/yanyew/mapping/src/crazyswarm2/docs/generated) by extension 'colcon_pkg'
[0.548s] Level 1:colcon.colcon_core.package_identification:_identify(/home/yanyew/mapping/src/crazyswarm2/docs/generated) by extensions ['colcon_meta']
[0.548s] Level 1:colcon.colcon_core.package_identification:_identify(/home/yanyew/mapping/src/crazyswarm2/docs/generated) by extension 'colcon_meta'
[0.548s] Level 1:colcon.colcon_core.package_identification:_identify(/home/yanyew/mapping/src/crazyswarm2/docs/generated) by extensions ['ros']
[0.548s] Level 1:colcon.colcon_core.package_identification:_identify(/home/yanyew/mapping/src/crazyswarm2/docs/generated) by extension 'ros'
[0.549s] Level 1:colcon.colcon_core.package_identification:_identify(/home/yanyew/mapping/src/crazyswarm2/docs/generated) by extensions ['cmake', 'python']
[0.549s] Level 1:colcon.colcon_core.package_identification:_identify(/home/yanyew/mapping/src/crazyswarm2/docs/generated) by extension 'cmake'
[0.549s] Level 1:colcon.colcon_core.package_identification:_identify(/home/yanyew/mapping/src/crazyswarm2/docs/generated) by extension 'python'
[0.549s] Level 1:colcon.colcon_core.package_identification:_identify(/home/yanyew/mapping/src/crazyswarm2/docs/generated) by extensions ['python_setup_py']
[0.549s] Level 1:colcon.colcon_core.package_identification:_identify(/home/yanyew/mapping/src/crazyswarm2/docs/generated) by extension 'python_setup_py'
[0.549s] Level 1:colcon.colcon_core.package_identification:_identify(/home/yanyew/mapping/src/crazyswarm2/docs/howto) by extensions ['ignore', 'ignore_ament_install']
[0.549s] Level 1:colcon.colcon_core.package_identification:_identify(/home/yanyew/mapping/src/crazyswarm2/docs/howto) by extension 'ignore'
[0.549s] Level 1:colcon.colcon_core.package_identification:_identify(/home/yanyew/mapping/src/crazyswarm2/docs/howto) by extension 'ignore_ament_install'
[0.549s] Level 1:colcon.colcon_core.package_identification:_identify(/home/yanyew/mapping/src/crazyswarm2/docs/howto) by extensions ['colcon_pkg']
[0.549s] Level 1:colcon.colcon_core.package_identification:_identify(/home/yanyew/mapping/src/crazyswarm2/docs/howto) by extension 'colcon_pkg'
[0.549s] Level 1:colcon.colcon_core.package_identification:_identify(/home/yanyew/mapping/src/crazyswarm2/docs/howto) by extensions ['colcon_meta']
[0.549s] Level 1:colcon.colcon_core.package_identification:_identify(/home/yanyew/mapping/src/crazyswarm2/docs/howto) by extension 'colcon_meta'
[0.550s] Level 1:colcon.colcon_core.package_identification:_identify(/home/yanyew/mapping/src/crazyswarm2/docs/howto) by extensions ['ros']
[0.550s] Level 1:colcon.colcon_core.package_identification:_identify(/home/yanyew/mapping/src/crazyswarm2/docs/howto) by extension 'ros'
[0.550s] Level 1:colcon.colcon_core.package_identification:_identify(/home/yanyew/mapping/src/crazyswarm2/docs/howto) by extensions ['cmake', 'python']
[0.550s] Level 1:colcon.colcon_core.package_identification:_identify(/home/yanyew/mapping/src/crazyswarm2/docs/howto) by extension 'cmake'
[0.550s] Level 1:colcon.colcon_core.package_identification:_identify(/home/yanyew/mapping/src/crazyswarm2/docs/howto) by extension 'python'
[0.550s] Level 1:colcon.colcon_core.package_identification:_identify(/home/yanyew/mapping/src/crazyswarm2/docs/howto) by extensions ['python_setup_py']
[0.550s] Level 1:colcon.colcon_core.package_identification:_identify(/home/yanyew/mapping/src/crazyswarm2/docs/howto) by extension 'python_setup_py'
[0.550s] Level 1:colcon.colcon_core.package_identification:_identify(/home/yanyew/mapping/src/crazyswarm2/docs/images) by extensions ['ignore', 'ignore_ament_install']
[0.550s] Level 1:colcon.colcon_core.package_identification:_identify(/home/yanyew/mapping/src/crazyswarm2/docs/images) by extension 'ignore'
[0.551s] Level 1:colcon.colcon_core.package_identification:_identify(/home/yanyew/mapping/src/crazyswarm2/docs/images) by extension 'ignore_ament_install'
[0.551s] Level 1:colcon.colcon_core.package_identification:_identify(/home/yanyew/mapping/src/crazyswarm2/docs/images) by extensions ['colcon_pkg']
[0.551s] Level 1:colcon.colcon_core.package_identification:_identify(/home/yanyew/mapping/src/crazyswarm2/docs/images) by extension 'colcon_pkg'
[0.551s] Level 1:colcon.colcon_core.package_identification:_identify(/home/yanyew/mapping/src/crazyswarm2/docs/images) by extensions ['colcon_meta']
[0.551s] Level 1:colcon.colcon_core.package_identification:_identify(/home/yanyew/mapping/src/crazyswarm2/docs/images) by extension 'colcon_meta'
[0.551s] Level 1:colcon.colcon_core.package_identification:_identify(/home/yanyew/mapping/src/crazyswarm2/docs/images) by extensions ['ros']
[0.551s] Level 1:colcon.colcon_core.package_identification:_identify(/home/yanyew/mapping/src/crazyswarm2/docs/images) by extension 'ros'
[0.551s] Level 1:colcon.colcon_core.package_identification:_identify(/home/yanyew/mapping/src/crazyswarm2/docs/images) by extensions ['cmake', 'python']
[0.551s] Level 1:colcon.colcon_core.package_identification:_identify(/home/yanyew/mapping/src/crazyswarm2/docs/images) by extension 'cmake'
[0.551s] Level 1:colcon.colcon_core.package_identification:_identify(/home/yanyew/mapping/src/crazyswarm2/docs/images) by extension 'python'
[0.552s] Level 1:colcon.colcon_core.package_identification:_identify(/home/yanyew/mapping/src/crazyswarm2/docs/images) by extensions ['python_setup_py']
[0.552s] Level 1:colcon.colcon_core.package_identification:_identify(/home/yanyew/mapping/src/crazyswarm2/docs/images) by extension 'python_setup_py'
[0.552s] Level 1:colcon.colcon_core.package_identification:_identify(/home/yanyew/mapping/src/crazyswarm2/docs/tutorials) by extensions ['ignore', 'ignore_ament_install']
[0.553s] Level 1:colcon.colcon_core.package_identification:_identify(/home/yanyew/mapping/src/crazyswarm2/docs/tutorials) by extension 'ignore'
[0.553s] Level 1:colcon.colcon_core.package_identification:_identify(/home/yanyew/mapping/src/crazyswarm2/docs/tutorials) by extension 'ignore_ament_install'
[0.553s] Level 1:colcon.colcon_core.package_identification:_identify(/home/yanyew/mapping/src/crazyswarm2/docs/tutorials) by extensions ['colcon_pkg']
[0.553s] Level 1:colcon.colcon_core.package_identification:_identify(/home/yanyew/mapping/src/crazyswarm2/docs/tutorials) by extension 'colcon_pkg'
[0.553s] Level 1:colcon.colcon_core.package_identification:_identify(/home/yanyew/mapping/src/crazyswarm2/docs/tutorials) by extensions ['colcon_meta']
[0.553s] Level 1:colcon.colcon_core.package_identification:_identify(/home/yanyew/mapping/src/crazyswarm2/docs/tutorials) by extension 'colcon_meta'
[0.553s] Level 1:colcon.colcon_core.package_identification:_identify(/home/yanyew/mapping/src/crazyswarm2/docs/tutorials) by extensions ['ros']
[0.553s] Level 1:colcon.colcon_core.package_identification:_identify(/home/yanyew/mapping/src/crazyswarm2/docs/tutorials) by extension 'ros'
[0.553s] Level 1:colcon.colcon_core.package_identification:_identify(/home/yanyew/mapping/src/crazyswarm2/docs/tutorials) by extensions ['cmake', 'python']
[0.553s] Level 1:colcon.colcon_core.package_identification:_identify(/home/yanyew/mapping/src/crazyswarm2/docs/tutorials) by extension 'cmake'
[0.553s] Level 1:colcon.colcon_core.package_identification:_identify(/home/yanyew/mapping/src/crazyswarm2/docs/tutorials) by extension 'python'
[0.554s] Level 1:colcon.colcon_core.package_identification:_identify(/home/yanyew/mapping/src/crazyswarm2/docs/tutorials) by extensions ['python_setup_py']
[0.554s] Level 1:colcon.colcon_core.package_identification:_identify(/home/yanyew/mapping/src/crazyswarm2/docs/tutorials) by extension 'python_setup_py'
[0.554s] Level 1:colcon.colcon_core.package_identification:_identify(/home/yanyew/mapping/src/crazyswarm2/docs2) by extensions ['ignore', 'ignore_ament_install']
[0.554s] Level 1:colcon.colcon_core.package_identification:_identify(/home/yanyew/mapping/src/crazyswarm2/docs2) by extension 'ignore'
[0.554s] Level 1:colcon.colcon_core.package_identification:_identify(/home/yanyew/mapping/src/crazyswarm2/docs2) by extension 'ignore_ament_install'
[0.554s] Level 1:colcon.colcon_core.package_identification:_identify(/home/yanyew/mapping/src/crazyswarm2/docs2) by extensions ['colcon_pkg']
[0.554s] Level 1:colcon.colcon_core.package_identification:_identify(/home/yanyew/mapping/src/crazyswarm2/docs2) by extension 'colcon_pkg'
[0.555s] Level 1:colcon.colcon_core.package_identification:_identify(/home/yanyew/mapping/src/crazyswarm2/docs2) by extensions ['colcon_meta']
[0.555s] Level 1:colcon.colcon_core.package_identification:_identify(/home/yanyew/mapping/src/crazyswarm2/docs2) by extension 'colcon_meta'
[0.555s] Level 1:colcon.colcon_core.package_identification:_identify(/home/yanyew/mapping/src/crazyswarm2/docs2) by extensions ['ros']
[0.555s] Level 1:colcon.colcon_core.package_identification:_identify(/home/yanyew/mapping/src/crazyswarm2/docs2) by extension 'ros'
[0.555s] Level 1:colcon.colcon_core.package_identification:_identify(/home/yanyew/mapping/src/crazyswarm2/docs2) by extensions ['cmake', 'python']
[0.555s] Level 1:colcon.colcon_core.package_identification:_identify(/home/yanyew/mapping/src/crazyswarm2/docs2) by extension 'cmake'
[0.555s] Level 1:colcon.colcon_core.package_identification:_identify(/home/yanyew/mapping/src/crazyswarm2/docs2) by extension 'python'
[0.555s] Level 1:colcon.colcon_core.package_identification:_identify(/home/yanyew/mapping/src/crazyswarm2/docs2) by extensions ['python_setup_py']
[0.555s] Level 1:colcon.colcon_core.package_identification:_identify(/home/yanyew/mapping/src/crazyswarm2/docs2) by extension 'python_setup_py'
[0.556s] Level 1:colcon.colcon_core.package_identification:_identify(/home/yanyew/mapping/src/crazyswarm2/docs2/images) by extensions ['ignore', 'ignore_ament_install']
[0.556s] Level 1:colcon.colcon_core.package_identification:_identify(/home/yanyew/mapping/src/crazyswarm2/docs2/images) by extension 'ignore'
[0.556s] Level 1:colcon.colcon_core.package_identification:_identify(/home/yanyew/mapping/src/crazyswarm2/docs2/images) by extension 'ignore_ament_install'
[0.556s] Level 1:colcon.colcon_core.package_identification:_identify(/home/yanyew/mapping/src/crazyswarm2/docs2/images) by extensions ['colcon_pkg']
[0.556s] Level 1:colcon.colcon_core.package_identification:_identify(/home/yanyew/mapping/src/crazyswarm2/docs2/images) by extension 'colcon_pkg'
[0.556s] Level 1:colcon.colcon_core.package_identification:_identify(/home/yanyew/mapping/src/crazyswarm2/docs2/images) by extensions ['colcon_meta']
[0.556s] Level 1:colcon.colcon_core.package_identification:_identify(/home/yanyew/mapping/src/crazyswarm2/docs2/images) by extension 'colcon_meta'
[0.556s] Level 1:colcon.colcon_core.package_identification:_identify(/home/yanyew/mapping/src/crazyswarm2/docs2/images) by extensions ['ros']
[0.557s] Level 1:colcon.colcon_core.package_identification:_identify(/home/yanyew/mapping/src/crazyswarm2/docs2/images) by extension 'ros'
[0.557s] Level 1:colcon.colcon_core.package_identification:_identify(/home/yanyew/mapping/src/crazyswarm2/docs2/images) by extensions ['cmake', 'python']
[0.557s] Level 1:colcon.colcon_core.package_identification:_identify(/home/yanyew/mapping/src/crazyswarm2/docs2/images) by extension 'cmake'
[0.557s] Level 1:colcon.colcon_core.package_identification:_identify(/home/yanyew/mapping/src/crazyswarm2/docs2/images) by extension 'python'
[0.557s] Level 1:colcon.colcon_core.package_identification:_identify(/home/yanyew/mapping/src/crazyswarm2/docs2/images) by extensions ['python_setup_py']
[0.557s] Level 1:colcon.colcon_core.package_identification:_identify(/home/yanyew/mapping/src/crazyswarm2/docs2/images) by extension 'python_setup_py'
[0.557s] Level 1:colcon.colcon_core.package_identification:_identify(/home/yanyew/mapping/src/crazyswarm2/prebuilt) by extensions ['ignore', 'ignore_ament_install']
[0.557s] Level 1:colcon.colcon_core.package_identification:_identify(/home/yanyew/mapping/src/crazyswarm2/prebuilt) by extension 'ignore'
[0.557s] Level 1:colcon.colcon_core.package_identification:_identify(/home/yanyew/mapping/src/crazyswarm2/prebuilt) by extension 'ignore_ament_install'
[0.557s] Level 1:colcon.colcon_core.package_identification:_identify(/home/yanyew/mapping/src/crazyswarm2/prebuilt) by extensions ['colcon_pkg']
[0.558s] Level 1:colcon.colcon_core.package_identification:_identify(/home/yanyew/mapping/src/crazyswarm2/prebuilt) by extension 'colcon_pkg'
[0.558s] Level 1:colcon.colcon_core.package_identification:_identify(/home/yanyew/mapping/src/crazyswarm2/prebuilt) by extensions ['colcon_meta']
[0.558s] Level 1:colcon.colcon_core.package_identification:_identify(/home/yanyew/mapping/src/crazyswarm2/prebuilt) by extension 'colcon_meta'
[0.558s] Level 1:colcon.colcon_core.package_identification:_identify(/home/yanyew/mapping/src/crazyswarm2/prebuilt) by extensions ['ros']
[0.558s] Level 1:colcon.colcon_core.package_identification:_identify(/home/yanyew/mapping/src/crazyswarm2/prebuilt) by extension 'ros'
[0.558s] Level 1:colcon.colcon_core.package_identification:_identify(/home/yanyew/mapping/src/crazyswarm2/prebuilt) by extensions ['cmake', 'python']
[0.558s] Level 1:colcon.colcon_core.package_identification:_identify(/home/yanyew/mapping/src/crazyswarm2/prebuilt) by extension 'cmake'
[0.558s] Level 1:colcon.colcon_core.package_identification:_identify(/home/yanyew/mapping/src/crazyswarm2/prebuilt) by extension 'python'
[0.558s] Level 1:colcon.colcon_core.package_identification:_identify(/home/yanyew/mapping/src/crazyswarm2/prebuilt) by extensions ['python_setup_py']
[0.558s] Level 1:colcon.colcon_core.package_identification:_identify(/home/yanyew/mapping/src/crazyswarm2/prebuilt) by extension 'python_setup_py'
[0.558s] Level 1:colcon.colcon_core.package_identification:_identify(/home/yanyew/mapping/src/crazyswarm2/ros_ws) by extensions ['ignore', 'ignore_ament_install']
[0.559s] Level 1:colcon.colcon_core.package_identification:_identify(/home/yanyew/mapping/src/crazyswarm2/ros_ws) by extension 'ignore'
[0.559s] Level 1:colcon.colcon_core.package_identification:_identify(/home/yanyew/mapping/src/crazyswarm2/ros_ws) by extension 'ignore_ament_install'
[0.559s] Level 1:colcon.colcon_core.package_identification:_identify(/home/yanyew/mapping/src/crazyswarm2/ros_ws) by extensions ['colcon_pkg']
[0.559s] Level 1:colcon.colcon_core.package_identification:_identify(/home/yanyew/mapping/src/crazyswarm2/ros_ws) by extension 'colcon_pkg'
[0.559s] Level 1:colcon.colcon_core.package_identification:_identify(/home/yanyew/mapping/src/crazyswarm2/ros_ws) by extensions ['colcon_meta']
[0.559s] Level 1:colcon.colcon_core.package_identification:_identify(/home/yanyew/mapping/src/crazyswarm2/ros_ws) by extension 'colcon_meta'
[0.559s] Level 1:colcon.colcon_core.package_identification:_identify(/home/yanyew/mapping/src/crazyswarm2/ros_ws) by extensions ['ros']
[0.559s] Level 1:colcon.colcon_core.package_identification:_identify(/home/yanyew/mapping/src/crazyswarm2/ros_ws) by extension 'ros'
[0.560s] Level 1:colcon.colcon_core.package_identification:_identify(/home/yanyew/mapping/src/crazyswarm2/ros_ws) by extensions ['cmake', 'python']
[0.560s] Level 1:colcon.colcon_core.package_identification:_identify(/home/yanyew/mapping/src/crazyswarm2/ros_ws) by extension 'cmake'
[0.560s] Level 1:colcon.colcon_core.package_identification:_identify(/home/yanyew/mapping/src/crazyswarm2/ros_ws) by extension 'python'
[0.560s] Level 1:colcon.colcon_core.package_identification:_identify(/home/yanyew/mapping/src/crazyswarm2/ros_ws) by extensions ['python_setup_py']
[0.560s] Level 1:colcon.colcon_core.package_identification:_identify(/home/yanyew/mapping/src/crazyswarm2/ros_ws) by extension 'python_setup_py'
[0.560s] Level 1:colcon.colcon_core.package_identification:_identify(/home/yanyew/mapping/src/crazyswarm2/ros_ws/src) by extensions ['ignore', 'ignore_ament_install']
[0.561s] Level 1:colcon.colcon_core.package_identification:_identify(/home/yanyew/mapping/src/crazyswarm2/ros_ws/src) by extension 'ignore'
[0.561s] Level 1:colcon.colcon_core.package_identification:_identify(/home/yanyew/mapping/src/crazyswarm2/ros_ws/src) by extension 'ignore_ament_install'
[0.561s] Level 1:colcon.colcon_core.package_identification:_identify(/home/yanyew/mapping/src/crazyswarm2/ros_ws/src) by extensions ['colcon_pkg']
[0.561s] Level 1:colcon.colcon_core.package_identification:_identify(/home/yanyew/mapping/src/crazyswarm2/ros_ws/src) by extension 'colcon_pkg'
[0.561s] Level 1:colcon.colcon_core.package_identification:_identify(/home/yanyew/mapping/src/crazyswarm2/ros_ws/src) by extensions ['colcon_meta']
[0.561s] Level 1:colcon.colcon_core.package_identification:_identify(/home/yanyew/mapping/src/crazyswarm2/ros_ws/src) by extension 'colcon_meta'
[0.561s] Level 1:colcon.colcon_core.package_identification:_identify(/home/yanyew/mapping/src/crazyswarm2/ros_ws/src) by extensions ['ros']
[0.561s] Level 1:colcon.colcon_core.package_identification:_identify(/home/yanyew/mapping/src/crazyswarm2/ros_ws/src) by extension 'ros'
[0.561s] Level 1:colcon.colcon_core.package_identification:_identify(/home/yanyew/mapping/src/crazyswarm2/ros_ws/src) by extensions ['cmake', 'python']
[0.561s] Level 1:colcon.colcon_core.package_identification:_identify(/home/yanyew/mapping/src/crazyswarm2/ros_ws/src) by extension 'cmake'
[0.561s] Level 1:colcon.colcon_core.package_identification:_identify(/home/yanyew/mapping/src/crazyswarm2/ros_ws/src) by extension 'python'
[0.561s] Level 1:colcon.colcon_core.package_identification:_identify(/home/yanyew/mapping/src/crazyswarm2/ros_ws/src) by extensions ['python_setup_py']
[0.561s] Level 1:colcon.colcon_core.package_identification:_identify(/home/yanyew/mapping/src/crazyswarm2/ros_ws/src) by extension 'python_setup_py'
[0.562s] Level 1:colcon.colcon_core.package_identification:_identify(/home/yanyew/mapping/src/crazyswarm2/ros_ws/src/crazyswarm) by extensions ['ignore', 'ignore_ament_install']
[0.562s] Level 1:colcon.colcon_core.package_identification:_identify(/home/yanyew/mapping/src/crazyswarm2/ros_ws/src/crazyswarm) by extension 'ignore'
[0.562s] Level 1:colcon.colcon_core.package_identification:_identify(/home/yanyew/mapping/src/crazyswarm2/ros_ws/src/crazyswarm) by extension 'ignore_ament_install'
[0.562s] Level 1:colcon.colcon_core.package_identification:_identify(/home/yanyew/mapping/src/crazyswarm2/ros_ws/src/crazyswarm) by extensions ['colcon_pkg']
[0.562s] Level 1:colcon.colcon_core.package_identification:_identify(/home/yanyew/mapping/src/crazyswarm2/ros_ws/src/crazyswarm) by extension 'colcon_pkg'
[0.562s] Level 1:colcon.colcon_core.package_identification:_identify(/home/yanyew/mapping/src/crazyswarm2/ros_ws/src/crazyswarm) by extensions ['colcon_meta']
[0.562s] Level 1:colcon.colcon_core.package_identification:_identify(/home/yanyew/mapping/src/crazyswarm2/ros_ws/src/crazyswarm) by extension 'colcon_meta'
[0.562s] Level 1:colcon.colcon_core.package_identification:_identify(/home/yanyew/mapping/src/crazyswarm2/ros_ws/src/crazyswarm) by extensions ['ros']
[0.562s] Level 1:colcon.colcon_core.package_identification:_identify(/home/yanyew/mapping/src/crazyswarm2/ros_ws/src/crazyswarm) by extension 'ros'
[0.562s] Level 1:colcon.colcon_core.package_identification:_identify(/home/yanyew/mapping/src/crazyswarm2/ros_ws/src/crazyswarm) by extensions ['cmake', 'python']
[0.562s] Level 1:colcon.colcon_core.package_identification:_identify(/home/yanyew/mapping/src/crazyswarm2/ros_ws/src/crazyswarm) by extension 'cmake'
[0.562s] Level 1:colcon.colcon_core.package_identification:_identify(/home/yanyew/mapping/src/crazyswarm2/ros_ws/src/crazyswarm) by extension 'python'
[0.562s] Level 1:colcon.colcon_core.package_identification:_identify(/home/yanyew/mapping/src/crazyswarm2/ros_ws/src/crazyswarm) by extensions ['python_setup_py']
[0.562s] Level 1:colcon.colcon_core.package_identification:_identify(/home/yanyew/mapping/src/crazyswarm2/ros_ws/src/crazyswarm) by extension 'python_setup_py'
[0.562s] Level 1:colcon.colcon_core.package_identification:_identify(/home/yanyew/mapping/src/crazyswarm2/ros_ws/src/crazyswarm/launch) by extensions ['ignore', 'ignore_ament_install']
[0.563s] Level 1:colcon.colcon_core.package_identification:_identify(/home/yanyew/mapping/src/crazyswarm2/ros_ws/src/crazyswarm/launch) by extension 'ignore'
[0.563s] Level 1:colcon.colcon_core.package_identification:_identify(/home/yanyew/mapping/src/crazyswarm2/ros_ws/src/crazyswarm/launch) by extension 'ignore_ament_install'
[0.563s] Level 1:colcon.colcon_core.package_identification:_identify(/home/yanyew/mapping/src/crazyswarm2/ros_ws/src/crazyswarm/launch) by extensions ['colcon_pkg']
[0.563s] Level 1:colcon.colcon_core.package_identification:_identify(/home/yanyew/mapping/src/crazyswarm2/ros_ws/src/crazyswarm/launch) by extension 'colcon_pkg'
[0.563s] Level 1:colcon.colcon_core.package_identification:_identify(/home/yanyew/mapping/src/crazyswarm2/ros_ws/src/crazyswarm/launch) by extensions ['colcon_meta']
[0.563s] Level 1:colcon.colcon_core.package_identification:_identify(/home/yanyew/mapping/src/crazyswarm2/ros_ws/src/crazyswarm/launch) by extension 'colcon_meta'
[0.563s] Level 1:colcon.colcon_core.package_identification:_identify(/home/yanyew/mapping/src/crazyswarm2/ros_ws/src/crazyswarm/launch) by extensions ['ros']
[0.563s] Level 1:colcon.colcon_core.package_identification:_identify(/home/yanyew/mapping/src/crazyswarm2/ros_ws/src/crazyswarm/launch) by extension 'ros'
[0.563s] Level 1:colcon.colcon_core.package_identification:_identify(/home/yanyew/mapping/src/crazyswarm2/ros_ws/src/crazyswarm/launch) by extensions ['cmake', 'python']
[0.563s] Level 1:colcon.colcon_core.package_identification:_identify(/home/yanyew/mapping/src/crazyswarm2/ros_ws/src/crazyswarm/launch) by extension 'cmake'
[0.563s] Level 1:colcon.colcon_core.package_identification:_identify(/home/yanyew/mapping/src/crazyswarm2/ros_ws/src/crazyswarm/launch) by extension 'python'
[0.563s] Level 1:colcon.colcon_core.package_identification:_identify(/home/yanyew/mapping/src/crazyswarm2/ros_ws/src/crazyswarm/launch) by extensions ['python_setup_py']
[0.563s] Level 1:colcon.colcon_core.package_identification:_identify(/home/yanyew/mapping/src/crazyswarm2/ros_ws/src/crazyswarm/launch) by extension 'python_setup_py'
[0.563s] Level 1:colcon.colcon_core.package_identification:_identify(/home/yanyew/mapping/src/crazyswarm2/ros_ws/src/crazyswarm/scripts) by extensions ['ignore', 'ignore_ament_install']
[0.563s] Level 1:colcon.colcon_core.package_identification:_identify(/home/yanyew/mapping/src/crazyswarm2/ros_ws/src/crazyswarm/scripts) by extension 'ignore'
[0.564s] Level 1:colcon.colcon_core.package_identification:_identify(/home/yanyew/mapping/src/crazyswarm2/ros_ws/src/crazyswarm/scripts) by extension 'ignore_ament_install'
[0.564s] Level 1:colcon.colcon_core.package_identification:_identify(/home/yanyew/mapping/src/crazyswarm2/ros_ws/src/crazyswarm/scripts) by extensions ['colcon_pkg']
[0.564s] Level 1:colcon.colcon_core.package_identification:_identify(/home/yanyew/mapping/src/crazyswarm2/ros_ws/src/crazyswarm/scripts) by extension 'colcon_pkg'
[0.564s] Level 1:colcon.colcon_core.package_identification:_identify(/home/yanyew/mapping/src/crazyswarm2/ros_ws/src/crazyswarm/scripts) by extensions ['colcon_meta']
[0.564s] Level 1:colcon.colcon_core.package_identification:_identify(/home/yanyew/mapping/src/crazyswarm2/ros_ws/src/crazyswarm/scripts) by extension 'colcon_meta'
[0.564s] Level 1:colcon.colcon_core.package_identification:_identify(/home/yanyew/mapping/src/crazyswarm2/ros_ws/src/crazyswarm/scripts) by extensions ['ros']
[0.564s] Level 1:colcon.colcon_core.package_identification:_identify(/home/yanyew/mapping/src/crazyswarm2/ros_ws/src/crazyswarm/scripts) by extension 'ros'
[0.564s] Level 1:colcon.colcon_core.package_identification:_identify(/home/yanyew/mapping/src/crazyswarm2/ros_ws/src/crazyswarm/scripts) by extensions ['cmake', 'python']
[0.564s] Level 1:colcon.colcon_core.package_identification:_identify(/home/yanyew/mapping/src/crazyswarm2/ros_ws/src/crazyswarm/scripts) by extension 'cmake'
[0.564s] Level 1:colcon.colcon_core.package_identification:_identify(/home/yanyew/mapping/src/crazyswarm2/ros_ws/src/crazyswarm/scripts) by extension 'python'
[0.564s] Level 1:colcon.colcon_core.package_identification:_identify(/home/yanyew/mapping/src/crazyswarm2/ros_ws/src/crazyswarm/scripts) by extensions ['python_setup_py']
[0.564s] Level 1:colcon.colcon_core.package_identification:_identify(/home/yanyew/mapping/src/crazyswarm2/ros_ws/src/crazyswarm/scripts) by extension 'python_setup_py'
[0.564s] Level 1:colcon.colcon_core.package_identification:_identify(/home/yanyew/mapping/src/crazyswarm2/ros_ws/src/crazyswarm/scripts/crossing2_pps) by extensions ['ignore', 'ignore_ament_install']
[0.564s] Level 1:colcon.colcon_core.package_identification:_identify(/home/yanyew/mapping/src/crazyswarm2/ros_ws/src/crazyswarm/scripts/crossing2_pps) by extension 'ignore'
[0.564s] Level 1:colcon.colcon_core.package_identification:_identify(/home/yanyew/mapping/src/crazyswarm2/ros_ws/src/crazyswarm/scripts/crossing2_pps) by extension 'ignore_ament_install'
[0.564s] Level 1:colcon.colcon_core.package_identification:_identify(/home/yanyew/mapping/src/crazyswarm2/ros_ws/src/crazyswarm/scripts/crossing2_pps) by extensions ['colcon_pkg']
[0.565s] Level 1:colcon.colcon_core.package_identification:_identify(/home/yanyew/mapping/src/crazyswarm2/ros_ws/src/crazyswarm/scripts/crossing2_pps) by extension 'colcon_pkg'
[0.565s] Level 1:colcon.colcon_core.package_identification:_identify(/home/yanyew/mapping/src/crazyswarm2/ros_ws/src/crazyswarm/scripts/crossing2_pps) by extensions ['colcon_meta']
[0.565s] Level 1:colcon.colcon_core.package_identification:_identify(/home/yanyew/mapping/src/crazyswarm2/ros_ws/src/crazyswarm/scripts/crossing2_pps) by extension 'colcon_meta'
[0.565s] Level 1:colcon.colcon_core.package_identification:_identify(/home/yanyew/mapping/src/crazyswarm2/ros_ws/src/crazyswarm/scripts/crossing2_pps) by extensions ['ros']
[0.565s] Level 1:colcon.colcon_core.package_identification:_identify(/home/yanyew/mapping/src/crazyswarm2/ros_ws/src/crazyswarm/scripts/crossing2_pps) by extension 'ros'
[0.565s] Level 1:colcon.colcon_core.package_identification:_identify(/home/yanyew/mapping/src/crazyswarm2/ros_ws/src/crazyswarm/scripts/crossing2_pps) by extensions ['cmake', 'python']
[0.565s] Level 1:colcon.colcon_core.package_identification:_identify(/home/yanyew/mapping/src/crazyswarm2/ros_ws/src/crazyswarm/scripts/crossing2_pps) by extension 'cmake'
[0.565s] Level 1:colcon.colcon_core.package_identification:_identify(/home/yanyew/mapping/src/crazyswarm2/ros_ws/src/crazyswarm/scripts/crossing2_pps) by extension 'python'
[0.565s] Level 1:colcon.colcon_core.package_identification:_identify(/home/yanyew/mapping/src/crazyswarm2/ros_ws/src/crazyswarm/scripts/crossing2_pps) by extensions ['python_setup_py']
[0.565s] Level 1:colcon.colcon_core.package_identification:_identify(/home/yanyew/mapping/src/crazyswarm2/ros_ws/src/crazyswarm/scripts/crossing2_pps) by extension 'python_setup_py'
[0.565s] Level 1:colcon.colcon_core.package_identification:_identify(/home/yanyew/mapping/src/crazyswarm2/ros_ws/src/crazyswarm/scripts/crossing4_pps) by extensions ['ignore', 'ignore_ament_install']
[0.565s] Level 1:colcon.colcon_core.package_identification:_identify(/home/yanyew/mapping/src/crazyswarm2/ros_ws/src/crazyswarm/scripts/crossing4_pps) by extension 'ignore'
[0.565s] Level 1:colcon.colcon_core.package_identification:_identify(/home/yanyew/mapping/src/crazyswarm2/ros_ws/src/crazyswarm/scripts/crossing4_pps) by extension 'ignore_ament_install'
[0.565s] Level 1:colcon.colcon_core.package_identification:_identify(/home/yanyew/mapping/src/crazyswarm2/ros_ws/src/crazyswarm/scripts/crossing4_pps) by extensions ['colcon_pkg']
[0.565s] Level 1:colcon.colcon_core.package_identification:_identify(/home/yanyew/mapping/src/crazyswarm2/ros_ws/src/crazyswarm/scripts/crossing4_pps) by extension 'colcon_pkg'
[0.565s] Level 1:colcon.colcon_core.package_identification:_identify(/home/yanyew/mapping/src/crazyswarm2/ros_ws/src/crazyswarm/scripts/crossing4_pps) by extensions ['colcon_meta']
[0.565s] Level 1:colcon.colcon_core.package_identification:_identify(/home/yanyew/mapping/src/crazyswarm2/ros_ws/src/crazyswarm/scripts/crossing4_pps) by extension 'colcon_meta'
[0.566s] Level 1:colcon.colcon_core.package_identification:_identify(/home/yanyew/mapping/src/crazyswarm2/ros_ws/src/crazyswarm/scripts/crossing4_pps) by extensions ['ros']
[0.566s] Level 1:colcon.colcon_core.package_identification:_identify(/home/yanyew/mapping/src/crazyswarm2/ros_ws/src/crazyswarm/scripts/crossing4_pps) by extension 'ros'
[0.566s] Level 1:colcon.colcon_core.package_identification:_identify(/home/yanyew/mapping/src/crazyswarm2/ros_ws/src/crazyswarm/scripts/crossing4_pps) by extensions ['cmake', 'python']
[0.566s] Level 1:colcon.colcon_core.package_identification:_identify(/home/yanyew/mapping/src/crazyswarm2/ros_ws/src/crazyswarm/scripts/crossing4_pps) by extension 'cmake'
[0.566s] Level 1:colcon.colcon_core.package_identification:_identify(/home/yanyew/mapping/src/crazyswarm2/ros_ws/src/crazyswarm/scripts/crossing4_pps) by extension 'python'
[0.566s] Level 1:colcon.colcon_core.package_identification:_identify(/home/yanyew/mapping/src/crazyswarm2/ros_ws/src/crazyswarm/scripts/crossing4_pps) by extensions ['python_setup_py']
[0.566s] Level 1:colcon.colcon_core.package_identification:_identify(/home/yanyew/mapping/src/crazyswarm2/ros_ws/src/crazyswarm/scripts/crossing4_pps) by extension 'python_setup_py'
[0.566s] Level 1:colcon.colcon_core.package_identification:_identify(/home/yanyew/mapping/src/crazyswarm2/ros_ws/src/crazyswarm/scripts/sequence_trajectories) by extensions ['ignore', 'ignore_ament_install']
[0.566s] Level 1:colcon.colcon_core.package_identification:_identify(/home/yanyew/mapping/src/crazyswarm2/ros_ws/src/crazyswarm/scripts/sequence_trajectories) by extension 'ignore'
[0.566s] Level 1:colcon.colcon_core.package_identification:_identify(/home/yanyew/mapping/src/crazyswarm2/ros_ws/src/crazyswarm/scripts/sequence_trajectories) by extension 'ignore_ament_install'
[0.566s] Level 1:colcon.colcon_core.package_identification:_identify(/home/yanyew/mapping/src/crazyswarm2/ros_ws/src/crazyswarm/scripts/sequence_trajectories) by extensions ['colcon_pkg']
[0.567s] Level 1:colcon.colcon_core.package_identification:_identify(/home/yanyew/mapping/src/crazyswarm2/ros_ws/src/crazyswarm/scripts/sequence_trajectories) by extension 'colcon_pkg'
[0.567s] Level 1:colcon.colcon_core.package_identification:_identify(/home/yanyew/mapping/src/crazyswarm2/ros_ws/src/crazyswarm/scripts/sequence_trajectories) by extensions ['colcon_meta']
[0.567s] Level 1:colcon.colcon_core.package_identification:_identify(/home/yanyew/mapping/src/crazyswarm2/ros_ws/src/crazyswarm/scripts/sequence_trajectories) by extension 'colcon_meta'
[0.567s] Level 1:colcon.colcon_core.package_identification:_identify(/home/yanyew/mapping/src/crazyswarm2/ros_ws/src/crazyswarm/scripts/sequence_trajectories) by extensions ['ros']
[0.567s] Level 1:colcon.colcon_core.package_identification:_identify(/home/yanyew/mapping/src/crazyswarm2/ros_ws/src/crazyswarm/scripts/sequence_trajectories) by extension 'ros'
[0.567s] Level 1:colcon.colcon_core.package_identification:_identify(/home/yanyew/mapping/src/crazyswarm2/ros_ws/src/crazyswarm/scripts/sequence_trajectories) by extensions ['cmake', 'python']
[0.567s] Level 1:colcon.colcon_core.package_identification:_identify(/home/yanyew/mapping/src/crazyswarm2/ros_ws/src/crazyswarm/scripts/sequence_trajectories) by extension 'cmake'
[0.567s] Level 1:colcon.colcon_core.package_identification:_identify(/home/yanyew/mapping/src/crazyswarm2/ros_ws/src/crazyswarm/scripts/sequence_trajectories) by extension 'python'
[0.567s] Level 1:colcon.colcon_core.package_identification:_identify(/home/yanyew/mapping/src/crazyswarm2/ros_ws/src/crazyswarm/scripts/sequence_trajectories) by extensions ['python_setup_py']
[0.567s] Level 1:colcon.colcon_core.package_identification:_identify(/home/yanyew/mapping/src/crazyswarm2/ros_ws/src/crazyswarm/scripts/sequence_trajectories) by extension 'python_setup_py'
[0.568s] Level 1:colcon.colcon_core.package_identification:_identify(/home/yanyew/mapping/src/crazyswarm2/ros_ws/src/crazyswarm/scripts/sequence_trajectories/1) by extensions ['ignore', 'ignore_ament_install']
[0.568s] Level 1:colcon.colcon_core.package_identification:_identify(/home/yanyew/mapping/src/crazyswarm2/ros_ws/src/crazyswarm/scripts/sequence_trajectories/1) by extension 'ignore'
[0.568s] Level 1:colcon.colcon_core.package_identification:_identify(/home/yanyew/mapping/src/crazyswarm2/ros_ws/src/crazyswarm/scripts/sequence_trajectories/1) by extension 'ignore_ament_install'
[0.568s] Level 1:colcon.colcon_core.package_identification:_identify(/home/yanyew/mapping/src/crazyswarm2/ros_ws/src/crazyswarm/scripts/sequence_trajectories/1) by extensions ['colcon_pkg']
[0.568s] Level 1:colcon.colcon_core.package_identification:_identify(/home/yanyew/mapping/src/crazyswarm2/ros_ws/src/crazyswarm/scripts/sequence_trajectories/1) by extension 'colcon_pkg'
[0.568s] Level 1:colcon.colcon_core.package_identification:_identify(/home/yanyew/mapping/src/crazyswarm2/ros_ws/src/crazyswarm/scripts/sequence_trajectories/1) by extensions ['colcon_meta']
[0.568s] Level 1:colcon.colcon_core.package_identification:_identify(/home/yanyew/mapping/src/crazyswarm2/ros_ws/src/crazyswarm/scripts/sequence_trajectories/1) by extension 'colcon_meta'
[0.569s] Level 1:colcon.colcon_core.package_identification:_identify(/home/yanyew/mapping/src/crazyswarm2/ros_ws/src/crazyswarm/scripts/sequence_trajectories/1) by extensions ['ros']
[0.569s] Level 1:colcon.colcon_core.package_identification:_identify(/home/yanyew/mapping/src/crazyswarm2/ros_ws/src/crazyswarm/scripts/sequence_trajectories/1) by extension 'ros'
[0.569s] Level 1:colcon.colcon_core.package_identification:_identify(/home/yanyew/mapping/src/crazyswarm2/ros_ws/src/crazyswarm/scripts/sequence_trajectories/1) by extensions ['cmake', 'python']
[0.569s] Level 1:colcon.colcon_core.package_identification:_identify(/home/yanyew/mapping/src/crazyswarm2/ros_ws/src/crazyswarm/scripts/sequence_trajectories/1) by extension 'cmake'
[0.569s] Level 1:colcon.colcon_core.package_identification:_identify(/home/yanyew/mapping/src/crazyswarm2/ros_ws/src/crazyswarm/scripts/sequence_trajectories/1) by extension 'python'
[0.569s] Level 1:colcon.colcon_core.package_identification:_identify(/home/yanyew/mapping/src/crazyswarm2/ros_ws/src/crazyswarm/scripts/sequence_trajectories/1) by extensions ['python_setup_py']
[0.570s] Level 1:colcon.colcon_core.package_identification:_identify(/home/yanyew/mapping/src/crazyswarm2/ros_ws/src/crazyswarm/scripts/sequence_trajectories/1) by extension 'python_setup_py'
[0.570s] Level 1:colcon.colcon_core.package_identification:_identify(/home/yanyew/mapping/src/crazyswarm2/ros_ws/src/crazyswarm/scripts/sequence_trajectories/2) by extensions ['ignore', 'ignore_ament_install']
[0.570s] Level 1:colcon.colcon_core.package_identification:_identify(/home/yanyew/mapping/src/crazyswarm2/ros_ws/src/crazyswarm/scripts/sequence_trajectories/2) by extension 'ignore'
[0.570s] Level 1:colcon.colcon_core.package_identification:_identify(/home/yanyew/mapping/src/crazyswarm2/ros_ws/src/crazyswarm/scripts/sequence_trajectories/2) by extension 'ignore_ament_install'
[0.571s] Level 1:colcon.colcon_core.package_identification:_identify(/home/yanyew/mapping/src/crazyswarm2/ros_ws/src/crazyswarm/scripts/sequence_trajectories/2) by extensions ['colcon_pkg']
[0.571s] Level 1:colcon.colcon_core.package_identification:_identify(/home/yanyew/mapping/src/crazyswarm2/ros_ws/src/crazyswarm/scripts/sequence_trajectories/2) by extension 'colcon_pkg'
[0.571s] Level 1:colcon.colcon_core.package_identification:_identify(/home/yanyew/mapping/src/crazyswarm2/ros_ws/src/crazyswarm/scripts/sequence_trajectories/2) by extensions ['colcon_meta']
[0.571s] Level 1:colcon.colcon_core.package_identification:_identify(/home/yanyew/mapping/src/crazyswarm2/ros_ws/src/crazyswarm/scripts/sequence_trajectories/2) by extension 'colcon_meta'
[0.571s] Level 1:colcon.colcon_core.package_identification:_identify(/home/yanyew/mapping/src/crazyswarm2/ros_ws/src/crazyswarm/scripts/sequence_trajectories/2) by extensions ['ros']
[0.571s] Level 1:colcon.colcon_core.package_identification:_identify(/home/yanyew/mapping/src/crazyswarm2/ros_ws/src/crazyswarm/scripts/sequence_trajectories/2) by extension 'ros'
[0.571s] Level 1:colcon.colcon_core.package_identification:_identify(/home/yanyew/mapping/src/crazyswarm2/ros_ws/src/crazyswarm/scripts/sequence_trajectories/2) by extensions ['cmake', 'python']
[0.571s] Level 1:colcon.colcon_core.package_identification:_identify(/home/yanyew/mapping/src/crazyswarm2/ros_ws/src/crazyswarm/scripts/sequence_trajectories/2) by extension 'cmake'
[0.571s] Level 1:colcon.colcon_core.package_identification:_identify(/home/yanyew/mapping/src/crazyswarm2/ros_ws/src/crazyswarm/scripts/sequence_trajectories/2) by extension 'python'
[0.571s] Level 1:colcon.colcon_core.package_identification:_identify(/home/yanyew/mapping/src/crazyswarm2/ros_ws/src/crazyswarm/scripts/sequence_trajectories/2) by extensions ['python_setup_py']
[0.571s] Level 1:colcon.colcon_core.package_identification:_identify(/home/yanyew/mapping/src/crazyswarm2/ros_ws/src/crazyswarm/scripts/sequence_trajectories/2) by extension 'python_setup_py'
[0.572s] Level 1:colcon.colcon_core.package_identification:_identify(/home/yanyew/mapping/src/crazyswarm2/ros_ws/src/crazyswarm/scripts/sequence_trajectories/3) by extensions ['ignore', 'ignore_ament_install']
[0.572s] Level 1:colcon.colcon_core.package_identification:_identify(/home/yanyew/mapping/src/crazyswarm2/ros_ws/src/crazyswarm/scripts/sequence_trajectories/3) by extension 'ignore'
[0.572s] Level 1:colcon.colcon_core.package_identification:_identify(/home/yanyew/mapping/src/crazyswarm2/ros_ws/src/crazyswarm/scripts/sequence_trajectories/3) by extension 'ignore_ament_install'
[0.572s] Level 1:colcon.colcon_core.package_identification:_identify(/home/yanyew/mapping/src/crazyswarm2/ros_ws/src/crazyswarm/scripts/sequence_trajectories/3) by extensions ['colcon_pkg']
[0.572s] Level 1:colcon.colcon_core.package_identification:_identify(/home/yanyew/mapping/src/crazyswarm2/ros_ws/src/crazyswarm/scripts/sequence_trajectories/3) by extension 'colcon_pkg'
[0.572s] Level 1:colcon.colcon_core.package_identification:_identify(/home/yanyew/mapping/src/crazyswarm2/ros_ws/src/crazyswarm/scripts/sequence_trajectories/3) by extensions ['colcon_meta']
[0.572s] Level 1:colcon.colcon_core.package_identification:_identify(/home/yanyew/mapping/src/crazyswarm2/ros_ws/src/crazyswarm/scripts/sequence_trajectories/3) by extension 'colcon_meta'
[0.573s] Level 1:colcon.colcon_core.package_identification:_identify(/home/yanyew/mapping/src/crazyswarm2/ros_ws/src/crazyswarm/scripts/sequence_trajectories/3) by extensions ['ros']
[0.573s] Level 1:colcon.colcon_core.package_identification:_identify(/home/yanyew/mapping/src/crazyswarm2/ros_ws/src/crazyswarm/scripts/sequence_trajectories/3) by extension 'ros'
[0.573s] Level 1:colcon.colcon_core.package_identification:_identify(/home/yanyew/mapping/src/crazyswarm2/ros_ws/src/crazyswarm/scripts/sequence_trajectories/3) by extensions ['cmake', 'python']
[0.573s] Level 1:colcon.colcon_core.package_identification:_identify(/home/yanyew/mapping/src/crazyswarm2/ros_ws/src/crazyswarm/scripts/sequence_trajectories/3) by extension 'cmake'
[0.573s] Level 1:colcon.colcon_core.package_identification:_identify(/home/yanyew/mapping/src/crazyswarm2/ros_ws/src/crazyswarm/scripts/sequence_trajectories/3) by extension 'python'
[0.573s] Level 1:colcon.colcon_core.package_identification:_identify(/home/yanyew/mapping/src/crazyswarm2/ros_ws/src/crazyswarm/scripts/sequence_trajectories/3) by extensions ['python_setup_py']
[0.573s] Level 1:colcon.colcon_core.package_identification:_identify(/home/yanyew/mapping/src/crazyswarm2/ros_ws/src/crazyswarm/scripts/sequence_trajectories/3) by extension 'python_setup_py'
[0.573s] Level 1:colcon.colcon_core.package_identification:_identify(/home/yanyew/mapping/src/crazyswarm2/ros_ws/src/crazyswarm/scripts/sequence_trajectories/4) by extensions ['ignore', 'ignore_ament_install']
[0.574s] Level 1:colcon.colcon_core.package_identification:_identify(/home/yanyew/mapping/src/crazyswarm2/ros_ws/src/crazyswarm/scripts/sequence_trajectories/4) by extension 'ignore'
[0.574s] Level 1:colcon.colcon_core.package_identification:_identify(/home/yanyew/mapping/src/crazyswarm2/ros_ws/src/crazyswarm/scripts/sequence_trajectories/4) by extension 'ignore_ament_install'
[0.574s] Level 1:colcon.colcon_core.package_identification:_identify(/home/yanyew/mapping/src/crazyswarm2/ros_ws/src/crazyswarm/scripts/sequence_trajectories/4) by extensions ['colcon_pkg']
[0.574s] Level 1:colcon.colcon_core.package_identification:_identify(/home/yanyew/mapping/src/crazyswarm2/ros_ws/src/crazyswarm/scripts/sequence_trajectories/4) by extension 'colcon_pkg'
[0.574s] Level 1:colcon.colcon_core.package_identification:_identify(/home/yanyew/mapping/src/crazyswarm2/ros_ws/src/crazyswarm/scripts/sequence_trajectories/4) by extensions ['colcon_meta']
[0.574s] Level 1:colcon.colcon_core.package_identification:_identify(/home/yanyew/mapping/src/crazyswarm2/ros_ws/src/crazyswarm/scripts/sequence_trajectories/4) by extension 'colcon_meta'
[0.574s] Level 1:colcon.colcon_core.package_identification:_identify(/home/yanyew/mapping/src/crazyswarm2/ros_ws/src/crazyswarm/scripts/sequence_trajectories/4) by extensions ['ros']
[0.574s] Level 1:colcon.colcon_core.package_identification:_identify(/home/yanyew/mapping/src/crazyswarm2/ros_ws/src/crazyswarm/scripts/sequence_trajectories/4) by extension 'ros'
[0.575s] Level 1:colcon.colcon_core.package_identification:_identify(/home/yanyew/mapping/src/crazyswarm2/ros_ws/src/crazyswarm/scripts/sequence_trajectories/4) by extensions ['cmake', 'python']
[0.575s] Level 1:colcon.colcon_core.package_identification:_identify(/home/yanyew/mapping/src/crazyswarm2/ros_ws/src/crazyswarm/scripts/sequence_trajectories/4) by extension 'cmake'
[0.575s] Level 1:colcon.colcon_core.package_identification:_identify(/home/yanyew/mapping/src/crazyswarm2/ros_ws/src/crazyswarm/scripts/sequence_trajectories/4) by extension 'python'
[0.575s] Level 1:colcon.colcon_core.package_identification:_identify(/home/yanyew/mapping/src/crazyswarm2/ros_ws/src/crazyswarm/scripts/sequence_trajectories/4) by extensions ['python_setup_py']
[0.575s] Level 1:colcon.colcon_core.package_identification:_identify(/home/yanyew/mapping/src/crazyswarm2/ros_ws/src/crazyswarm/scripts/sequence_trajectories/4) by extension 'python_setup_py'
[0.575s] Level 1:colcon.colcon_core.package_identification:_identify(/home/yanyew/mapping/src/crazyswarm2/ros_ws/src/crazyswarm/scripts/sequence_trajectories/5) by extensions ['ignore', 'ignore_ament_install']
[0.575s] Level 1:colcon.colcon_core.package_identification:_identify(/home/yanyew/mapping/src/crazyswarm2/ros_ws/src/crazyswarm/scripts/sequence_trajectories/5) by extension 'ignore'
[0.575s] Level 1:colcon.colcon_core.package_identification:_identify(/home/yanyew/mapping/src/crazyswarm2/ros_ws/src/crazyswarm/scripts/sequence_trajectories/5) by extension 'ignore_ament_install'
[0.575s] Level 1:colcon.colcon_core.package_identification:_identify(/home/yanyew/mapping/src/crazyswarm2/ros_ws/src/crazyswarm/scripts/sequence_trajectories/5) by extensions ['colcon_pkg']
[0.575s] Level 1:colcon.colcon_core.package_identification:_identify(/home/yanyew/mapping/src/crazyswarm2/ros_ws/src/crazyswarm/scripts/sequence_trajectories/5) by extension 'colcon_pkg'
[0.575s] Level 1:colcon.colcon_core.package_identification:_identify(/home/yanyew/mapping/src/crazyswarm2/ros_ws/src/crazyswarm/scripts/sequence_trajectories/5) by extensions ['colcon_meta']
[0.576s] Level 1:colcon.colcon_core.package_identification:_identify(/home/yanyew/mapping/src/crazyswarm2/ros_ws/src/crazyswarm/scripts/sequence_trajectories/5) by extension 'colcon_meta'
[0.576s] Level 1:colcon.colcon_core.package_identification:_identify(/home/yanyew/mapping/src/crazyswarm2/ros_ws/src/crazyswarm/scripts/sequence_trajectories/5) by extensions ['ros']
[0.576s] Level 1:colcon.colcon_core.package_identification:_identify(/home/yanyew/mapping/src/crazyswarm2/ros_ws/src/crazyswarm/scripts/sequence_trajectories/5) by extension 'ros'
[0.576s] Level 1:colcon.colcon_core.package_identification:_identify(/home/yanyew/mapping/src/crazyswarm2/ros_ws/src/crazyswarm/scripts/sequence_trajectories/5) by extensions ['cmake', 'python']
[0.576s] Level 1:colcon.colcon_core.package_identification:_identify(/home/yanyew/mapping/src/crazyswarm2/ros_ws/src/crazyswarm/scripts/sequence_trajectories/5) by extension 'cmake'
[0.576s] Level 1:colcon.colcon_core.package_identification:_identify(/home/yanyew/mapping/src/crazyswarm2/ros_ws/src/crazyswarm/scripts/sequence_trajectories/5) by extension 'python'
[0.576s] Level 1:colcon.colcon_core.package_identification:_identify(/home/yanyew/mapping/src/crazyswarm2/ros_ws/src/crazyswarm/scripts/sequence_trajectories/5) by extensions ['python_setup_py']
[0.576s] Level 1:colcon.colcon_core.package_identification:_identify(/home/yanyew/mapping/src/crazyswarm2/ros_ws/src/crazyswarm/scripts/sequence_trajectories/5) by extension 'python_setup_py'
[0.577s] Level 1:colcon.colcon_core.package_identification:_identify(/home/yanyew/mapping/src/crazyswarm2/ros_ws/src/crazyswarm/scripts/sequence_trajectories/6) by extensions ['ignore', 'ignore_ament_install']
[0.577s] Level 1:colcon.colcon_core.package_identification:_identify(/home/yanyew/mapping/src/crazyswarm2/ros_ws/src/crazyswarm/scripts/sequence_trajectories/6) by extension 'ignore'
[0.577s] Level 1:colcon.colcon_core.package_identification:_identify(/home/yanyew/mapping/src/crazyswarm2/ros_ws/src/crazyswarm/scripts/sequence_trajectories/6) by extension 'ignore_ament_install'
[0.577s] Level 1:colcon.colcon_core.package_identification:_identify(/home/yanyew/mapping/src/crazyswarm2/ros_ws/src/crazyswarm/scripts/sequence_trajectories/6) by extensions ['colcon_pkg']
[0.577s] Level 1:colcon.colcon_core.package_identification:_identify(/home/yanyew/mapping/src/crazyswarm2/ros_ws/src/crazyswarm/scripts/sequence_trajectories/6) by extension 'colcon_pkg'
[0.577s] Level 1:colcon.colcon_core.package_identification:_identify(/home/yanyew/mapping/src/crazyswarm2/ros_ws/src/crazyswarm/scripts/sequence_trajectories/6) by extensions ['colcon_meta']
[0.577s] Level 1:colcon.colcon_core.package_identification:_identify(/home/yanyew/mapping/src/crazyswarm2/ros_ws/src/crazyswarm/scripts/sequence_trajectories/6) by extension 'colcon_meta'
[0.577s] Level 1:colcon.colcon_core.package_identification:_identify(/home/yanyew/mapping/src/crazyswarm2/ros_ws/src/crazyswarm/scripts/sequence_trajectories/6) by extensions ['ros']
[0.577s] Level 1:colcon.colcon_core.package_identification:_identify(/home/yanyew/mapping/src/crazyswarm2/ros_ws/src/crazyswarm/scripts/sequence_trajectories/6) by extension 'ros'
[0.577s] Level 1:colcon.colcon_core.package_identification:_identify(/home/yanyew/mapping/src/crazyswarm2/ros_ws/src/crazyswarm/scripts/sequence_trajectories/6) by extensions ['cmake', 'python']
[0.577s] Level 1:colcon.colcon_core.package_identification:_identify(/home/yanyew/mapping/src/crazyswarm2/ros_ws/src/crazyswarm/scripts/sequence_trajectories/6) by extension 'cmake'
[0.577s] Level 1:colcon.colcon_core.package_identification:_identify(/home/yanyew/mapping/src/crazyswarm2/ros_ws/src/crazyswarm/scripts/sequence_trajectories/6) by extension 'python'
[0.578s] Level 1:colcon.colcon_core.package_identification:_identify(/home/yanyew/mapping/src/crazyswarm2/ros_ws/src/crazyswarm/scripts/sequence_trajectories/6) by extensions ['python_setup_py']
[0.578s] Level 1:colcon.colcon_core.package_identification:_identify(/home/yanyew/mapping/src/crazyswarm2/ros_ws/src/crazyswarm/scripts/sequence_trajectories/6) by extension 'python_setup_py'
[0.578s] Level 1:colcon.colcon_core.package_identification:_identify(/home/yanyew/mapping/src/crazyswarm2/ros_ws/src/crazyswarm/scripts/sequence_trajectories/7) by extensions ['ignore', 'ignore_ament_install']
[0.578s] Level 1:colcon.colcon_core.package_identification:_identify(/home/yanyew/mapping/src/crazyswarm2/ros_ws/src/crazyswarm/scripts/sequence_trajectories/7) by extension 'ignore'
[0.578s] Level 1:colcon.colcon_core.package_identification:_identify(/home/yanyew/mapping/src/crazyswarm2/ros_ws/src/crazyswarm/scripts/sequence_trajectories/7) by extension 'ignore_ament_install'
[0.578s] Level 1:colcon.colcon_core.package_identification:_identify(/home/yanyew/mapping/src/crazyswarm2/ros_ws/src/crazyswarm/scripts/sequence_trajectories/7) by extensions ['colcon_pkg']
[0.578s] Level 1:colcon.colcon_core.package_identification:_identify(/home/yanyew/mapping/src/crazyswarm2/ros_ws/src/crazyswarm/scripts/sequence_trajectories/7) by extension 'colcon_pkg'
[0.578s] Level 1:colcon.colcon_core.package_identification:_identify(/home/yanyew/mapping/src/crazyswarm2/ros_ws/src/crazyswarm/scripts/sequence_trajectories/7) by extensions ['colcon_meta']
[0.578s] Level 1:colcon.colcon_core.package_identification:_identify(/home/yanyew/mapping/src/crazyswarm2/ros_ws/src/crazyswarm/scripts/sequence_trajectories/7) by extension 'colcon_meta'
[0.578s] Level 1:colcon.colcon_core.package_identification:_identify(/home/yanyew/mapping/src/crazyswarm2/ros_ws/src/crazyswarm/scripts/sequence_trajectories/7) by extensions ['ros']
[0.578s] Level 1:colcon.colcon_core.package_identification:_identify(/home/yanyew/mapping/src/crazyswarm2/ros_ws/src/crazyswarm/scripts/sequence_trajectories/7) by extension 'ros'
[0.578s] Level 1:colcon.colcon_core.package_identification:_identify(/home/yanyew/mapping/src/crazyswarm2/ros_ws/src/crazyswarm/scripts/sequence_trajectories/7) by extensions ['cmake', 'python']
[0.578s] Level 1:colcon.colcon_core.package_identification:_identify(/home/yanyew/mapping/src/crazyswarm2/ros_ws/src/crazyswarm/scripts/sequence_trajectories/7) by extension 'cmake'
[0.578s] Level 1:colcon.colcon_core.package_identification:_identify(/home/yanyew/mapping/src/crazyswarm2/ros_ws/src/crazyswarm/scripts/sequence_trajectories/7) by extension 'python'
[0.579s] Level 1:colcon.colcon_core.package_identification:_identify(/home/yanyew/mapping/src/crazyswarm2/ros_ws/src/crazyswarm/scripts/sequence_trajectories/7) by extensions ['python_setup_py']
[0.579s] Level 1:colcon.colcon_core.package_identification:_identify(/home/yanyew/mapping/src/crazyswarm2/ros_ws/src/crazyswarm/scripts/sequence_trajectories/7) by extension 'python_setup_py'
[0.579s] Level 1:colcon.colcon_core.package_identification:_identify(/home/yanyew/mapping/src/crazyswarm2/ros_ws/src/crazyswarm/scripts/swap6v_pps) by extensions ['ignore', 'ignore_ament_install']
[0.579s] Level 1:colcon.colcon_core.package_identification:_identify(/home/yanyew/mapping/src/crazyswarm2/ros_ws/src/crazyswarm/scripts/swap6v_pps) by extension 'ignore'
[0.579s] Level 1:colcon.colcon_core.package_identification:_identify(/home/yanyew/mapping/src/crazyswarm2/ros_ws/src/crazyswarm/scripts/swap6v_pps) by extension 'ignore_ament_install'
[0.579s] Level 1:colcon.colcon_core.package_identification:_identify(/home/yanyew/mapping/src/crazyswarm2/ros_ws/src/crazyswarm/scripts/swap6v_pps) by extensions ['colcon_pkg']
[0.579s] Level 1:colcon.colcon_core.package_identification:_identify(/home/yanyew/mapping/src/crazyswarm2/ros_ws/src/crazyswarm/scripts/swap6v_pps) by extension 'colcon_pkg'
[0.579s] Level 1:colcon.colcon_core.package_identification:_identify(/home/yanyew/mapping/src/crazyswarm2/ros_ws/src/crazyswarm/scripts/swap6v_pps) by extensions ['colcon_meta']
[0.579s] Level 1:colcon.colcon_core.package_identification:_identify(/home/yanyew/mapping/src/crazyswarm2/ros_ws/src/crazyswarm/scripts/swap6v_pps) by extension 'colcon_meta'
[0.579s] Level 1:colcon.colcon_core.package_identification:_identify(/home/yanyew/mapping/src/crazyswarm2/ros_ws/src/crazyswarm/scripts/swap6v_pps) by extensions ['ros']
[0.579s] Level 1:colcon.colcon_core.package_identification:_identify(/home/yanyew/mapping/src/crazyswarm2/ros_ws/src/crazyswarm/scripts/swap6v_pps) by extension 'ros'
[0.579s] Level 1:colcon.colcon_core.package_identification:_identify(/home/yanyew/mapping/src/crazyswarm2/ros_ws/src/crazyswarm/scripts/swap6v_pps) by extensions ['cmake', 'python']
[0.579s] Level 1:colcon.colcon_core.package_identification:_identify(/home/yanyew/mapping/src/crazyswarm2/ros_ws/src/crazyswarm/scripts/swap6v_pps) by extension 'cmake'
[0.579s] Level 1:colcon.colcon_core.package_identification:_identify(/home/yanyew/mapping/src/crazyswarm2/ros_ws/src/crazyswarm/scripts/swap6v_pps) by extension 'python'
[0.579s] Level 1:colcon.colcon_core.package_identification:_identify(/home/yanyew/mapping/src/crazyswarm2/ros_ws/src/crazyswarm/scripts/swap6v_pps) by extensions ['python_setup_py']
[0.579s] Level 1:colcon.colcon_core.package_identification:_identify(/home/yanyew/mapping/src/crazyswarm2/ros_ws/src/crazyswarm/scripts/swap6v_pps) by extension 'python_setup_py'
[0.580s] Level 1:colcon.colcon_core.package_identification:_identify(/home/yanyew/mapping/src/crazyswarm2/systemtests) by extensions ['ignore', 'ignore_ament_install']
[0.580s] Level 1:colcon.colcon_core.package_identification:_identify(/home/yanyew/mapping/src/crazyswarm2/systemtests) by extension 'ignore'
[0.580s] Level 1:colcon.colcon_core.package_identification:_identify(/home/yanyew/mapping/src/crazyswarm2/systemtests) by extension 'ignore_ament_install'
[0.580s] Level 1:colcon.colcon_core.package_identification:_identify(/home/yanyew/mapping/src/crazyswarm2/systemtests) by extensions ['colcon_pkg']
[0.580s] Level 1:colcon.colcon_core.package_identification:_identify(/home/yanyew/mapping/src/crazyswarm2/systemtests) by extension 'colcon_pkg'
[0.580s] Level 1:colcon.colcon_core.package_identification:_identify(/home/yanyew/mapping/src/crazyswarm2/systemtests) by extensions ['colcon_meta']
[0.580s] Level 1:colcon.colcon_core.package_identification:_identify(/home/yanyew/mapping/src/crazyswarm2/systemtests) by extension 'colcon_meta'
[0.580s] Level 1:colcon.colcon_core.package_identification:_identify(/home/yanyew/mapping/src/crazyswarm2/systemtests) by extensions ['ros']
[0.580s] Level 1:colcon.colcon_core.package_identification:_identify(/home/yanyew/mapping/src/crazyswarm2/systemtests) by extension 'ros'
[0.580s] Level 1:colcon.colcon_core.package_identification:_identify(/home/yanyew/mapping/src/crazyswarm2/systemtests) by extensions ['cmake', 'python']
[0.580s] Level 1:colcon.colcon_core.package_identification:_identify(/home/yanyew/mapping/src/crazyswarm2/systemtests) by extension 'cmake'
[0.580s] Level 1:colcon.colcon_core.package_identification:_identify(/home/yanyew/mapping/src/crazyswarm2/systemtests) by extension 'python'
[0.580s] Level 1:colcon.colcon_core.package_identification:_identify(/home/yanyew/mapping/src/crazyswarm2/systemtests) by extensions ['python_setup_py']
[0.580s] Level 1:colcon.colcon_core.package_identification:_identify(/home/yanyew/mapping/src/crazyswarm2/systemtests) by extension 'python_setup_py'
[0.581s] Level 1:colcon.colcon_core.package_identification:_identify(/home/yanyew/mapping/src/crazyswarm2/systemtests/SDplotting) by extensions ['ignore', 'ignore_ament_install']
[0.581s] Level 1:colcon.colcon_core.package_identification:_identify(/home/yanyew/mapping/src/crazyswarm2/systemtests/SDplotting) by extension 'ignore'
[0.581s] Level 1:colcon.colcon_core.package_identification:_identify(/home/yanyew/mapping/src/crazyswarm2/systemtests/SDplotting) by extension 'ignore_ament_install'
[0.581s] Level 1:colcon.colcon_core.package_identification:_identify(/home/yanyew/mapping/src/crazyswarm2/systemtests/SDplotting) by extensions ['colcon_pkg']
[0.581s] Level 1:colcon.colcon_core.package_identification:_identify(/home/yanyew/mapping/src/crazyswarm2/systemtests/SDplotting) by extension 'colcon_pkg'
[0.581s] Level 1:colcon.colcon_core.package_identification:_identify(/home/yanyew/mapping/src/crazyswarm2/systemtests/SDplotting) by extensions ['colcon_meta']
[0.581s] Level 1:colcon.colcon_core.package_identification:_identify(/home/yanyew/mapping/src/crazyswarm2/systemtests/SDplotting) by extension 'colcon_meta'
[0.581s] Level 1:colcon.colcon_core.package_identification:_identify(/home/yanyew/mapping/src/crazyswarm2/systemtests/SDplotting) by extensions ['ros']
[0.581s] Level 1:colcon.colcon_core.package_identification:_identify(/home/yanyew/mapping/src/crazyswarm2/systemtests/SDplotting) by extension 'ros'
[0.581s] Level 1:colcon.colcon_core.package_identification:_identify(/home/yanyew/mapping/src/crazyswarm2/systemtests/SDplotting) by extensions ['cmake', 'python']
[0.581s] Level 1:colcon.colcon_core.package_identification:_identify(/home/yanyew/mapping/src/crazyswarm2/systemtests/SDplotting) by extension 'cmake'
[0.581s] Level 1:colcon.colcon_core.package_identification:_identify(/home/yanyew/mapping/src/crazyswarm2/systemtests/SDplotting) by extension 'python'
[0.581s] Level 1:colcon.colcon_core.package_identification:_identify(/home/yanyew/mapping/src/crazyswarm2/systemtests/SDplotting) by extensions ['python_setup_py']
[0.581s] Level 1:colcon.colcon_core.package_identification:_identify(/home/yanyew/mapping/src/crazyswarm2/systemtests/SDplotting) by extension 'python_setup_py'
[0.581s] Level 1:colcon.colcon_core.package_identification:_identify(/home/yanyew/mapping/src/merge_map) by extensions ['ignore', 'ignore_ament_install']
[0.582s] Level 1:colcon.colcon_core.package_identification:_identify(/home/yanyew/mapping/src/merge_map) by extension 'ignore'
[0.582s] Level 1:colcon.colcon_core.package_identification:_identify(/home/yanyew/mapping/src/merge_map) by extension 'ignore_ament_install'
[0.582s] Level 1:colcon.colcon_core.package_identification:_identify(/home/yanyew/mapping/src/merge_map) by extensions ['colcon_pkg']
[0.582s] Level 1:colcon.colcon_core.package_identification:_identify(/home/yanyew/mapping/src/merge_map) by extension 'colcon_pkg'
[0.582s] Level 1:colcon.colcon_core.package_identification:_identify(/home/yanyew/mapping/src/merge_map) by extensions ['colcon_meta']
[0.582s] Level 1:colcon.colcon_core.package_identification:_identify(/home/yanyew/mapping/src/merge_map) by extension 'colcon_meta'
[0.582s] Level 1:colcon.colcon_core.package_identification:_identify(/home/yanyew/mapping/src/merge_map) by extensions ['ros']
[0.582s] Level 1:colcon.colcon_core.package_identification:_identify(/home/yanyew/mapping/src/merge_map) by extension 'ros'
[0.583s] DEBUG:colcon.colcon_core.package_identification:Package '/home/yanyew/mapping/src/merge_map' with type 'ros.ament_python' and name 'merge_map'
[0.583s] Level 1:colcon.colcon_core.package_identification:_identify(/home/yanyew/mapping/src/ros_gz_crazyflie) by extensions ['ignore', 'ignore_ament_install']
[0.583s] Level 1:colcon.colcon_core.package_identification:_identify(/home/yanyew/mapping/src/ros_gz_crazyflie) by extension 'ignore'
[0.583s] Level 1:colcon.colcon_core.package_identification:_identify(/home/yanyew/mapping/src/ros_gz_crazyflie) by extension 'ignore_ament_install'
[0.583s] Level 1:colcon.colcon_core.package_identification:_identify(/home/yanyew/mapping/src/ros_gz_crazyflie) by extensions ['colcon_pkg']
[0.583s] Level 1:colcon.colcon_core.package_identification:_identify(/home/yanyew/mapping/src/ros_gz_crazyflie) by extension 'colcon_pkg'
[0.583s] Level 1:colcon.colcon_core.package_identification:_identify(/home/yanyew/mapping/src/ros_gz_crazyflie) by extensions ['colcon_meta']
[0.583s] Level 1:colcon.colcon_core.package_identification:_identify(/home/yanyew/mapping/src/ros_gz_crazyflie) by extension 'colcon_meta'
[0.583s] Level 1:colcon.colcon_core.package_identification:_identify(/home/yanyew/mapping/src/ros_gz_crazyflie) by extensions ['ros']
[0.583s] Level 1:colcon.colcon_core.package_identification:_identify(/home/yanyew/mapping/src/ros_gz_crazyflie) by extension 'ros'
[0.584s] Level 1:colcon.colcon_core.package_identification:_identify(/home/yanyew/mapping/src/ros_gz_crazyflie) by extensions ['cmake', 'python']
[0.584s] Level 1:colcon.colcon_core.package_identification:_identify(/home/yanyew/mapping/src/ros_gz_crazyflie) by extension 'cmake'
[0.584s] Level 1:colcon.colcon_core.package_identification:_identify(/home/yanyew/mapping/src/ros_gz_crazyflie) by extension 'python'
[0.584s] Level 1:colcon.colcon_core.package_identification:_identify(/home/yanyew/mapping/src/ros_gz_crazyflie) by extensions ['python_setup_py']
[0.584s] Level 1:colcon.colcon_core.package_identification:_identify(/home/yanyew/mapping/src/ros_gz_crazyflie) by extension 'python_setup_py'
[0.584s] Level 1:colcon.colcon_core.package_identification:_identify(/home/yanyew/mapping/src/ros_gz_crazyflie/ros_gz_crazyflie_bringup) by extensions ['ignore', 'ignore_ament_install']
[0.584s] Level 1:colcon.colcon_core.package_identification:_identify(/home/yanyew/mapping/src/ros_gz_crazyflie/ros_gz_crazyflie_bringup) by extension 'ignore'
[0.584s] Level 1:colcon.colcon_core.package_identification:_identify(/home/yanyew/mapping/src/ros_gz_crazyflie/ros_gz_crazyflie_bringup) by extension 'ignore_ament_install'
[0.584s] Level 1:colcon.colcon_core.package_identification:_identify(/home/yanyew/mapping/src/ros_gz_crazyflie/ros_gz_crazyflie_bringup) by extensions ['colcon_pkg']
[0.584s] Level 1:colcon.colcon_core.package_identification:_identify(/home/yanyew/mapping/src/ros_gz_crazyflie/ros_gz_crazyflie_bringup) by extension 'colcon_pkg'
[0.584s] Level 1:colcon.colcon_core.package_identification:_identify(/home/yanyew/mapping/src/ros_gz_crazyflie/ros_gz_crazyflie_bringup) by extensions ['colcon_meta']
[0.585s] Level 1:colcon.colcon_core.package_identification:_identify(/home/yanyew/mapping/src/ros_gz_crazyflie/ros_gz_crazyflie_bringup) by extension 'colcon_meta'
[0.585s] Level 1:colcon.colcon_core.package_identification:_identify(/home/yanyew/mapping/src/ros_gz_crazyflie/ros_gz_crazyflie_bringup) by extensions ['ros']
[0.585s] Level 1:colcon.colcon_core.package_identification:_identify(/home/yanyew/mapping/src/ros_gz_crazyflie/ros_gz_crazyflie_bringup) by extension 'ros'
[0.586s] DEBUG:colcon.colcon_core.package_identification:Package '/home/yanyew/mapping/src/ros_gz_crazyflie/ros_gz_crazyflie_bringup' with type 'ros.ament_cmake' and name 'ros_gz_crazyflie_bringup'
[0.587s] Level 1:colcon.colcon_core.package_identification:_identify(/home/yanyew/mapping/src/ros_gz_crazyflie/ros_gz_crazyflie_control) by extensions ['ignore', 'ignore_ament_install']
[0.587s] Level 1:colcon.colcon_core.package_identification:_identify(/home/yanyew/mapping/src/ros_gz_crazyflie/ros_gz_crazyflie_control) by extension 'ignore'
[0.587s] Level 1:colcon.colcon_core.package_identification:_identify(/home/yanyew/mapping/src/ros_gz_crazyflie/ros_gz_crazyflie_control) by extension 'ignore_ament_install'
[0.587s] Level 1:colcon.colcon_core.package_identification:_identify(/home/yanyew/mapping/src/ros_gz_crazyflie/ros_gz_crazyflie_control) by extensions ['colcon_pkg']
[0.587s] Level 1:colcon.colcon_core.package_identification:_identify(/home/yanyew/mapping/src/ros_gz_crazyflie/ros_gz_crazyflie_control) by extension 'colcon_pkg'
[0.587s] Level 1:colcon.colcon_core.package_identification:_identify(/home/yanyew/mapping/src/ros_gz_crazyflie/ros_gz_crazyflie_control) by extensions ['colcon_meta']
[0.587s] Level 1:colcon.colcon_core.package_identification:_identify(/home/yanyew/mapping/src/ros_gz_crazyflie/ros_gz_crazyflie_control) by extension 'colcon_meta'
[0.587s] Level 1:colcon.colcon_core.package_identification:_identify(/home/yanyew/mapping/src/ros_gz_crazyflie/ros_gz_crazyflie_control) by extensions ['ros']
[0.587s] Level 1:colcon.colcon_core.package_identification:_identify(/home/yanyew/mapping/src/ros_gz_crazyflie/ros_gz_crazyflie_control) by extension 'ros'
[0.589s] DEBUG:colcon.colcon_core.package_identification:Package '/home/yanyew/mapping/src/ros_gz_crazyflie/ros_gz_crazyflie_control' with type 'ros.ament_python' and name 'ros_gz_crazyflie_control'
[0.589s] Level 1:colcon.colcon_core.package_identification:_identify(/home/yanyew/mapping/src/ros_gz_crazyflie/ros_gz_crazyflie_gazebo) by extensions ['ignore', 'ignore_ament_install']
[0.589s] Level 1:colcon.colcon_core.package_identification:_identify(/home/yanyew/mapping/src/ros_gz_crazyflie/ros_gz_crazyflie_gazebo) by extension 'ignore'
[0.590s] Level 1:colcon.colcon_core.package_identification:_identify(/home/yanyew/mapping/src/ros_gz_crazyflie/ros_gz_crazyflie_gazebo) by extension 'ignore_ament_install'
[0.590s] Level 1:colcon.colcon_core.package_identification:_identify(/home/yanyew/mapping/src/ros_gz_crazyflie/ros_gz_crazyflie_gazebo) by extensions ['colcon_pkg']
[0.590s] Level 1:colcon.colcon_core.package_identification:_identify(/home/yanyew/mapping/src/ros_gz_crazyflie/ros_gz_crazyflie_gazebo) by extension 'colcon_pkg'
[0.590s] Level 1:colcon.colcon_core.package_identification:_identify(/home/yanyew/mapping/src/ros_gz_crazyflie/ros_gz_crazyflie_gazebo) by extensions ['colcon_meta']
[0.590s] Level 1:colcon.colcon_core.package_identification:_identify(/home/yanyew/mapping/src/ros_gz_crazyflie/ros_gz_crazyflie_gazebo) by extension 'colcon_meta'
[0.590s] Level 1:colcon.colcon_core.package_identification:_identify(/home/yanyew/mapping/src/ros_gz_crazyflie/ros_gz_crazyflie_gazebo) by extensions ['ros']
[0.590s] Level 1:colcon.colcon_core.package_identification:_identify(/home/yanyew/mapping/src/ros_gz_crazyflie/ros_gz_crazyflie_gazebo) by extension 'ros'
[0.591s] DEBUG:colcon.colcon_core.package_identification:Package '/home/yanyew/mapping/src/ros_gz_crazyflie/ros_gz_crazyflie_gazebo' with type 'ros.ament_cmake' and name 'ros_gz_crazyflie_gazebo'
[0.591s] Level 1:colcon.colcon_core.package_discovery:discover_packages(recursive) using defaults
