[0.321s] Invoking command in '/home/yanyew/Multi-Drone-SLAM-and-Merge-Map/build/crazyflie': AMENT_PREFIX_PATH=/home/yanyew/Multi-Drone-SLAM-and-Merge-Map/install/crazyflie_interfaces:${AMENT_PREFIX_PATH} CMAKE_PREFIX_PATH=/home/yanyew/Multi-Drone-SLAM-and-Merge-Map/install/crazyflie_interfaces:/home/yanyew/mapping/install/crazyflie_ros2_multiranger_bringup:/home/yanyew/mapping/install/ros_gz_crazyflie_bringup:/home/yanyew/mapping/install/ros_gz_crazyflie_gazebo:/home/yanyew/mapping/install/crazyflie_sim:/home/yanyew/mapping/install/crazyflie_examples:/home/yanyew/mapping/install/crazyflie:/home/yanyew/mapping/install/crazyflie_interfaces:/home/yanyew/mapping/install/ros_gz_crazyflie_control:/home/yanyew/mapping/install/merge_map:/home/yanyew/mapping/install/crazyflie_ros2_multiranger_wall_following:/home/yanyew/mapping/install/crazyflie_ros2_multiranger_simple_mapper:/home/yanyew/mapping/install/crazyflie_py:/home/yanyew/mapping/install/crazyflie_launch:/opt/ros/humble LD_LIBRARY_PATH=/home/yanyew/Multi-Drone-SLAM-and-Merge-Map/install/crazyflie_interfaces/lib:/home/yanyew/mapping/install/crazyflie_interfaces/lib:/usr/lib/x86_64-linux-gnu/gazebo-11/plugins:/opt/ros/humble/opt/rviz_ogre_vendor/lib:/opt/ros/humble/lib/x86_64-linux-gnu:/opt/ros/humble/lib:/usr/lib/x86_64-linux-gnu/gazebo-11/plugins PYTHONPATH=/home/yanyew/Multi-Drone-SLAM-and-Merge-Map/install/crazyflie_interfaces/local/lib/python3.10/dist-packages:${PYTHONPATH} /usr/bin/cmake /home/yanyew/Multi-Drone-SLAM-and-Merge-Map/src/crazyswarm2/crazyflie -DCMAKE_INSTALL_PREFIX=/home/yanyew/Multi-Drone-SLAM-and-Merge-Map/install/crazyflie
[0.374s] -- The C compiler identification is GNU 11.4.0
[0.424s] -- The CXX compiler identification is GNU 11.4.0
[0.432s] -- Detecting C compiler ABI info
[0.489s] -- Detecting C compiler ABI info - done
[0.502s] -- Check for working C compiler: /usr/bin/cc - skipped
[0.502s] -- Detecting C compile features
[0.503s] -- Detecting C compile features - done
[0.507s] -- Detecting CXX compiler ABI info
[0.576s] -- Detecting CXX compiler ABI info - done
[0.583s] -- Check for working CXX compiler: /usr/bin/c++ - skipped
[0.584s] -- Detecting CXX compile features
[0.584s] -- Detecting CXX compile features - done
[0.587s] -- Found ament_cmake: 1.3.11 (/opt/ros/humble/share/ament_cmake/cmake)
[0.759s] -- Found Python3: /usr/bin/python3 (found version "3.10.12") found components: Interpreter 
[0.898s] -- Found rclcpp: 16.0.11 (/opt/ros/humble/share/rclcpp/cmake)
[0.950s] -- Found rosidl_generator_c: 3.1.6 (/opt/ros/humble/share/rosidl_generator_c/cmake)
[0.956s] -- Found rosidl_adapter: 3.1.6 (/opt/ros/humble/share/rosidl_adapter/cmake)
[0.967s] -- Found rosidl_generator_cpp: 3.1.6 (/opt/ros/humble/share/rosidl_generator_cpp/cmake)
[0.981s] -- Using all available rosidl_typesupport_c: rosidl_typesupport_fastrtps_c;rosidl_typesupport_introspection_c
[1.004s] -- Using all available rosidl_typesupport_cpp: rosidl_typesupport_fastrtps_cpp;rosidl_typesupport_introspection_cpp
[1.079s] -- Found rmw_implementation_cmake: 6.1.2 (/opt/ros/humble/share/rmw_implementation_cmake/cmake)
[1.083s] -- Found rmw_cyclonedds_cpp: 1.3.4 (/opt/ros/humble/share/rmw_cyclonedds_cpp/cmake)
[1.113s] -- Using RMW implementation 'rmw_cyclonedds_cpp' as default
[1.125s] -- Looking for pthread.h
[1.187s] -- Looking for pthread.h - found
[1.187s] -- Performing Test CMAKE_HAVE_LIBC_PTHREAD
[1.251s] -- Performing Test CMAKE_HAVE_LIBC_PTHREAD - Success
[1.252s] -- Found Threads: TRUE  
[1.314s] -- Found tf2_ros: 0.25.11 (/opt/ros/humble/share/tf2_ros/cmake)
[1.471s] -- Found rclpy: 3.3.15 (/opt/ros/humble/share/rclpy/cmake)
[1.473s] -- Found std_srvs: 4.2.4 (/opt/ros/humble/share/std_srvs/cmake)
[1.484s] -- Found sensor_msgs: 4.2.4 (/opt/ros/humble/share/sensor_msgs/cmake)
[1.501s] -- Found crazyflie_interfaces: 2.0.0 (/home/yanyew/Multi-Drone-SLAM-and-Merge-Map/install/crazyflie_interfaces/share/crazyflie_interfaces/cmake)
[1.520s] -- Found motion_capture_tracking_interfaces: 1.0.5 (/opt/ros/humble/share/motion_capture_tracking_interfaces/cmake)
[1.568s] -- Found Boost: /usr/lib/x86_64-linux-gnu/cmake/Boost-1.74.0/BoostConfig.cmake (found version "1.74.0") found components: program_options 
[1.573s] -- Found libusb: /usr/lib/x86_64-linux-gnu/libusb-1.0.so  
[1.653s] -- Configuring done
[1.689s] -- Generating done
[1.702s] -- Build files have been written to: /home/yanyew/Multi-Drone-SLAM-and-Merge-Map/build/crazyflie
[1.714s] Invoked command in '/home/yanyew/Multi-Drone-SLAM-and-Merge-Map/build/crazyflie' returned '0': AMENT_PREFIX_PATH=/home/yanyew/Multi-Drone-SLAM-and-Merge-Map/install/crazyflie_interfaces:${AMENT_PREFIX_PATH} CMAKE_PREFIX_PATH=/home/yanyew/Multi-Drone-SLAM-and-Merge-Map/install/crazyflie_interfaces:/home/yanyew/mapping/install/crazyflie_ros2_multiranger_bringup:/home/yanyew/mapping/install/ros_gz_crazyflie_bringup:/home/yanyew/mapping/install/ros_gz_crazyflie_gazebo:/home/yanyew/mapping/install/crazyflie_sim:/home/yanyew/mapping/install/crazyflie_examples:/home/yanyew/mapping/install/crazyflie:/home/yanyew/mapping/install/crazyflie_interfaces:/home/yanyew/mapping/install/ros_gz_crazyflie_control:/home/yanyew/mapping/install/merge_map:/home/yanyew/mapping/install/crazyflie_ros2_multiranger_wall_following:/home/yanyew/mapping/install/crazyflie_ros2_multiranger_simple_mapper:/home/yanyew/mapping/install/crazyflie_py:/home/yanyew/mapping/install/crazyflie_launch:/opt/ros/humble LD_LIBRARY_PATH=/home/yanyew/Multi-Drone-SLAM-and-Merge-Map/install/crazyflie_interfaces/lib:/home/yanyew/mapping/install/crazyflie_interfaces/lib:/usr/lib/x86_64-linux-gnu/gazebo-11/plugins:/opt/ros/humble/opt/rviz_ogre_vendor/lib:/opt/ros/humble/lib/x86_64-linux-gnu:/opt/ros/humble/lib:/usr/lib/x86_64-linux-gnu/gazebo-11/plugins PYTHONPATH=/home/yanyew/Multi-Drone-SLAM-and-Merge-Map/install/crazyflie_interfaces/local/lib/python3.10/dist-packages:${PYTHONPATH} /usr/bin/cmake /home/yanyew/Multi-Drone-SLAM-and-Merge-Map/src/crazyswarm2/crazyflie -DCMAKE_INSTALL_PREFIX=/home/yanyew/Multi-Drone-SLAM-and-Merge-Map/install/crazyflie
[1.715s] Invoking command in '/home/yanyew/Multi-Drone-SLAM-and-Merge-Map/build/crazyflie': AMENT_PREFIX_PATH=/home/yanyew/Multi-Drone-SLAM-and-Merge-Map/install/crazyflie_interfaces:${AMENT_PREFIX_PATH} CMAKE_PREFIX_PATH=/home/yanyew/Multi-Drone-SLAM-and-Merge-Map/install/crazyflie_interfaces:/home/yanyew/mapping/install/crazyflie_ros2_multiranger_bringup:/home/yanyew/mapping/install/ros_gz_crazyflie_bringup:/home/yanyew/mapping/install/ros_gz_crazyflie_gazebo:/home/yanyew/mapping/install/crazyflie_sim:/home/yanyew/mapping/install/crazyflie_examples:/home/yanyew/mapping/install/crazyflie:/home/yanyew/mapping/install/crazyflie_interfaces:/home/yanyew/mapping/install/ros_gz_crazyflie_control:/home/yanyew/mapping/install/merge_map:/home/yanyew/mapping/install/crazyflie_ros2_multiranger_wall_following:/home/yanyew/mapping/install/crazyflie_ros2_multiranger_simple_mapper:/home/yanyew/mapping/install/crazyflie_py:/home/yanyew/mapping/install/crazyflie_launch:/opt/ros/humble LD_LIBRARY_PATH=/home/yanyew/Multi-Drone-SLAM-and-Merge-Map/install/crazyflie_interfaces/lib:/home/yanyew/mapping/install/crazyflie_interfaces/lib:/usr/lib/x86_64-linux-gnu/gazebo-11/plugins:/opt/ros/humble/opt/rviz_ogre_vendor/lib:/opt/ros/humble/lib/x86_64-linux-gnu:/opt/ros/humble/lib:/usr/lib/x86_64-linux-gnu/gazebo-11/plugins PYTHONPATH=/home/yanyew/Multi-Drone-SLAM-and-Merge-Map/install/crazyflie_interfaces/local/lib/python3.10/dist-packages:${PYTHONPATH} /usr/bin/cmake --build /home/yanyew/Multi-Drone-SLAM-and-Merge-Map/build/crazyflie -- -j12 -l12
[1.760s] [  2%] [32mBuilding CXX object deps/crazyflie_tools/crazyflie_cpp/crazyflie-link-cpp/CMakeFiles/crazyflieLinkCpp.dir/src/CrazyradioThread.cpp.o[0m
[1.761s] [ 10%] [32mBuilding CXX object deps/crazyflie_tools/crazyflie_cpp/crazyflie-link-cpp/CMakeFiles/crazyflieLinkCpp.dir/src/Connection.cpp.o[0m
[1.761s] [ 17%] [32mBuilding CXX object deps/crazyflie_tools/crazyflie_cpp/crazyflie-link-cpp/CMakeFiles/crazyflieLinkCpp.dir/src/Crazyradio.cpp.o[0m
[1.762s] [ 17%] [32mBuilding CXX object deps/crazyflie_tools/crazyflie_cpp/crazyflie-link-cpp/CMakeFiles/crazyflieLinkCpp.dir/src/CrazyflieUSBThread.cpp.o[0m
[1.762s] [ 20%] [32mBuilding CXX object deps/crazyflie_tools/crazyflie_cpp/crazyflie-link-cpp/CMakeFiles/crazyflieLinkCpp.dir/src/Version.cpp.o[0m
[1.762s] [ 17%] [32mBuilding CXX object deps/crazyflie_tools/crazyflie_cpp/crazyflie-link-cpp/CMakeFiles/crazyflieLinkCpp.dir/src/USBManager.cpp.o[0m
[1.762s] [ 12%] [32mBuilding CXX object deps/crazyflie_tools/crazyflie_cpp/crazyflie-link-cpp/CMakeFiles/crazyflieLinkCpp.dir/src/USBDevice.cpp.o[0m
[1.762s] [ 12%] [32mBuilding CXX object CMakeFiles/teleop.dir/src/teleop.cpp.o[0m
[1.762s] [ 22%] [32mBuilding CXX object deps/crazyflie_tools/crazyflie_cpp/crazyflie-link-cpp/CMakeFiles/crazyflieLinkCpp.dir/src/CrazyflieUSB.cpp.o[0m
[5.175s] [ 25%] [32m[1mLinking CXX static library libcrazyflieLinkCpp.a[0m
[5.273s] [ 25%] Built target crazyflieLinkCpp
[5.291s] [ 30%] [32mBuilding CXX object deps/crazyflie_tools/crazyflie_cpp/CMakeFiles/crazyflie_cpp.dir/src/Crazyflie.cpp.o[0m
[5.291s] [ 30%] [32mBuilding CXX object deps/crazyflie_tools/crazyflie_cpp/CMakeFiles/crazyflie_cpp.dir/src/crtp.cpp.o[0m
[7.983s] [ 32%] [32m[1mLinking CXX static library libcrazyflie_cpp.a[0m
[8.069s] [ 32%] Built target crazyflie_cpp
[8.094s] [ 35%] [32mBuilding CXX object deps/crazyflie_tools/CMakeFiles/battery.dir/src/battery.cpp.o[0m
[8.094s] [ 42%] [32mBuilding CXX object deps/crazyflie_tools/CMakeFiles/reboot.dir/src/reboot.cpp.o[0m
[8.096s] [ 42%] [32mBuilding CXX object deps/crazyflie_tools/CMakeFiles/listLogVariables.dir/src/listLogVariables.cpp.o[0m
[8.096s] [ 42%] [32mBuilding CXX object deps/crazyflie_tools/CMakeFiles/listParams.dir/src/listParams.cpp.o[0m
[8.096s] [ 45%] [32mBuilding CXX object deps/crazyflie_tools/CMakeFiles/console.dir/src/console.cpp.o[0m
[8.096s] [ 47%] [32mBuilding CXX object deps/crazyflie_tools/CMakeFiles/comCheck.dir/src/comCheck.cpp.o[0m
[8.096s] [ 50%] [32mBuilding CXX object deps/crazyflie_tools/CMakeFiles/log.dir/src/log.cpp.o[0m
[8.096s] [ 52%] [32mBuilding CXX object deps/crazyflie_tools/CMakeFiles/version.dir/src/version.cpp.o[0m
[8.097s] [ 55%] [32mBuilding CXX object deps/crazyflie_tools/CMakeFiles/listMemories.dir/src/listMemories.cpp.o[0m
[8.097s] [ 57%] [32mBuilding CXX object CMakeFiles/crazyflie_server.dir/src/crazyflie_server.cpp.o[0m
[8.099s] [ 60%] [32mBuilding CXX object deps/crazyflie_tools/CMakeFiles/scan.dir/src/scan.cpp.o[0m
[11.208s] [ 62%] [32m[1mLinking CXX executable scan[0m
[11.210s] [ 65%] [32m[1mLinking CXX executable listMemories[0m
[11.365s] [ 67%] [32m[1mLinking CXX executable console[0m
[11.414s] [ 70%] [32m[1mLinking CXX executable listLogVariables[0m
[11.454s] [ 72%] [32m[1mLinking CXX executable version[0m
[11.540s] [ 75%] [32m[1mLinking CXX executable listParams[0m
[11.664s] [ 77%] [32m[1mLinking CXX executable comCheck[0m
[11.727s] [ 80%] [32m[1mLinking CXX executable reboot[0m
[11.741s] [ 80%] Built target scan
[11.757s] [ 80%] Built target listMemories
[11.791s] [ 82%] [32mBuilding CXX object deps/crazyflie_tools/CMakeFiles/downloadUSDLogfile.dir/src/downloadUSDLogfile.cpp.o[0m
[11.797s] [ 85%] [32mBuilding CXX object deps/crazyflie_tools/CMakeFiles/setParam.dir/src/setParam.cpp.o[0m
[11.947s] [ 85%] Built target console
[12.000s] [ 87%] [32m[1mLinking CXX executable battery[0m
[12.030s] [ 87%] Built target listLogVariables
[12.041s] [ 87%] Built target version
[12.088s] [ 87%] Built target listParams
[12.226s] [ 87%] Built target comCheck
[12.271s] [ 90%] [32m[1mLinking CXX executable log[0m
[12.310s] [ 90%] Built target reboot
[12.493s] [ 90%] Built target battery
[12.626s] [ 90%] Built target log
[13.817s] [ 92%] [32m[1mLinking CXX executable downloadUSDLogfile[0m
[14.064s] [ 92%] Built target downloadUSDLogfile
[14.158s] [ 95%] [32m[1mLinking CXX executable setParam[0m
[14.386s] [ 95%] Built target setParam
[20.221s] [ 97%] [32m[1mLinking CXX executable teleop[0m
[21.014s] [ 97%] Built target teleop
[39.724s] [100%] [32m[1mLinking CXX executable crazyflie_server[0m
[42.038s] [100%] Built target crazyflie_server
[42.050s] Invoked command in '/home/yanyew/Multi-Drone-SLAM-and-Merge-Map/build/crazyflie' returned '0': AMENT_PREFIX_PATH=/home/yanyew/Multi-Drone-SLAM-and-Merge-Map/install/crazyflie_interfaces:${AMENT_PREFIX_PATH} CMAKE_PREFIX_PATH=/home/yanyew/Multi-Drone-SLAM-and-Merge-Map/install/crazyflie_interfaces:/home/yanyew/mapping/install/crazyflie_ros2_multiranger_bringup:/home/yanyew/mapping/install/ros_gz_crazyflie_bringup:/home/yanyew/mapping/install/ros_gz_crazyflie_gazebo:/home/yanyew/mapping/install/crazyflie_sim:/home/yanyew/mapping/install/crazyflie_examples:/home/yanyew/mapping/install/crazyflie:/home/yanyew/mapping/install/crazyflie_interfaces:/home/yanyew/mapping/install/ros_gz_crazyflie_control:/home/yanyew/mapping/install/merge_map:/home/yanyew/mapping/install/crazyflie_ros2_multiranger_wall_following:/home/yanyew/mapping/install/crazyflie_ros2_multiranger_simple_mapper:/home/yanyew/mapping/install/crazyflie_py:/home/yanyew/mapping/install/crazyflie_launch:/opt/ros/humble LD_LIBRARY_PATH=/home/yanyew/Multi-Drone-SLAM-and-Merge-Map/install/crazyflie_interfaces/lib:/home/yanyew/mapping/install/crazyflie_interfaces/lib:/usr/lib/x86_64-linux-gnu/gazebo-11/plugins:/opt/ros/humble/opt/rviz_ogre_vendor/lib:/opt/ros/humble/lib/x86_64-linux-gnu:/opt/ros/humble/lib:/usr/lib/x86_64-linux-gnu/gazebo-11/plugins PYTHONPATH=/home/yanyew/Multi-Drone-SLAM-and-Merge-Map/install/crazyflie_interfaces/local/lib/python3.10/dist-packages:${PYTHONPATH} /usr/bin/cmake --build /home/yanyew/Multi-Drone-SLAM-and-Merge-Map/build/crazyflie -- -j12 -l12
[42.052s] Invoking command in '/home/yanyew/Multi-Drone-SLAM-and-Merge-Map/build/crazyflie': AMENT_PREFIX_PATH=/home/yanyew/Multi-Drone-SLAM-and-Merge-Map/install/crazyflie_interfaces:${AMENT_PREFIX_PATH} CMAKE_PREFIX_PATH=/home/yanyew/Multi-Drone-SLAM-and-Merge-Map/install/crazyflie_interfaces:/home/yanyew/mapping/install/crazyflie_ros2_multiranger_bringup:/home/yanyew/mapping/install/ros_gz_crazyflie_bringup:/home/yanyew/mapping/install/ros_gz_crazyflie_gazebo:/home/yanyew/mapping/install/crazyflie_sim:/home/yanyew/mapping/install/crazyflie_examples:/home/yanyew/mapping/install/crazyflie:/home/yanyew/mapping/install/crazyflie_interfaces:/home/yanyew/mapping/install/ros_gz_crazyflie_control:/home/yanyew/mapping/install/merge_map:/home/yanyew/mapping/install/crazyflie_ros2_multiranger_wall_following:/home/yanyew/mapping/install/crazyflie_ros2_multiranger_simple_mapper:/home/yanyew/mapping/install/crazyflie_py:/home/yanyew/mapping/install/crazyflie_launch:/opt/ros/humble LD_LIBRARY_PATH=/home/yanyew/Multi-Drone-SLAM-and-Merge-Map/install/crazyflie_interfaces/lib:/home/yanyew/mapping/install/crazyflie_interfaces/lib:/usr/lib/x86_64-linux-gnu/gazebo-11/plugins:/opt/ros/humble/opt/rviz_ogre_vendor/lib:/opt/ros/humble/lib/x86_64-linux-gnu:/opt/ros/humble/lib:/usr/lib/x86_64-linux-gnu/gazebo-11/plugins PYTHONPATH=/home/yanyew/Multi-Drone-SLAM-and-Merge-Map/install/crazyflie_interfaces/local/lib/python3.10/dist-packages:${PYTHONPATH} /usr/bin/cmake --install /home/yanyew/Multi-Drone-SLAM-and-Merge-Map/build/crazyflie
[42.058s] -- Install configuration: ""
[42.058s] -- Installing: /home/yanyew/Multi-Drone-SLAM-and-Merge-Map/install/crazyflie/lib/crazyflie/comCheck
[42.060s] -- Installing: /home/yanyew/Multi-Drone-SLAM-and-Merge-Map/install/crazyflie/lib/crazyflie/scan
[42.061s] -- Installing: /home/yanyew/Multi-Drone-SLAM-and-Merge-Map/install/crazyflie/lib/crazyflie/listParams
[42.062s] -- Installing: /home/yanyew/Multi-Drone-SLAM-and-Merge-Map/install/crazyflie/lib/crazyflie/listLogVariables
[42.064s] -- Installing: /home/yanyew/Multi-Drone-SLAM-and-Merge-Map/install/crazyflie/lib/crazyflie/listMemories
[42.065s] -- Installing: /home/yanyew/Multi-Drone-SLAM-and-Merge-Map/install/crazyflie/lib/crazyflie/reboot
[42.067s] -- Installing: /home/yanyew/Multi-Drone-SLAM-and-Merge-Map/install/crazyflie/lib/crazyflie/battery
[42.068s] -- Installing: /home/yanyew/Multi-Drone-SLAM-and-Merge-Map/install/crazyflie/lib/crazyflie/version
[42.069s] -- Installing: /home/yanyew/Multi-Drone-SLAM-and-Merge-Map/install/crazyflie/lib/crazyflie/console
[42.071s] -- Installing: /home/yanyew/Multi-Drone-SLAM-and-Merge-Map/install/crazyflie/lib/crazyflie/log
[42.072s] -- Installing: /home/yanyew/Multi-Drone-SLAM-and-Merge-Map/install/crazyflie/lib/crazyflie/setParam
[42.073s] -- Installing: /home/yanyew/Multi-Drone-SLAM-and-Merge-Map/install/crazyflie/lib/crazyflie/downloadUSDLogfile
[42.075s] -- Installing: /home/yanyew/Multi-Drone-SLAM-and-Merge-Map/install/crazyflie/lib/crazyflie/teleop
[42.080s] -- Set runtime path of "/home/yanyew/Multi-Drone-SLAM-and-Merge-Map/install/crazyflie/lib/crazyflie/teleop" to ""
[42.080s] -- Installing: /home/yanyew/Multi-Drone-SLAM-and-Merge-Map/install/crazyflie/lib/crazyflie/crazyflie_server
[42.092s] -- Set runtime path of "/home/yanyew/Multi-Drone-SLAM-and-Merge-Map/install/crazyflie/lib/crazyflie/crazyflie_server" to ""
[42.093s] -- Installing: /home/yanyew/Multi-Drone-SLAM-and-Merge-Map/install/crazyflie/lib/crazyflie/crazyflie_server.py
[42.093s] -- Installing: /home/yanyew/Multi-Drone-SLAM-and-Merge-Map/install/crazyflie/lib/crazyflie/chooser.py
[42.093s] -- Installing: /home/yanyew/Multi-Drone-SLAM-and-Merge-Map/install/crazyflie/lib/crazyflie/vel_mux.py
[42.093s] -- Installing: /home/yanyew/Multi-Drone-SLAM-and-Merge-Map/install/crazyflie/lib/crazyflie/cfmult.py
[42.093s] -- Installing: /home/yanyew/Multi-Drone-SLAM-and-Merge-Map/install/crazyflie/lib/crazyflie/simple_mapper_multiranger.py
[42.093s] -- Installing: /home/yanyew/Multi-Drone-SLAM-and-Merge-Map/install/crazyflie/lib/crazyflie/aideck_streamer.py
[42.093s] -- Installing: /home/yanyew/Multi-Drone-SLAM-and-Merge-Map/install/crazyflie/lib/crazyflie/gui.py
[42.093s] -- Installing: /home/yanyew/Multi-Drone-SLAM-and-Merge-Map/install/crazyflie/lib/crazyflie/flash.py
[42.093s] -- Installing: /home/yanyew/Multi-Drone-SLAM-and-Merge-Map/install/crazyflie/share/crazyflie//launch
[42.093s] -- Installing: /home/yanyew/Multi-Drone-SLAM-and-Merge-Map/install/crazyflie/share/crazyflie//launch/launch_teleop2.py
[42.094s] -- Installing: /home/yanyew/Multi-Drone-SLAM-and-Merge-Map/install/crazyflie/share/crazyflie//launch/launch(Feb 13).py
[42.094s] -- Installing: /home/yanyew/Multi-Drone-SLAM-and-Merge-Map/install/crazyflie/share/crazyflie//launch/default_swarm_map.launch.py
[42.094s] -- Installing: /home/yanyew/Multi-Drone-SLAM-and-Merge-Map/install/crazyflie/share/crazyflie//launch/launch.py
[42.094s] -- Installing: /home/yanyew/Multi-Drone-SLAM-and-Merge-Map/install/crazyflie/share/crazyflie//launch/teleop_launch.py
[42.094s] -- Installing: /home/yanyew/Multi-Drone-SLAM-and-Merge-Map/install/crazyflie/share/crazyflie//launch/swarm_mapping.launch.py
[42.094s] -- Installing: /home/yanyew/Multi-Drone-SLAM-and-Merge-Map/install/crazyflie/share/crazyflie//config
[42.094s] -- Installing: /home/yanyew/Multi-Drone-SLAM-and-Merge-Map/install/crazyflie/share/crazyflie//config/aideck_streamer.yaml
[42.094s] -- Installing: /home/yanyew/Multi-Drone-SLAM-and-Merge-Map/install/crazyflie/share/crazyflie//config/config.rviz
[42.094s] -- Installing: /home/yanyew/Multi-Drone-SLAM-and-Merge-Map/install/crazyflie/share/crazyflie//config/crazyflies.yaml
[42.094s] -- Installing: /home/yanyew/Multi-Drone-SLAM-and-Merge-Map/install/crazyflie/share/crazyflie//config/teleop.yaml
[42.094s] -- Installing: /home/yanyew/Multi-Drone-SLAM-and-Merge-Map/install/crazyflie/share/crazyflie//config/server.yaml
[42.094s] -- Installing: /home/yanyew/Multi-Drone-SLAM-and-Merge-Map/install/crazyflie/share/crazyflie//config/config copy.rviz
[42.094s] -- Installing: /home/yanyew/Multi-Drone-SLAM-and-Merge-Map/install/crazyflie/share/crazyflie//config/motion_capture.yaml
[42.094s] -- Installing: /home/yanyew/Multi-Drone-SLAM-and-Merge-Map/install/crazyflie/share/crazyflie//urdf
[42.094s] -- Installing: /home/yanyew/Multi-Drone-SLAM-and-Merge-Map/install/crazyflie/share/crazyflie//urdf/cf2_assembly_with_props.dae
[42.095s] -- Installing: /home/yanyew/Multi-Drone-SLAM-and-Merge-Map/install/crazyflie/share/crazyflie//urdf/crazyflie_description.urdf
[42.095s] -- Installing: /home/yanyew/Multi-Drone-SLAM-and-Merge-Map/install/crazyflie/share/crazyflie//urdf/cf2_assembly.stl
[42.095s] -- Installing: /home/yanyew/Multi-Drone-SLAM-and-Merge-Map/install/crazyflie/share/ament_index/resource_index/package_run_dependencies/crazyflie
[42.095s] -- Installing: /home/yanyew/Multi-Drone-SLAM-and-Merge-Map/install/crazyflie/share/ament_index/resource_index/parent_prefix_path/crazyflie
[42.095s] -- Installing: /home/yanyew/Multi-Drone-SLAM-and-Merge-Map/install/crazyflie/share/crazyflie/environment/ament_prefix_path.sh
[42.095s] -- Installing: /home/yanyew/Multi-Drone-SLAM-and-Merge-Map/install/crazyflie/share/crazyflie/environment/ament_prefix_path.dsv
[42.095s] -- Installing: /home/yanyew/Multi-Drone-SLAM-and-Merge-Map/install/crazyflie/share/crazyflie/environment/path.sh
[42.095s] -- Installing: /home/yanyew/Multi-Drone-SLAM-and-Merge-Map/install/crazyflie/share/crazyflie/environment/path.dsv
[42.096s] -- Installing: /home/yanyew/Multi-Drone-SLAM-and-Merge-Map/install/crazyflie/share/crazyflie/local_setup.bash
[42.096s] -- Installing: /home/yanyew/Multi-Drone-SLAM-and-Merge-Map/install/crazyflie/share/crazyflie/local_setup.sh
[42.096s] -- Installing: /home/yanyew/Multi-Drone-SLAM-and-Merge-Map/install/crazyflie/share/crazyflie/local_setup.zsh
[42.096s] -- Installing: /home/yanyew/Multi-Drone-SLAM-and-Merge-Map/install/crazyflie/share/crazyflie/local_setup.dsv
[42.096s] -- Installing: /home/yanyew/Multi-Drone-SLAM-and-Merge-Map/install/crazyflie/share/crazyflie/package.dsv
[42.096s] -- Installing: /home/yanyew/Multi-Drone-SLAM-and-Merge-Map/install/crazyflie/share/ament_index/resource_index/packages/crazyflie
[42.096s] -- Installing: /home/yanyew/Multi-Drone-SLAM-and-Merge-Map/install/crazyflie/share/crazyflie/cmake/crazyflieConfig.cmake
[42.096s] -- Installing: /home/yanyew/Multi-Drone-SLAM-and-Merge-Map/install/crazyflie/share/crazyflie/cmake/crazyflieConfig-version.cmake
[42.097s] -- Installing: /home/yanyew/Multi-Drone-SLAM-and-Merge-Map/install/crazyflie/share/crazyflie/package.xml
[42.100s] Invoked command in '/home/yanyew/Multi-Drone-SLAM-and-Merge-Map/build/crazyflie' returned '0': AMENT_PREFIX_PATH=/home/yanyew/Multi-Drone-SLAM-and-Merge-Map/install/crazyflie_interfaces:${AMENT_PREFIX_PATH} CMAKE_PREFIX_PATH=/home/yanyew/Multi-Drone-SLAM-and-Merge-Map/install/crazyflie_interfaces:/home/yanyew/mapping/install/crazyflie_ros2_multiranger_bringup:/home/yanyew/mapping/install/ros_gz_crazyflie_bringup:/home/yanyew/mapping/install/ros_gz_crazyflie_gazebo:/home/yanyew/mapping/install/crazyflie_sim:/home/yanyew/mapping/install/crazyflie_examples:/home/yanyew/mapping/install/crazyflie:/home/yanyew/mapping/install/crazyflie_interfaces:/home/yanyew/mapping/install/ros_gz_crazyflie_control:/home/yanyew/mapping/install/merge_map:/home/yanyew/mapping/install/crazyflie_ros2_multiranger_wall_following:/home/yanyew/mapping/install/crazyflie_ros2_multiranger_simple_mapper:/home/yanyew/mapping/install/crazyflie_py:/home/yanyew/mapping/install/crazyflie_launch:/opt/ros/humble LD_LIBRARY_PATH=/home/yanyew/Multi-Drone-SLAM-and-Merge-Map/install/crazyflie_interfaces/lib:/home/yanyew/mapping/install/crazyflie_interfaces/lib:/usr/lib/x86_64-linux-gnu/gazebo-11/plugins:/opt/ros/humble/opt/rviz_ogre_vendor/lib:/opt/ros/humble/lib/x86_64-linux-gnu:/opt/ros/humble/lib:/usr/lib/x86_64-linux-gnu/gazebo-11/plugins PYTHONPATH=/home/yanyew/Multi-Drone-SLAM-and-Merge-Map/install/crazyflie_interfaces/local/lib/python3.10/dist-packages:${PYTHONPATH} /usr/bin/cmake --install /home/yanyew/Multi-Drone-SLAM-and-Merge-Map/build/crazyflie
