[2.473s] Invoking command in '/home/yanyew/mapping/src/merge_map': PYTHONPATH=/home/yanyew/mapping/build/merge_map/prefix_override:/usr/lib/python3/dist-packages/colcon_core/task/python/colcon_distutils_commands:/home/yanyew/mapping/install/merge_map/lib/python3.10/site-packages:${PYTHONPATH} /usr/bin/python3 -W ignore:setup.py install is deprecated -W ignore:easy_install command is deprecated setup.py egg_info --egg-base ../../build/merge_map build --build-base /home/yanyew/mapping/build/merge_map/build install --record /home/yanyew/mapping/build/merge_map/install.log --single-version-externally-managed install_data
[2.957s] running egg_info
[2.958s] writing ../../build/merge_map/merge_map.egg-info/PKG-INFO
[2.959s] writing dependency_links to ../../build/merge_map/merge_map.egg-info/dependency_links.txt
[2.959s] writing entry points to ../../build/merge_map/merge_map.egg-info/entry_points.txt
[2.959s] writing requirements to ../../build/merge_map/merge_map.egg-info/requires.txt
[2.960s] writing top-level names to ../../build/merge_map/merge_map.egg-info/top_level.txt
[2.963s] reading manifest file '../../build/merge_map/merge_map.egg-info/SOURCES.txt'
[2.964s] writing manifest file '../../build/merge_map/merge_map.egg-info/SOURCES.txt'
[2.964s] running build
[2.964s] running build_py
[2.964s] running install
[2.965s] running install_lib
[2.967s] running install_data
[2.968s] running install_egg_info
[2.971s] removing '/home/yanyew/mapping/install/merge_map/lib/python3.10/site-packages/merge_map-0.0.0-py3.10.egg-info' (and everything under it)
[2.971s] Copying ../../build/merge_map/merge_map.egg-info to /home/yanyew/mapping/install/merge_map/lib/python3.10/site-packages/merge_map-0.0.0-py3.10.egg-info
[2.972s] running install_scripts
[3.009s] Installing merge_map script to /home/yanyew/mapping/install/merge_map/lib/merge_map
[3.010s] writing list of installed files to '/home/yanyew/mapping/build/merge_map/install.log'
[3.057s] Invoked command in '/home/yanyew/mapping/src/merge_map' returned '0': PYTHONPATH=/home/yanyew/mapping/build/merge_map/prefix_override:/usr/lib/python3/dist-packages/colcon_core/task/python/colcon_distutils_commands:/home/yanyew/mapping/install/merge_map/lib/python3.10/site-packages:${PYTHONPATH} /usr/bin/python3 -W ignore:setup.py install is deprecated -W ignore:easy_install command is deprecated setup.py egg_info --egg-base ../../build/merge_map build --build-base /home/yanyew/mapping/build/merge_map/build install --record /home/yanyew/mapping/build/merge_map/install.log --single-version-externally-managed install_data
