[3.995s] Invoking command in '/home/yanyew/mapping/src/merge_map': PYTHONPATH=/home/yanyew/mapping/build/merge_map/prefix_override:/usr/lib/python3/dist-packages/colcon_core/task/python/colcon_distutils_commands:/home/yanyew/mapping/install/merge_map/lib/python3.10/site-packages:${PYTHONPATH} /usr/bin/python3 -W ignore:setup.py install is deprecated -W ignore:easy_install command is deprecated setup.py egg_info --egg-base ../../build/merge_map build --build-base /home/yanyew/mapping/build/merge_map/build install --record /home/yanyew/mapping/build/merge_map/install.log --single-version-externally-managed install_data
[4.864s] running egg_info
[4.866s] writing ../../build/merge_map/merge_map.egg-info/PKG-INFO
[4.867s] writing dependency_links to ../../build/merge_map/merge_map.egg-info/dependency_links.txt
[4.867s] writing entry points to ../../build/merge_map/merge_map.egg-info/entry_points.txt
[4.867s] writing requirements to ../../build/merge_map/merge_map.egg-info/requires.txt
[4.868s] writing top-level names to ../../build/merge_map/merge_map.egg-info/top_level.txt
[4.874s] reading manifest file '../../build/merge_map/merge_map.egg-info/SOURCES.txt'
[4.877s] writing manifest file '../../build/merge_map/merge_map.egg-info/SOURCES.txt'
[4.878s] running build
[4.879s] running build_py
[4.879s] running install
[4.879s] running install_lib
[4.884s] running install_data
[4.884s] running install_egg_info
[4.893s] removing '/home/yanyew/mapping/install/merge_map/lib/python3.10/site-packages/merge_map-0.0.0-py3.10.egg-info' (and everything under it)
[4.894s] Copying ../../build/merge_map/merge_map.egg-info to /home/yanyew/mapping/install/merge_map/lib/python3.10/site-packages/merge_map-0.0.0-py3.10.egg-info
[4.894s] running install_scripts
[4.953s] Installing merge_map script to /home/yanyew/mapping/install/merge_map/lib/merge_map
[4.954s] writing list of installed files to '/home/yanyew/mapping/build/merge_map/install.log'
[5.065s] Invoked command in '/home/yanyew/mapping/src/merge_map' returned '0': PYTHONPATH=/home/yanyew/mapping/build/merge_map/prefix_override:/usr/lib/python3/dist-packages/colcon_core/task/python/colcon_distutils_commands:/home/yanyew/mapping/install/merge_map/lib/python3.10/site-packages:${PYTHONPATH} /usr/bin/python3 -W ignore:setup.py install is deprecated -W ignore:easy_install command is deprecated setup.py egg_info --egg-base ../../build/merge_map build --build-base /home/yanyew/mapping/build/merge_map/build install --record /home/yanyew/mapping/build/merge_map/install.log --single-version-externally-managed install_data
