[0.008s] Invoking command in '/home/yanyew/mapping/build/crazyflie_examples': AMENT_PREFIX_PATH=/home/yanyew/mapping/install/crazyflie_py:/home/yanyew/mapping/install/crazyflie_interfaces:${AMENT_PREFIX_PATH} CMAKE_PREFIX_PATH=/home/yanyew/mapping/install/crazyflie_interfaces:/opt/ros/humble LD_LIBRARY_PATH=/home/yanyew/mapping/install/crazyflie_interfaces/lib:/usr/lib/x86_64-linux-gnu/gazebo-11/plugins:/opt/ros/humble/opt/rviz_ogre_vendor/lib:/opt/ros/humble/lib/x86_64-linux-gnu:/opt/ros/humble/lib:/usr/lib/x86_64-linux-gnu/gazebo-11/plugins PYTHONPATH=/home/yanyew/mapping/install/crazyflie_py/lib/python3.10/site-packages:/home/yanyew/mapping/install/crazyflie_interfaces/local/lib/python3.10/dist-packages:${PYTHONPATH} /usr/bin/cmake --build /home/yanyew/mapping/build/crazyflie_examples -- -j12 -l12
[0.053s] Built target ament_cmake_python_copy_crazyflie_examples_setup
[0.053s] Built target ament_cmake_python_copy_crazyflie_examples
[0.332s] running egg_info
[0.333s] writing crazyflie_examples.egg-info/PKG-INFO
[0.333s] writing dependency_links to crazyflie_examples.egg-info/dependency_links.txt
[0.333s] writing entry points to crazyflie_examples.egg-info/entry_points.txt
[0.333s] writing top-level names to crazyflie_examples.egg-info/top_level.txt
[0.335s] reading manifest file 'crazyflie_examples.egg-info/SOURCES.txt'
[0.336s] writing manifest file 'crazyflie_examples.egg-info/SOURCES.txt'
[0.340s] running install_scripts
[0.342s] /usr/lib/python3/dist-packages/setuptools/command/install.py:34: SetuptoolsDeprecationWarning: setup.py install is deprecated. Use build and pip and other standards-based tools.
[0.342s]   warnings.warn(
[0.360s] Built target ament_cmake_python_build_crazyflie_examples_egg
[0.364s] running egg_info
[0.365s] writing crazyflie_examples.egg-info/PKG-INFO
[0.365s] writing dependency_links to crazyflie_examples.egg-info/dependency_links.txt
[0.365s] writing entry points to crazyflie_examples.egg-info/entry_points.txt
[0.365s] writing top-level names to crazyflie_examples.egg-info/top_level.txt
[0.367s] reading manifest file 'crazyflie_examples.egg-info/SOURCES.txt'
[0.368s] writing manifest file 'crazyflie_examples.egg-info/SOURCES.txt'
[0.369s] Installing arming script to scripts
[0.369s] Installing cmd_full_state script to scripts
[0.370s] Installing figure8 script to scripts
[0.370s] Installing group_mask script to scripts
[0.370s] Installing hello_world script to scripts
[0.370s] Installing infinite_flight script to scripts
[0.370s] Installing multi_trajectory script to scripts
[0.370s] Installing nice_hover script to scripts
[0.371s] Installing set_param script to scripts
[0.371s] Installing swap script to scripts
[0.397s] Built target ament_cmake_python_build_crazyflie_examples_scripts
[0.406s] Invoked command in '/home/yanyew/mapping/build/crazyflie_examples' returned '0': AMENT_PREFIX_PATH=/home/yanyew/mapping/install/crazyflie_py:/home/yanyew/mapping/install/crazyflie_interfaces:${AMENT_PREFIX_PATH} CMAKE_PREFIX_PATH=/home/yanyew/mapping/install/crazyflie_interfaces:/opt/ros/humble LD_LIBRARY_PATH=/home/yanyew/mapping/install/crazyflie_interfaces/lib:/usr/lib/x86_64-linux-gnu/gazebo-11/plugins:/opt/ros/humble/opt/rviz_ogre_vendor/lib:/opt/ros/humble/lib/x86_64-linux-gnu:/opt/ros/humble/lib:/usr/lib/x86_64-linux-gnu/gazebo-11/plugins PYTHONPATH=/home/yanyew/mapping/install/crazyflie_py/lib/python3.10/site-packages:/home/yanyew/mapping/install/crazyflie_interfaces/local/lib/python3.10/dist-packages:${PYTHONPATH} /usr/bin/cmake --build /home/yanyew/mapping/build/crazyflie_examples -- -j12 -l12
[0.408s] Invoking command in '/home/yanyew/mapping/build/crazyflie_examples': AMENT_PREFIX_PATH=/home/yanyew/mapping/install/crazyflie_py:/home/yanyew/mapping/install/crazyflie_interfaces:${AMENT_PREFIX_PATH} CMAKE_PREFIX_PATH=/home/yanyew/mapping/install/crazyflie_interfaces:/opt/ros/humble LD_LIBRARY_PATH=/home/yanyew/mapping/install/crazyflie_interfaces/lib:/usr/lib/x86_64-linux-gnu/gazebo-11/plugins:/opt/ros/humble/opt/rviz_ogre_vendor/lib:/opt/ros/humble/lib/x86_64-linux-gnu:/opt/ros/humble/lib:/usr/lib/x86_64-linux-gnu/gazebo-11/plugins PYTHONPATH=/home/yanyew/mapping/install/crazyflie_py/lib/python3.10/site-packages:/home/yanyew/mapping/install/crazyflie_interfaces/local/lib/python3.10/dist-packages:${PYTHONPATH} /usr/bin/cmake --install /home/yanyew/mapping/build/crazyflie_examples
[0.415s] -- Install configuration: ""
[0.415s] -- Up-to-date: /home/yanyew/mapping/install/crazyflie_examples/share/crazyflie_examples/environment/pythonpath.sh
[0.415s] -- Up-to-date: /home/yanyew/mapping/install/crazyflie_examples/share/crazyflie_examples/environment/pythonpath.dsv
[0.415s] -- Up-to-date: /home/yanyew/mapping/install/crazyflie_examples/local/lib/python3.10/dist-packages/crazyflie_examples-2.0.0-py3.10.egg-info
[0.415s] -- Installing: /home/yanyew/mapping/install/crazyflie_examples/local/lib/python3.10/dist-packages/crazyflie_examples-2.0.0-py3.10.egg-info/PKG-INFO
[0.415s] -- Installing: /home/yanyew/mapping/install/crazyflie_examples/local/lib/python3.10/dist-packages/crazyflie_examples-2.0.0-py3.10.egg-info/top_level.txt
[0.415s] -- Installing: /home/yanyew/mapping/install/crazyflie_examples/local/lib/python3.10/dist-packages/crazyflie_examples-2.0.0-py3.10.egg-info/entry_points.txt
[0.415s] -- Installing: /home/yanyew/mapping/install/crazyflie_examples/local/lib/python3.10/dist-packages/crazyflie_examples-2.0.0-py3.10.egg-info/dependency_links.txt
[0.415s] -- Installing: /home/yanyew/mapping/install/crazyflie_examples/local/lib/python3.10/dist-packages/crazyflie_examples-2.0.0-py3.10.egg-info/SOURCES.txt
[0.415s] -- Up-to-date: /home/yanyew/mapping/install/crazyflie_examples/lib/crazyflie_examples/
[0.415s] -- Installing: /home/yanyew/mapping/install/crazyflie_examples/lib/crazyflie_examples//swap
[0.415s] -- Installing: /home/yanyew/mapping/install/crazyflie_examples/lib/crazyflie_examples//nice_hover
[0.416s] -- Installing: /home/yanyew/mapping/install/crazyflie_examples/lib/crazyflie_examples//set_param
[0.416s] -- Installing: /home/yanyew/mapping/install/crazyflie_examples/lib/crazyflie_examples//figure8
[0.416s] -- Installing: /home/yanyew/mapping/install/crazyflie_examples/lib/crazyflie_examples//cmd_full_state
[0.416s] -- Installing: /home/yanyew/mapping/install/crazyflie_examples/lib/crazyflie_examples//group_mask
[0.416s] -- Installing: /home/yanyew/mapping/install/crazyflie_examples/lib/crazyflie_examples//arming
[0.416s] -- Installing: /home/yanyew/mapping/install/crazyflie_examples/lib/crazyflie_examples//hello_world
[0.416s] -- Installing: /home/yanyew/mapping/install/crazyflie_examples/lib/crazyflie_examples//multi_trajectory
[0.416s] -- Installing: /home/yanyew/mapping/install/crazyflie_examples/lib/crazyflie_examples//infinite_flight
[0.416s] -- Up-to-date: /home/yanyew/mapping/install/crazyflie_examples/local/lib/python3.10/dist-packages/crazyflie_examples
[0.416s] -- Up-to-date: /home/yanyew/mapping/install/crazyflie_examples/local/lib/python3.10/dist-packages/crazyflie_examples/group_mask.py
[0.416s] -- Up-to-date: /home/yanyew/mapping/install/crazyflie_examples/local/lib/python3.10/dist-packages/crazyflie_examples/multi_trajectory.py
[0.417s] -- Up-to-date: /home/yanyew/mapping/install/crazyflie_examples/local/lib/python3.10/dist-packages/crazyflie_examples/figure8.py
[0.417s] -- Up-to-date: /home/yanyew/mapping/install/crazyflie_examples/local/lib/python3.10/dist-packages/crazyflie_examples/set_param.py
[0.417s] -- Up-to-date: /home/yanyew/mapping/install/crazyflie_examples/local/lib/python3.10/dist-packages/crazyflie_examples/__init__.py
[0.417s] -- Up-to-date: /home/yanyew/mapping/install/crazyflie_examples/local/lib/python3.10/dist-packages/crazyflie_examples/swap.py
[0.417s] -- Up-to-date: /home/yanyew/mapping/install/crazyflie_examples/local/lib/python3.10/dist-packages/crazyflie_examples/infinite_flight.py
[0.417s] -- Up-to-date: /home/yanyew/mapping/install/crazyflie_examples/local/lib/python3.10/dist-packages/crazyflie_examples/data
[0.417s] -- Up-to-date: /home/yanyew/mapping/install/crazyflie_examples/local/lib/python3.10/dist-packages/crazyflie_examples/data/multi_trajectory
[0.417s] -- Up-to-date: /home/yanyew/mapping/install/crazyflie_examples/local/lib/python3.10/dist-packages/crazyflie_examples/data/multi_trajectory/traj0.csv
[0.417s] -- Up-to-date: /home/yanyew/mapping/install/crazyflie_examples/local/lib/python3.10/dist-packages/crazyflie_examples/data/multi_trajectory/traj1.csv
[0.417s] -- Up-to-date: /home/yanyew/mapping/install/crazyflie_examples/local/lib/python3.10/dist-packages/crazyflie_examples/data/figure8.csv
[0.417s] -- Up-to-date: /home/yanyew/mapping/install/crazyflie_examples/local/lib/python3.10/dist-packages/crazyflie_examples/cmd_full_state.py
[0.417s] -- Up-to-date: /home/yanyew/mapping/install/crazyflie_examples/local/lib/python3.10/dist-packages/crazyflie_examples/arming.py
[0.417s] -- Up-to-date: /home/yanyew/mapping/install/crazyflie_examples/local/lib/python3.10/dist-packages/crazyflie_examples/nice_hover.py
[0.417s] -- Up-to-date: /home/yanyew/mapping/install/crazyflie_examples/local/lib/python3.10/dist-packages/crazyflie_examples/hello_world.py
[0.450s] Listing '/home/yanyew/mapping/install/crazyflie_examples/local/lib/python3.10/dist-packages/crazyflie_examples'...
[0.450s] Listing '/home/yanyew/mapping/install/crazyflie_examples/local/lib/python3.10/dist-packages/crazyflie_examples/data'...
[0.450s] Listing '/home/yanyew/mapping/install/crazyflie_examples/local/lib/python3.10/dist-packages/crazyflie_examples/data/multi_trajectory'...
[0.454s] -- Up-to-date: /home/yanyew/mapping/install/crazyflie_examples/share/crazyflie_examples//config
[0.454s] -- Up-to-date: /home/yanyew/mapping/install/crazyflie_examples/share/crazyflie_examples//config/nav2_view.rviz
[0.454s] -- Up-to-date: /home/yanyew/mapping/install/crazyflie_examples/share/crazyflie_examples//config/nav2_params.yaml
[0.454s] -- Up-to-date: /home/yanyew/mapping/install/crazyflie_examples/share/crazyflie_examples//data
[0.454s] -- Up-to-date: /home/yanyew/mapping/install/crazyflie_examples/share/crazyflie_examples//data/map.posegraph
[0.454s] -- Up-to-date: /home/yanyew/mapping/install/crazyflie_examples/share/crazyflie_examples//data/map.yaml
[0.454s] -- Up-to-date: /home/yanyew/mapping/install/crazyflie_examples/share/crazyflie_examples//data/map.data
[0.454s] -- Up-to-date: /home/yanyew/mapping/install/crazyflie_examples/share/crazyflie_examples//data/map.pgm
[0.454s] -- Up-to-date: /home/yanyew/mapping/install/crazyflie_examples/share/crazyflie_examples//launch
[0.455s] -- Up-to-date: /home/yanyew/mapping/install/crazyflie_examples/share/crazyflie_examples//launch/multiranger_nav2_launch.py
[0.455s] -- Up-to-date: /home/yanyew/mapping/install/crazyflie_examples/share/crazyflie_examples//launch/multiranger_simple_mapper_launch.py
[0.455s] -- Up-to-date: /home/yanyew/mapping/install/crazyflie_examples/share/crazyflie_examples//launch/keyboard_velmux_launch.py
[0.455s] -- Up-to-date: /home/yanyew/mapping/install/crazyflie_examples/share/crazyflie_examples//launch/launch.py
[0.455s] -- Up-to-date: /home/yanyew/mapping/install/crazyflie_examples/share/crazyflie_examples//launch/multiranger_mapping_launch.py
[0.455s] -- Up-to-date: /home/yanyew/mapping/install/crazyflie_examples/share/ament_index/resource_index/package_run_dependencies/crazyflie_examples
[0.455s] -- Up-to-date: /home/yanyew/mapping/install/crazyflie_examples/share/ament_index/resource_index/parent_prefix_path/crazyflie_examples
[0.455s] -- Up-to-date: /home/yanyew/mapping/install/crazyflie_examples/share/crazyflie_examples/environment/ament_prefix_path.sh
[0.455s] -- Up-to-date: /home/yanyew/mapping/install/crazyflie_examples/share/crazyflie_examples/environment/ament_prefix_path.dsv
[0.455s] -- Up-to-date: /home/yanyew/mapping/install/crazyflie_examples/share/crazyflie_examples/environment/path.sh
[0.455s] -- Up-to-date: /home/yanyew/mapping/install/crazyflie_examples/share/crazyflie_examples/environment/path.dsv
[0.455s] -- Up-to-date: /home/yanyew/mapping/install/crazyflie_examples/share/crazyflie_examples/local_setup.bash
[0.455s] -- Up-to-date: /home/yanyew/mapping/install/crazyflie_examples/share/crazyflie_examples/local_setup.sh
[0.455s] -- Up-to-date: /home/yanyew/mapping/install/crazyflie_examples/share/crazyflie_examples/local_setup.zsh
[0.455s] -- Up-to-date: /home/yanyew/mapping/install/crazyflie_examples/share/crazyflie_examples/local_setup.dsv
[0.455s] -- Installing: /home/yanyew/mapping/install/crazyflie_examples/share/crazyflie_examples/package.dsv
[0.455s] -- Up-to-date: /home/yanyew/mapping/install/crazyflie_examples/share/ament_index/resource_index/packages/crazyflie_examples
[0.455s] -- Up-to-date: /home/yanyew/mapping/install/crazyflie_examples/share/crazyflie_examples/cmake/crazyflie_examplesConfig.cmake
[0.456s] -- Up-to-date: /home/yanyew/mapping/install/crazyflie_examples/share/crazyflie_examples/cmake/crazyflie_examplesConfig-version.cmake
[0.456s] -- Up-to-date: /home/yanyew/mapping/install/crazyflie_examples/share/crazyflie_examples/package.xml
[0.457s] Invoked command in '/home/yanyew/mapping/build/crazyflie_examples' returned '0': AMENT_PREFIX_PATH=/home/yanyew/mapping/install/crazyflie_py:/home/yanyew/mapping/install/crazyflie_interfaces:${AMENT_PREFIX_PATH} CMAKE_PREFIX_PATH=/home/yanyew/mapping/install/crazyflie_interfaces:/opt/ros/humble LD_LIBRARY_PATH=/home/yanyew/mapping/install/crazyflie_interfaces/lib:/usr/lib/x86_64-linux-gnu/gazebo-11/plugins:/opt/ros/humble/opt/rviz_ogre_vendor/lib:/opt/ros/humble/lib/x86_64-linux-gnu:/opt/ros/humble/lib:/usr/lib/x86_64-linux-gnu/gazebo-11/plugins PYTHONPATH=/home/yanyew/mapping/install/crazyflie_py/lib/python3.10/site-packages:/home/yanyew/mapping/install/crazyflie_interfaces/local/lib/python3.10/dist-packages:${PYTHONPATH} /usr/bin/cmake --install /home/yanyew/mapping/build/crazyflie_examples
