[3.039s] Invoking command in '/home/yanyew/mapping/src/crazyflie_ros2_multiranger/crazyflie_ros2_multiranger_simple_mapper': PYTHONPATH=/home/yanyew/mapping/build/crazyflie_ros2_multiranger_simple_mapper/prefix_override:/usr/lib/python3/dist-packages/colcon_core/task/python/colcon_distutils_commands:/home/yanyew/mapping/install/crazyflie_ros2_multiranger_simple_mapper/lib/python3.10/site-packages:${PYTHONPATH} /usr/bin/python3 -W ignore:setup.py install is deprecated -W ignore:easy_install command is deprecated setup.py egg_info --egg-base ../../../build/crazyflie_ros2_multiranger_simple_mapper build --build-base /home/yanyew/mapping/build/crazyflie_ros2_multiranger_simple_mapper/build install --record /home/yanyew/mapping/build/crazyflie_ros2_multiranger_simple_mapper/install.log --single-version-externally-managed install_data
[3.704s] running egg_info
[3.706s] writing ../../../build/crazyflie_ros2_multiranger_simple_mapper/crazyflie_ros2_multiranger_simple_mapper.egg-info/PKG-INFO
[3.706s] writing dependency_links to ../../../build/crazyflie_ros2_multiranger_simple_mapper/crazyflie_ros2_multiranger_simple_mapper.egg-info/dependency_links.txt
[3.706s] writing entry points to ../../../build/crazyflie_ros2_multiranger_simple_mapper/crazyflie_ros2_multiranger_simple_mapper.egg-info/entry_points.txt
[3.707s] writing requirements to ../../../build/crazyflie_ros2_multiranger_simple_mapper/crazyflie_ros2_multiranger_simple_mapper.egg-info/requires.txt
[3.707s] writing top-level names to ../../../build/crazyflie_ros2_multiranger_simple_mapper/crazyflie_ros2_multiranger_simple_mapper.egg-info/top_level.txt
[3.711s] reading manifest file '../../../build/crazyflie_ros2_multiranger_simple_mapper/crazyflie_ros2_multiranger_simple_mapper.egg-info/SOURCES.txt'
[3.714s] writing manifest file '../../../build/crazyflie_ros2_multiranger_simple_mapper/crazyflie_ros2_multiranger_simple_mapper.egg-info/SOURCES.txt'
[3.714s] running build
[3.714s] running build_py
[3.716s] running install
[3.716s] running install_lib
[3.722s] running install_data
[3.722s] running install_egg_info
[3.722s] removing '/home/yanyew/mapping/install/crazyflie_ros2_multiranger_simple_mapper/lib/python3.10/site-packages/crazyflie_ros2_multiranger_simple_mapper-0.0.0-py3.10.egg-info' (and everything under it)
[3.723s] Copying ../../../build/crazyflie_ros2_multiranger_simple_mapper/crazyflie_ros2_multiranger_simple_mapper.egg-info to /home/yanyew/mapping/install/crazyflie_ros2_multiranger_simple_mapper/lib/python3.10/site-packages/crazyflie_ros2_multiranger_simple_mapper-0.0.0-py3.10.egg-info
[3.724s] running install_scripts
[3.763s] Installing simple_mapper_multiranger script to /home/yanyew/mapping/install/crazyflie_ros2_multiranger_simple_mapper/lib/crazyflie_ros2_multiranger_simple_mapper
[3.764s] writing list of installed files to '/home/yanyew/mapping/build/crazyflie_ros2_multiranger_simple_mapper/install.log'
[3.814s] Invoked command in '/home/yanyew/mapping/src/crazyflie_ros2_multiranger/crazyflie_ros2_multiranger_simple_mapper' returned '0': PYTHONPATH=/home/yanyew/mapping/build/crazyflie_ros2_multiranger_simple_mapper/prefix_override:/usr/lib/python3/dist-packages/colcon_core/task/python/colcon_distutils_commands:/home/yanyew/mapping/install/crazyflie_ros2_multiranger_simple_mapper/lib/python3.10/site-packages:${PYTHONPATH} /usr/bin/python3 -W ignore:setup.py install is deprecated -W ignore:easy_install command is deprecated setup.py egg_info --egg-base ../../../build/crazyflie_ros2_multiranger_simple_mapper build --build-base /home/yanyew/mapping/build/crazyflie_ros2_multiranger_simple_mapper/build install --record /home/yanyew/mapping/build/crazyflie_ros2_multiranger_simple_mapper/install.log --single-version-externally-managed install_data
