[0.076s] Invoking command in '/home/yanyew/mapping/build/crazyflie_interfaces': CMAKE_PREFIX_PATH=${CMAKE_PREFIX_PATH}:/home/yanyew/mapping/install/ros_gz_crazyflie_control:/home/yanyew/mapping/install/merge_map:/home/yanyew/mapping/install/crazyflie_ros2_multiranger_wall_following:/home/yanyew/mapping/install/crazyflie_ros2_multiranger_simple_mapper:/home/yanyew/mapping/install/crazyflie_py:/home/yanyew/mapping/install/crazyflie_launch:/opt/ros/humble /usr/bin/cmake --build /home/yanyew/mapping/build/crazyflie_interfaces -- -j12 -l12
[2.373s] [  0%] Built target crazyflie_interfaces__cpp
[2.373s] [ 12%] Built target crazyflie_interfaces__rosidl_generator_c
[2.374s] [ 12%] Built target ament_cmake_python_copy_crazyflie_interfaces
[2.374s] [ 25%] Built target crazyflie_interfaces__rosidl_typesupport_introspection_cpp
[2.374s] [ 37%] Built target crazyflie_interfaces__rosidl_typesupport_cpp
[2.374s] [ 49%] Built target crazyflie_interfaces__rosidl_typesupport_c
[2.374s] [ 61%] Built target crazyflie_interfaces__rosidl_typesupport_introspection_c
[2.374s] [ 73%] Built target crazyflie_interfaces__rosidl_typesupport_fastrtps_c
[2.374s] [ 85%] Built target crazyflie_interfaces__rosidl_typesupport_fastrtps_cpp
[2.374s] [ 85%] Built target crazyflie_interfaces
[2.374s] [ 86%] Built target crazyflie_interfaces__py
[2.374s] [ 97%] Built target crazyflie_interfaces__rosidl_generator_py
[2.374s] [ 98%] Built target crazyflie_interfaces__rosidl_typesupport_c__pyext
[2.375s] [ 99%] Built target crazyflie_interfaces__rosidl_typesupport_fastrtps_c__pyext
[2.376s] [100%] Built target crazyflie_interfaces__rosidl_typesupport_introspection_c__pyext
[2.376s] running egg_info
[2.376s] writing crazyflie_interfaces.egg-info/PKG-INFO
[2.376s] writing dependency_links to crazyflie_interfaces.egg-info/dependency_links.txt
[2.376s] writing top-level names to crazyflie_interfaces.egg-info/top_level.txt
[2.376s] reading manifest file 'crazyflie_interfaces.egg-info/SOURCES.txt'
[2.376s] writing manifest file 'crazyflie_interfaces.egg-info/SOURCES.txt'
[2.377s] [100%] Built target ament_cmake_python_build_crazyflie_interfaces_egg
[2.394s] Invoked command in '/home/yanyew/mapping/build/crazyflie_interfaces' returned '0': CMAKE_PREFIX_PATH=${CMAKE_PREFIX_PATH}:/home/yanyew/mapping/install/ros_gz_crazyflie_control:/home/yanyew/mapping/install/merge_map:/home/yanyew/mapping/install/crazyflie_ros2_multiranger_wall_following:/home/yanyew/mapping/install/crazyflie_ros2_multiranger_simple_mapper:/home/yanyew/mapping/install/crazyflie_py:/home/yanyew/mapping/install/crazyflie_launch:/opt/ros/humble /usr/bin/cmake --build /home/yanyew/mapping/build/crazyflie_interfaces -- -j12 -l12
[2.396s] Invoking command in '/home/yanyew/mapping/build/crazyflie_interfaces': CMAKE_PREFIX_PATH=${CMAKE_PREFIX_PATH}:/home/yanyew/mapping/install/ros_gz_crazyflie_control:/home/yanyew/mapping/install/merge_map:/home/yanyew/mapping/install/crazyflie_ros2_multiranger_wall_following:/home/yanyew/mapping/install/crazyflie_ros2_multiranger_simple_mapper:/home/yanyew/mapping/install/crazyflie_py:/home/yanyew/mapping/install/crazyflie_launch:/opt/ros/humble /usr/bin/cmake --install /home/yanyew/mapping/build/crazyflie_interfaces
[2.424s] -- Install configuration: ""
[2.424s] -- Up-to-date: /home/yanyew/mapping/install/crazyflie_interfaces/share/ament_index/resource_index/rosidl_interfaces/crazyflie_interfaces
[2.424s] -- Up-to-date: /home/yanyew/mapping/install/crazyflie_interfaces/include/crazyflie_interfaces/crazyflie_interfaces
[2.424s] -- Up-to-date: /home/yanyew/mapping/install/crazyflie_interfaces/include/crazyflie_interfaces/crazyflie_interfaces/srv
[2.424s] -- Up-to-date: /home/yanyew/mapping/install/crazyflie_interfaces/include/crazyflie_interfaces/crazyflie_interfaces/srv/detail
[2.425s] -- Up-to-date: /home/yanyew/mapping/install/crazyflie_interfaces/include/crazyflie_interfaces/crazyflie_interfaces/srv/detail/set_group_mask__type_support.h
[2.425s] -- Up-to-date: /home/yanyew/mapping/install/crazyflie_interfaces/include/crazyflie_interfaces/crazyflie_interfaces/srv/detail/arm__functions.h
[2.425s] -- Up-to-date: /home/yanyew/mapping/install/crazyflie_interfaces/include/crazyflie_interfaces/crazyflie_interfaces/srv/detail/remove_logging__struct.h
[2.425s] -- Up-to-date: /home/yanyew/mapping/install/crazyflie_interfaces/include/crazyflie_interfaces/crazyflie_interfaces/srv/detail/add_logging__type_support.h
[2.425s] -- Up-to-date: /home/yanyew/mapping/install/crazyflie_interfaces/include/crazyflie_interfaces/crazyflie_interfaces/srv/detail/takeoff__functions.h
[2.426s] -- Up-to-date: /home/yanyew/mapping/install/crazyflie_interfaces/include/crazyflie_interfaces/crazyflie_interfaces/srv/detail/add_logging__functions.h
[2.426s] -- Up-to-date: /home/yanyew/mapping/install/crazyflie_interfaces/include/crazyflie_interfaces/crazyflie_interfaces/srv/detail/takeoff__struct.h
[2.426s] -- Up-to-date: /home/yanyew/mapping/install/crazyflie_interfaces/include/crazyflie_interfaces/crazyflie_interfaces/srv/detail/remove_logging__functions.c
[2.427s] -- Up-to-date: /home/yanyew/mapping/install/crazyflie_interfaces/include/crazyflie_interfaces/crazyflie_interfaces/srv/detail/takeoff__type_support.h
[2.427s] -- Up-to-date: /home/yanyew/mapping/install/crazyflie_interfaces/include/crazyflie_interfaces/crazyflie_interfaces/srv/detail/start_trajectory__functions.c
[2.427s] -- Up-to-date: /home/yanyew/mapping/install/crazyflie_interfaces/include/crazyflie_interfaces/crazyflie_interfaces/srv/detail/start_trajectory__struct.h
[2.428s] -- Up-to-date: /home/yanyew/mapping/install/crazyflie_interfaces/include/crazyflie_interfaces/crazyflie_interfaces/srv/detail/update_params__struct.h
[2.428s] -- Up-to-date: /home/yanyew/mapping/install/crazyflie_interfaces/include/crazyflie_interfaces/crazyflie_interfaces/srv/detail/stop__type_support.h
[2.428s] -- Up-to-date: /home/yanyew/mapping/install/crazyflie_interfaces/include/crazyflie_interfaces/crazyflie_interfaces/srv/detail/add_logging__functions.c
[2.428s] -- Up-to-date: /home/yanyew/mapping/install/crazyflie_interfaces/include/crazyflie_interfaces/crazyflie_interfaces/srv/detail/go_to__struct.h
[2.429s] -- Up-to-date: /home/yanyew/mapping/install/crazyflie_interfaces/include/crazyflie_interfaces/crazyflie_interfaces/srv/detail/update_params__type_support.h
[2.429s] -- Up-to-date: /home/yanyew/mapping/install/crazyflie_interfaces/include/crazyflie_interfaces/crazyflie_interfaces/srv/detail/go_to__functions.h
[2.429s] -- Up-to-date: /home/yanyew/mapping/install/crazyflie_interfaces/include/crazyflie_interfaces/crazyflie_interfaces/srv/detail/start_trajectory__functions.h
[2.429s] -- Up-to-date: /home/yanyew/mapping/install/crazyflie_interfaces/include/crazyflie_interfaces/crazyflie_interfaces/srv/detail/remove_logging__type_support.h
[2.430s] -- Up-to-date: /home/yanyew/mapping/install/crazyflie_interfaces/include/crazyflie_interfaces/crazyflie_interfaces/srv/detail/arm__struct.h
[2.430s] -- Up-to-date: /home/yanyew/mapping/install/crazyflie_interfaces/include/crazyflie_interfaces/crazyflie_interfaces/srv/detail/go_to__type_support.h
[2.430s] -- Up-to-date: /home/yanyew/mapping/install/crazyflie_interfaces/include/crazyflie_interfaces/crazyflie_interfaces/srv/detail/stop__functions.h
[2.430s] -- Up-to-date: /home/yanyew/mapping/install/crazyflie_interfaces/include/crazyflie_interfaces/crazyflie_interfaces/srv/detail/notify_setpoints_stop__struct.h
[2.430s] -- Up-to-date: /home/yanyew/mapping/install/crazyflie_interfaces/include/crazyflie_interfaces/crazyflie_interfaces/srv/detail/upload_trajectory__type_support.h
[2.431s] -- Up-to-date: /home/yanyew/mapping/install/crazyflie_interfaces/include/crazyflie_interfaces/crazyflie_interfaces/srv/detail/add_logging__struct.h
[2.431s] -- Up-to-date: /home/yanyew/mapping/install/crazyflie_interfaces/include/crazyflie_interfaces/crazyflie_interfaces/srv/detail/upload_trajectory__functions.c
[2.431s] -- Up-to-date: /home/yanyew/mapping/install/crazyflie_interfaces/include/crazyflie_interfaces/crazyflie_interfaces/srv/detail/takeoff__functions.c
[2.431s] -- Up-to-date: /home/yanyew/mapping/install/crazyflie_interfaces/include/crazyflie_interfaces/crazyflie_interfaces/srv/detail/notify_setpoints_stop__functions.h
[2.433s] -- Up-to-date: /home/yanyew/mapping/install/crazyflie_interfaces/include/crazyflie_interfaces/crazyflie_interfaces/srv/detail/stop__struct.h
[2.433s] -- Up-to-date: /home/yanyew/mapping/install/crazyflie_interfaces/include/crazyflie_interfaces/crazyflie_interfaces/srv/detail/update_params__functions.c
[2.434s] -- Up-to-date: /home/yanyew/mapping/install/crazyflie_interfaces/include/crazyflie_interfaces/crazyflie_interfaces/srv/detail/set_group_mask__functions.h
[2.434s] -- Up-to-date: /home/yanyew/mapping/install/crazyflie_interfaces/include/crazyflie_interfaces/crazyflie_interfaces/srv/detail/land__type_support.h
[2.434s] -- Up-to-date: /home/yanyew/mapping/install/crazyflie_interfaces/include/crazyflie_interfaces/crazyflie_interfaces/srv/detail/notify_setpoints_stop__functions.c
[2.434s] -- Up-to-date: /home/yanyew/mapping/install/crazyflie_interfaces/include/crazyflie_interfaces/crazyflie_interfaces/srv/detail/arm__type_support.h
[2.434s] -- Up-to-date: /home/yanyew/mapping/install/crazyflie_interfaces/include/crazyflie_interfaces/crazyflie_interfaces/srv/detail/go_to__functions.c
[2.435s] -- Up-to-date: /home/yanyew/mapping/install/crazyflie_interfaces/include/crazyflie_interfaces/crazyflie_interfaces/srv/detail/start_trajectory__type_support.h
[2.435s] -- Up-to-date: /home/yanyew/mapping/install/crazyflie_interfaces/include/crazyflie_interfaces/crazyflie_interfaces/srv/detail/upload_trajectory__functions.h
[2.435s] -- Up-to-date: /home/yanyew/mapping/install/crazyflie_interfaces/include/crazyflie_interfaces/crazyflie_interfaces/srv/detail/remove_logging__functions.h
[2.435s] -- Up-to-date: /home/yanyew/mapping/install/crazyflie_interfaces/include/crazyflie_interfaces/crazyflie_interfaces/srv/detail/set_group_mask__functions.c
[2.435s] -- Up-to-date: /home/yanyew/mapping/install/crazyflie_interfaces/include/crazyflie_interfaces/crazyflie_interfaces/srv/detail/notify_setpoints_stop__type_support.h
[2.435s] -- Up-to-date: /home/yanyew/mapping/install/crazyflie_interfaces/include/crazyflie_interfaces/crazyflie_interfaces/srv/detail/update_params__functions.h
[2.436s] -- Up-to-date: /home/yanyew/mapping/install/crazyflie_interfaces/include/crazyflie_interfaces/crazyflie_interfaces/srv/detail/land__functions.h
[2.436s] -- Up-to-date: /home/yanyew/mapping/install/crazyflie_interfaces/include/crazyflie_interfaces/crazyflie_interfaces/srv/detail/land__struct.h
[2.436s] -- Up-to-date: /home/yanyew/mapping/install/crazyflie_interfaces/include/crazyflie_interfaces/crazyflie_interfaces/srv/detail/upload_trajectory__struct.h
[2.436s] -- Up-to-date: /home/yanyew/mapping/install/crazyflie_interfaces/include/crazyflie_interfaces/crazyflie_interfaces/srv/detail/stop__functions.c
[2.436s] -- Up-to-date: /home/yanyew/mapping/install/crazyflie_interfaces/include/crazyflie_interfaces/crazyflie_interfaces/srv/detail/arm__functions.c
[2.436s] -- Up-to-date: /home/yanyew/mapping/install/crazyflie_interfaces/include/crazyflie_interfaces/crazyflie_interfaces/srv/detail/set_group_mask__struct.h
[2.436s] -- Up-to-date: /home/yanyew/mapping/install/crazyflie_interfaces/include/crazyflie_interfaces/crazyflie_interfaces/srv/detail/land__functions.c
[2.437s] -- Up-to-date: /home/yanyew/mapping/install/crazyflie_interfaces/include/crazyflie_interfaces/crazyflie_interfaces/srv/arm.h
[2.437s] -- Up-to-date: /home/yanyew/mapping/install/crazyflie_interfaces/include/crazyflie_interfaces/crazyflie_interfaces/srv/takeoff.h
[2.437s] -- Up-to-date: /home/yanyew/mapping/install/crazyflie_interfaces/include/crazyflie_interfaces/crazyflie_interfaces/srv/update_params.h
[2.437s] -- Up-to-date: /home/yanyew/mapping/install/crazyflie_interfaces/include/crazyflie_interfaces/crazyflie_interfaces/srv/set_group_mask.h
[2.437s] -- Up-to-date: /home/yanyew/mapping/install/crazyflie_interfaces/include/crazyflie_interfaces/crazyflie_interfaces/srv/remove_logging.h
[2.437s] -- Up-to-date: /home/yanyew/mapping/install/crazyflie_interfaces/include/crazyflie_interfaces/crazyflie_interfaces/srv/upload_trajectory.h
[2.438s] -- Up-to-date: /home/yanyew/mapping/install/crazyflie_interfaces/include/crazyflie_interfaces/crazyflie_interfaces/srv/go_to.h
[2.438s] -- Up-to-date: /home/yanyew/mapping/install/crazyflie_interfaces/include/crazyflie_interfaces/crazyflie_interfaces/srv/start_trajectory.h
[2.438s] -- Up-to-date: /home/yanyew/mapping/install/crazyflie_interfaces/include/crazyflie_interfaces/crazyflie_interfaces/srv/land.h
[2.439s] -- Up-to-date: /home/yanyew/mapping/install/crazyflie_interfaces/include/crazyflie_interfaces/crazyflie_interfaces/srv/add_logging.h
[2.439s] -- Up-to-date: /home/yanyew/mapping/install/crazyflie_interfaces/include/crazyflie_interfaces/crazyflie_interfaces/srv/stop.h
[2.440s] -- Up-to-date: /home/yanyew/mapping/install/crazyflie_interfaces/include/crazyflie_interfaces/crazyflie_interfaces/srv/notify_setpoints_stop.h
[2.440s] -- Up-to-date: /home/yanyew/mapping/install/crazyflie_interfaces/include/crazyflie_interfaces/crazyflie_interfaces/msg
[2.440s] -- Up-to-date: /home/yanyew/mapping/install/crazyflie_interfaces/include/crazyflie_interfaces/crazyflie_interfaces/msg/log_block.h
[2.440s] -- Up-to-date: /home/yanyew/mapping/install/crazyflie_interfaces/include/crazyflie_interfaces/crazyflie_interfaces/msg/detail
[2.441s] -- Up-to-date: /home/yanyew/mapping/install/crazyflie_interfaces/include/crazyflie_interfaces/crazyflie_interfaces/msg/detail/log_block__struct.h
[2.441s] -- Up-to-date: /home/yanyew/mapping/install/crazyflie_interfaces/include/crazyflie_interfaces/crazyflie_interfaces/msg/detail/status__struct.h
[2.441s] -- Up-to-date: /home/yanyew/mapping/install/crazyflie_interfaces/include/crazyflie_interfaces/crazyflie_interfaces/msg/detail/status__functions.h
[2.441s] -- Up-to-date: /home/yanyew/mapping/install/crazyflie_interfaces/include/crazyflie_interfaces/crazyflie_interfaces/msg/detail/trajectory_polynomial_piece__functions.h
[2.441s] -- Up-to-date: /home/yanyew/mapping/install/crazyflie_interfaces/include/crazyflie_interfaces/crazyflie_interfaces/msg/detail/log_block__functions.h
[2.441s] -- Up-to-date: /home/yanyew/mapping/install/crazyflie_interfaces/include/crazyflie_interfaces/crazyflie_interfaces/msg/detail/full_state__struct.h
[2.442s] -- Up-to-date: /home/yanyew/mapping/install/crazyflie_interfaces/include/crazyflie_interfaces/crazyflie_interfaces/msg/detail/trajectory_polynomial_piece__type_support.h
[2.442s] -- Up-to-date: /home/yanyew/mapping/install/crazyflie_interfaces/include/crazyflie_interfaces/crazyflie_interfaces/msg/detail/position__functions.c
[2.442s] -- Up-to-date: /home/yanyew/mapping/install/crazyflie_interfaces/include/crazyflie_interfaces/crazyflie_interfaces/msg/detail/full_state__functions.h
[2.442s] -- Up-to-date: /home/yanyew/mapping/install/crazyflie_interfaces/include/crazyflie_interfaces/crazyflie_interfaces/msg/detail/connection_statistics__type_support.h
[2.442s] -- Up-to-date: /home/yanyew/mapping/install/crazyflie_interfaces/include/crazyflie_interfaces/crazyflie_interfaces/msg/detail/log_data_generic__functions.c
[2.442s] -- Up-to-date: /home/yanyew/mapping/install/crazyflie_interfaces/include/crazyflie_interfaces/crazyflie_interfaces/msg/detail/trajectory_polynomial_piece__functions.c
[2.442s] -- Up-to-date: /home/yanyew/mapping/install/crazyflie_interfaces/include/crazyflie_interfaces/crazyflie_interfaces/msg/detail/hover__functions.c
[2.443s] -- Up-to-date: /home/yanyew/mapping/install/crazyflie_interfaces/include/crazyflie_interfaces/crazyflie_interfaces/msg/detail/log_data_generic__functions.h
[2.443s] -- Up-to-date: /home/yanyew/mapping/install/crazyflie_interfaces/include/crazyflie_interfaces/crazyflie_interfaces/msg/detail/position__type_support.h
[2.443s] -- Up-to-date: /home/yanyew/mapping/install/crazyflie_interfaces/include/crazyflie_interfaces/crazyflie_interfaces/msg/detail/connection_statistics__functions.h
[2.443s] -- Up-to-date: /home/yanyew/mapping/install/crazyflie_interfaces/include/crazyflie_interfaces/crazyflie_interfaces/msg/detail/connection_statistics_array__struct.h
[2.443s] -- Up-to-date: /home/yanyew/mapping/install/crazyflie_interfaces/include/crazyflie_interfaces/crazyflie_interfaces/msg/detail/position__struct.h
[2.444s] -- Up-to-date: /home/yanyew/mapping/install/crazyflie_interfaces/include/crazyflie_interfaces/crazyflie_interfaces/msg/detail/trajectory_polynomial_piece__struct.h
[2.444s] -- Up-to-date: /home/yanyew/mapping/install/crazyflie_interfaces/include/crazyflie_interfaces/crazyflie_interfaces/msg/detail/connection_statistics_array__functions.h
[2.444s] -- Up-to-date: /home/yanyew/mapping/install/crazyflie_interfaces/include/crazyflie_interfaces/crazyflie_interfaces/msg/detail/full_state__functions.c
[2.444s] -- Up-to-date: /home/yanyew/mapping/install/crazyflie_interfaces/include/crazyflie_interfaces/crazyflie_interfaces/msg/detail/velocity_world__type_support.h
[2.444s] -- Up-to-date: /home/yanyew/mapping/install/crazyflie_interfaces/include/crazyflie_interfaces/crazyflie_interfaces/msg/detail/status__type_support.h
[2.444s] -- Up-to-date: /home/yanyew/mapping/install/crazyflie_interfaces/include/crazyflie_interfaces/crazyflie_interfaces/msg/detail/status__functions.c
[2.445s] -- Up-to-date: /home/yanyew/mapping/install/crazyflie_interfaces/include/crazyflie_interfaces/crazyflie_interfaces/msg/detail/connection_statistics__struct.h
[2.445s] -- Up-to-date: /home/yanyew/mapping/install/crazyflie_interfaces/include/crazyflie_interfaces/crazyflie_interfaces/msg/detail/velocity_world__functions.h
[2.445s] -- Up-to-date: /home/yanyew/mapping/install/crazyflie_interfaces/include/crazyflie_interfaces/crazyflie_interfaces/msg/detail/velocity_world__functions.c
[2.445s] -- Up-to-date: /home/yanyew/mapping/install/crazyflie_interfaces/include/crazyflie_interfaces/crazyflie_interfaces/msg/detail/log_data_generic__type_support.h
[2.445s] -- Up-to-date: /home/yanyew/mapping/install/crazyflie_interfaces/include/crazyflie_interfaces/crazyflie_interfaces/msg/detail/hover__struct.h
[2.446s] -- Up-to-date: /home/yanyew/mapping/install/crazyflie_interfaces/include/crazyflie_interfaces/crazyflie_interfaces/msg/detail/connection_statistics__functions.c
[2.446s] -- Up-to-date: /home/yanyew/mapping/install/crazyflie_interfaces/include/crazyflie_interfaces/crazyflie_interfaces/msg/detail/hover__functions.h
[2.446s] -- Up-to-date: /home/yanyew/mapping/install/crazyflie_interfaces/include/crazyflie_interfaces/crazyflie_interfaces/msg/detail/hover__type_support.h
[2.446s] -- Up-to-date: /home/yanyew/mapping/install/crazyflie_interfaces/include/crazyflie_interfaces/crazyflie_interfaces/msg/detail/position__functions.h
[2.446s] -- Up-to-date: /home/yanyew/mapping/install/crazyflie_interfaces/include/crazyflie_interfaces/crazyflie_interfaces/msg/detail/log_block__functions.c
[2.447s] -- Up-to-date: /home/yanyew/mapping/install/crazyflie_interfaces/include/crazyflie_interfaces/crazyflie_interfaces/msg/detail/connection_statistics_array__type_support.h
[2.448s] -- Up-to-date: /home/yanyew/mapping/install/crazyflie_interfaces/include/crazyflie_interfaces/crazyflie_interfaces/msg/detail/full_state__type_support.h
[2.448s] -- Up-to-date: /home/yanyew/mapping/install/crazyflie_interfaces/include/crazyflie_interfaces/crazyflie_interfaces/msg/detail/connection_statistics_array__functions.c
[2.449s] -- Up-to-date: /home/yanyew/mapping/install/crazyflie_interfaces/include/crazyflie_interfaces/crazyflie_interfaces/msg/detail/log_block__type_support.h
[2.449s] -- Up-to-date: /home/yanyew/mapping/install/crazyflie_interfaces/include/crazyflie_interfaces/crazyflie_interfaces/msg/detail/velocity_world__struct.h
[2.449s] -- Up-to-date: /home/yanyew/mapping/install/crazyflie_interfaces/include/crazyflie_interfaces/crazyflie_interfaces/msg/detail/log_data_generic__struct.h
[2.449s] -- Up-to-date: /home/yanyew/mapping/install/crazyflie_interfaces/include/crazyflie_interfaces/crazyflie_interfaces/msg/velocity_world.h
[2.450s] -- Up-to-date: /home/yanyew/mapping/install/crazyflie_interfaces/include/crazyflie_interfaces/crazyflie_interfaces/msg/trajectory_polynomial_piece.h
[2.450s] -- Up-to-date: /home/yanyew/mapping/install/crazyflie_interfaces/include/crazyflie_interfaces/crazyflie_interfaces/msg/rosidl_generator_c__visibility_control.h
[2.450s] -- Up-to-date: /home/yanyew/mapping/install/crazyflie_interfaces/include/crazyflie_interfaces/crazyflie_interfaces/msg/position.h
[2.450s] -- Up-to-date: /home/yanyew/mapping/install/crazyflie_interfaces/include/crazyflie_interfaces/crazyflie_interfaces/msg/hover.h
[2.451s] -- Up-to-date: /home/yanyew/mapping/install/crazyflie_interfaces/include/crazyflie_interfaces/crazyflie_interfaces/msg/log_data_generic.h
[2.451s] -- Up-to-date: /home/yanyew/mapping/install/crazyflie_interfaces/include/crazyflie_interfaces/crazyflie_interfaces/msg/status.h
[2.451s] -- Up-to-date: /home/yanyew/mapping/install/crazyflie_interfaces/include/crazyflie_interfaces/crazyflie_interfaces/msg/full_state.h
[2.451s] -- Up-to-date: /home/yanyew/mapping/install/crazyflie_interfaces/include/crazyflie_interfaces/crazyflie_interfaces/msg/connection_statistics.h
[2.451s] -- Up-to-date: /home/yanyew/mapping/install/crazyflie_interfaces/include/crazyflie_interfaces/crazyflie_interfaces/msg/connection_statistics_array.h
[2.451s] -- Up-to-date: /home/yanyew/mapping/install/crazyflie_interfaces/share/crazyflie_interfaces/environment/library_path.sh
[2.452s] -- Up-to-date: /home/yanyew/mapping/install/crazyflie_interfaces/share/crazyflie_interfaces/environment/library_path.dsv
[2.452s] -- Up-to-date: /home/yanyew/mapping/install/crazyflie_interfaces/lib/libcrazyflie_interfaces__rosidl_generator_c.so
[2.452s] -- Up-to-date: /home/yanyew/mapping/install/crazyflie_interfaces/include/crazyflie_interfaces/crazyflie_interfaces
[2.452s] -- Up-to-date: /home/yanyew/mapping/install/crazyflie_interfaces/include/crazyflie_interfaces/crazyflie_interfaces/srv
[2.452s] -- Up-to-date: /home/yanyew/mapping/install/crazyflie_interfaces/include/crazyflie_interfaces/crazyflie_interfaces/srv/detail
[2.452s] -- Up-to-date: /home/yanyew/mapping/install/crazyflie_interfaces/include/crazyflie_interfaces/crazyflie_interfaces/srv/detail/add_logging__rosidl_typesupport_fastrtps_c.h
[2.453s] -- Up-to-date: /home/yanyew/mapping/install/crazyflie_interfaces/include/crazyflie_interfaces/crazyflie_interfaces/srv/detail/start_trajectory__rosidl_typesupport_fastrtps_c.h
[2.453s] -- Up-to-date: /home/yanyew/mapping/install/crazyflie_interfaces/include/crazyflie_interfaces/crazyflie_interfaces/srv/detail/update_params__rosidl_typesupport_fastrtps_c.h
[2.453s] -- Up-to-date: /home/yanyew/mapping/install/crazyflie_interfaces/include/crazyflie_interfaces/crazyflie_interfaces/srv/detail/remove_logging__rosidl_typesupport_fastrtps_c.h
[2.453s] -- Up-to-date: /home/yanyew/mapping/install/crazyflie_interfaces/include/crazyflie_interfaces/crazyflie_interfaces/srv/detail/takeoff__rosidl_typesupport_fastrtps_c.h
[2.453s] -- Up-to-date: /home/yanyew/mapping/install/crazyflie_interfaces/include/crazyflie_interfaces/crazyflie_interfaces/srv/detail/land__rosidl_typesupport_fastrtps_c.h
[2.453s] -- Up-to-date: /home/yanyew/mapping/install/crazyflie_interfaces/include/crazyflie_interfaces/crazyflie_interfaces/srv/detail/upload_trajectory__rosidl_typesupport_fastrtps_c.h
[2.454s] -- Up-to-date: /home/yanyew/mapping/install/crazyflie_interfaces/include/crazyflie_interfaces/crazyflie_interfaces/srv/detail/go_to__rosidl_typesupport_fastrtps_c.h
[2.454s] -- Up-to-date: /home/yanyew/mapping/install/crazyflie_interfaces/include/crazyflie_interfaces/crazyflie_interfaces/srv/detail/stop__rosidl_typesupport_fastrtps_c.h
[2.454s] -- Up-to-date: /home/yanyew/mapping/install/crazyflie_interfaces/include/crazyflie_interfaces/crazyflie_interfaces/srv/detail/set_group_mask__rosidl_typesupport_fastrtps_c.h
[2.454s] -- Up-to-date: /home/yanyew/mapping/install/crazyflie_interfaces/include/crazyflie_interfaces/crazyflie_interfaces/srv/detail/arm__rosidl_typesupport_fastrtps_c.h
[2.454s] -- Up-to-date: /home/yanyew/mapping/install/crazyflie_interfaces/include/crazyflie_interfaces/crazyflie_interfaces/srv/detail/notify_setpoints_stop__rosidl_typesupport_fastrtps_c.h
[2.454s] -- Up-to-date: /home/yanyew/mapping/install/crazyflie_interfaces/include/crazyflie_interfaces/crazyflie_interfaces/msg
[2.455s] -- Up-to-date: /home/yanyew/mapping/install/crazyflie_interfaces/include/crazyflie_interfaces/crazyflie_interfaces/msg/detail
[2.455s] -- Up-to-date: /home/yanyew/mapping/install/crazyflie_interfaces/include/crazyflie_interfaces/crazyflie_interfaces/msg/detail/connection_statistics_array__rosidl_typesupport_fastrtps_c.h
[2.455s] -- Up-to-date: /home/yanyew/mapping/install/crazyflie_interfaces/include/crazyflie_interfaces/crazyflie_interfaces/msg/detail/log_data_generic__rosidl_typesupport_fastrtps_c.h
[2.455s] -- Up-to-date: /home/yanyew/mapping/install/crazyflie_interfaces/include/crazyflie_interfaces/crazyflie_interfaces/msg/detail/hover__rosidl_typesupport_fastrtps_c.h
[2.455s] -- Up-to-date: /home/yanyew/mapping/install/crazyflie_interfaces/include/crazyflie_interfaces/crazyflie_interfaces/msg/detail/velocity_world__rosidl_typesupport_fastrtps_c.h
[2.456s] -- Up-to-date: /home/yanyew/mapping/install/crazyflie_interfaces/include/crazyflie_interfaces/crazyflie_interfaces/msg/detail/connection_statistics__rosidl_typesupport_fastrtps_c.h
[2.456s] -- Up-to-date: /home/yanyew/mapping/install/crazyflie_interfaces/include/crazyflie_interfaces/crazyflie_interfaces/msg/detail/trajectory_polynomial_piece__rosidl_typesupport_fastrtps_c.h
[2.456s] -- Up-to-date: /home/yanyew/mapping/install/crazyflie_interfaces/include/crazyflie_interfaces/crazyflie_interfaces/msg/detail/status__rosidl_typesupport_fastrtps_c.h
[2.456s] -- Up-to-date: /home/yanyew/mapping/install/crazyflie_interfaces/include/crazyflie_interfaces/crazyflie_interfaces/msg/detail/position__rosidl_typesupport_fastrtps_c.h
[2.456s] -- Up-to-date: /home/yanyew/mapping/install/crazyflie_interfaces/include/crazyflie_interfaces/crazyflie_interfaces/msg/detail/full_state__rosidl_typesupport_fastrtps_c.h
[2.457s] -- Up-to-date: /home/yanyew/mapping/install/crazyflie_interfaces/include/crazyflie_interfaces/crazyflie_interfaces/msg/detail/log_block__rosidl_typesupport_fastrtps_c.h
[2.457s] -- Up-to-date: /home/yanyew/mapping/install/crazyflie_interfaces/include/crazyflie_interfaces/crazyflie_interfaces/msg/rosidl_typesupport_fastrtps_c__visibility_control.h
[2.458s] -- Up-to-date: /home/yanyew/mapping/install/crazyflie_interfaces/lib/libcrazyflie_interfaces__rosidl_typesupport_fastrtps_c.so
[2.458s] -- Up-to-date: /home/yanyew/mapping/install/crazyflie_interfaces/include/crazyflie_interfaces/crazyflie_interfaces
[2.458s] -- Up-to-date: /home/yanyew/mapping/install/crazyflie_interfaces/include/crazyflie_interfaces/crazyflie_interfaces/srv
[2.459s] -- Up-to-date: /home/yanyew/mapping/install/crazyflie_interfaces/include/crazyflie_interfaces/crazyflie_interfaces/srv/detail
[2.459s] -- Up-to-date: /home/yanyew/mapping/install/crazyflie_interfaces/include/crazyflie_interfaces/crazyflie_interfaces/srv/detail/set_group_mask__struct.hpp
[2.459s] -- Up-to-date: /home/yanyew/mapping/install/crazyflie_interfaces/include/crazyflie_interfaces/crazyflie_interfaces/srv/detail/go_to__builder.hpp
[2.459s] -- Up-to-date: /home/yanyew/mapping/install/crazyflie_interfaces/include/crazyflie_interfaces/crazyflie_interfaces/srv/detail/set_group_mask__traits.hpp
[2.460s] -- Up-to-date: /home/yanyew/mapping/install/crazyflie_interfaces/include/crazyflie_interfaces/crazyflie_interfaces/srv/detail/update_params__traits.hpp
[2.460s] -- Up-to-date: /home/yanyew/mapping/install/crazyflie_interfaces/include/crazyflie_interfaces/crazyflie_interfaces/srv/detail/notify_setpoints_stop__struct.hpp
[2.460s] -- Up-to-date: /home/yanyew/mapping/install/crazyflie_interfaces/include/crazyflie_interfaces/crazyflie_interfaces/srv/detail/land__traits.hpp
[2.460s] -- Up-to-date: /home/yanyew/mapping/install/crazyflie_interfaces/include/crazyflie_interfaces/crazyflie_interfaces/srv/detail/go_to__struct.hpp
[2.461s] -- Up-to-date: /home/yanyew/mapping/install/crazyflie_interfaces/include/crazyflie_interfaces/crazyflie_interfaces/srv/detail/land__type_support.hpp
[2.461s] -- Up-to-date: /home/yanyew/mapping/install/crazyflie_interfaces/include/crazyflie_interfaces/crazyflie_interfaces/srv/detail/stop__traits.hpp
[2.461s] -- Up-to-date: /home/yanyew/mapping/install/crazyflie_interfaces/include/crazyflie_interfaces/crazyflie_interfaces/srv/detail/set_group_mask__builder.hpp
[2.462s] -- Up-to-date: /home/yanyew/mapping/install/crazyflie_interfaces/include/crazyflie_interfaces/crazyflie_interfaces/srv/detail/takeoff__traits.hpp
[2.462s] -- Up-to-date: /home/yanyew/mapping/install/crazyflie_interfaces/include/crazyflie_interfaces/crazyflie_interfaces/srv/detail/go_to__type_support.hpp
[2.462s] -- Up-to-date: /home/yanyew/mapping/install/crazyflie_interfaces/include/crazyflie_interfaces/crazyflie_interfaces/srv/detail/update_params__type_support.hpp
[2.462s] -- Up-to-date: /home/yanyew/mapping/install/crazyflie_interfaces/include/crazyflie_interfaces/crazyflie_interfaces/srv/detail/add_logging__struct.hpp
[2.463s] -- Up-to-date: /home/yanyew/mapping/install/crazyflie_interfaces/include/crazyflie_interfaces/crazyflie_interfaces/srv/detail/start_trajectory__builder.hpp
[2.463s] -- Up-to-date: /home/yanyew/mapping/install/crazyflie_interfaces/include/crazyflie_interfaces/crazyflie_interfaces/srv/detail/upload_trajectory__struct.hpp
[2.464s] -- Up-to-date: /home/yanyew/mapping/install/crazyflie_interfaces/include/crazyflie_interfaces/crazyflie_interfaces/srv/detail/remove_logging__type_support.hpp
[2.464s] -- Up-to-date: /home/yanyew/mapping/install/crazyflie_interfaces/include/crazyflie_interfaces/crazyflie_interfaces/srv/detail/set_group_mask__type_support.hpp
[2.465s] -- Up-to-date: /home/yanyew/mapping/install/crazyflie_interfaces/include/crazyflie_interfaces/crazyflie_interfaces/srv/detail/add_logging__traits.hpp
[2.466s] -- Up-to-date: /home/yanyew/mapping/install/crazyflie_interfaces/include/crazyflie_interfaces/crazyflie_interfaces/srv/detail/land__builder.hpp
[2.469s] -- Up-to-date: /home/yanyew/mapping/install/crazyflie_interfaces/include/crazyflie_interfaces/crazyflie_interfaces/srv/detail/start_trajectory__struct.hpp
[2.472s] -- Up-to-date: /home/yanyew/mapping/install/crazyflie_interfaces/include/crazyflie_interfaces/crazyflie_interfaces/srv/detail/upload_trajectory__traits.hpp
[2.472s] -- Up-to-date: /home/yanyew/mapping/install/crazyflie_interfaces/include/crazyflie_interfaces/crazyflie_interfaces/srv/detail/update_params__struct.hpp
[2.472s] -- Up-to-date: /home/yanyew/mapping/install/crazyflie_interfaces/include/crazyflie_interfaces/crazyflie_interfaces/srv/detail/remove_logging__traits.hpp
[2.472s] -- Up-to-date: /home/yanyew/mapping/install/crazyflie_interfaces/include/crazyflie_interfaces/crazyflie_interfaces/srv/detail/arm__struct.hpp
[2.472s] -- Up-to-date: /home/yanyew/mapping/install/crazyflie_interfaces/include/crazyflie_interfaces/crazyflie_interfaces/srv/detail/takeoff__type_support.hpp
[2.473s] -- Up-to-date: /home/yanyew/mapping/install/crazyflie_interfaces/include/crazyflie_interfaces/crazyflie_interfaces/srv/detail/notify_setpoints_stop__traits.hpp
[2.473s] -- Up-to-date: /home/yanyew/mapping/install/crazyflie_interfaces/include/crazyflie_interfaces/crazyflie_interfaces/srv/detail/remove_logging__struct.hpp
[2.473s] -- Up-to-date: /home/yanyew/mapping/install/crazyflie_interfaces/include/crazyflie_interfaces/crazyflie_interfaces/srv/detail/go_to__traits.hpp
[2.473s] -- Up-to-date: /home/yanyew/mapping/install/crazyflie_interfaces/include/crazyflie_interfaces/crazyflie_interfaces/srv/detail/notify_setpoints_stop__builder.hpp
[2.474s] -- Up-to-date: /home/yanyew/mapping/install/crazyflie_interfaces/include/crazyflie_interfaces/crazyflie_interfaces/srv/detail/arm__builder.hpp
[2.474s] -- Up-to-date: /home/yanyew/mapping/install/crazyflie_interfaces/include/crazyflie_interfaces/crazyflie_interfaces/srv/detail/remove_logging__builder.hpp
[2.475s] -- Up-to-date: /home/yanyew/mapping/install/crazyflie_interfaces/include/crazyflie_interfaces/crazyflie_interfaces/srv/detail/stop__struct.hpp
[2.475s] -- Up-to-date: /home/yanyew/mapping/install/crazyflie_interfaces/include/crazyflie_interfaces/crazyflie_interfaces/srv/detail/start_trajectory__type_support.hpp
[2.475s] -- Up-to-date: /home/yanyew/mapping/install/crazyflie_interfaces/include/crazyflie_interfaces/crazyflie_interfaces/srv/detail/arm__traits.hpp
[2.475s] -- Up-to-date: /home/yanyew/mapping/install/crazyflie_interfaces/include/crazyflie_interfaces/crazyflie_interfaces/srv/detail/update_params__builder.hpp
[2.476s] -- Up-to-date: /home/yanyew/mapping/install/crazyflie_interfaces/include/crazyflie_interfaces/crazyflie_interfaces/srv/detail/add_logging__builder.hpp
[2.477s] -- Up-to-date: /home/yanyew/mapping/install/crazyflie_interfaces/include/crazyflie_interfaces/crazyflie_interfaces/srv/detail/add_logging__type_support.hpp
[2.477s] -- Up-to-date: /home/yanyew/mapping/install/crazyflie_interfaces/include/crazyflie_interfaces/crazyflie_interfaces/srv/detail/stop__type_support.hpp
[2.477s] -- Up-to-date: /home/yanyew/mapping/install/crazyflie_interfaces/include/crazyflie_interfaces/crazyflie_interfaces/srv/detail/stop__builder.hpp
[2.478s] -- Up-to-date: /home/yanyew/mapping/install/crazyflie_interfaces/include/crazyflie_interfaces/crazyflie_interfaces/srv/detail/upload_trajectory__builder.hpp
[2.478s] -- Up-to-date: /home/yanyew/mapping/install/crazyflie_interfaces/include/crazyflie_interfaces/crazyflie_interfaces/srv/detail/arm__type_support.hpp
[2.478s] -- Up-to-date: /home/yanyew/mapping/install/crazyflie_interfaces/include/crazyflie_interfaces/crazyflie_interfaces/srv/detail/takeoff__struct.hpp
[2.478s] -- Up-to-date: /home/yanyew/mapping/install/crazyflie_interfaces/include/crazyflie_interfaces/crazyflie_interfaces/srv/detail/upload_trajectory__type_support.hpp
[2.478s] -- Up-to-date: /home/yanyew/mapping/install/crazyflie_interfaces/include/crazyflie_interfaces/crazyflie_interfaces/srv/detail/notify_setpoints_stop__type_support.hpp
[2.479s] -- Up-to-date: /home/yanyew/mapping/install/crazyflie_interfaces/include/crazyflie_interfaces/crazyflie_interfaces/srv/detail/takeoff__builder.hpp
[2.479s] -- Up-to-date: /home/yanyew/mapping/install/crazyflie_interfaces/include/crazyflie_interfaces/crazyflie_interfaces/srv/detail/land__struct.hpp
[2.479s] -- Up-to-date: /home/yanyew/mapping/install/crazyflie_interfaces/include/crazyflie_interfaces/crazyflie_interfaces/srv/detail/start_trajectory__traits.hpp
[2.479s] -- Up-to-date: /home/yanyew/mapping/install/crazyflie_interfaces/include/crazyflie_interfaces/crazyflie_interfaces/srv/remove_logging.hpp
[2.480s] -- Up-to-date: /home/yanyew/mapping/install/crazyflie_interfaces/include/crazyflie_interfaces/crazyflie_interfaces/srv/add_logging.hpp
[2.481s] -- Up-to-date: /home/yanyew/mapping/install/crazyflie_interfaces/include/crazyflie_interfaces/crazyflie_interfaces/srv/land.hpp
[2.481s] -- Up-to-date: /home/yanyew/mapping/install/crazyflie_interfaces/include/crazyflie_interfaces/crazyflie_interfaces/srv/stop.hpp
[2.481s] -- Up-to-date: /home/yanyew/mapping/install/crazyflie_interfaces/include/crazyflie_interfaces/crazyflie_interfaces/srv/notify_setpoints_stop.hpp
[2.482s] -- Up-to-date: /home/yanyew/mapping/install/crazyflie_interfaces/include/crazyflie_interfaces/crazyflie_interfaces/srv/set_group_mask.hpp
[2.482s] -- Up-to-date: /home/yanyew/mapping/install/crazyflie_interfaces/include/crazyflie_interfaces/crazyflie_interfaces/srv/update_params.hpp
[2.482s] -- Up-to-date: /home/yanyew/mapping/install/crazyflie_interfaces/include/crazyflie_interfaces/crazyflie_interfaces/srv/start_trajectory.hpp
[2.482s] -- Up-to-date: /home/yanyew/mapping/install/crazyflie_interfaces/include/crazyflie_interfaces/crazyflie_interfaces/srv/takeoff.hpp
[2.483s] -- Up-to-date: /home/yanyew/mapping/install/crazyflie_interfaces/include/crazyflie_interfaces/crazyflie_interfaces/srv/go_to.hpp
[2.484s] -- Up-to-date: /home/yanyew/mapping/install/crazyflie_interfaces/include/crazyflie_interfaces/crazyflie_interfaces/srv/arm.hpp
[2.484s] -- Up-to-date: /home/yanyew/mapping/install/crazyflie_interfaces/include/crazyflie_interfaces/crazyflie_interfaces/srv/upload_trajectory.hpp
[2.485s] -- Up-to-date: /home/yanyew/mapping/install/crazyflie_interfaces/include/crazyflie_interfaces/crazyflie_interfaces/msg
[2.485s] -- Up-to-date: /home/yanyew/mapping/install/crazyflie_interfaces/include/crazyflie_interfaces/crazyflie_interfaces/msg/detail
[2.485s] -- Up-to-date: /home/yanyew/mapping/install/crazyflie_interfaces/include/crazyflie_interfaces/crazyflie_interfaces/msg/detail/log_block__traits.hpp
[2.485s] -- Up-to-date: /home/yanyew/mapping/install/crazyflie_interfaces/include/crazyflie_interfaces/crazyflie_interfaces/msg/detail/full_state__struct.hpp
[2.485s] -- Up-to-date: /home/yanyew/mapping/install/crazyflie_interfaces/include/crazyflie_interfaces/crazyflie_interfaces/msg/detail/position__struct.hpp
[2.486s] -- Up-to-date: /home/yanyew/mapping/install/crazyflie_interfaces/include/crazyflie_interfaces/crazyflie_interfaces/msg/detail/trajectory_polynomial_piece__builder.hpp
[2.486s] -- Up-to-date: /home/yanyew/mapping/install/crazyflie_interfaces/include/crazyflie_interfaces/crazyflie_interfaces/msg/detail/log_data_generic__type_support.hpp
[2.486s] -- Up-to-date: /home/yanyew/mapping/install/crazyflie_interfaces/include/crazyflie_interfaces/crazyflie_interfaces/msg/detail/log_data_generic__struct.hpp
[2.487s] -- Up-to-date: /home/yanyew/mapping/install/crazyflie_interfaces/include/crazyflie_interfaces/crazyflie_interfaces/msg/detail/full_state__traits.hpp
[2.487s] -- Up-to-date: /home/yanyew/mapping/install/crazyflie_interfaces/include/crazyflie_interfaces/crazyflie_interfaces/msg/detail/status__traits.hpp
[2.487s] -- Up-to-date: /home/yanyew/mapping/install/crazyflie_interfaces/include/crazyflie_interfaces/crazyflie_interfaces/msg/detail/connection_statistics__type_support.hpp
[2.487s] -- Up-to-date: /home/yanyew/mapping/install/crazyflie_interfaces/include/crazyflie_interfaces/crazyflie_interfaces/msg/detail/log_block__struct.hpp
[2.488s] -- Up-to-date: /home/yanyew/mapping/install/crazyflie_interfaces/include/crazyflie_interfaces/crazyflie_interfaces/msg/detail/full_state__type_support.hpp
[2.489s] -- Up-to-date: /home/yanyew/mapping/install/crazyflie_interfaces/include/crazyflie_interfaces/crazyflie_interfaces/msg/detail/velocity_world__traits.hpp
[2.490s] -- Up-to-date: /home/yanyew/mapping/install/crazyflie_interfaces/include/crazyflie_interfaces/crazyflie_interfaces/msg/detail/velocity_world__struct.hpp
[2.490s] -- Up-to-date: /home/yanyew/mapping/install/crazyflie_interfaces/include/crazyflie_interfaces/crazyflie_interfaces/msg/detail/position__builder.hpp
[2.490s] -- Up-to-date: /home/yanyew/mapping/install/crazyflie_interfaces/include/crazyflie_interfaces/crazyflie_interfaces/msg/detail/connection_statistics_array__traits.hpp
[2.491s] -- Up-to-date: /home/yanyew/mapping/install/crazyflie_interfaces/include/crazyflie_interfaces/crazyflie_interfaces/msg/detail/connection_statistics_array__struct.hpp
[2.491s] -- Up-to-date: /home/yanyew/mapping/install/crazyflie_interfaces/include/crazyflie_interfaces/crazyflie_interfaces/msg/detail/hover__struct.hpp
[2.491s] -- Up-to-date: /home/yanyew/mapping/install/crazyflie_interfaces/include/crazyflie_interfaces/crazyflie_interfaces/msg/detail/position__type_support.hpp
[2.492s] -- Up-to-date: /home/yanyew/mapping/install/crazyflie_interfaces/include/crazyflie_interfaces/crazyflie_interfaces/msg/detail/full_state__builder.hpp
[2.492s] -- Up-to-date: /home/yanyew/mapping/install/crazyflie_interfaces/include/crazyflie_interfaces/crazyflie_interfaces/msg/detail/hover__builder.hpp
[2.492s] -- Up-to-date: /home/yanyew/mapping/install/crazyflie_interfaces/include/crazyflie_interfaces/crazyflie_interfaces/msg/detail/status__struct.hpp
[2.492s] -- Up-to-date: /home/yanyew/mapping/install/crazyflie_interfaces/include/crazyflie_interfaces/crazyflie_interfaces/msg/detail/connection_statistics__traits.hpp
[2.492s] -- Up-to-date: /home/yanyew/mapping/install/crazyflie_interfaces/include/crazyflie_interfaces/crazyflie_interfaces/msg/detail/connection_statistics__builder.hpp
[2.493s] -- Up-to-date: /home/yanyew/mapping/install/crazyflie_interfaces/include/crazyflie_interfaces/crazyflie_interfaces/msg/detail/connection_statistics__struct.hpp
[2.493s] -- Up-to-date: /home/yanyew/mapping/install/crazyflie_interfaces/include/crazyflie_interfaces/crazyflie_interfaces/msg/detail/connection_statistics_array__type_support.hpp
[2.493s] -- Up-to-date: /home/yanyew/mapping/install/crazyflie_interfaces/include/crazyflie_interfaces/crazyflie_interfaces/msg/detail/trajectory_polynomial_piece__traits.hpp
[2.493s] -- Up-to-date: /home/yanyew/mapping/install/crazyflie_interfaces/include/crazyflie_interfaces/crazyflie_interfaces/msg/detail/trajectory_polynomial_piece__type_support.hpp
[2.494s] -- Up-to-date: /home/yanyew/mapping/install/crazyflie_interfaces/include/crazyflie_interfaces/crazyflie_interfaces/msg/detail/velocity_world__builder.hpp
[2.494s] -- Up-to-date: /home/yanyew/mapping/install/crazyflie_interfaces/include/crazyflie_interfaces/crazyflie_interfaces/msg/detail/velocity_world__type_support.hpp
[2.494s] -- Up-to-date: /home/yanyew/mapping/install/crazyflie_interfaces/include/crazyflie_interfaces/crazyflie_interfaces/msg/detail/connection_statistics_array__builder.hpp
[2.494s] -- Up-to-date: /home/yanyew/mapping/install/crazyflie_interfaces/include/crazyflie_interfaces/crazyflie_interfaces/msg/detail/trajectory_polynomial_piece__struct.hpp
[2.494s] -- Up-to-date: /home/yanyew/mapping/install/crazyflie_interfaces/include/crazyflie_interfaces/crazyflie_interfaces/msg/detail/log_block__type_support.hpp
[2.495s] -- Up-to-date: /home/yanyew/mapping/install/crazyflie_interfaces/include/crazyflie_interfaces/crazyflie_interfaces/msg/detail/log_data_generic__traits.hpp
[2.495s] -- Up-to-date: /home/yanyew/mapping/install/crazyflie_interfaces/include/crazyflie_interfaces/crazyflie_interfaces/msg/detail/log_block__builder.hpp
[2.495s] -- Up-to-date: /home/yanyew/mapping/install/crazyflie_interfaces/include/crazyflie_interfaces/crazyflie_interfaces/msg/detail/status__builder.hpp
[2.495s] -- Up-to-date: /home/yanyew/mapping/install/crazyflie_interfaces/include/crazyflie_interfaces/crazyflie_interfaces/msg/detail/position__traits.hpp
[2.495s] -- Up-to-date: /home/yanyew/mapping/install/crazyflie_interfaces/include/crazyflie_interfaces/crazyflie_interfaces/msg/detail/status__type_support.hpp
[2.496s] -- Up-to-date: /home/yanyew/mapping/install/crazyflie_interfaces/include/crazyflie_interfaces/crazyflie_interfaces/msg/detail/hover__traits.hpp
[2.496s] -- Up-to-date: /home/yanyew/mapping/install/crazyflie_interfaces/include/crazyflie_interfaces/crazyflie_interfaces/msg/detail/hover__type_support.hpp
[2.496s] -- Up-to-date: /home/yanyew/mapping/install/crazyflie_interfaces/include/crazyflie_interfaces/crazyflie_interfaces/msg/detail/log_data_generic__builder.hpp
[2.496s] -- Up-to-date: /home/yanyew/mapping/install/crazyflie_interfaces/include/crazyflie_interfaces/crazyflie_interfaces/msg/log_block.hpp
[2.497s] -- Up-to-date: /home/yanyew/mapping/install/crazyflie_interfaces/include/crazyflie_interfaces/crazyflie_interfaces/msg/position.hpp
[2.497s] -- Up-to-date: /home/yanyew/mapping/install/crazyflie_interfaces/include/crazyflie_interfaces/crazyflie_interfaces/msg/velocity_world.hpp
[2.497s] -- Up-to-date: /home/yanyew/mapping/install/crazyflie_interfaces/include/crazyflie_interfaces/crazyflie_interfaces/msg/full_state.hpp
[2.497s] -- Up-to-date: /home/yanyew/mapping/install/crazyflie_interfaces/include/crazyflie_interfaces/crazyflie_interfaces/msg/status.hpp
[2.497s] -- Up-to-date: /home/yanyew/mapping/install/crazyflie_interfaces/include/crazyflie_interfaces/crazyflie_interfaces/msg/connection_statistics_array.hpp
[2.498s] -- Up-to-date: /home/yanyew/mapping/install/crazyflie_interfaces/include/crazyflie_interfaces/crazyflie_interfaces/msg/log_data_generic.hpp
[2.498s] -- Up-to-date: /home/yanyew/mapping/install/crazyflie_interfaces/include/crazyflie_interfaces/crazyflie_interfaces/msg/trajectory_polynomial_piece.hpp
[2.498s] -- Up-to-date: /home/yanyew/mapping/install/crazyflie_interfaces/include/crazyflie_interfaces/crazyflie_interfaces/msg/rosidl_generator_cpp__visibility_control.hpp
[2.498s] -- Up-to-date: /home/yanyew/mapping/install/crazyflie_interfaces/include/crazyflie_interfaces/crazyflie_interfaces/msg/connection_statistics.hpp
[2.499s] -- Up-to-date: /home/yanyew/mapping/install/crazyflie_interfaces/include/crazyflie_interfaces/crazyflie_interfaces/msg/hover.hpp
[2.499s] -- Up-to-date: /home/yanyew/mapping/install/crazyflie_interfaces/include/crazyflie_interfaces/crazyflie_interfaces
[2.500s] -- Up-to-date: /home/yanyew/mapping/install/crazyflie_interfaces/include/crazyflie_interfaces/crazyflie_interfaces/srv
[2.501s] -- Up-to-date: /home/yanyew/mapping/install/crazyflie_interfaces/include/crazyflie_interfaces/crazyflie_interfaces/srv/detail
[2.502s] -- Up-to-date: /home/yanyew/mapping/install/crazyflie_interfaces/include/crazyflie_interfaces/crazyflie_interfaces/srv/detail/start_trajectory__rosidl_typesupport_fastrtps_cpp.hpp
[2.502s] -- Up-to-date: /home/yanyew/mapping/install/crazyflie_interfaces/include/crazyflie_interfaces/crazyflie_interfaces/srv/detail/takeoff__rosidl_typesupport_fastrtps_cpp.hpp
[2.502s] -- Up-to-date: /home/yanyew/mapping/install/crazyflie_interfaces/include/crazyflie_interfaces/crazyflie_interfaces/srv/detail/dds_fastrtps
[2.503s] -- Up-to-date: /home/yanyew/mapping/install/crazyflie_interfaces/include/crazyflie_interfaces/crazyflie_interfaces/srv/detail/upload_trajectory__rosidl_typesupport_fastrtps_cpp.hpp
[2.503s] -- Up-to-date: /home/yanyew/mapping/install/crazyflie_interfaces/include/crazyflie_interfaces/crazyflie_interfaces/srv/detail/notify_setpoints_stop__rosidl_typesupport_fastrtps_cpp.hpp
[2.503s] -- Up-to-date: /home/yanyew/mapping/install/crazyflie_interfaces/include/crazyflie_interfaces/crazyflie_interfaces/srv/detail/land__rosidl_typesupport_fastrtps_cpp.hpp
[2.504s] -- Up-to-date: /home/yanyew/mapping/install/crazyflie_interfaces/include/crazyflie_interfaces/crazyflie_interfaces/srv/detail/add_logging__rosidl_typesupport_fastrtps_cpp.hpp
[2.504s] -- Up-to-date: /home/yanyew/mapping/install/crazyflie_interfaces/include/crazyflie_interfaces/crazyflie_interfaces/srv/detail/update_params__rosidl_typesupport_fastrtps_cpp.hpp
[2.505s] -- Up-to-date: /home/yanyew/mapping/install/crazyflie_interfaces/include/crazyflie_interfaces/crazyflie_interfaces/srv/detail/stop__rosidl_typesupport_fastrtps_cpp.hpp
[2.505s] -- Up-to-date: /home/yanyew/mapping/install/crazyflie_interfaces/include/crazyflie_interfaces/crazyflie_interfaces/srv/detail/arm__rosidl_typesupport_fastrtps_cpp.hpp
[2.505s] -- Up-to-date: /home/yanyew/mapping/install/crazyflie_interfaces/include/crazyflie_interfaces/crazyflie_interfaces/srv/detail/remove_logging__rosidl_typesupport_fastrtps_cpp.hpp
[2.505s] -- Up-to-date: /home/yanyew/mapping/install/crazyflie_interfaces/include/crazyflie_interfaces/crazyflie_interfaces/srv/detail/go_to__rosidl_typesupport_fastrtps_cpp.hpp
[2.505s] -- Up-to-date: /home/yanyew/mapping/install/crazyflie_interfaces/include/crazyflie_interfaces/crazyflie_interfaces/srv/detail/set_group_mask__rosidl_typesupport_fastrtps_cpp.hpp
[2.506s] -- Up-to-date: /home/yanyew/mapping/install/crazyflie_interfaces/include/crazyflie_interfaces/crazyflie_interfaces/msg
[2.506s] -- Up-to-date: /home/yanyew/mapping/install/crazyflie_interfaces/include/crazyflie_interfaces/crazyflie_interfaces/msg/detail
[2.506s] -- Up-to-date: /home/yanyew/mapping/install/crazyflie_interfaces/include/crazyflie_interfaces/crazyflie_interfaces/msg/detail/full_state__rosidl_typesupport_fastrtps_cpp.hpp
[2.506s] -- Up-to-date: /home/yanyew/mapping/install/crazyflie_interfaces/include/crazyflie_interfaces/crazyflie_interfaces/msg/detail/log_data_generic__rosidl_typesupport_fastrtps_cpp.hpp
[2.507s] -- Up-to-date: /home/yanyew/mapping/install/crazyflie_interfaces/include/crazyflie_interfaces/crazyflie_interfaces/msg/detail/dds_fastrtps
[2.507s] -- Up-to-date: /home/yanyew/mapping/install/crazyflie_interfaces/include/crazyflie_interfaces/crazyflie_interfaces/msg/detail/trajectory_polynomial_piece__rosidl_typesupport_fastrtps_cpp.hpp
[2.509s] -- Up-to-date: /home/yanyew/mapping/install/crazyflie_interfaces/include/crazyflie_interfaces/crazyflie_interfaces/msg/detail/connection_statistics_array__rosidl_typesupport_fastrtps_cpp.hpp
[2.510s] -- Up-to-date: /home/yanyew/mapping/install/crazyflie_interfaces/include/crazyflie_interfaces/crazyflie_interfaces/msg/detail/hover__rosidl_typesupport_fastrtps_cpp.hpp
[2.511s] -- Up-to-date: /home/yanyew/mapping/install/crazyflie_interfaces/include/crazyflie_interfaces/crazyflie_interfaces/msg/detail/log_block__rosidl_typesupport_fastrtps_cpp.hpp
[2.511s] -- Up-to-date: /home/yanyew/mapping/install/crazyflie_interfaces/include/crazyflie_interfaces/crazyflie_interfaces/msg/detail/position__rosidl_typesupport_fastrtps_cpp.hpp
[2.511s] -- Up-to-date: /home/yanyew/mapping/install/crazyflie_interfaces/include/crazyflie_interfaces/crazyflie_interfaces/msg/detail/status__rosidl_typesupport_fastrtps_cpp.hpp
[2.511s] -- Up-to-date: /home/yanyew/mapping/install/crazyflie_interfaces/include/crazyflie_interfaces/crazyflie_interfaces/msg/detail/velocity_world__rosidl_typesupport_fastrtps_cpp.hpp
[2.512s] -- Up-to-date: /home/yanyew/mapping/install/crazyflie_interfaces/include/crazyflie_interfaces/crazyflie_interfaces/msg/detail/connection_statistics__rosidl_typesupport_fastrtps_cpp.hpp
[2.513s] -- Up-to-date: /home/yanyew/mapping/install/crazyflie_interfaces/include/crazyflie_interfaces/crazyflie_interfaces/msg/rosidl_typesupport_fastrtps_cpp__visibility_control.h
[2.513s] -- Up-to-date: /home/yanyew/mapping/install/crazyflie_interfaces/lib/libcrazyflie_interfaces__rosidl_typesupport_fastrtps_cpp.so
[2.513s] -- Up-to-date: /home/yanyew/mapping/install/crazyflie_interfaces/include/crazyflie_interfaces/crazyflie_interfaces
[2.513s] -- Up-to-date: /home/yanyew/mapping/install/crazyflie_interfaces/include/crazyflie_interfaces/crazyflie_interfaces/srv
[2.513s] -- Up-to-date: /home/yanyew/mapping/install/crazyflie_interfaces/include/crazyflie_interfaces/crazyflie_interfaces/srv/detail
[2.513s] -- Up-to-date: /home/yanyew/mapping/install/crazyflie_interfaces/include/crazyflie_interfaces/crazyflie_interfaces/srv/detail/remove_logging__type_support.c
[2.513s] -- Up-to-date: /home/yanyew/mapping/install/crazyflie_interfaces/include/crazyflie_interfaces/crazyflie_interfaces/srv/detail/land__type_support.c
[2.514s] -- Up-to-date: /home/yanyew/mapping/install/crazyflie_interfaces/include/crazyflie_interfaces/crazyflie_interfaces/srv/detail/add_logging__rosidl_typesupport_introspection_c.h
[2.514s] -- Up-to-date: /home/yanyew/mapping/install/crazyflie_interfaces/include/crazyflie_interfaces/crazyflie_interfaces/srv/detail/stop__type_support.c
[2.514s] -- Up-to-date: /home/yanyew/mapping/install/crazyflie_interfaces/include/crazyflie_interfaces/crazyflie_interfaces/srv/detail/notify_setpoints_stop__rosidl_typesupport_introspection_c.h
[2.514s] -- Up-to-date: /home/yanyew/mapping/install/crazyflie_interfaces/include/crazyflie_interfaces/crazyflie_interfaces/srv/detail/notify_setpoints_stop__type_support.c
[2.514s] -- Up-to-date: /home/yanyew/mapping/install/crazyflie_interfaces/include/crazyflie_interfaces/crazyflie_interfaces/srv/detail/remove_logging__rosidl_typesupport_introspection_c.h
[2.515s] -- Up-to-date: /home/yanyew/mapping/install/crazyflie_interfaces/include/crazyflie_interfaces/crazyflie_interfaces/srv/detail/update_params__type_support.c
[2.515s] -- Up-to-date: /home/yanyew/mapping/install/crazyflie_interfaces/include/crazyflie_interfaces/crazyflie_interfaces/srv/detail/update_params__rosidl_typesupport_introspection_c.h
[2.515s] -- Up-to-date: /home/yanyew/mapping/install/crazyflie_interfaces/include/crazyflie_interfaces/crazyflie_interfaces/srv/detail/upload_trajectory__type_support.c
[2.515s] -- Up-to-date: /home/yanyew/mapping/install/crazyflie_interfaces/include/crazyflie_interfaces/crazyflie_interfaces/srv/detail/arm__rosidl_typesupport_introspection_c.h
[2.516s] -- Up-to-date: /home/yanyew/mapping/install/crazyflie_interfaces/include/crazyflie_interfaces/crazyflie_interfaces/srv/detail/takeoff__type_support.c
[2.516s] -- Up-to-date: /home/yanyew/mapping/install/crazyflie_interfaces/include/crazyflie_interfaces/crazyflie_interfaces/srv/detail/land__rosidl_typesupport_introspection_c.h
[2.517s] -- Up-to-date: /home/yanyew/mapping/install/crazyflie_interfaces/include/crazyflie_interfaces/crazyflie_interfaces/srv/detail/set_group_mask__type_support.c
[2.517s] -- Up-to-date: /home/yanyew/mapping/install/crazyflie_interfaces/include/crazyflie_interfaces/crazyflie_interfaces/srv/detail/start_trajectory__type_support.c
[2.517s] -- Up-to-date: /home/yanyew/mapping/install/crazyflie_interfaces/include/crazyflie_interfaces/crazyflie_interfaces/srv/detail/start_trajectory__rosidl_typesupport_introspection_c.h
[2.518s] -- Up-to-date: /home/yanyew/mapping/install/crazyflie_interfaces/include/crazyflie_interfaces/crazyflie_interfaces/srv/detail/takeoff__rosidl_typesupport_introspection_c.h
[2.518s] -- Up-to-date: /home/yanyew/mapping/install/crazyflie_interfaces/include/crazyflie_interfaces/crazyflie_interfaces/srv/detail/go_to__rosidl_typesupport_introspection_c.h
[2.519s] -- Up-to-date: /home/yanyew/mapping/install/crazyflie_interfaces/include/crazyflie_interfaces/crazyflie_interfaces/srv/detail/go_to__type_support.c
[2.519s] -- Up-to-date: /home/yanyew/mapping/install/crazyflie_interfaces/include/crazyflie_interfaces/crazyflie_interfaces/srv/detail/stop__rosidl_typesupport_introspection_c.h
[2.519s] -- Up-to-date: /home/yanyew/mapping/install/crazyflie_interfaces/include/crazyflie_interfaces/crazyflie_interfaces/srv/detail/upload_trajectory__rosidl_typesupport_introspection_c.h
[2.519s] -- Up-to-date: /home/yanyew/mapping/install/crazyflie_interfaces/include/crazyflie_interfaces/crazyflie_interfaces/srv/detail/set_group_mask__rosidl_typesupport_introspection_c.h
[2.520s] -- Up-to-date: /home/yanyew/mapping/install/crazyflie_interfaces/include/crazyflie_interfaces/crazyflie_interfaces/srv/detail/arm__type_support.c
[2.520s] -- Up-to-date: /home/yanyew/mapping/install/crazyflie_interfaces/include/crazyflie_interfaces/crazyflie_interfaces/srv/detail/add_logging__type_support.c
[2.520s] -- Up-to-date: /home/yanyew/mapping/install/crazyflie_interfaces/include/crazyflie_interfaces/crazyflie_interfaces/msg
[2.520s] -- Up-to-date: /home/yanyew/mapping/install/crazyflie_interfaces/include/crazyflie_interfaces/crazyflie_interfaces/msg/detail
[2.520s] -- Up-to-date: /home/yanyew/mapping/install/crazyflie_interfaces/include/crazyflie_interfaces/crazyflie_interfaces/msg/detail/velocity_world__rosidl_typesupport_introspection_c.h
[2.521s] -- Up-to-date: /home/yanyew/mapping/install/crazyflie_interfaces/include/crazyflie_interfaces/crazyflie_interfaces/msg/detail/connection_statistics_array__rosidl_typesupport_introspection_c.h
[2.521s] -- Up-to-date: /home/yanyew/mapping/install/crazyflie_interfaces/include/crazyflie_interfaces/crazyflie_interfaces/msg/detail/connection_statistics__type_support.c
[2.522s] -- Up-to-date: /home/yanyew/mapping/install/crazyflie_interfaces/include/crazyflie_interfaces/crazyflie_interfaces/msg/detail/position__rosidl_typesupport_introspection_c.h
[2.522s] -- Up-to-date: /home/yanyew/mapping/install/crazyflie_interfaces/include/crazyflie_interfaces/crazyflie_interfaces/msg/detail/connection_statistics_array__type_support.c
[2.522s] -- Up-to-date: /home/yanyew/mapping/install/crazyflie_interfaces/include/crazyflie_interfaces/crazyflie_interfaces/msg/detail/status__type_support.c
[2.522s] -- Up-to-date: /home/yanyew/mapping/install/crazyflie_interfaces/include/crazyflie_interfaces/crazyflie_interfaces/msg/detail/trajectory_polynomial_piece__rosidl_typesupport_introspection_c.h
[2.523s] -- Up-to-date: /home/yanyew/mapping/install/crazyflie_interfaces/include/crazyflie_interfaces/crazyflie_interfaces/msg/detail/velocity_world__type_support.c
[2.525s] -- Up-to-date: /home/yanyew/mapping/install/crazyflie_interfaces/include/crazyflie_interfaces/crazyflie_interfaces/msg/detail/log_data_generic__type_support.c
[2.525s] -- Up-to-date: /home/yanyew/mapping/install/crazyflie_interfaces/include/crazyflie_interfaces/crazyflie_interfaces/msg/detail/log_data_generic__rosidl_typesupport_introspection_c.h
[2.525s] -- Up-to-date: /home/yanyew/mapping/install/crazyflie_interfaces/include/crazyflie_interfaces/crazyflie_interfaces/msg/detail/log_block__rosidl_typesupport_introspection_c.h
[2.525s] -- Up-to-date: /home/yanyew/mapping/install/crazyflie_interfaces/include/crazyflie_interfaces/crazyflie_interfaces/msg/detail/hover__type_support.c
[2.525s] -- Up-to-date: /home/yanyew/mapping/install/crazyflie_interfaces/include/crazyflie_interfaces/crazyflie_interfaces/msg/detail/status__rosidl_typesupport_introspection_c.h
[2.526s] -- Up-to-date: /home/yanyew/mapping/install/crazyflie_interfaces/include/crazyflie_interfaces/crazyflie_interfaces/msg/detail/full_state__type_support.c
[2.526s] -- Up-to-date: /home/yanyew/mapping/install/crazyflie_interfaces/include/crazyflie_interfaces/crazyflie_interfaces/msg/detail/position__type_support.c
[2.526s] -- Up-to-date: /home/yanyew/mapping/install/crazyflie_interfaces/include/crazyflie_interfaces/crazyflie_interfaces/msg/detail/log_block__type_support.c
[2.526s] -- Up-to-date: /home/yanyew/mapping/install/crazyflie_interfaces/include/crazyflie_interfaces/crazyflie_interfaces/msg/detail/hover__rosidl_typesupport_introspection_c.h
[2.526s] -- Up-to-date: /home/yanyew/mapping/install/crazyflie_interfaces/include/crazyflie_interfaces/crazyflie_interfaces/msg/detail/full_state__rosidl_typesupport_introspection_c.h
[2.527s] -- Up-to-date: /home/yanyew/mapping/install/crazyflie_interfaces/include/crazyflie_interfaces/crazyflie_interfaces/msg/detail/trajectory_polynomial_piece__type_support.c
[2.527s] -- Up-to-date: /home/yanyew/mapping/install/crazyflie_interfaces/include/crazyflie_interfaces/crazyflie_interfaces/msg/detail/connection_statistics__rosidl_typesupport_introspection_c.h
[2.527s] -- Up-to-date: /home/yanyew/mapping/install/crazyflie_interfaces/include/crazyflie_interfaces/crazyflie_interfaces/msg/rosidl_typesupport_introspection_c__visibility_control.h
[2.527s] -- Up-to-date: /home/yanyew/mapping/install/crazyflie_interfaces/lib/libcrazyflie_interfaces__rosidl_typesupport_introspection_c.so
[2.527s] -- Up-to-date: /home/yanyew/mapping/install/crazyflie_interfaces/lib/libcrazyflie_interfaces__rosidl_typesupport_c.so
[2.528s] -- Up-to-date: /home/yanyew/mapping/install/crazyflie_interfaces/include/crazyflie_interfaces/crazyflie_interfaces
[2.528s] -- Up-to-date: /home/yanyew/mapping/install/crazyflie_interfaces/include/crazyflie_interfaces/crazyflie_interfaces/srv
[2.528s] -- Up-to-date: /home/yanyew/mapping/install/crazyflie_interfaces/include/crazyflie_interfaces/crazyflie_interfaces/srv/detail
[2.528s] -- Up-to-date: /home/yanyew/mapping/install/crazyflie_interfaces/include/crazyflie_interfaces/crazyflie_interfaces/srv/detail/add_logging__type_support.cpp
[2.529s] -- Up-to-date: /home/yanyew/mapping/install/crazyflie_interfaces/include/crazyflie_interfaces/crazyflie_interfaces/srv/detail/go_to__type_support.cpp
[2.529s] -- Up-to-date: /home/yanyew/mapping/install/crazyflie_interfaces/include/crazyflie_interfaces/crazyflie_interfaces/srv/detail/stop__type_support.cpp
[2.529s] -- Up-to-date: /home/yanyew/mapping/install/crazyflie_interfaces/include/crazyflie_interfaces/crazyflie_interfaces/srv/detail/notify_setpoints_stop__type_support.cpp
[2.530s] -- Up-to-date: /home/yanyew/mapping/install/crazyflie_interfaces/include/crazyflie_interfaces/crazyflie_interfaces/srv/detail/upload_trajectory__rosidl_typesupport_introspection_cpp.hpp
[2.530s] -- Up-to-date: /home/yanyew/mapping/install/crazyflie_interfaces/include/crazyflie_interfaces/crazyflie_interfaces/srv/detail/takeoff__rosidl_typesupport_introspection_cpp.hpp
[2.530s] -- Up-to-date: /home/yanyew/mapping/install/crazyflie_interfaces/include/crazyflie_interfaces/crazyflie_interfaces/srv/detail/upload_trajectory__type_support.cpp
[2.530s] -- Up-to-date: /home/yanyew/mapping/install/crazyflie_interfaces/include/crazyflie_interfaces/crazyflie_interfaces/srv/detail/stop__rosidl_typesupport_introspection_cpp.hpp
[2.531s] -- Up-to-date: /home/yanyew/mapping/install/crazyflie_interfaces/include/crazyflie_interfaces/crazyflie_interfaces/srv/detail/land__type_support.cpp
[2.531s] -- Up-to-date: /home/yanyew/mapping/install/crazyflie_interfaces/include/crazyflie_interfaces/crazyflie_interfaces/srv/detail/start_trajectory__type_support.cpp
[2.531s] -- Up-to-date: /home/yanyew/mapping/install/crazyflie_interfaces/include/crazyflie_interfaces/crazyflie_interfaces/srv/detail/arm__rosidl_typesupport_introspection_cpp.hpp
[2.531s] -- Up-to-date: /home/yanyew/mapping/install/crazyflie_interfaces/include/crazyflie_interfaces/crazyflie_interfaces/srv/detail/notify_setpoints_stop__rosidl_typesupport_introspection_cpp.hpp
[2.531s] -- Up-to-date: /home/yanyew/mapping/install/crazyflie_interfaces/include/crazyflie_interfaces/crazyflie_interfaces/srv/detail/land__rosidl_typesupport_introspection_cpp.hpp
[2.532s] -- Up-to-date: /home/yanyew/mapping/install/crazyflie_interfaces/include/crazyflie_interfaces/crazyflie_interfaces/srv/detail/arm__type_support.cpp
[2.532s] -- Up-to-date: /home/yanyew/mapping/install/crazyflie_interfaces/include/crazyflie_interfaces/crazyflie_interfaces/srv/detail/remove_logging__rosidl_typesupport_introspection_cpp.hpp
[2.532s] -- Up-to-date: /home/yanyew/mapping/install/crazyflie_interfaces/include/crazyflie_interfaces/crazyflie_interfaces/srv/detail/set_group_mask__type_support.cpp
[2.532s] -- Up-to-date: /home/yanyew/mapping/install/crazyflie_interfaces/include/crazyflie_interfaces/crazyflie_interfaces/srv/detail/takeoff__type_support.cpp
[2.532s] -- Up-to-date: /home/yanyew/mapping/install/crazyflie_interfaces/include/crazyflie_interfaces/crazyflie_interfaces/srv/detail/update_params__rosidl_typesupport_introspection_cpp.hpp
[2.533s] -- Up-to-date: /home/yanyew/mapping/install/crazyflie_interfaces/include/crazyflie_interfaces/crazyflie_interfaces/srv/detail/start_trajectory__rosidl_typesupport_introspection_cpp.hpp
[2.533s] -- Up-to-date: /home/yanyew/mapping/install/crazyflie_interfaces/include/crazyflie_interfaces/crazyflie_interfaces/srv/detail/update_params__type_support.cpp
[2.533s] -- Up-to-date: /home/yanyew/mapping/install/crazyflie_interfaces/include/crazyflie_interfaces/crazyflie_interfaces/srv/detail/set_group_mask__rosidl_typesupport_introspection_cpp.hpp
[2.533s] -- Up-to-date: /home/yanyew/mapping/install/crazyflie_interfaces/include/crazyflie_interfaces/crazyflie_interfaces/srv/detail/go_to__rosidl_typesupport_introspection_cpp.hpp
[2.533s] -- Up-to-date: /home/yanyew/mapping/install/crazyflie_interfaces/include/crazyflie_interfaces/crazyflie_interfaces/srv/detail/remove_logging__type_support.cpp
[2.533s] -- Up-to-date: /home/yanyew/mapping/install/crazyflie_interfaces/include/crazyflie_interfaces/crazyflie_interfaces/srv/detail/add_logging__rosidl_typesupport_introspection_cpp.hpp
[2.533s] -- Up-to-date: /home/yanyew/mapping/install/crazyflie_interfaces/include/crazyflie_interfaces/crazyflie_interfaces/msg
[2.538s] -- Up-to-date: /home/yanyew/mapping/install/crazyflie_interfaces/include/crazyflie_interfaces/crazyflie_interfaces/msg/detail
[2.538s] -- Up-to-date: /home/yanyew/mapping/install/crazyflie_interfaces/include/crazyflie_interfaces/crazyflie_interfaces/msg/detail/full_state__type_support.cpp
[2.539s] -- Up-to-date: /home/yanyew/mapping/install/crazyflie_interfaces/include/crazyflie_interfaces/crazyflie_interfaces/msg/detail/hover__type_support.cpp
[2.539s] -- Up-to-date: /home/yanyew/mapping/install/crazyflie_interfaces/include/crazyflie_interfaces/crazyflie_interfaces/msg/detail/velocity_world__rosidl_typesupport_introspection_cpp.hpp
[2.539s] -- Up-to-date: /home/yanyew/mapping/install/crazyflie_interfaces/include/crazyflie_interfaces/crazyflie_interfaces/msg/detail/hover__rosidl_typesupport_introspection_cpp.hpp
[2.539s] -- Up-to-date: /home/yanyew/mapping/install/crazyflie_interfaces/include/crazyflie_interfaces/crazyflie_interfaces/msg/detail/log_block__rosidl_typesupport_introspection_cpp.hpp
[2.539s] -- Up-to-date: /home/yanyew/mapping/install/crazyflie_interfaces/include/crazyflie_interfaces/crazyflie_interfaces/msg/detail/status__type_support.cpp
[2.540s] -- Up-to-date: /home/yanyew/mapping/install/crazyflie_interfaces/include/crazyflie_interfaces/crazyflie_interfaces/msg/detail/connection_statistics__rosidl_typesupport_introspection_cpp.hpp
[2.540s] -- Up-to-date: /home/yanyew/mapping/install/crazyflie_interfaces/include/crazyflie_interfaces/crazyflie_interfaces/msg/detail/velocity_world__type_support.cpp
[2.540s] -- Up-to-date: /home/yanyew/mapping/install/crazyflie_interfaces/include/crazyflie_interfaces/crazyflie_interfaces/msg/detail/trajectory_polynomial_piece__type_support.cpp
[2.540s] -- Up-to-date: /home/yanyew/mapping/install/crazyflie_interfaces/include/crazyflie_interfaces/crazyflie_interfaces/msg/detail/log_data_generic__type_support.cpp
[2.540s] -- Up-to-date: /home/yanyew/mapping/install/crazyflie_interfaces/include/crazyflie_interfaces/crazyflie_interfaces/msg/detail/position__type_support.cpp
[2.541s] -- Up-to-date: /home/yanyew/mapping/install/crazyflie_interfaces/include/crazyflie_interfaces/crazyflie_interfaces/msg/detail/position__rosidl_typesupport_introspection_cpp.hpp
[2.541s] -- Up-to-date: /home/yanyew/mapping/install/crazyflie_interfaces/include/crazyflie_interfaces/crazyflie_interfaces/msg/detail/status__rosidl_typesupport_introspection_cpp.hpp
[2.541s] -- Up-to-date: /home/yanyew/mapping/install/crazyflie_interfaces/include/crazyflie_interfaces/crazyflie_interfaces/msg/detail/connection_statistics_array__type_support.cpp
[2.541s] -- Up-to-date: /home/yanyew/mapping/install/crazyflie_interfaces/include/crazyflie_interfaces/crazyflie_interfaces/msg/detail/connection_statistics_array__rosidl_typesupport_introspection_cpp.hpp
[2.541s] -- Up-to-date: /home/yanyew/mapping/install/crazyflie_interfaces/include/crazyflie_interfaces/crazyflie_interfaces/msg/detail/connection_statistics__type_support.cpp
[2.541s] -- Up-to-date: /home/yanyew/mapping/install/crazyflie_interfaces/include/crazyflie_interfaces/crazyflie_interfaces/msg/detail/trajectory_polynomial_piece__rosidl_typesupport_introspection_cpp.hpp
[2.542s] -- Up-to-date: /home/yanyew/mapping/install/crazyflie_interfaces/include/crazyflie_interfaces/crazyflie_interfaces/msg/detail/full_state__rosidl_typesupport_introspection_cpp.hpp
[2.542s] -- Up-to-date: /home/yanyew/mapping/install/crazyflie_interfaces/include/crazyflie_interfaces/crazyflie_interfaces/msg/detail/log_block__type_support.cpp
[2.542s] -- Up-to-date: /home/yanyew/mapping/install/crazyflie_interfaces/include/crazyflie_interfaces/crazyflie_interfaces/msg/detail/log_data_generic__rosidl_typesupport_introspection_cpp.hpp
[2.543s] -- Up-to-date: /home/yanyew/mapping/install/crazyflie_interfaces/lib/libcrazyflie_interfaces__rosidl_typesupport_introspection_cpp.so
[2.543s] -- Up-to-date: /home/yanyew/mapping/install/crazyflie_interfaces/lib/libcrazyflie_interfaces__rosidl_typesupport_cpp.so
[2.543s] -- Up-to-date: /home/yanyew/mapping/install/crazyflie_interfaces/share/crazyflie_interfaces/environment/pythonpath.sh
[2.543s] -- Up-to-date: /home/yanyew/mapping/install/crazyflie_interfaces/share/crazyflie_interfaces/environment/pythonpath.dsv
[2.544s] -- Up-to-date: /home/yanyew/mapping/install/crazyflie_interfaces/local/lib/python3.10/dist-packages/crazyflie_interfaces-2.0.0-py3.10.egg-info
[2.544s] -- Installing: /home/yanyew/mapping/install/crazyflie_interfaces/local/lib/python3.10/dist-packages/crazyflie_interfaces-2.0.0-py3.10.egg-info/PKG-INFO
[2.544s] -- Installing: /home/yanyew/mapping/install/crazyflie_interfaces/local/lib/python3.10/dist-packages/crazyflie_interfaces-2.0.0-py3.10.egg-info/top_level.txt
[2.544s] -- Installing: /home/yanyew/mapping/install/crazyflie_interfaces/local/lib/python3.10/dist-packages/crazyflie_interfaces-2.0.0-py3.10.egg-info/dependency_links.txt
[2.544s] -- Installing: /home/yanyew/mapping/install/crazyflie_interfaces/local/lib/python3.10/dist-packages/crazyflie_interfaces-2.0.0-py3.10.egg-info/SOURCES.txt
[2.545s] -- Up-to-date: /home/yanyew/mapping/install/crazyflie_interfaces/local/lib/python3.10/dist-packages/crazyflie_interfaces
[2.545s] -- Up-to-date: /home/yanyew/mapping/install/crazyflie_interfaces/local/lib/python3.10/dist-packages/crazyflie_interfaces/__init__.py
[2.545s] -- Up-to-date: /home/yanyew/mapping/install/crazyflie_interfaces/local/lib/python3.10/dist-packages/crazyflie_interfaces/srv
[2.545s] -- Up-to-date: /home/yanyew/mapping/install/crazyflie_interfaces/local/lib/python3.10/dist-packages/crazyflie_interfaces/srv/_stop_s.c
[2.545s] -- Up-to-date: /home/yanyew/mapping/install/crazyflie_interfaces/local/lib/python3.10/dist-packages/crazyflie_interfaces/srv/__init__.py
[2.546s] -- Up-to-date: /home/yanyew/mapping/install/crazyflie_interfaces/local/lib/python3.10/dist-packages/crazyflie_interfaces/srv/_add_logging.py
[2.546s] -- Up-to-date: /home/yanyew/mapping/install/crazyflie_interfaces/local/lib/python3.10/dist-packages/crazyflie_interfaces/srv/_land.py
[2.546s] -- Up-to-date: /home/yanyew/mapping/install/crazyflie_interfaces/local/lib/python3.10/dist-packages/crazyflie_interfaces/srv/_go_to.py
[2.546s] -- Up-to-date: /home/yanyew/mapping/install/crazyflie_interfaces/local/lib/python3.10/dist-packages/crazyflie_interfaces/srv/_set_group_mask_s.c
[2.546s] -- Up-to-date: /home/yanyew/mapping/install/crazyflie_interfaces/local/lib/python3.10/dist-packages/crazyflie_interfaces/srv/_notify_setpoints_stop.py
[2.547s] -- Up-to-date: /home/yanyew/mapping/install/crazyflie_interfaces/local/lib/python3.10/dist-packages/crazyflie_interfaces/srv/_notify_setpoints_stop_s.c
[2.547s] -- Up-to-date: /home/yanyew/mapping/install/crazyflie_interfaces/local/lib/python3.10/dist-packages/crazyflie_interfaces/srv/_remove_logging.py
[2.547s] -- Up-to-date: /home/yanyew/mapping/install/crazyflie_interfaces/local/lib/python3.10/dist-packages/crazyflie_interfaces/srv/_go_to_s.c
[2.547s] -- Up-to-date: /home/yanyew/mapping/install/crazyflie_interfaces/local/lib/python3.10/dist-packages/crazyflie_interfaces/srv/_set_group_mask.py
[2.547s] -- Up-to-date: /home/yanyew/mapping/install/crazyflie_interfaces/local/lib/python3.10/dist-packages/crazyflie_interfaces/srv/_land_s.c
[2.548s] -- Up-to-date: /home/yanyew/mapping/install/crazyflie_interfaces/local/lib/python3.10/dist-packages/crazyflie_interfaces/srv/_update_params.py
[2.548s] -- Up-to-date: /home/yanyew/mapping/install/crazyflie_interfaces/local/lib/python3.10/dist-packages/crazyflie_interfaces/srv/_takeoff_s.c
[2.548s] -- Up-to-date: /home/yanyew/mapping/install/crazyflie_interfaces/local/lib/python3.10/dist-packages/crazyflie_interfaces/srv/_upload_trajectory.py
[2.548s] -- Up-to-date: /home/yanyew/mapping/install/crazyflie_interfaces/local/lib/python3.10/dist-packages/crazyflie_interfaces/srv/_remove_logging_s.c
[2.548s] -- Up-to-date: /home/yanyew/mapping/install/crazyflie_interfaces/local/lib/python3.10/dist-packages/crazyflie_interfaces/srv/_takeoff.py
[2.549s] -- Up-to-date: /home/yanyew/mapping/install/crazyflie_interfaces/local/lib/python3.10/dist-packages/crazyflie_interfaces/srv/_add_logging_s.c
[2.549s] -- Up-to-date: /home/yanyew/mapping/install/crazyflie_interfaces/local/lib/python3.10/dist-packages/crazyflie_interfaces/srv/_stop.py
[2.549s] -- Up-to-date: /home/yanyew/mapping/install/crazyflie_interfaces/local/lib/python3.10/dist-packages/crazyflie_interfaces/srv/_update_params_s.c
[2.549s] -- Up-to-date: /home/yanyew/mapping/install/crazyflie_interfaces/local/lib/python3.10/dist-packages/crazyflie_interfaces/srv/_start_trajectory_s.c
[2.549s] -- Up-to-date: /home/yanyew/mapping/install/crazyflie_interfaces/local/lib/python3.10/dist-packages/crazyflie_interfaces/srv/_arm.py
[2.549s] -- Up-to-date: /home/yanyew/mapping/install/crazyflie_interfaces/local/lib/python3.10/dist-packages/crazyflie_interfaces/srv/_arm_s.c
[2.550s] -- Up-to-date: /home/yanyew/mapping/install/crazyflie_interfaces/local/lib/python3.10/dist-packages/crazyflie_interfaces/srv/_upload_trajectory_s.c
[2.550s] -- Up-to-date: /home/yanyew/mapping/install/crazyflie_interfaces/local/lib/python3.10/dist-packages/crazyflie_interfaces/srv/_start_trajectory.py
[2.550s] -- Up-to-date: /home/yanyew/mapping/install/crazyflie_interfaces/local/lib/python3.10/dist-packages/crazyflie_interfaces/libcrazyflie_interfaces__rosidl_generator_py.so
[2.550s] -- Up-to-date: /home/yanyew/mapping/install/crazyflie_interfaces/local/lib/python3.10/dist-packages/crazyflie_interfaces/_crazyflie_interfaces_s.ep.rosidl_typesupport_fastrtps_c.c
[2.550s] -- Up-to-date: /home/yanyew/mapping/install/crazyflie_interfaces/local/lib/python3.10/dist-packages/crazyflie_interfaces/crazyflie_interfaces_s__rosidl_typesupport_c.cpython-310-x86_64-linux-gnu.so
[2.550s] -- Up-to-date: /home/yanyew/mapping/install/crazyflie_interfaces/local/lib/python3.10/dist-packages/crazyflie_interfaces/crazyflie_interfaces_s__rosidl_typesupport_introspection_c.cpython-310-x86_64-linux-gnu.so
[2.551s] -- Up-to-date: /home/yanyew/mapping/install/crazyflie_interfaces/local/lib/python3.10/dist-packages/crazyflie_interfaces/_crazyflie_interfaces_s.ep.rosidl_typesupport_introspection_c.c
[2.551s] -- Up-to-date: /home/yanyew/mapping/install/crazyflie_interfaces/local/lib/python3.10/dist-packages/crazyflie_interfaces/crazyflie_interfaces_s__rosidl_typesupport_fastrtps_c.cpython-310-x86_64-linux-gnu.so
[2.551s] -- Up-to-date: /home/yanyew/mapping/install/crazyflie_interfaces/local/lib/python3.10/dist-packages/crazyflie_interfaces/_crazyflie_interfaces_s.ep.rosidl_typesupport_c.c
[2.551s] -- Up-to-date: /home/yanyew/mapping/install/crazyflie_interfaces/local/lib/python3.10/dist-packages/crazyflie_interfaces/msg
[2.552s] -- Up-to-date: /home/yanyew/mapping/install/crazyflie_interfaces/local/lib/python3.10/dist-packages/crazyflie_interfaces/msg/_status_s.c
[2.552s] -- Up-to-date: /home/yanyew/mapping/install/crazyflie_interfaces/local/lib/python3.10/dist-packages/crazyflie_interfaces/msg/__init__.py
[2.552s] -- Up-to-date: /home/yanyew/mapping/install/crazyflie_interfaces/local/lib/python3.10/dist-packages/crazyflie_interfaces/msg/_connection_statistics_array.py
[2.553s] -- Up-to-date: /home/yanyew/mapping/install/crazyflie_interfaces/local/lib/python3.10/dist-packages/crazyflie_interfaces/msg/_velocity_world_s.c
[2.553s] -- Up-to-date: /home/yanyew/mapping/install/crazyflie_interfaces/local/lib/python3.10/dist-packages/crazyflie_interfaces/msg/_position.py
[2.553s] -- Up-to-date: /home/yanyew/mapping/install/crazyflie_interfaces/local/lib/python3.10/dist-packages/crazyflie_interfaces/msg/_log_data_generic_s.c
[2.553s] -- Up-to-date: /home/yanyew/mapping/install/crazyflie_interfaces/local/lib/python3.10/dist-packages/crazyflie_interfaces/msg/_trajectory_polynomial_piece_s.c
[2.554s] -- Up-to-date: /home/yanyew/mapping/install/crazyflie_interfaces/local/lib/python3.10/dist-packages/crazyflie_interfaces/msg/_full_state.py
[2.554s] -- Up-to-date: /home/yanyew/mapping/install/crazyflie_interfaces/local/lib/python3.10/dist-packages/crazyflie_interfaces/msg/_full_state_s.c
[2.554s] -- Up-to-date: /home/yanyew/mapping/install/crazyflie_interfaces/local/lib/python3.10/dist-packages/crazyflie_interfaces/msg/_log_block_s.c
[2.554s] -- Up-to-date: /home/yanyew/mapping/install/crazyflie_interfaces/local/lib/python3.10/dist-packages/crazyflie_interfaces/msg/_trajectory_polynomial_piece.py
[2.555s] -- Up-to-date: /home/yanyew/mapping/install/crazyflie_interfaces/local/lib/python3.10/dist-packages/crazyflie_interfaces/msg/_connection_statistics_s.c
[2.555s] -- Up-to-date: /home/yanyew/mapping/install/crazyflie_interfaces/local/lib/python3.10/dist-packages/crazyflie_interfaces/msg/_velocity_world.py
[2.556s] -- Up-to-date: /home/yanyew/mapping/install/crazyflie_interfaces/local/lib/python3.10/dist-packages/crazyflie_interfaces/msg/_connection_statistics_array_s.c
[2.557s] -- Up-to-date: /home/yanyew/mapping/install/crazyflie_interfaces/local/lib/python3.10/dist-packages/crazyflie_interfaces/msg/_connection_statistics.py
[2.561s] -- Up-to-date: /home/yanyew/mapping/install/crazyflie_interfaces/local/lib/python3.10/dist-packages/crazyflie_interfaces/msg/_log_block.py
[2.561s] -- Up-to-date: /home/yanyew/mapping/install/crazyflie_interfaces/local/lib/python3.10/dist-packages/crazyflie_interfaces/msg/_hover_s.c
[2.561s] -- Up-to-date: /home/yanyew/mapping/install/crazyflie_interfaces/local/lib/python3.10/dist-packages/crazyflie_interfaces/msg/_position_s.c
[2.561s] -- Up-to-date: /home/yanyew/mapping/install/crazyflie_interfaces/local/lib/python3.10/dist-packages/crazyflie_interfaces/msg/_status.py
[2.561s] -- Up-to-date: /home/yanyew/mapping/install/crazyflie_interfaces/local/lib/python3.10/dist-packages/crazyflie_interfaces/msg/_hover.py
[2.562s] -- Up-to-date: /home/yanyew/mapping/install/crazyflie_interfaces/local/lib/python3.10/dist-packages/crazyflie_interfaces/msg/_log_data_generic.py
[2.562s] Listing '/home/yanyew/mapping/install/crazyflie_interfaces/local/lib/python3.10/dist-packages/crazyflie_interfaces'...
[2.562s] Listing '/home/yanyew/mapping/install/crazyflie_interfaces/local/lib/python3.10/dist-packages/crazyflie_interfaces/msg'...
[2.562s] Listing '/home/yanyew/mapping/install/crazyflie_interfaces/local/lib/python3.10/dist-packages/crazyflie_interfaces/srv'...
[2.564s] -- Up-to-date: /home/yanyew/mapping/install/crazyflie_interfaces/local/lib/python3.10/dist-packages/crazyflie_interfaces/crazyflie_interfaces_s__rosidl_typesupport_fastrtps_c.cpython-310-x86_64-linux-gnu.so
[2.564s] -- Up-to-date: /home/yanyew/mapping/install/crazyflie_interfaces/local/lib/python3.10/dist-packages/crazyflie_interfaces/crazyflie_interfaces_s__rosidl_typesupport_introspection_c.cpython-310-x86_64-linux-gnu.so
[2.564s] -- Up-to-date: /home/yanyew/mapping/install/crazyflie_interfaces/local/lib/python3.10/dist-packages/crazyflie_interfaces/crazyflie_interfaces_s__rosidl_typesupport_c.cpython-310-x86_64-linux-gnu.so
[2.565s] -- Up-to-date: /home/yanyew/mapping/install/crazyflie_interfaces/lib/libcrazyflie_interfaces__rosidl_generator_py.so
[2.565s] -- Up-to-date: /home/yanyew/mapping/install/crazyflie_interfaces/share/crazyflie_interfaces/msg/ConnectionStatistics.idl
[2.565s] -- Up-to-date: /home/yanyew/mapping/install/crazyflie_interfaces/share/crazyflie_interfaces/msg/ConnectionStatisticsArray.idl
[2.565s] -- Up-to-date: /home/yanyew/mapping/install/crazyflie_interfaces/share/crazyflie_interfaces/msg/FullState.idl
[2.566s] -- Up-to-date: /home/yanyew/mapping/install/crazyflie_interfaces/share/crazyflie_interfaces/msg/LogDataGeneric.idl
[2.566s] -- Up-to-date: /home/yanyew/mapping/install/crazyflie_interfaces/share/crazyflie_interfaces/msg/Hover.idl
[2.566s] -- Up-to-date: /home/yanyew/mapping/install/crazyflie_interfaces/share/crazyflie_interfaces/msg/LogBlock.idl
[2.566s] -- Up-to-date: /home/yanyew/mapping/install/crazyflie_interfaces/share/crazyflie_interfaces/msg/Position.idl
[2.567s] -- Up-to-date: /home/yanyew/mapping/install/crazyflie_interfaces/share/crazyflie_interfaces/msg/Status.idl
[2.567s] -- Up-to-date: /home/yanyew/mapping/install/crazyflie_interfaces/share/crazyflie_interfaces/msg/TrajectoryPolynomialPiece.idl
[2.567s] -- Up-to-date: /home/yanyew/mapping/install/crazyflie_interfaces/share/crazyflie_interfaces/msg/VelocityWorld.idl
[2.567s] -- Up-to-date: /home/yanyew/mapping/install/crazyflie_interfaces/share/crazyflie_interfaces/srv/GoTo.idl
[2.567s] -- Up-to-date: /home/yanyew/mapping/install/crazyflie_interfaces/share/crazyflie_interfaces/srv/Land.idl
[2.568s] -- Up-to-date: /home/yanyew/mapping/install/crazyflie_interfaces/share/crazyflie_interfaces/srv/NotifySetpointsStop.idl
[2.568s] -- Up-to-date: /home/yanyew/mapping/install/crazyflie_interfaces/share/crazyflie_interfaces/srv/SetGroupMask.idl
[2.568s] -- Up-to-date: /home/yanyew/mapping/install/crazyflie_interfaces/share/crazyflie_interfaces/srv/StartTrajectory.idl
[2.568s] -- Up-to-date: /home/yanyew/mapping/install/crazyflie_interfaces/share/crazyflie_interfaces/srv/Stop.idl
[2.568s] -- Up-to-date: /home/yanyew/mapping/install/crazyflie_interfaces/share/crazyflie_interfaces/srv/Takeoff.idl
[2.569s] -- Up-to-date: /home/yanyew/mapping/install/crazyflie_interfaces/share/crazyflie_interfaces/srv/UpdateParams.idl
[2.569s] -- Up-to-date: /home/yanyew/mapping/install/crazyflie_interfaces/share/crazyflie_interfaces/srv/UploadTrajectory.idl
[2.569s] -- Up-to-date: /home/yanyew/mapping/install/crazyflie_interfaces/share/crazyflie_interfaces/srv/RemoveLogging.idl
[2.569s] -- Up-to-date: /home/yanyew/mapping/install/crazyflie_interfaces/share/crazyflie_interfaces/srv/AddLogging.idl
[2.569s] -- Up-to-date: /home/yanyew/mapping/install/crazyflie_interfaces/share/crazyflie_interfaces/srv/Arm.idl
[2.570s] -- Up-to-date: /home/yanyew/mapping/install/crazyflie_interfaces/share/crazyflie_interfaces/msg/ConnectionStatistics.msg
[2.570s] -- Up-to-date: /home/yanyew/mapping/install/crazyflie_interfaces/share/crazyflie_interfaces/msg/ConnectionStatisticsArray.msg
[2.570s] -- Up-to-date: /home/yanyew/mapping/install/crazyflie_interfaces/share/crazyflie_interfaces/msg/FullState.msg
[2.570s] -- Up-to-date: /home/yanyew/mapping/install/crazyflie_interfaces/share/crazyflie_interfaces/msg/LogDataGeneric.msg
[2.571s] -- Up-to-date: /home/yanyew/mapping/install/crazyflie_interfaces/share/crazyflie_interfaces/msg/Hover.msg
[2.571s] -- Up-to-date: /home/yanyew/mapping/install/crazyflie_interfaces/share/crazyflie_interfaces/msg/LogBlock.msg
[2.571s] -- Up-to-date: /home/yanyew/mapping/install/crazyflie_interfaces/share/crazyflie_interfaces/msg/Position.msg
[2.571s] -- Up-to-date: /home/yanyew/mapping/install/crazyflie_interfaces/share/crazyflie_interfaces/msg/Status.msg
[2.572s] -- Up-to-date: /home/yanyew/mapping/install/crazyflie_interfaces/share/crazyflie_interfaces/msg/TrajectoryPolynomialPiece.msg
[2.573s] -- Up-to-date: /home/yanyew/mapping/install/crazyflie_interfaces/share/crazyflie_interfaces/msg/VelocityWorld.msg
[2.573s] -- Up-to-date: /home/yanyew/mapping/install/crazyflie_interfaces/share/crazyflie_interfaces/srv/GoTo.srv
[2.573s] -- Up-to-date: /home/yanyew/mapping/install/crazyflie_interfaces/share/crazyflie_interfaces/srv/GoTo_Request.msg
[2.574s] -- Up-to-date: /home/yanyew/mapping/install/crazyflie_interfaces/share/crazyflie_interfaces/srv/GoTo_Response.msg
[2.574s] -- Up-to-date: /home/yanyew/mapping/install/crazyflie_interfaces/share/crazyflie_interfaces/srv/Land.srv
[2.574s] -- Up-to-date: /home/yanyew/mapping/install/crazyflie_interfaces/share/crazyflie_interfaces/srv/Land_Request.msg
[2.574s] -- Up-to-date: /home/yanyew/mapping/install/crazyflie_interfaces/share/crazyflie_interfaces/srv/Land_Response.msg
[2.575s] -- Up-to-date: /home/yanyew/mapping/install/crazyflie_interfaces/share/crazyflie_interfaces/srv/NotifySetpointsStop.srv
[2.576s] -- Up-to-date: /home/yanyew/mapping/install/crazyflie_interfaces/share/crazyflie_interfaces/srv/NotifySetpointsStop_Request.msg
[2.578s] -- Up-to-date: /home/yanyew/mapping/install/crazyflie_interfaces/share/crazyflie_interfaces/srv/NotifySetpointsStop_Response.msg
[2.580s] -- Up-to-date: /home/yanyew/mapping/install/crazyflie_interfaces/share/crazyflie_interfaces/srv/SetGroupMask.srv
[2.581s] -- Up-to-date: /home/yanyew/mapping/install/crazyflie_interfaces/share/crazyflie_interfaces/srv/SetGroupMask_Request.msg
[2.581s] -- Up-to-date: /home/yanyew/mapping/install/crazyflie_interfaces/share/crazyflie_interfaces/srv/SetGroupMask_Response.msg
[2.581s] -- Up-to-date: /home/yanyew/mapping/install/crazyflie_interfaces/share/crazyflie_interfaces/srv/StartTrajectory.srv
[2.581s] -- Up-to-date: /home/yanyew/mapping/install/crazyflie_interfaces/share/crazyflie_interfaces/srv/StartTrajectory_Request.msg
[2.582s] -- Up-to-date: /home/yanyew/mapping/install/crazyflie_interfaces/share/crazyflie_interfaces/srv/StartTrajectory_Response.msg
[2.582s] -- Up-to-date: /home/yanyew/mapping/install/crazyflie_interfaces/share/crazyflie_interfaces/srv/Stop.srv
[2.582s] -- Up-to-date: /home/yanyew/mapping/install/crazyflie_interfaces/share/crazyflie_interfaces/srv/Stop_Request.msg
[2.582s] -- Up-to-date: /home/yanyew/mapping/install/crazyflie_interfaces/share/crazyflie_interfaces/srv/Stop_Response.msg
[2.582s] -- Up-to-date: /home/yanyew/mapping/install/crazyflie_interfaces/share/crazyflie_interfaces/srv/Takeoff.srv
[2.582s] -- Up-to-date: /home/yanyew/mapping/install/crazyflie_interfaces/share/crazyflie_interfaces/srv/Takeoff_Request.msg
[2.583s] -- Up-to-date: /home/yanyew/mapping/install/crazyflie_interfaces/share/crazyflie_interfaces/srv/Takeoff_Response.msg
[2.583s] -- Up-to-date: /home/yanyew/mapping/install/crazyflie_interfaces/share/crazyflie_interfaces/srv/UpdateParams.srv
[2.583s] -- Up-to-date: /home/yanyew/mapping/install/crazyflie_interfaces/share/crazyflie_interfaces/srv/UpdateParams_Request.msg
[2.583s] -- Up-to-date: /home/yanyew/mapping/install/crazyflie_interfaces/share/crazyflie_interfaces/srv/UpdateParams_Response.msg
[2.583s] -- Up-to-date: /home/yanyew/mapping/install/crazyflie_interfaces/share/crazyflie_interfaces/srv/UploadTrajectory.srv
[2.583s] -- Up-to-date: /home/yanyew/mapping/install/crazyflie_interfaces/share/crazyflie_interfaces/srv/UploadTrajectory_Request.msg
[2.584s] -- Up-to-date: /home/yanyew/mapping/install/crazyflie_interfaces/share/crazyflie_interfaces/srv/UploadTrajectory_Response.msg
[2.584s] -- Up-to-date: /home/yanyew/mapping/install/crazyflie_interfaces/share/crazyflie_interfaces/srv/RemoveLogging.srv
[2.585s] -- Up-to-date: /home/yanyew/mapping/install/crazyflie_interfaces/share/crazyflie_interfaces/srv/RemoveLogging_Request.msg
[2.585s] -- Up-to-date: /home/yanyew/mapping/install/crazyflie_interfaces/share/crazyflie_interfaces/srv/RemoveLogging_Response.msg
[2.585s] -- Up-to-date: /home/yanyew/mapping/install/crazyflie_interfaces/share/crazyflie_interfaces/srv/AddLogging.srv
[2.585s] -- Up-to-date: /home/yanyew/mapping/install/crazyflie_interfaces/share/crazyflie_interfaces/srv/AddLogging_Request.msg
[2.585s] -- Up-to-date: /home/yanyew/mapping/install/crazyflie_interfaces/share/crazyflie_interfaces/srv/AddLogging_Response.msg
[2.586s] -- Up-to-date: /home/yanyew/mapping/install/crazyflie_interfaces/share/crazyflie_interfaces/srv/Arm.srv
[2.586s] -- Up-to-date: /home/yanyew/mapping/install/crazyflie_interfaces/share/crazyflie_interfaces/srv/Arm_Request.msg
[2.586s] -- Up-to-date: /home/yanyew/mapping/install/crazyflie_interfaces/share/crazyflie_interfaces/srv/Arm_Response.msg
[2.586s] -- Up-to-date: /home/yanyew/mapping/install/crazyflie_interfaces/share/ament_index/resource_index/package_run_dependencies/crazyflie_interfaces
[2.586s] -- Up-to-date: /home/yanyew/mapping/install/crazyflie_interfaces/share/ament_index/resource_index/parent_prefix_path/crazyflie_interfaces
[2.586s] -- Up-to-date: /home/yanyew/mapping/install/crazyflie_interfaces/share/crazyflie_interfaces/environment/ament_prefix_path.sh
[2.587s] -- Up-to-date: /home/yanyew/mapping/install/crazyflie_interfaces/share/crazyflie_interfaces/environment/ament_prefix_path.dsv
[2.588s] -- Up-to-date: /home/yanyew/mapping/install/crazyflie_interfaces/share/crazyflie_interfaces/environment/path.sh
[2.588s] -- Up-to-date: /home/yanyew/mapping/install/crazyflie_interfaces/share/crazyflie_interfaces/environment/path.dsv
[2.588s] -- Up-to-date: /home/yanyew/mapping/install/crazyflie_interfaces/share/crazyflie_interfaces/local_setup.bash
[2.588s] -- Up-to-date: /home/yanyew/mapping/install/crazyflie_interfaces/share/crazyflie_interfaces/local_setup.sh
[2.588s] -- Up-to-date: /home/yanyew/mapping/install/crazyflie_interfaces/share/crazyflie_interfaces/local_setup.zsh
[2.589s] -- Up-to-date: /home/yanyew/mapping/install/crazyflie_interfaces/share/crazyflie_interfaces/local_setup.dsv
[2.589s] -- Installing: /home/yanyew/mapping/install/crazyflie_interfaces/share/crazyflie_interfaces/package.dsv
[2.589s] -- Up-to-date: /home/yanyew/mapping/install/crazyflie_interfaces/share/ament_index/resource_index/packages/crazyflie_interfaces
[2.589s] -- Up-to-date: /home/yanyew/mapping/install/crazyflie_interfaces/share/crazyflie_interfaces/cmake/export_crazyflie_interfaces__rosidl_generator_cExport.cmake
[2.589s] -- Up-to-date: /home/yanyew/mapping/install/crazyflie_interfaces/share/crazyflie_interfaces/cmake/export_crazyflie_interfaces__rosidl_generator_cExport-noconfig.cmake
[2.590s] -- Up-to-date: /home/yanyew/mapping/install/crazyflie_interfaces/share/crazyflie_interfaces/cmake/export_crazyflie_interfaces__rosidl_typesupport_fastrtps_cExport.cmake
[2.590s] -- Up-to-date: /home/yanyew/mapping/install/crazyflie_interfaces/share/crazyflie_interfaces/cmake/export_crazyflie_interfaces__rosidl_typesupport_fastrtps_cExport-noconfig.cmake
[2.590s] -- Up-to-date: /home/yanyew/mapping/install/crazyflie_interfaces/share/crazyflie_interfaces/cmake/export_crazyflie_interfaces__rosidl_generator_cppExport.cmake
[2.590s] -- Up-to-date: /home/yanyew/mapping/install/crazyflie_interfaces/share/crazyflie_interfaces/cmake/export_crazyflie_interfaces__rosidl_typesupport_fastrtps_cppExport.cmake
[2.591s] -- Up-to-date: /home/yanyew/mapping/install/crazyflie_interfaces/share/crazyflie_interfaces/cmake/export_crazyflie_interfaces__rosidl_typesupport_fastrtps_cppExport-noconfig.cmake
[2.591s] -- Up-to-date: /home/yanyew/mapping/install/crazyflie_interfaces/share/crazyflie_interfaces/cmake/crazyflie_interfaces__rosidl_typesupport_introspection_cExport.cmake
[2.591s] -- Up-to-date: /home/yanyew/mapping/install/crazyflie_interfaces/share/crazyflie_interfaces/cmake/crazyflie_interfaces__rosidl_typesupport_introspection_cExport-noconfig.cmake
[2.591s] -- Up-to-date: /home/yanyew/mapping/install/crazyflie_interfaces/share/crazyflie_interfaces/cmake/crazyflie_interfaces__rosidl_typesupport_cExport.cmake
[2.591s] -- Up-to-date: /home/yanyew/mapping/install/crazyflie_interfaces/share/crazyflie_interfaces/cmake/crazyflie_interfaces__rosidl_typesupport_cExport-noconfig.cmake
[2.592s] -- Up-to-date: /home/yanyew/mapping/install/crazyflie_interfaces/share/crazyflie_interfaces/cmake/crazyflie_interfaces__rosidl_typesupport_introspection_cppExport.cmake
[2.592s] -- Up-to-date: /home/yanyew/mapping/install/crazyflie_interfaces/share/crazyflie_interfaces/cmake/crazyflie_interfaces__rosidl_typesupport_introspection_cppExport-noconfig.cmake
[2.592s] -- Up-to-date: /home/yanyew/mapping/install/crazyflie_interfaces/share/crazyflie_interfaces/cmake/crazyflie_interfaces__rosidl_typesupport_cppExport.cmake
[2.592s] -- Up-to-date: /home/yanyew/mapping/install/crazyflie_interfaces/share/crazyflie_interfaces/cmake/crazyflie_interfaces__rosidl_typesupport_cppExport-noconfig.cmake
[2.592s] -- Up-to-date: /home/yanyew/mapping/install/crazyflie_interfaces/share/crazyflie_interfaces/cmake/export_crazyflie_interfaces__rosidl_generator_pyExport.cmake
[2.593s] -- Up-to-date: /home/yanyew/mapping/install/crazyflie_interfaces/share/crazyflie_interfaces/cmake/export_crazyflie_interfaces__rosidl_generator_pyExport-noconfig.cmake
[2.593s] -- Up-to-date: /home/yanyew/mapping/install/crazyflie_interfaces/share/crazyflie_interfaces/cmake/rosidl_cmake-extras.cmake
[2.593s] -- Up-to-date: /home/yanyew/mapping/install/crazyflie_interfaces/share/crazyflie_interfaces/cmake/ament_cmake_export_dependencies-extras.cmake
[2.593s] -- Up-to-date: /home/yanyew/mapping/install/crazyflie_interfaces/share/crazyflie_interfaces/cmake/ament_cmake_export_include_directories-extras.cmake
[2.593s] -- Up-to-date: /home/yanyew/mapping/install/crazyflie_interfaces/share/crazyflie_interfaces/cmake/ament_cmake_export_libraries-extras.cmake
[2.594s] -- Up-to-date: /home/yanyew/mapping/install/crazyflie_interfaces/share/crazyflie_interfaces/cmake/ament_cmake_export_targets-extras.cmake
[2.594s] -- Up-to-date: /home/yanyew/mapping/install/crazyflie_interfaces/share/crazyflie_interfaces/cmake/rosidl_cmake_export_typesupport_targets-extras.cmake
[2.594s] -- Up-to-date: /home/yanyew/mapping/install/crazyflie_interfaces/share/crazyflie_interfaces/cmake/rosidl_cmake_export_typesupport_libraries-extras.cmake
[2.594s] -- Up-to-date: /home/yanyew/mapping/install/crazyflie_interfaces/share/crazyflie_interfaces/cmake/crazyflie_interfacesConfig.cmake
[2.594s] -- Up-to-date: /home/yanyew/mapping/install/crazyflie_interfaces/share/crazyflie_interfaces/cmake/crazyflie_interfacesConfig-version.cmake
[2.595s] -- Up-to-date: /home/yanyew/mapping/install/crazyflie_interfaces/share/crazyflie_interfaces/package.xml
[2.595s] Invoked command in '/home/yanyew/mapping/build/crazyflie_interfaces' returned '0': CMAKE_PREFIX_PATH=${CMAKE_PREFIX_PATH}:/home/yanyew/mapping/install/ros_gz_crazyflie_control:/home/yanyew/mapping/install/merge_map:/home/yanyew/mapping/install/crazyflie_ros2_multiranger_wall_following:/home/yanyew/mapping/install/crazyflie_ros2_multiranger_simple_mapper:/home/yanyew/mapping/install/crazyflie_py:/home/yanyew/mapping/install/crazyflie_launch:/opt/ros/humble /usr/bin/cmake --install /home/yanyew/mapping/build/crazyflie_interfaces
