[0.016s] Invoking command in '/home/yanyew/mapping/build/crazyflie_ros2_multiranger_bringup': CMAKE_PREFIX_PATH=${CMAKE_PREFIX_PATH}:/opt/ros/humble /usr/bin/cmake /home/yanyew/mapping/src/crazyflie_ros2_multiranger/crazyflie_ros2_multiranger_bringup -DBUILD_TESTING=ON -DCMAKE_INSTALL_PREFIX=/home/yanyew/mapping/install/crazyflie_ros2_multiranger_bringup
[0.293s] -- Found ament_cmake: 1.3.11 (/opt/ros/humble/share/ament_cmake/cmake)
[0.293s] -- Configuring incomplete, errors occurred!
[0.293s] See also "/home/yanyew/mapping/build/crazyflie_ros2_multiranger_bringup/CMakeFiles/CMakeOutput.log".
[0.293s] [31mCMake Error at CMakeLists.txt:6 (find_package):
[0.293s]   By not providing "Findros_gz_crazyflie_bringup.cmake" in CMAKE_MODULE_PATH
[0.293s]   this project has asked CMake to find a package configuration file provided
[0.293s]   by "ros_gz_crazyflie_bringup", but CMake did not find one.
[0.293s] 
[0.293s]   Could not find a package configuration file provided by
[0.293s]   "ros_gz_crazyflie_bringup" with any of the following names:
[0.293s] 
[0.293s]     ros_gz_crazyflie_bringupConfig.cmake
[0.293s]     ros_gz_crazyflie_bringup-config.cmake
[0.293s] 
[0.294s]   Add the installation prefix of "ros_gz_crazyflie_bringup" to
[0.294s]   CMAKE_PREFIX_PATH or set "ros_gz_crazyflie_bringup_DIR" to a directory
[0.294s]   containing one of the above files.  If "ros_gz_crazyflie_bringup" provides
[0.294s]   a separate development package or SDK, be sure it has been installed.
[0.294s] 
[0.294s] [0m
[0.546s] Invoked command in '/home/yanyew/mapping/build/crazyflie_ros2_multiranger_bringup' returned '1': CMAKE_PREFIX_PATH=${CMAKE_PREFIX_PATH}:/opt/ros/humble /usr/bin/cmake /home/yanyew/mapping/src/crazyflie_ros2_multiranger/crazyflie_ros2_multiranger_bringup -DBUILD_TESTING=ON -DCMAKE_INSTALL_PREFIX=/home/yanyew/mapping/install/crazyflie_ros2_multiranger_bringup
