[0.844s] Invoking command in '/home/yanyew/mapping/src/crazyswarm2/crazyflie_py': AMENT_PREFIX_PATH=/home/yanyew/mapping/install/crazyflie_interfaces:${AMENT_PREFIX_PATH} CMAKE_PREFIX_PATH=/home/yanyew/mapping/install/crazyflie_interfaces${CMAKE_PREFIX_PATH} LD_LIBRARY_PATH=/home/yanyew/mapping/install/crazyflie_interfaces/lib:${LD_LIBRARY_PATH} PYTHONPATH=/home/yanyew/mapping/build/crazyflie_py/prefix_override:/usr/lib/python3/dist-packages/colcon_core/task/python/colcon_distutils_commands:/home/yanyew/mapping/install/crazyflie_py/lib/python3.10/site-packages:/home/yanyew/mapping/install/crazyflie_interfaces/local/lib/python3.10/dist-packages:${PYTHONPATH} /usr/bin/python3 -W ignore:setup.py install is deprecated -W ignore:easy_install command is deprecated setup.py egg_info --egg-base ../../../build/crazyflie_py build --build-base /home/yanyew/mapping/build/crazyflie_py/build install --record /home/yanyew/mapping/build/crazyflie_py/install.log --single-version-externally-managed install_data
[1.091s] running egg_info
[1.091s] creating ../../../build/crazyflie_py/crazyflie_py.egg-info
[1.091s] writing ../../../build/crazyflie_py/crazyflie_py.egg-info/PKG-INFO
[1.092s] writing dependency_links to ../../../build/crazyflie_py/crazyflie_py.egg-info/dependency_links.txt
[1.092s] writing entry points to ../../../build/crazyflie_py/crazyflie_py.egg-info/entry_points.txt
[1.092s] writing requirements to ../../../build/crazyflie_py/crazyflie_py.egg-info/requires.txt
[1.092s] writing top-level names to ../../../build/crazyflie_py/crazyflie_py.egg-info/top_level.txt
[1.092s] writing manifest file '../../../build/crazyflie_py/crazyflie_py.egg-info/SOURCES.txt'
[1.093s] reading manifest file '../../../build/crazyflie_py/crazyflie_py.egg-info/SOURCES.txt'
[1.094s] writing manifest file '../../../build/crazyflie_py/crazyflie_py.egg-info/SOURCES.txt'
[1.094s] running build
[1.094s] running build_py
[1.094s] creating /home/yanyew/mapping/build/crazyflie_py/build
[1.095s] creating /home/yanyew/mapping/build/crazyflie_py/build/lib
[1.095s] creating /home/yanyew/mapping/build/crazyflie_py/build/lib/crazyflie_py
[1.095s] copying crazyflie_py/__init__.py -> /home/yanyew/mapping/build/crazyflie_py/build/lib/crazyflie_py
[1.095s] copying crazyflie_py/crazyflie.py -> /home/yanyew/mapping/build/crazyflie_py/build/lib/crazyflie_py
[1.095s] copying crazyflie_py/keyboard.py -> /home/yanyew/mapping/build/crazyflie_py/build/lib/crazyflie_py
[1.095s] copying crazyflie_py/genericJoystick.py -> /home/yanyew/mapping/build/crazyflie_py/build/lib/crazyflie_py
[1.095s] copying crazyflie_py/linuxjsdev.py -> /home/yanyew/mapping/build/crazyflie_py/build/lib/crazyflie_py
[1.095s] copying crazyflie_py/util.py -> /home/yanyew/mapping/build/crazyflie_py/build/lib/crazyflie_py
[1.095s] copying crazyflie_py/crazyswarm_py.py -> /home/yanyew/mapping/build/crazyflie_py/build/lib/crazyflie_py
[1.095s] copying crazyflie_py/joystick.py -> /home/yanyew/mapping/build/crazyflie_py/build/lib/crazyflie_py
[1.096s] copying crazyflie_py/uav_trajectory.py -> /home/yanyew/mapping/build/crazyflie_py/build/lib/crazyflie_py
[1.096s] running install
[1.096s] running install_lib
[1.096s] creating /home/yanyew/mapping/install/crazyflie_py/lib/python3.10/site-packages/crazyflie_py
[1.096s] copying /home/yanyew/mapping/build/crazyflie_py/build/lib/crazyflie_py/__init__.py -> /home/yanyew/mapping/install/crazyflie_py/lib/python3.10/site-packages/crazyflie_py
[1.097s] copying /home/yanyew/mapping/build/crazyflie_py/build/lib/crazyflie_py/crazyflie.py -> /home/yanyew/mapping/install/crazyflie_py/lib/python3.10/site-packages/crazyflie_py
[1.097s] copying /home/yanyew/mapping/build/crazyflie_py/build/lib/crazyflie_py/keyboard.py -> /home/yanyew/mapping/install/crazyflie_py/lib/python3.10/site-packages/crazyflie_py
[1.097s] copying /home/yanyew/mapping/build/crazyflie_py/build/lib/crazyflie_py/genericJoystick.py -> /home/yanyew/mapping/install/crazyflie_py/lib/python3.10/site-packages/crazyflie_py
[1.097s] copying /home/yanyew/mapping/build/crazyflie_py/build/lib/crazyflie_py/linuxjsdev.py -> /home/yanyew/mapping/install/crazyflie_py/lib/python3.10/site-packages/crazyflie_py
[1.097s] copying /home/yanyew/mapping/build/crazyflie_py/build/lib/crazyflie_py/util.py -> /home/yanyew/mapping/install/crazyflie_py/lib/python3.10/site-packages/crazyflie_py
[1.097s] copying /home/yanyew/mapping/build/crazyflie_py/build/lib/crazyflie_py/crazyswarm_py.py -> /home/yanyew/mapping/install/crazyflie_py/lib/python3.10/site-packages/crazyflie_py
[1.097s] copying /home/yanyew/mapping/build/crazyflie_py/build/lib/crazyflie_py/joystick.py -> /home/yanyew/mapping/install/crazyflie_py/lib/python3.10/site-packages/crazyflie_py
[1.097s] copying /home/yanyew/mapping/build/crazyflie_py/build/lib/crazyflie_py/uav_trajectory.py -> /home/yanyew/mapping/install/crazyflie_py/lib/python3.10/site-packages/crazyflie_py
[1.098s] byte-compiling /home/yanyew/mapping/install/crazyflie_py/lib/python3.10/site-packages/crazyflie_py/__init__.py to __init__.cpython-310.pyc
[1.098s] byte-compiling /home/yanyew/mapping/install/crazyflie_py/lib/python3.10/site-packages/crazyflie_py/crazyflie.py to crazyflie.cpython-310.pyc
[1.101s] byte-compiling /home/yanyew/mapping/install/crazyflie_py/lib/python3.10/site-packages/crazyflie_py/keyboard.py to keyboard.cpython-310.pyc
[1.101s] byte-compiling /home/yanyew/mapping/install/crazyflie_py/lib/python3.10/site-packages/crazyflie_py/genericJoystick.py to genericJoystick.cpython-310.pyc
[1.102s] byte-compiling /home/yanyew/mapping/install/crazyflie_py/lib/python3.10/site-packages/crazyflie_py/linuxjsdev.py to linuxjsdev.cpython-310.pyc
[1.103s] byte-compiling /home/yanyew/mapping/install/crazyflie_py/lib/python3.10/site-packages/crazyflie_py/util.py to util.cpython-310.pyc
[1.103s] byte-compiling /home/yanyew/mapping/install/crazyflie_py/lib/python3.10/site-packages/crazyflie_py/crazyswarm_py.py to crazyswarm_py.cpython-310.pyc
[1.103s] byte-compiling /home/yanyew/mapping/install/crazyflie_py/lib/python3.10/site-packages/crazyflie_py/joystick.py to joystick.cpython-310.pyc
[1.104s] byte-compiling /home/yanyew/mapping/install/crazyflie_py/lib/python3.10/site-packages/crazyflie_py/uav_trajectory.py to uav_trajectory.cpython-310.pyc
[1.104s] running install_data
[1.105s] creating /home/yanyew/mapping/install/crazyflie_py/share/ament_index
[1.105s] creating /home/yanyew/mapping/install/crazyflie_py/share/ament_index/resource_index
[1.105s] creating /home/yanyew/mapping/install/crazyflie_py/share/ament_index/resource_index/packages
[1.105s] copying resource/crazyflie_py -> /home/yanyew/mapping/install/crazyflie_py/share/ament_index/resource_index/packages
[1.105s] copying package.xml -> /home/yanyew/mapping/install/crazyflie_py/share/crazyflie_py
[1.105s] running install_egg_info
[1.106s] Copying ../../../build/crazyflie_py/crazyflie_py.egg-info to /home/yanyew/mapping/install/crazyflie_py/lib/python3.10/site-packages/crazyflie_py-2.0.0-py3.10.egg-info
[1.107s] running install_scripts
[1.127s] writing list of installed files to '/home/yanyew/mapping/build/crazyflie_py/install.log'
[1.149s] Invoked command in '/home/yanyew/mapping/src/crazyswarm2/crazyflie_py' returned '0': AMENT_PREFIX_PATH=/home/yanyew/mapping/install/crazyflie_interfaces:${AMENT_PREFIX_PATH} CMAKE_PREFIX_PATH=/home/yanyew/mapping/install/crazyflie_interfaces${CMAKE_PREFIX_PATH} LD_LIBRARY_PATH=/home/yanyew/mapping/install/crazyflie_interfaces/lib:${LD_LIBRARY_PATH} PYTHONPATH=/home/yanyew/mapping/build/crazyflie_py/prefix_override:/usr/lib/python3/dist-packages/colcon_core/task/python/colcon_distutils_commands:/home/yanyew/mapping/install/crazyflie_py/lib/python3.10/site-packages:/home/yanyew/mapping/install/crazyflie_interfaces/local/lib/python3.10/dist-packages:${PYTHONPATH} /usr/bin/python3 -W ignore:setup.py install is deprecated -W ignore:easy_install command is deprecated setup.py egg_info --egg-base ../../../build/crazyflie_py build --build-base /home/yanyew/mapping/build/crazyflie_py/build install --record /home/yanyew/mapping/build/crazyflie_py/install.log --single-version-externally-managed install_data
