[2.355s] Invoking command in '/home/yanyew/mapping/src/merge_map': PYTHONPATH=/home/yanyew/mapping/build/merge_map/prefix_override:/usr/lib/python3/dist-packages/colcon_core/task/python/colcon_distutils_commands:/home/yanyew/mapping/install/merge_map/lib/python3.10/site-packages:${PYTHONPATH} /usr/bin/python3 -W ignore:setup.py install is deprecated -W ignore:easy_install command is deprecated setup.py egg_info --egg-base ../../build/merge_map build --build-base /home/yanyew/mapping/build/merge_map/build install --record /home/yanyew/mapping/build/merge_map/install.log --single-version-externally-managed install_data
[2.930s] running egg_info
[2.931s] writing ../../build/merge_map/merge_map.egg-info/PKG-INFO
[2.931s] writing dependency_links to ../../build/merge_map/merge_map.egg-info/dependency_links.txt
[2.932s] writing entry points to ../../build/merge_map/merge_map.egg-info/entry_points.txt
[2.932s] writing requirements to ../../build/merge_map/merge_map.egg-info/requires.txt
[2.932s] writing top-level names to ../../build/merge_map/merge_map.egg-info/top_level.txt
[2.937s] reading manifest file '../../build/merge_map/merge_map.egg-info/SOURCES.txt'
[2.939s] writing manifest file '../../build/merge_map/merge_map.egg-info/SOURCES.txt'
[2.939s] running build
[2.939s] running build_py
[2.939s] running install
[2.939s] running install_lib
[2.940s] running install_data
[2.941s] running install_egg_info
[2.944s] removing '/home/yanyew/mapping/install/merge_map/lib/python3.10/site-packages/merge_map-0.0.0-py3.10.egg-info' (and everything under it)
[2.948s] Copying ../../build/merge_map/merge_map.egg-info to /home/yanyew/mapping/install/merge_map/lib/python3.10/site-packages/merge_map-0.0.0-py3.10.egg-info
[2.948s] running install_scripts
[2.987s] Installing merge_map script to /home/yanyew/mapping/install/merge_map/lib/merge_map
[2.988s] writing list of installed files to '/home/yanyew/mapping/build/merge_map/install.log'
[3.048s] Invoked command in '/home/yanyew/mapping/src/merge_map' returned '0': PYTHONPATH=/home/yanyew/mapping/build/merge_map/prefix_override:/usr/lib/python3/dist-packages/colcon_core/task/python/colcon_distutils_commands:/home/yanyew/mapping/install/merge_map/lib/python3.10/site-packages:${PYTHONPATH} /usr/bin/python3 -W ignore:setup.py install is deprecated -W ignore:easy_install command is deprecated setup.py egg_info --egg-base ../../build/merge_map build --build-base /home/yanyew/mapping/build/merge_map/build install --record /home/yanyew/mapping/build/merge_map/install.log --single-version-externally-managed install_data
