[0.009s] Invoking command in '/home/yanyew/mapping/build/crazyflie_examples': AMENT_PREFIX_PATH=/home/yanyew/mapping/install/crazyflie_py:/home/yanyew/mapping/install/crazyflie_interfaces:${AMENT_PREFIX_PATH} CMAKE_PREFIX_PATH=/home/yanyew/mapping/install/crazyflie_interfaces:/home/yanyew/mapping/install:/opt/ros/humble LD_LIBRARY_PATH=/home/yanyew/mapping/install/crazyflie_interfaces/lib:${LD_LIBRARY_PATH} PYTHONPATH=/home/yanyew/mapping/install/crazyflie_py/lib/python3.10/site-packages:/home/yanyew/mapping/install/crazyflie_interfaces/local/lib/python3.10/dist-packages:${PYTHONPATH} /usr/bin/cmake /home/yanyew/mapping/src/crazyswarm2/crazyflie_examples -DCMAKE_INSTALL_PREFIX=/home/yanyew/mapping/install/crazyflie_examples
[0.055s] -- The C compiler identification is GNU 11.4.0
[0.102s] -- The CXX compiler identification is GNU 11.4.0
[0.108s] -- Detecting C compiler ABI info
[0.164s] -- Detecting C compiler ABI info - done
[0.178s] -- Check for working C compiler: /usr/bin/cc - skipped
[0.178s] -- Detecting C compile features
[0.179s] -- Detecting C compile features - done
[0.183s] -- Detecting CXX compiler ABI info
[0.250s] -- Detecting CXX compiler ABI info - done
[0.262s] -- Check for working CXX compiler: /usr/bin/c++ - skipped
[0.263s] -- Detecting CXX compile features
[0.263s] -- Detecting CXX compile features - done
[0.266s] -- Found ament_cmake: 1.3.11 (/opt/ros/humble/share/ament_cmake/cmake)
[0.408s] -- Found Python3: /usr/bin/python3 (found version "3.10.12") found components: Interpreter 
[0.574s] -- Found ament_cmake_pytest: 1.3.11 (/opt/ros/humble/share/ament_cmake_pytest/cmake)
[1.727s] -- Configuring done
[1.734s] -- Generating done
[1.737s] -- Build files have been written to: /home/yanyew/mapping/build/crazyflie_examples
[1.743s] Invoked command in '/home/yanyew/mapping/build/crazyflie_examples' returned '0': AMENT_PREFIX_PATH=/home/yanyew/mapping/install/crazyflie_py:/home/yanyew/mapping/install/crazyflie_interfaces:${AMENT_PREFIX_PATH} CMAKE_PREFIX_PATH=/home/yanyew/mapping/install/crazyflie_interfaces:/home/yanyew/mapping/install:/opt/ros/humble LD_LIBRARY_PATH=/home/yanyew/mapping/install/crazyflie_interfaces/lib:${LD_LIBRARY_PATH} PYTHONPATH=/home/yanyew/mapping/install/crazyflie_py/lib/python3.10/site-packages:/home/yanyew/mapping/install/crazyflie_interfaces/local/lib/python3.10/dist-packages:${PYTHONPATH} /usr/bin/cmake /home/yanyew/mapping/src/crazyswarm2/crazyflie_examples -DCMAKE_INSTALL_PREFIX=/home/yanyew/mapping/install/crazyflie_examples
[1.744s] Invoking command in '/home/yanyew/mapping/build/crazyflie_examples': AMENT_PREFIX_PATH=/home/yanyew/mapping/install/crazyflie_py:/home/yanyew/mapping/install/crazyflie_interfaces:${AMENT_PREFIX_PATH} CMAKE_PREFIX_PATH=/home/yanyew/mapping/install/crazyflie_interfaces:/home/yanyew/mapping/install:/opt/ros/humble LD_LIBRARY_PATH=/home/yanyew/mapping/install/crazyflie_interfaces/lib:${LD_LIBRARY_PATH} PYTHONPATH=/home/yanyew/mapping/install/crazyflie_py/lib/python3.10/site-packages:/home/yanyew/mapping/install/crazyflie_interfaces/local/lib/python3.10/dist-packages:${PYTHONPATH} /usr/bin/cmake --build /home/yanyew/mapping/build/crazyflie_examples -- -j12 -l12
[1.791s] Built target ament_cmake_python_copy_crazyflie_examples_setup
[1.791s] Built target ament_cmake_python_copy_crazyflie_examples
[2.045s] running install_scripts
[2.046s] running egg_info
[2.047s] creating crazyflie_examples.egg-info
[2.047s] writing crazyflie_examples.egg-info/PKG-INFO
[2.048s] writing dependency_links to crazyflie_examples.egg-info/dependency_links.txt
[2.048s] /usr/lib/python3/dist-packages/setuptools/command/install.py:34: SetuptoolsDeprecationWarning: setup.py install is deprecated. Use build and pip and other standards-based tools.
[2.048s]   warnings.warn(
[2.048s] writing entry points to crazyflie_examples.egg-info/entry_points.txt
[2.048s] writing top-level names to crazyflie_examples.egg-info/top_level.txt
[2.048s] writing manifest file 'crazyflie_examples.egg-info/SOURCES.txt'
[2.050s] reading manifest file 'crazyflie_examples.egg-info/SOURCES.txt'
[2.051s] writing manifest file 'crazyflie_examples.egg-info/SOURCES.txt'
[2.070s] running egg_info
[2.071s] writing crazyflie_examples.egg-info/PKG-INFO
[2.071s] writing dependency_links to crazyflie_examples.egg-info/dependency_links.txt
[2.072s] writing entry points to crazyflie_examples.egg-info/entry_points.txt
[2.072s] writing top-level names to crazyflie_examples.egg-info/top_level.txt
[2.074s] reading manifest file 'crazyflie_examples.egg-info/SOURCES.txt'
[2.074s] writing manifest file 'crazyflie_examples.egg-info/SOURCES.txt'
[2.076s] Installing arming script to scripts
[2.076s] Installing cmd_full_state script to scripts
[2.076s] Installing figure8 script to scripts
[2.076s] Installing group_mask script to scripts
[2.076s] Installing hello_world script to scripts
[2.076s] Installing infinite_flight script to scripts
[2.076s] Installing multi_trajectory script to scripts
[2.077s] Installing nice_hover script to scripts
[2.077s] Installing set_param script to scripts
[2.077s] Installing swap script to scripts
[2.077s] Built target ament_cmake_python_build_crazyflie_examples_egg
[2.106s] Built target ament_cmake_python_build_crazyflie_examples_scripts
[2.116s] Invoked command in '/home/yanyew/mapping/build/crazyflie_examples' returned '0': AMENT_PREFIX_PATH=/home/yanyew/mapping/install/crazyflie_py:/home/yanyew/mapping/install/crazyflie_interfaces:${AMENT_PREFIX_PATH} CMAKE_PREFIX_PATH=/home/yanyew/mapping/install/crazyflie_interfaces:/home/yanyew/mapping/install:/opt/ros/humble LD_LIBRARY_PATH=/home/yanyew/mapping/install/crazyflie_interfaces/lib:${LD_LIBRARY_PATH} PYTHONPATH=/home/yanyew/mapping/install/crazyflie_py/lib/python3.10/site-packages:/home/yanyew/mapping/install/crazyflie_interfaces/local/lib/python3.10/dist-packages:${PYTHONPATH} /usr/bin/cmake --build /home/yanyew/mapping/build/crazyflie_examples -- -j12 -l12
[2.118s] Invoking command in '/home/yanyew/mapping/build/crazyflie_examples': AMENT_PREFIX_PATH=/home/yanyew/mapping/install/crazyflie_py:/home/yanyew/mapping/install/crazyflie_interfaces:${AMENT_PREFIX_PATH} CMAKE_PREFIX_PATH=/home/yanyew/mapping/install/crazyflie_interfaces:/home/yanyew/mapping/install:/opt/ros/humble LD_LIBRARY_PATH=/home/yanyew/mapping/install/crazyflie_interfaces/lib:${LD_LIBRARY_PATH} PYTHONPATH=/home/yanyew/mapping/install/crazyflie_py/lib/python3.10/site-packages:/home/yanyew/mapping/install/crazyflie_interfaces/local/lib/python3.10/dist-packages:${PYTHONPATH} /usr/bin/cmake --install /home/yanyew/mapping/build/crazyflie_examples
[2.124s] -- Install configuration: ""
[2.125s] -- Installing: /home/yanyew/mapping/install/crazyflie_examples/share/crazyflie_examples/environment/pythonpath.sh
[2.125s] -- Installing: /home/yanyew/mapping/install/crazyflie_examples/share/crazyflie_examples/environment/pythonpath.dsv
[2.125s] -- Installing: /home/yanyew/mapping/install/crazyflie_examples/local/lib/python3.10/dist-packages/crazyflie_examples-2.0.0-py3.10.egg-info
[2.125s] -- Installing: /home/yanyew/mapping/install/crazyflie_examples/local/lib/python3.10/dist-packages/crazyflie_examples-2.0.0-py3.10.egg-info/PKG-INFO
[2.125s] -- Installing: /home/yanyew/mapping/install/crazyflie_examples/local/lib/python3.10/dist-packages/crazyflie_examples-2.0.0-py3.10.egg-info/top_level.txt
[2.125s] -- Installing: /home/yanyew/mapping/install/crazyflie_examples/local/lib/python3.10/dist-packages/crazyflie_examples-2.0.0-py3.10.egg-info/entry_points.txt
[2.125s] -- Installing: /home/yanyew/mapping/install/crazyflie_examples/local/lib/python3.10/dist-packages/crazyflie_examples-2.0.0-py3.10.egg-info/dependency_links.txt
[2.125s] -- Installing: /home/yanyew/mapping/install/crazyflie_examples/local/lib/python3.10/dist-packages/crazyflie_examples-2.0.0-py3.10.egg-info/SOURCES.txt
[2.125s] -- Installing: /home/yanyew/mapping/install/crazyflie_examples/lib/crazyflie_examples/
[2.125s] -- Installing: /home/yanyew/mapping/install/crazyflie_examples/lib/crazyflie_examples//swap
[2.126s] -- Installing: /home/yanyew/mapping/install/crazyflie_examples/lib/crazyflie_examples//nice_hover
[2.126s] -- Installing: /home/yanyew/mapping/install/crazyflie_examples/lib/crazyflie_examples//set_param
[2.126s] -- Installing: /home/yanyew/mapping/install/crazyflie_examples/lib/crazyflie_examples//figure8
[2.126s] -- Installing: /home/yanyew/mapping/install/crazyflie_examples/lib/crazyflie_examples//cmd_full_state
[2.126s] -- Installing: /home/yanyew/mapping/install/crazyflie_examples/lib/crazyflie_examples//group_mask
[2.126s] -- Installing: /home/yanyew/mapping/install/crazyflie_examples/lib/crazyflie_examples//arming
[2.126s] -- Installing: /home/yanyew/mapping/install/crazyflie_examples/lib/crazyflie_examples//hello_world
[2.126s] -- Installing: /home/yanyew/mapping/install/crazyflie_examples/lib/crazyflie_examples//multi_trajectory
[2.126s] -- Installing: /home/yanyew/mapping/install/crazyflie_examples/lib/crazyflie_examples//infinite_flight
[2.126s] -- Installing: /home/yanyew/mapping/install/crazyflie_examples/local/lib/python3.10/dist-packages/crazyflie_examples
[2.126s] -- Installing: /home/yanyew/mapping/install/crazyflie_examples/local/lib/python3.10/dist-packages/crazyflie_examples/group_mask.py
[2.127s] -- Installing: /home/yanyew/mapping/install/crazyflie_examples/local/lib/python3.10/dist-packages/crazyflie_examples/multi_trajectory.py
[2.127s] -- Installing: /home/yanyew/mapping/install/crazyflie_examples/local/lib/python3.10/dist-packages/crazyflie_examples/figure8.py
[2.127s] -- Installing: /home/yanyew/mapping/install/crazyflie_examples/local/lib/python3.10/dist-packages/crazyflie_examples/set_param.py
[2.127s] -- Installing: /home/yanyew/mapping/install/crazyflie_examples/local/lib/python3.10/dist-packages/crazyflie_examples/__init__.py
[2.127s] -- Installing: /home/yanyew/mapping/install/crazyflie_examples/local/lib/python3.10/dist-packages/crazyflie_examples/swap.py
[2.127s] -- Installing: /home/yanyew/mapping/install/crazyflie_examples/local/lib/python3.10/dist-packages/crazyflie_examples/infinite_flight.py
[2.127s] -- Installing: /home/yanyew/mapping/install/crazyflie_examples/local/lib/python3.10/dist-packages/crazyflie_examples/data
[2.127s] -- Installing: /home/yanyew/mapping/install/crazyflie_examples/local/lib/python3.10/dist-packages/crazyflie_examples/data/multi_trajectory
[2.127s] -- Installing: /home/yanyew/mapping/install/crazyflie_examples/local/lib/python3.10/dist-packages/crazyflie_examples/data/multi_trajectory/traj0.csv
[2.127s] -- Installing: /home/yanyew/mapping/install/crazyflie_examples/local/lib/python3.10/dist-packages/crazyflie_examples/data/multi_trajectory/traj1.csv
[2.128s] -- Installing: /home/yanyew/mapping/install/crazyflie_examples/local/lib/python3.10/dist-packages/crazyflie_examples/data/figure8.csv
[2.128s] -- Installing: /home/yanyew/mapping/install/crazyflie_examples/local/lib/python3.10/dist-packages/crazyflie_examples/cmd_full_state.py
[2.128s] -- Installing: /home/yanyew/mapping/install/crazyflie_examples/local/lib/python3.10/dist-packages/crazyflie_examples/arming.py
[2.128s] -- Installing: /home/yanyew/mapping/install/crazyflie_examples/local/lib/python3.10/dist-packages/crazyflie_examples/nice_hover.py
[2.128s] -- Installing: /home/yanyew/mapping/install/crazyflie_examples/local/lib/python3.10/dist-packages/crazyflie_examples/hello_world.py
[2.164s] Listing '/home/yanyew/mapping/install/crazyflie_examples/local/lib/python3.10/dist-packages/crazyflie_examples'...
[2.164s] Compiling '/home/yanyew/mapping/install/crazyflie_examples/local/lib/python3.10/dist-packages/crazyflie_examples/__init__.py'...
[2.164s] Compiling '/home/yanyew/mapping/install/crazyflie_examples/local/lib/python3.10/dist-packages/crazyflie_examples/arming.py'...
[2.164s] Compiling '/home/yanyew/mapping/install/crazyflie_examples/local/lib/python3.10/dist-packages/crazyflie_examples/cmd_full_state.py'...
[2.165s] Listing '/home/yanyew/mapping/install/crazyflie_examples/local/lib/python3.10/dist-packages/crazyflie_examples/data'...
[2.165s] Listing '/home/yanyew/mapping/install/crazyflie_examples/local/lib/python3.10/dist-packages/crazyflie_examples/data/multi_trajectory'...
[2.165s] Compiling '/home/yanyew/mapping/install/crazyflie_examples/local/lib/python3.10/dist-packages/crazyflie_examples/figure8.py'...
[2.165s] Compiling '/home/yanyew/mapping/install/crazyflie_examples/local/lib/python3.10/dist-packages/crazyflie_examples/group_mask.py'...
[2.165s] Compiling '/home/yanyew/mapping/install/crazyflie_examples/local/lib/python3.10/dist-packages/crazyflie_examples/hello_world.py'...
[2.165s] Compiling '/home/yanyew/mapping/install/crazyflie_examples/local/lib/python3.10/dist-packages/crazyflie_examples/infinite_flight.py'...
[2.165s] Compiling '/home/yanyew/mapping/install/crazyflie_examples/local/lib/python3.10/dist-packages/crazyflie_examples/multi_trajectory.py'...
[2.165s] Compiling '/home/yanyew/mapping/install/crazyflie_examples/local/lib/python3.10/dist-packages/crazyflie_examples/nice_hover.py'...
[2.165s] Compiling '/home/yanyew/mapping/install/crazyflie_examples/local/lib/python3.10/dist-packages/crazyflie_examples/set_param.py'...
[2.165s] Compiling '/home/yanyew/mapping/install/crazyflie_examples/local/lib/python3.10/dist-packages/crazyflie_examples/swap.py'...
[2.171s] -- Installing: /home/yanyew/mapping/install/crazyflie_examples/share/crazyflie_examples//config
[2.171s] -- Installing: /home/yanyew/mapping/install/crazyflie_examples/share/crazyflie_examples//config/nav2_view.rviz
[2.171s] -- Installing: /home/yanyew/mapping/install/crazyflie_examples/share/crazyflie_examples//config/nav2_params.yaml
[2.171s] -- Installing: /home/yanyew/mapping/install/crazyflie_examples/share/crazyflie_examples//data
[2.171s] -- Installing: /home/yanyew/mapping/install/crazyflie_examples/share/crazyflie_examples//data/map.posegraph
[2.172s] -- Installing: /home/yanyew/mapping/install/crazyflie_examples/share/crazyflie_examples//data/map.yaml
[2.172s] -- Installing: /home/yanyew/mapping/install/crazyflie_examples/share/crazyflie_examples//data/map.data
[2.172s] -- Installing: /home/yanyew/mapping/install/crazyflie_examples/share/crazyflie_examples//data/map.pgm
[2.172s] -- Installing: /home/yanyew/mapping/install/crazyflie_examples/share/crazyflie_examples//launch
[2.173s] -- Installing: /home/yanyew/mapping/install/crazyflie_examples/share/crazyflie_examples//launch/multiranger_nav2_launch.py
[2.173s] -- Installing: /home/yanyew/mapping/install/crazyflie_examples/share/crazyflie_examples//launch/multiranger_simple_mapper_launch.py
[2.173s] -- Installing: /home/yanyew/mapping/install/crazyflie_examples/share/crazyflie_examples//launch/keyboard_velmux_launch.py
[2.173s] -- Installing: /home/yanyew/mapping/install/crazyflie_examples/share/crazyflie_examples//launch/launch.py
[2.173s] -- Installing: /home/yanyew/mapping/install/crazyflie_examples/share/crazyflie_examples//launch/multiranger_mapping_launch.py
[2.173s] -- Installing: /home/yanyew/mapping/install/crazyflie_examples/share/ament_index/resource_index/package_run_dependencies/crazyflie_examples
[2.173s] -- Installing: /home/yanyew/mapping/install/crazyflie_examples/share/ament_index/resource_index/parent_prefix_path/crazyflie_examples
[2.173s] -- Installing: /home/yanyew/mapping/install/crazyflie_examples/share/crazyflie_examples/environment/ament_prefix_path.sh
[2.173s] -- Installing: /home/yanyew/mapping/install/crazyflie_examples/share/crazyflie_examples/environment/ament_prefix_path.dsv
[2.173s] -- Installing: /home/yanyew/mapping/install/crazyflie_examples/share/crazyflie_examples/environment/path.sh
[2.173s] -- Installing: /home/yanyew/mapping/install/crazyflie_examples/share/crazyflie_examples/environment/path.dsv
[2.174s] -- Installing: /home/yanyew/mapping/install/crazyflie_examples/share/crazyflie_examples/local_setup.bash
[2.174s] -- Installing: /home/yanyew/mapping/install/crazyflie_examples/share/crazyflie_examples/local_setup.sh
[2.174s] -- Installing: /home/yanyew/mapping/install/crazyflie_examples/share/crazyflie_examples/local_setup.zsh
[2.174s] -- Installing: /home/yanyew/mapping/install/crazyflie_examples/share/crazyflie_examples/local_setup.dsv
[2.174s] -- Installing: /home/yanyew/mapping/install/crazyflie_examples/share/crazyflie_examples/package.dsv
[2.174s] -- Installing: /home/yanyew/mapping/install/crazyflie_examples/share/ament_index/resource_index/packages/crazyflie_examples
[2.174s] -- Installing: /home/yanyew/mapping/install/crazyflie_examples/share/crazyflie_examples/cmake/crazyflie_examplesConfig.cmake
[2.175s] -- Installing: /home/yanyew/mapping/install/crazyflie_examples/share/crazyflie_examples/cmake/crazyflie_examplesConfig-version.cmake
[2.175s] -- Installing: /home/yanyew/mapping/install/crazyflie_examples/share/crazyflie_examples/package.xml
[2.177s] Invoked command in '/home/yanyew/mapping/build/crazyflie_examples' returned '0': AMENT_PREFIX_PATH=/home/yanyew/mapping/install/crazyflie_py:/home/yanyew/mapping/install/crazyflie_interfaces:${AMENT_PREFIX_PATH} CMAKE_PREFIX_PATH=/home/yanyew/mapping/install/crazyflie_interfaces:/home/yanyew/mapping/install:/opt/ros/humble LD_LIBRARY_PATH=/home/yanyew/mapping/install/crazyflie_interfaces/lib:${LD_LIBRARY_PATH} PYTHONPATH=/home/yanyew/mapping/install/crazyflie_py/lib/python3.10/site-packages:/home/yanyew/mapping/install/crazyflie_interfaces/local/lib/python3.10/dist-packages:${PYTHONPATH} /usr/bin/cmake --install /home/yanyew/mapping/build/crazyflie_examples
