[0.015s] Invoking command in '/home/yanyew/mapping/build/crazyflie_ros2_multiranger_bringup': CMAKE_PREFIX_PATH=/opt/ros/humble /usr/bin/cmake /home/yanyew/mapping/src/crazyflie_ros2_multiranger/crazyflie_ros2_multiranger_bringup -DCMAKE_INSTALL_PREFIX=/home/yanyew/mapping/install/crazyflie_ros2_multiranger_bringup
[0.289s] -- The C compiler identification is GNU 11.4.0
[0.290s] -- The CXX compiler identification is GNU 11.4.0
[0.290s] -- Detecting C compiler ABI info
[0.290s] -- Detecting C compiler ABI info - done
[0.290s] -- Check for working C compiler: /usr/bin/cc - skipped
[0.290s] -- Detecting C compile features
[0.290s] -- Detecting C compile features - done
[0.290s] -- Detecting CXX compiler ABI info
[0.290s] -- Detecting CXX compiler ABI info - done
[0.290s] -- Check for working CXX compiler: /usr/bin/c++ - skipped
[0.290s] -- Detecting CXX compile features
[0.290s] -- Detecting CXX compile features - done
[0.290s] -- Found ament_cmake: 1.3.11 (/opt/ros/humble/share/ament_cmake/cmake)
[0.389s] -- Found Python3: /usr/bin/python3 (found version "3.10.12") found components: Interpreter 
[0.472s] [31mCMake Error at CMakeLists.txt:6 (find_package):
[0.472s]   By not providing "Findros_gz_crazyflie_bringup.cmake" in CMAKE_MODULE_PATH
[0.472s]   this project has asked CMake to find a package configuration file provided
[0.472s]   by "ros_gz_crazyflie_bringup", but CMake did not find one.
[0.473s] 
[0.473s]   Could not find a package configuration file provided by
[0.473s]   "ros_gz_crazyflie_bringup" with any of the following names:
[0.473s] 
[0.473s]     ros_gz_crazyflie_bringupConfig.cmake
[0.473s]     ros_gz_crazyflie_bringup-config.cmake
[0.473s] 
[0.473s]   Add the installation prefix of "ros_gz_crazyflie_bringup" to
[0.473s]   CMAKE_PREFIX_PATH or set "ros_gz_crazyflie_bringup_DIR" to a directory
[0.473s]   containing one of the above files.  If "ros_gz_crazyflie_bringup" provides
[0.473s]   a separate development package or SDK, be sure it has been installed.
[0.473s] 
[0.473s] [0m
[0.473s] -- Configuring incomplete, errors occurred!
[0.473s] See also "/home/yanyew/mapping/build/crazyflie_ros2_multiranger_bringup/CMakeFiles/CMakeOutput.log".
[0.558s] Invoked command in '/home/yanyew/mapping/build/crazyflie_ros2_multiranger_bringup' returned '1': CMAKE_PREFIX_PATH=/opt/ros/humble /usr/bin/cmake /home/yanyew/mapping/src/crazyflie_ros2_multiranger/crazyflie_ros2_multiranger_bringup -DCMAKE_INSTALL_PREFIX=/home/yanyew/mapping/install/crazyflie_ros2_multiranger_bringup
