[0.415s] Invoking command in '/home/yanyew/mapping/build/crazyflie_sim': AMENT_PREFIX_PATH=/home/yanyew/mapping/install/crazyflie_interfaces:${AMENT_PREFIX_PATH} CMAKE_PREFIX_PATH=/home/yanyew/mapping/install/crazyflie_interfaces:/opt/ros/humble LD_LIBRARY_PATH=/home/yanyew/mapping/install/crazyflie_interfaces/lib:/usr/lib/x86_64-linux-gnu/gazebo-11/plugins:/opt/ros/humble/opt/rviz_ogre_vendor/lib:/opt/ros/humble/lib/x86_64-linux-gnu:/opt/ros/humble/lib:/usr/lib/x86_64-linux-gnu/gazebo-11/plugins PYTHONPATH=/home/yanyew/mapping/install/crazyflie_interfaces/local/lib/python3.10/dist-packages:${PYTHONPATH} /usr/bin/cmake --build /home/yanyew/mapping/build/crazyflie_sim -- -j12 -l12
[0.521s] Built target ament_cmake_python_copy_crazyflie_sim_setup
[0.545s] Built target ament_cmake_python_copy_crazyflie_sim
[0.949s] running egg_info
[0.951s] writing crazyflie_sim.egg-info/PKG-INFO
[0.952s] writing dependency_links to crazyflie_sim.egg-info/dependency_links.txt
[0.953s] writing entry points to crazyflie_sim.egg-info/entry_points.txt
[0.953s] writing top-level names to crazyflie_sim.egg-info/top_level.txt
[0.955s] reading manifest file 'crazyflie_sim.egg-info/SOURCES.txt'
[0.956s] writing manifest file 'crazyflie_sim.egg-info/SOURCES.txt'
[1.006s] Built target ament_cmake_python_build_crazyflie_sim_egg
[1.066s] running install_scripts
[1.070s] /usr/lib/python3/dist-packages/setuptools/command/install.py:34: SetuptoolsDeprecationWarning: setup.py install is deprecated. Use build and pip and other standards-based tools.
[1.070s]   warnings.warn(
[1.109s] running egg_info
[1.110s] writing crazyflie_sim.egg-info/PKG-INFO
[1.111s] writing dependency_links to crazyflie_sim.egg-info/dependency_links.txt
[1.111s] writing entry points to crazyflie_sim.egg-info/entry_points.txt
[1.111s] writing top-level names to crazyflie_sim.egg-info/top_level.txt
[1.115s] reading manifest file 'crazyflie_sim.egg-info/SOURCES.txt'
[1.115s] writing manifest file 'crazyflie_sim.egg-info/SOURCES.txt'
[1.117s] Installing crazyflie_server script to scripts
[1.166s] Built target ament_cmake_python_build_crazyflie_sim_scripts
[1.178s] Invoked command in '/home/yanyew/mapping/build/crazyflie_sim' returned '0': AMENT_PREFIX_PATH=/home/yanyew/mapping/install/crazyflie_interfaces:${AMENT_PREFIX_PATH} CMAKE_PREFIX_PATH=/home/yanyew/mapping/install/crazyflie_interfaces:/opt/ros/humble LD_LIBRARY_PATH=/home/yanyew/mapping/install/crazyflie_interfaces/lib:/usr/lib/x86_64-linux-gnu/gazebo-11/plugins:/opt/ros/humble/opt/rviz_ogre_vendor/lib:/opt/ros/humble/lib/x86_64-linux-gnu:/opt/ros/humble/lib:/usr/lib/x86_64-linux-gnu/gazebo-11/plugins PYTHONPATH=/home/yanyew/mapping/install/crazyflie_interfaces/local/lib/python3.10/dist-packages:${PYTHONPATH} /usr/bin/cmake --build /home/yanyew/mapping/build/crazyflie_sim -- -j12 -l12
[1.180s] Invoking command in '/home/yanyew/mapping/build/crazyflie_sim': AMENT_PREFIX_PATH=/home/yanyew/mapping/install/crazyflie_interfaces:${AMENT_PREFIX_PATH} CMAKE_PREFIX_PATH=/home/yanyew/mapping/install/crazyflie_interfaces:/opt/ros/humble LD_LIBRARY_PATH=/home/yanyew/mapping/install/crazyflie_interfaces/lib:/usr/lib/x86_64-linux-gnu/gazebo-11/plugins:/opt/ros/humble/opt/rviz_ogre_vendor/lib:/opt/ros/humble/lib/x86_64-linux-gnu:/opt/ros/humble/lib:/usr/lib/x86_64-linux-gnu/gazebo-11/plugins PYTHONPATH=/home/yanyew/mapping/install/crazyflie_interfaces/local/lib/python3.10/dist-packages:${PYTHONPATH} /usr/bin/cmake --install /home/yanyew/mapping/build/crazyflie_sim
[1.187s] -- Install configuration: ""
[1.188s] -- Up-to-date: /home/yanyew/mapping/install/crazyflie_sim/share/crazyflie_sim/environment/pythonpath.sh
[1.188s] -- Up-to-date: /home/yanyew/mapping/install/crazyflie_sim/share/crazyflie_sim/environment/pythonpath.dsv
[1.188s] -- Up-to-date: /home/yanyew/mapping/install/crazyflie_sim/local/lib/python3.10/dist-packages/crazyflie_sim-2.0.0-py3.10.egg-info
[1.188s] -- Installing: /home/yanyew/mapping/install/crazyflie_sim/local/lib/python3.10/dist-packages/crazyflie_sim-2.0.0-py3.10.egg-info/PKG-INFO
[1.188s] -- Installing: /home/yanyew/mapping/install/crazyflie_sim/local/lib/python3.10/dist-packages/crazyflie_sim-2.0.0-py3.10.egg-info/top_level.txt
[1.188s] -- Installing: /home/yanyew/mapping/install/crazyflie_sim/local/lib/python3.10/dist-packages/crazyflie_sim-2.0.0-py3.10.egg-info/entry_points.txt
[1.189s] -- Installing: /home/yanyew/mapping/install/crazyflie_sim/local/lib/python3.10/dist-packages/crazyflie_sim-2.0.0-py3.10.egg-info/dependency_links.txt
[1.189s] -- Installing: /home/yanyew/mapping/install/crazyflie_sim/local/lib/python3.10/dist-packages/crazyflie_sim-2.0.0-py3.10.egg-info/SOURCES.txt
[1.189s] -- Up-to-date: /home/yanyew/mapping/install/crazyflie_sim/lib/crazyflie_sim/
[1.189s] -- Installing: /home/yanyew/mapping/install/crazyflie_sim/lib/crazyflie_sim//crazyflie_server
[1.189s] -- Up-to-date: /home/yanyew/mapping/install/crazyflie_sim/local/lib/python3.10/dist-packages/crazyflie_sim
[1.189s] -- Up-to-date: /home/yanyew/mapping/install/crazyflie_sim/local/lib/python3.10/dist-packages/crazyflie_sim/__init__.py
[1.190s] -- Up-to-date: /home/yanyew/mapping/install/crazyflie_sim/local/lib/python3.10/dist-packages/crazyflie_sim/crazyflie_sil.py
[1.190s] -- Up-to-date: /home/yanyew/mapping/install/crazyflie_sim/local/lib/python3.10/dist-packages/crazyflie_sim/crazyflie_server.py
[1.190s] -- Up-to-date: /home/yanyew/mapping/install/crazyflie_sim/local/lib/python3.10/dist-packages/crazyflie_sim/visualization
[1.190s] -- Up-to-date: /home/yanyew/mapping/install/crazyflie_sim/local/lib/python3.10/dist-packages/crazyflie_sim/visualization/pdf.py
[1.190s] -- Up-to-date: /home/yanyew/mapping/install/crazyflie_sim/local/lib/python3.10/dist-packages/crazyflie_sim/visualization/data
[1.190s] -- Up-to-date: /home/yanyew/mapping/install/crazyflie_sim/local/lib/python3.10/dist-packages/crazyflie_sim/visualization/data/model
[1.190s] -- Up-to-date: /home/yanyew/mapping/install/crazyflie_sim/local/lib/python3.10/dist-packages/crazyflie_sim/visualization/data/model/cf.obj
[1.190s] -- Up-to-date: /home/yanyew/mapping/install/crazyflie_sim/local/lib/python3.10/dist-packages/crazyflie_sim/visualization/data/model/cf.mtl
[1.190s] -- Up-to-date: /home/yanyew/mapping/install/crazyflie_sim/local/lib/python3.10/dist-packages/crazyflie_sim/visualization/data/README.md
[1.190s] -- Up-to-date: /home/yanyew/mapping/install/crazyflie_sim/local/lib/python3.10/dist-packages/crazyflie_sim/visualization/data/env
[1.190s] -- Up-to-date: /home/yanyew/mapping/install/crazyflie_sim/local/lib/python3.10/dist-packages/crazyflie_sim/visualization/data/env/abandoned_greenhouse.jpg
[1.190s] -- Up-to-date: /home/yanyew/mapping/install/crazyflie_sim/local/lib/python3.10/dist-packages/crazyflie_sim/visualization/data/env/lago_disola.jpg
[1.191s] -- Up-to-date: /home/yanyew/mapping/install/crazyflie_sim/local/lib/python3.10/dist-packages/crazyflie_sim/visualization/data/env/derelict_overpass.jpg
[1.191s] -- Up-to-date: /home/yanyew/mapping/install/crazyflie_sim/local/lib/python3.10/dist-packages/crazyflie_sim/visualization/data/env/crosswalk.jpg
[1.191s] -- Up-to-date: /home/yanyew/mapping/install/crazyflie_sim/local/lib/python3.10/dist-packages/crazyflie_sim/visualization/data/env/env.jpg
[1.191s] -- Up-to-date: /home/yanyew/mapping/install/crazyflie_sim/local/lib/python3.10/dist-packages/crazyflie_sim/visualization/data/env/aviation_museum.jpg
[1.191s] -- Up-to-date: /home/yanyew/mapping/install/crazyflie_sim/local/lib/python3.10/dist-packages/crazyflie_sim/visualization/data/env/lake_pier.jpg
[1.191s] -- Up-to-date: /home/yanyew/mapping/install/crazyflie_sim/local/lib/python3.10/dist-packages/crazyflie_sim/visualization/data/env/peppermint_powerplant.jpg
[1.191s] -- Up-to-date: /home/yanyew/mapping/install/crazyflie_sim/local/lib/python3.10/dist-packages/crazyflie_sim/visualization/data/env/machine_shop.jpg
[1.191s] -- Up-to-date: /home/yanyew/mapping/install/crazyflie_sim/local/lib/python3.10/dist-packages/crazyflie_sim/visualization/data/env/studio_garden.jpg
[1.191s] -- Up-to-date: /home/yanyew/mapping/install/crazyflie_sim/local/lib/python3.10/dist-packages/crazyflie_sim/visualization/data/env/museumplein.jpg
[1.191s] -- Up-to-date: /home/yanyew/mapping/install/crazyflie_sim/local/lib/python3.10/dist-packages/crazyflie_sim/visualization/data/env/aerodynamics_workshop.jpg
[1.191s] -- Up-to-date: /home/yanyew/mapping/install/crazyflie_sim/local/lib/python3.10/dist-packages/crazyflie_sim/visualization/record_states.py
[1.191s] -- Up-to-date: /home/yanyew/mapping/install/crazyflie_sim/local/lib/python3.10/dist-packages/crazyflie_sim/visualization/README.md
[1.191s] -- Up-to-date: /home/yanyew/mapping/install/crazyflie_sim/local/lib/python3.10/dist-packages/crazyflie_sim/visualization/rviz.py
[1.191s] -- Up-to-date: /home/yanyew/mapping/install/crazyflie_sim/local/lib/python3.10/dist-packages/crazyflie_sim/visualization/blender.py
[1.191s] -- Up-to-date: /home/yanyew/mapping/install/crazyflie_sim/local/lib/python3.10/dist-packages/crazyflie_sim/backend
[1.191s] -- Up-to-date: /home/yanyew/mapping/install/crazyflie_sim/local/lib/python3.10/dist-packages/crazyflie_sim/backend/dynobench.py
[1.192s] -- Up-to-date: /home/yanyew/mapping/install/crazyflie_sim/local/lib/python3.10/dist-packages/crazyflie_sim/backend/neuralswarm.py
[1.192s] -- Up-to-date: /home/yanyew/mapping/install/crazyflie_sim/local/lib/python3.10/dist-packages/crazyflie_sim/backend/data
[1.192s] -- Up-to-date: /home/yanyew/mapping/install/crazyflie_sim/local/lib/python3.10/dist-packages/crazyflie_sim/backend/data/pinocchio
[1.192s] -- Up-to-date: /home/yanyew/mapping/install/crazyflie_sim/local/lib/python3.10/dist-packages/crazyflie_sim/backend/data/pinocchio/crazyflie2.urdf
[1.192s] -- Up-to-date: /home/yanyew/mapping/install/crazyflie_sim/local/lib/python3.10/dist-packages/crazyflie_sim/backend/data/dynobench
[1.192s] -- Up-to-date: /home/yanyew/mapping/install/crazyflie_sim/local/lib/python3.10/dist-packages/crazyflie_sim/backend/data/dynobench/crazyflie2.yaml
[1.192s] -- Up-to-date: /home/yanyew/mapping/install/crazyflie_sim/local/lib/python3.10/dist-packages/crazyflie_sim/backend/data/neuralswarm2
[1.192s] -- Up-to-date: /home/yanyew/mapping/install/crazyflie_sim/local/lib/python3.10/dist-packages/crazyflie_sim/backend/data/neuralswarm2/rho_S.pth
[1.192s] -- Up-to-date: /home/yanyew/mapping/install/crazyflie_sim/local/lib/python3.10/dist-packages/crazyflie_sim/backend/data/neuralswarm2/rho_L.pth
[1.192s] -- Up-to-date: /home/yanyew/mapping/install/crazyflie_sim/local/lib/python3.10/dist-packages/crazyflie_sim/backend/data/neuralswarm2/phi_S.pth
[1.192s] -- Up-to-date: /home/yanyew/mapping/install/crazyflie_sim/local/lib/python3.10/dist-packages/crazyflie_sim/backend/data/neuralswarm2/phi_G.pth
[1.192s] -- Up-to-date: /home/yanyew/mapping/install/crazyflie_sim/local/lib/python3.10/dist-packages/crazyflie_sim/backend/data/neuralswarm2/phi_L.pth
[1.192s] -- Up-to-date: /home/yanyew/mapping/install/crazyflie_sim/local/lib/python3.10/dist-packages/crazyflie_sim/backend/np.py
[1.192s] -- Up-to-date: /home/yanyew/mapping/install/crazyflie_sim/local/lib/python3.10/dist-packages/crazyflie_sim/backend/none.py
[1.192s] -- Up-to-date: /home/yanyew/mapping/install/crazyflie_sim/local/lib/python3.10/dist-packages/crazyflie_sim/backend/pinocchio.py
[1.192s] -- Up-to-date: /home/yanyew/mapping/install/crazyflie_sim/local/lib/python3.10/dist-packages/crazyflie_sim/sim_data_types.py
[1.228s] Listing '/home/yanyew/mapping/install/crazyflie_sim/local/lib/python3.10/dist-packages/crazyflie_sim'...
[1.228s] Listing '/home/yanyew/mapping/install/crazyflie_sim/local/lib/python3.10/dist-packages/crazyflie_sim/backend'...
[1.228s] Listing '/home/yanyew/mapping/install/crazyflie_sim/local/lib/python3.10/dist-packages/crazyflie_sim/backend/data'...
[1.228s] Listing '/home/yanyew/mapping/install/crazyflie_sim/local/lib/python3.10/dist-packages/crazyflie_sim/backend/data/dynobench'...
[1.228s] Listing '/home/yanyew/mapping/install/crazyflie_sim/local/lib/python3.10/dist-packages/crazyflie_sim/backend/data/neuralswarm2'...
[1.228s] Listing '/home/yanyew/mapping/install/crazyflie_sim/local/lib/python3.10/dist-packages/crazyflie_sim/backend/data/pinocchio'...
[1.228s] Listing '/home/yanyew/mapping/install/crazyflie_sim/local/lib/python3.10/dist-packages/crazyflie_sim/visualization'...
[1.228s] Listing '/home/yanyew/mapping/install/crazyflie_sim/local/lib/python3.10/dist-packages/crazyflie_sim/visualization/data'...
[1.228s] Listing '/home/yanyew/mapping/install/crazyflie_sim/local/lib/python3.10/dist-packages/crazyflie_sim/visualization/data/env'...
[1.228s] Listing '/home/yanyew/mapping/install/crazyflie_sim/local/lib/python3.10/dist-packages/crazyflie_sim/visualization/data/model'...
[1.232s] -- Up-to-date: /home/yanyew/mapping/install/crazyflie_sim/share/ament_index/resource_index/package_run_dependencies/crazyflie_sim
[1.232s] -- Up-to-date: /home/yanyew/mapping/install/crazyflie_sim/share/ament_index/resource_index/parent_prefix_path/crazyflie_sim
[1.232s] -- Up-to-date: /home/yanyew/mapping/install/crazyflie_sim/share/crazyflie_sim/environment/ament_prefix_path.sh
[1.233s] -- Up-to-date: /home/yanyew/mapping/install/crazyflie_sim/share/crazyflie_sim/environment/ament_prefix_path.dsv
[1.233s] -- Up-to-date: /home/yanyew/mapping/install/crazyflie_sim/share/crazyflie_sim/environment/path.sh
[1.233s] -- Up-to-date: /home/yanyew/mapping/install/crazyflie_sim/share/crazyflie_sim/environment/path.dsv
[1.233s] -- Up-to-date: /home/yanyew/mapping/install/crazyflie_sim/share/crazyflie_sim/local_setup.bash
[1.233s] -- Up-to-date: /home/yanyew/mapping/install/crazyflie_sim/share/crazyflie_sim/local_setup.sh
[1.233s] -- Up-to-date: /home/yanyew/mapping/install/crazyflie_sim/share/crazyflie_sim/local_setup.zsh
[1.233s] -- Up-to-date: /home/yanyew/mapping/install/crazyflie_sim/share/crazyflie_sim/local_setup.dsv
[1.233s] -- Installing: /home/yanyew/mapping/install/crazyflie_sim/share/crazyflie_sim/package.dsv
[1.233s] -- Up-to-date: /home/yanyew/mapping/install/crazyflie_sim/share/ament_index/resource_index/packages/crazyflie_sim
[1.234s] -- Up-to-date: /home/yanyew/mapping/install/crazyflie_sim/share/crazyflie_sim/cmake/crazyflie_simConfig.cmake
[1.234s] -- Up-to-date: /home/yanyew/mapping/install/crazyflie_sim/share/crazyflie_sim/cmake/crazyflie_simConfig-version.cmake
[1.234s] -- Up-to-date: /home/yanyew/mapping/install/crazyflie_sim/share/crazyflie_sim/package.xml
[1.235s] Invoked command in '/home/yanyew/mapping/build/crazyflie_sim' returned '0': AMENT_PREFIX_PATH=/home/yanyew/mapping/install/crazyflie_interfaces:${AMENT_PREFIX_PATH} CMAKE_PREFIX_PATH=/home/yanyew/mapping/install/crazyflie_interfaces:/opt/ros/humble LD_LIBRARY_PATH=/home/yanyew/mapping/install/crazyflie_interfaces/lib:/usr/lib/x86_64-linux-gnu/gazebo-11/plugins:/opt/ros/humble/opt/rviz_ogre_vendor/lib:/opt/ros/humble/lib/x86_64-linux-gnu:/opt/ros/humble/lib:/usr/lib/x86_64-linux-gnu/gazebo-11/plugins PYTHONPATH=/home/yanyew/mapping/install/crazyflie_interfaces/local/lib/python3.10/dist-packages:${PYTHONPATH} /usr/bin/cmake --install /home/yanyew/mapping/build/crazyflie_sim
