[2.356s] Invoking command in '/home/yanyew/mapping/src/crazyflie_ros2_multiranger/crazyflie_ros2_multiranger_wall_following': PYTHONPATH=/home/yanyew/mapping/build/crazyflie_ros2_multiranger_wall_following/prefix_override:/usr/lib/python3/dist-packages/colcon_core/task/python/colcon_distutils_commands:/home/yanyew/mapping/install/crazyflie_ros2_multiranger_wall_following/lib/python3.10/site-packages:${PYTHONPATH} /usr/bin/python3 -W ignore:setup.py install is deprecated -W ignore:easy_install command is deprecated setup.py egg_info --egg-base ../../../build/crazyflie_ros2_multiranger_wall_following build --build-base /home/yanyew/mapping/build/crazyflie_ros2_multiranger_wall_following/build install --record /home/yanyew/mapping/build/crazyflie_ros2_multiranger_wall_following/install.log --single-version-externally-managed install_data
[2.871s] running egg_info
[2.873s] writing ../../../build/crazyflie_ros2_multiranger_wall_following/crazyflie_ros2_multiranger_wall_following.egg-info/PKG-INFO
[2.874s] writing dependency_links to ../../../build/crazyflie_ros2_multiranger_wall_following/crazyflie_ros2_multiranger_wall_following.egg-info/dependency_links.txt
[2.874s] writing entry points to ../../../build/crazyflie_ros2_multiranger_wall_following/crazyflie_ros2_multiranger_wall_following.egg-info/entry_points.txt
[2.874s] writing requirements to ../../../build/crazyflie_ros2_multiranger_wall_following/crazyflie_ros2_multiranger_wall_following.egg-info/requires.txt
[2.875s] writing top-level names to ../../../build/crazyflie_ros2_multiranger_wall_following/crazyflie_ros2_multiranger_wall_following.egg-info/top_level.txt
[2.878s] reading manifest file '../../../build/crazyflie_ros2_multiranger_wall_following/crazyflie_ros2_multiranger_wall_following.egg-info/SOURCES.txt'
[2.880s] writing manifest file '../../../build/crazyflie_ros2_multiranger_wall_following/crazyflie_ros2_multiranger_wall_following.egg-info/SOURCES.txt'
[2.883s] running build
[2.883s] running build_py
[2.883s] running install
[2.883s] running install_lib
[2.885s] running install_data
[2.885s] running install_egg_info
[2.888s] removing '/home/yanyew/mapping/install/crazyflie_ros2_multiranger_wall_following/lib/python3.10/site-packages/crazyflie_ros2_multiranger_wall_following-0.0.0-py3.10.egg-info' (and everything under it)
[2.890s] Copying ../../../build/crazyflie_ros2_multiranger_wall_following/crazyflie_ros2_multiranger_wall_following.egg-info to /home/yanyew/mapping/install/crazyflie_ros2_multiranger_wall_following/lib/python3.10/site-packages/crazyflie_ros2_multiranger_wall_following-0.0.0-py3.10.egg-info
[2.891s] running install_scripts
[2.939s] Installing wall_following_multiranger script to /home/yanyew/mapping/install/crazyflie_ros2_multiranger_wall_following/lib/crazyflie_ros2_multiranger_wall_following
[2.940s] writing list of installed files to '/home/yanyew/mapping/build/crazyflie_ros2_multiranger_wall_following/install.log'
[3.038s] Invoked command in '/home/yanyew/mapping/src/crazyflie_ros2_multiranger/crazyflie_ros2_multiranger_wall_following' returned '0': PYTHONPATH=/home/yanyew/mapping/build/crazyflie_ros2_multiranger_wall_following/prefix_override:/usr/lib/python3/dist-packages/colcon_core/task/python/colcon_distutils_commands:/home/yanyew/mapping/install/crazyflie_ros2_multiranger_wall_following/lib/python3.10/site-packages:${PYTHONPATH} /usr/bin/python3 -W ignore:setup.py install is deprecated -W ignore:easy_install command is deprecated setup.py egg_info --egg-base ../../../build/crazyflie_ros2_multiranger_wall_following build --build-base /home/yanyew/mapping/build/crazyflie_ros2_multiranger_wall_following/build install --record /home/yanyew/mapping/build/crazyflie_ros2_multiranger_wall_following/install.log --single-version-externally-managed install_data
