[0.024s] Invoking command in '/home/yanyew/mapping/build/ros_gz_crazyflie_gazebo': CMAKE_PREFIX_PATH=${CMAKE_PREFIX_PATH}:/home/yanyew/mapping/install/ros_gz_crazyflie_control:/home/yanyew/mapping/install/crazyflie_ros2_multiranger_wall_following:/home/yanyew/mapping/install/crazyflie_ros2_multiranger_simple_mapper:/home/yanyew/mapping/install/crazyflie_py:/opt/ros/humble /usr/bin/cmake --build /home/yanyew/mapping/build/ros_gz_crazyflie_gazebo -- -j12 -l12
[0.834s] Invoked command in '/home/yanyew/mapping/build/ros_gz_crazyflie_gazebo' returned '0': CMAKE_PREFIX_PATH=${CMAKE_PREFIX_PATH}:/home/yanyew/mapping/install/ros_gz_crazyflie_control:/home/yanyew/mapping/install/crazyflie_ros2_multiranger_wall_following:/home/yanyew/mapping/install/crazyflie_ros2_multiranger_simple_mapper:/home/yanyew/mapping/install/crazyflie_py:/opt/ros/humble /usr/bin/cmake --build /home/yanyew/mapping/build/ros_gz_crazyflie_gazebo -- -j12 -l12
[0.842s] Invoking command in '/home/yanyew/mapping/build/ros_gz_crazyflie_gazebo': CMAKE_PREFIX_PATH=${CMAKE_PREFIX_PATH}:/home/yanyew/mapping/install/ros_gz_crazyflie_control:/home/yanyew/mapping/install/crazyflie_ros2_multiranger_wall_following:/home/yanyew/mapping/install/crazyflie_ros2_multiranger_simple_mapper:/home/yanyew/mapping/install/crazyflie_py:/opt/ros/humble /usr/bin/cmake --install /home/yanyew/mapping/build/ros_gz_crazyflie_gazebo
[0.849s] -- Install configuration: ""
[0.849s] -- Up-to-date: /home/yanyew/mapping/install/ros_gz_crazyflie_gazebo/share/ros_gz_crazyflie_gazebo/worlds
[0.850s] -- Up-to-date: /home/yanyew/mapping/install/ros_gz_crazyflie_gazebo/share/ros_gz_crazyflie_gazebo/worlds/crazyflie_world.sdf
[0.850s] -- Up-to-date: /home/yanyew/mapping/install/ros_gz_crazyflie_gazebo/share/ament_index/resource_index/package_run_dependencies/ros_gz_crazyflie_gazebo
[0.851s] -- Up-to-date: /home/yanyew/mapping/install/ros_gz_crazyflie_gazebo/share/ament_index/resource_index/parent_prefix_path/ros_gz_crazyflie_gazebo
[0.852s] -- Up-to-date: /home/yanyew/mapping/install/ros_gz_crazyflie_gazebo/share/ros_gz_crazyflie_gazebo/environment/ament_prefix_path.sh
[0.852s] -- Up-to-date: /home/yanyew/mapping/install/ros_gz_crazyflie_gazebo/share/ros_gz_crazyflie_gazebo/environment/ament_prefix_path.dsv
[0.853s] -- Up-to-date: /home/yanyew/mapping/install/ros_gz_crazyflie_gazebo/share/ros_gz_crazyflie_gazebo/environment/path.sh
[0.853s] -- Up-to-date: /home/yanyew/mapping/install/ros_gz_crazyflie_gazebo/share/ros_gz_crazyflie_gazebo/environment/path.dsv
[0.853s] -- Up-to-date: /home/yanyew/mapping/install/ros_gz_crazyflie_gazebo/share/ros_gz_crazyflie_gazebo/local_setup.bash
[0.853s] -- Up-to-date: /home/yanyew/mapping/install/ros_gz_crazyflie_gazebo/share/ros_gz_crazyflie_gazebo/local_setup.sh
[0.853s] -- Up-to-date: /home/yanyew/mapping/install/ros_gz_crazyflie_gazebo/share/ros_gz_crazyflie_gazebo/local_setup.zsh
[0.853s] -- Up-to-date: /home/yanyew/mapping/install/ros_gz_crazyflie_gazebo/share/ros_gz_crazyflie_gazebo/local_setup.dsv
[0.853s] -- Installing: /home/yanyew/mapping/install/ros_gz_crazyflie_gazebo/share/ros_gz_crazyflie_gazebo/package.dsv
[0.853s] -- Up-to-date: /home/yanyew/mapping/install/ros_gz_crazyflie_gazebo/share/ament_index/resource_index/packages/ros_gz_crazyflie_gazebo
[0.854s] -- Up-to-date: /home/yanyew/mapping/install/ros_gz_crazyflie_gazebo/share/ros_gz_crazyflie_gazebo/cmake/ros_gz_crazyflie_gazeboConfig.cmake
[0.854s] -- Up-to-date: /home/yanyew/mapping/install/ros_gz_crazyflie_gazebo/share/ros_gz_crazyflie_gazebo/cmake/ros_gz_crazyflie_gazeboConfig-version.cmake
[0.854s] -- Up-to-date: /home/yanyew/mapping/install/ros_gz_crazyflie_gazebo/share/ros_gz_crazyflie_gazebo/package.xml
[0.865s] Invoked command in '/home/yanyew/mapping/build/ros_gz_crazyflie_gazebo' returned '0': CMAKE_PREFIX_PATH=${CMAKE_PREFIX_PATH}:/home/yanyew/mapping/install/ros_gz_crazyflie_control:/home/yanyew/mapping/install/crazyflie_ros2_multiranger_wall_following:/home/yanyew/mapping/install/crazyflie_ros2_multiranger_simple_mapper:/home/yanyew/mapping/install/crazyflie_py:/opt/ros/humble /usr/bin/cmake --install /home/yanyew/mapping/build/ros_gz_crazyflie_gazebo
