[2.196s] Invoking command in '/home/yanyew/Multi-Drone-SLAM-and-Merge-Map/src/crazyflie_ros2_multiranger/crazyflie_ros2_multiranger_wall_following': PYTHONPATH=/home/yanyew/Multi-Drone-SLAM-and-Merge-Map/build/crazyflie_ros2_multiranger_wall_following/prefix_override:/usr/lib/python3/dist-packages/colcon_core/task/python/colcon_distutils_commands:/home/yanyew/Multi-Drone-SLAM-and-Merge-Map/install/crazyflie_ros2_multiranger_wall_following/lib/python3.10/site-packages:${PYTHONPATH} /usr/bin/python3 -W ignore:setup.py install is deprecated -W ignore:easy_install command is deprecated setup.py egg_info --egg-base ../../../build/crazyflie_ros2_multiranger_wall_following build --build-base /home/yanyew/Multi-Drone-SLAM-and-Merge-Map/build/crazyflie_ros2_multiranger_wall_following/build install --record /home/yanyew/Multi-Drone-SLAM-and-Merge-Map/build/crazyflie_ros2_multiranger_wall_following/install.log --single-version-externally-managed install_data
[2.654s] running egg_info
[2.655s] creating ../../../build/crazyflie_ros2_multiranger_wall_following/crazyflie_ros2_multiranger_wall_following.egg-info
[2.656s] writing ../../../build/crazyflie_ros2_multiranger_wall_following/crazyflie_ros2_multiranger_wall_following.egg-info/PKG-INFO
[2.656s] writing dependency_links to ../../../build/crazyflie_ros2_multiranger_wall_following/crazyflie_ros2_multiranger_wall_following.egg-info/dependency_links.txt
[2.656s] writing entry points to ../../../build/crazyflie_ros2_multiranger_wall_following/crazyflie_ros2_multiranger_wall_following.egg-info/entry_points.txt
[2.656s] writing requirements to ../../../build/crazyflie_ros2_multiranger_wall_following/crazyflie_ros2_multiranger_wall_following.egg-info/requires.txt
[2.657s] writing top-level names to ../../../build/crazyflie_ros2_multiranger_wall_following/crazyflie_ros2_multiranger_wall_following.egg-info/top_level.txt
[2.657s] writing manifest file '../../../build/crazyflie_ros2_multiranger_wall_following/crazyflie_ros2_multiranger_wall_following.egg-info/SOURCES.txt'
[2.660s] reading manifest file '../../../build/crazyflie_ros2_multiranger_wall_following/crazyflie_ros2_multiranger_wall_following.egg-info/SOURCES.txt'
[2.662s] writing manifest file '../../../build/crazyflie_ros2_multiranger_wall_following/crazyflie_ros2_multiranger_wall_following.egg-info/SOURCES.txt'
[2.662s] running build
[2.663s] running build_py
[2.663s] creating /home/yanyew/Multi-Drone-SLAM-and-Merge-Map/build/crazyflie_ros2_multiranger_wall_following/build
[2.663s] creating /home/yanyew/Multi-Drone-SLAM-and-Merge-Map/build/crazyflie_ros2_multiranger_wall_following/build/lib
[2.663s] creating /home/yanyew/Multi-Drone-SLAM-and-Merge-Map/build/crazyflie_ros2_multiranger_wall_following/build/lib/crazyflie_ros2_multiranger_wall_following
[2.663s] copying crazyflie_ros2_multiranger_wall_following/__init__.py -> /home/yanyew/Multi-Drone-SLAM-and-Merge-Map/build/crazyflie_ros2_multiranger_wall_following/build/lib/crazyflie_ros2_multiranger_wall_following
[2.663s] copying crazyflie_ros2_multiranger_wall_following/wall_following_multiranger.py -> /home/yanyew/Multi-Drone-SLAM-and-Merge-Map/build/crazyflie_ros2_multiranger_wall_following/build/lib/crazyflie_ros2_multiranger_wall_following
[2.664s] creating /home/yanyew/Multi-Drone-SLAM-and-Merge-Map/build/crazyflie_ros2_multiranger_wall_following/build/lib/crazyflie_ros2_multiranger_wall_following/wall_following
[2.664s] copying crazyflie_ros2_multiranger_wall_following/wall_following/__init__.py -> /home/yanyew/Multi-Drone-SLAM-and-Merge-Map/build/crazyflie_ros2_multiranger_wall_following/build/lib/crazyflie_ros2_multiranger_wall_following/wall_following
[2.664s] copying crazyflie_ros2_multiranger_wall_following/wall_following/wall_following.py -> /home/yanyew/Multi-Drone-SLAM-and-Merge-Map/build/crazyflie_ros2_multiranger_wall_following/build/lib/crazyflie_ros2_multiranger_wall_following/wall_following
[2.665s] running install
[2.665s] running install_lib
[2.666s] creating /home/yanyew/Multi-Drone-SLAM-and-Merge-Map/install/crazyflie_ros2_multiranger_wall_following/lib/python3.10/site-packages/crazyflie_ros2_multiranger_wall_following
[2.667s] copying /home/yanyew/Multi-Drone-SLAM-and-Merge-Map/build/crazyflie_ros2_multiranger_wall_following/build/lib/crazyflie_ros2_multiranger_wall_following/__init__.py -> /home/yanyew/Multi-Drone-SLAM-and-Merge-Map/install/crazyflie_ros2_multiranger_wall_following/lib/python3.10/site-packages/crazyflie_ros2_multiranger_wall_following
[2.667s] copying /home/yanyew/Multi-Drone-SLAM-and-Merge-Map/build/crazyflie_ros2_multiranger_wall_following/build/lib/crazyflie_ros2_multiranger_wall_following/wall_following_multiranger.py -> /home/yanyew/Multi-Drone-SLAM-and-Merge-Map/install/crazyflie_ros2_multiranger_wall_following/lib/python3.10/site-packages/crazyflie_ros2_multiranger_wall_following
[2.667s] creating /home/yanyew/Multi-Drone-SLAM-and-Merge-Map/install/crazyflie_ros2_multiranger_wall_following/lib/python3.10/site-packages/crazyflie_ros2_multiranger_wall_following/wall_following
[2.667s] copying /home/yanyew/Multi-Drone-SLAM-and-Merge-Map/build/crazyflie_ros2_multiranger_wall_following/build/lib/crazyflie_ros2_multiranger_wall_following/wall_following/__init__.py -> /home/yanyew/Multi-Drone-SLAM-and-Merge-Map/install/crazyflie_ros2_multiranger_wall_following/lib/python3.10/site-packages/crazyflie_ros2_multiranger_wall_following/wall_following
[2.667s] copying /home/yanyew/Multi-Drone-SLAM-and-Merge-Map/build/crazyflie_ros2_multiranger_wall_following/build/lib/crazyflie_ros2_multiranger_wall_following/wall_following/wall_following.py -> /home/yanyew/Multi-Drone-SLAM-and-Merge-Map/install/crazyflie_ros2_multiranger_wall_following/lib/python3.10/site-packages/crazyflie_ros2_multiranger_wall_following/wall_following
[2.668s] byte-compiling /home/yanyew/Multi-Drone-SLAM-and-Merge-Map/install/crazyflie_ros2_multiranger_wall_following/lib/python3.10/site-packages/crazyflie_ros2_multiranger_wall_following/__init__.py to __init__.cpython-310.pyc
[2.668s] byte-compiling /home/yanyew/Multi-Drone-SLAM-and-Merge-Map/install/crazyflie_ros2_multiranger_wall_following/lib/python3.10/site-packages/crazyflie_ros2_multiranger_wall_following/wall_following_multiranger.py to wall_following_multiranger.cpython-310.pyc
[2.670s] byte-compiling /home/yanyew/Multi-Drone-SLAM-and-Merge-Map/install/crazyflie_ros2_multiranger_wall_following/lib/python3.10/site-packages/crazyflie_ros2_multiranger_wall_following/wall_following/__init__.py to __init__.cpython-310.pyc
[2.670s] byte-compiling /home/yanyew/Multi-Drone-SLAM-and-Merge-Map/install/crazyflie_ros2_multiranger_wall_following/lib/python3.10/site-packages/crazyflie_ros2_multiranger_wall_following/wall_following/wall_following.py to wall_following.cpython-310.pyc
[2.673s] running install_data
[2.673s] creating /home/yanyew/Multi-Drone-SLAM-and-Merge-Map/install/crazyflie_ros2_multiranger_wall_following/share/ament_index
[2.673s] creating /home/yanyew/Multi-Drone-SLAM-and-Merge-Map/install/crazyflie_ros2_multiranger_wall_following/share/ament_index/resource_index
[2.673s] creating /home/yanyew/Multi-Drone-SLAM-and-Merge-Map/install/crazyflie_ros2_multiranger_wall_following/share/ament_index/resource_index/packages
[2.673s] copying resource/crazyflie_ros2_multiranger_wall_following -> /home/yanyew/Multi-Drone-SLAM-and-Merge-Map/install/crazyflie_ros2_multiranger_wall_following/share/ament_index/resource_index/packages
[2.674s] copying package.xml -> /home/yanyew/Multi-Drone-SLAM-and-Merge-Map/install/crazyflie_ros2_multiranger_wall_following/share/crazyflie_ros2_multiranger_wall_following
[2.675s] running install_egg_info
[2.677s] Copying ../../../build/crazyflie_ros2_multiranger_wall_following/crazyflie_ros2_multiranger_wall_following.egg-info to /home/yanyew/Multi-Drone-SLAM-and-Merge-Map/install/crazyflie_ros2_multiranger_wall_following/lib/python3.10/site-packages/crazyflie_ros2_multiranger_wall_following-0.0.0-py3.10.egg-info
[2.678s] running install_scripts
[2.720s] Installing wall_following_multiranger script to /home/yanyew/Multi-Drone-SLAM-and-Merge-Map/install/crazyflie_ros2_multiranger_wall_following/lib/crazyflie_ros2_multiranger_wall_following
[2.721s] writing list of installed files to '/home/yanyew/Multi-Drone-SLAM-and-Merge-Map/build/crazyflie_ros2_multiranger_wall_following/install.log'
[2.767s] Invoked command in '/home/yanyew/Multi-Drone-SLAM-and-Merge-Map/src/crazyflie_ros2_multiranger/crazyflie_ros2_multiranger_wall_following' returned '0': PYTHONPATH=/home/yanyew/Multi-Drone-SLAM-and-Merge-Map/build/crazyflie_ros2_multiranger_wall_following/prefix_override:/usr/lib/python3/dist-packages/colcon_core/task/python/colcon_distutils_commands:/home/yanyew/Multi-Drone-SLAM-and-Merge-Map/install/crazyflie_ros2_multiranger_wall_following/lib/python3.10/site-packages:${PYTHONPATH} /usr/bin/python3 -W ignore:setup.py install is deprecated -W ignore:easy_install command is deprecated setup.py egg_info --egg-base ../../../build/crazyflie_ros2_multiranger_wall_following build --build-base /home/yanyew/Multi-Drone-SLAM-and-Merge-Map/build/crazyflie_ros2_multiranger_wall_following/build install --record /home/yanyew/Multi-Drone-SLAM-and-Merge-Map/build/crazyflie_ros2_multiranger_wall_following/install.log --single-version-externally-managed install_data
