[1.239s] Invoking command in '/home/yanyew/mapping/src/ros_gz_crazyflie/ros_gz_crazyflie_control': PYTHONPATH=/home/yanyew/mapping/build/ros_gz_crazyflie_control/prefix_override:/usr/lib/python3/dist-packages/colcon_core/task/python/colcon_distutils_commands:/home/yanyew/mapping/install/ros_gz_crazyflie_control/lib/python3.10/site-packages:${PYTHONPATH} /usr/bin/python3 -W ignore:setup.py install is deprecated -W ignore:easy_install command is deprecated setup.py egg_info --egg-base ../../../build/ros_gz_crazyflie_control build --build-base /home/yanyew/mapping/build/ros_gz_crazyflie_control/build install --record /home/yanyew/mapping/build/ros_gz_crazyflie_control/install.log --single-version-externally-managed install_data
[1.521s] running egg_info
[1.522s] creating ../../../build/ros_gz_crazyflie_control/ros_gz_crazyflie_control.egg-info
[1.522s] writing ../../../build/ros_gz_crazyflie_control/ros_gz_crazyflie_control.egg-info/PKG-INFO
[1.522s] writing dependency_links to ../../../build/ros_gz_crazyflie_control/ros_gz_crazyflie_control.egg-info/dependency_links.txt
[1.523s] writing entry points to ../../../build/ros_gz_crazyflie_control/ros_gz_crazyflie_control.egg-info/entry_points.txt
[1.523s] writing requirements to ../../../build/ros_gz_crazyflie_control/ros_gz_crazyflie_control.egg-info/requires.txt
[1.523s] writing top-level names to ../../../build/ros_gz_crazyflie_control/ros_gz_crazyflie_control.egg-info/top_level.txt
[1.523s] writing manifest file '../../../build/ros_gz_crazyflie_control/ros_gz_crazyflie_control.egg-info/SOURCES.txt'
[1.524s] reading manifest file '../../../build/ros_gz_crazyflie_control/ros_gz_crazyflie_control.egg-info/SOURCES.txt'
[1.525s] writing manifest file '../../../build/ros_gz_crazyflie_control/ros_gz_crazyflie_control.egg-info/SOURCES.txt'
[1.525s] running build
[1.525s] running build_py
[1.526s] creating /home/yanyew/mapping/build/ros_gz_crazyflie_control/build
[1.526s] creating /home/yanyew/mapping/build/ros_gz_crazyflie_control/build/lib
[1.526s] creating /home/yanyew/mapping/build/ros_gz_crazyflie_control/build/lib/ros_gz_crazyflie_control
[1.526s] copying ros_gz_crazyflie_control/__init__.py -> /home/yanyew/mapping/build/ros_gz_crazyflie_control/build/lib/ros_gz_crazyflie_control
[1.526s] copying ros_gz_crazyflie_control/control_services.py -> /home/yanyew/mapping/build/ros_gz_crazyflie_control/build/lib/ros_gz_crazyflie_control
[1.526s] running install
[1.527s] running install_lib
[1.527s] creating /home/yanyew/mapping/install/ros_gz_crazyflie_control/lib/python3.10/site-packages/ros_gz_crazyflie_control
[1.527s] copying /home/yanyew/mapping/build/ros_gz_crazyflie_control/build/lib/ros_gz_crazyflie_control/__init__.py -> /home/yanyew/mapping/install/ros_gz_crazyflie_control/lib/python3.10/site-packages/ros_gz_crazyflie_control
[1.527s] copying /home/yanyew/mapping/build/ros_gz_crazyflie_control/build/lib/ros_gz_crazyflie_control/control_services.py -> /home/yanyew/mapping/install/ros_gz_crazyflie_control/lib/python3.10/site-packages/ros_gz_crazyflie_control
[1.528s] byte-compiling /home/yanyew/mapping/install/ros_gz_crazyflie_control/lib/python3.10/site-packages/ros_gz_crazyflie_control/__init__.py to __init__.cpython-310.pyc
[1.528s] byte-compiling /home/yanyew/mapping/install/ros_gz_crazyflie_control/lib/python3.10/site-packages/ros_gz_crazyflie_control/control_services.py to control_services.cpython-310.pyc
[1.529s] running install_data
[1.529s] creating /home/yanyew/mapping/install/ros_gz_crazyflie_control/share/ament_index
[1.529s] creating /home/yanyew/mapping/install/ros_gz_crazyflie_control/share/ament_index/resource_index
[1.529s] creating /home/yanyew/mapping/install/ros_gz_crazyflie_control/share/ament_index/resource_index/packages
[1.529s] copying resource/ros_gz_crazyflie_control -> /home/yanyew/mapping/install/ros_gz_crazyflie_control/share/ament_index/resource_index/packages
[1.529s] copying package.xml -> /home/yanyew/mapping/install/ros_gz_crazyflie_control/share/ros_gz_crazyflie_control
[1.529s] running install_egg_info
[1.533s] Copying ../../../build/ros_gz_crazyflie_control/ros_gz_crazyflie_control.egg-info to /home/yanyew/mapping/install/ros_gz_crazyflie_control/lib/python3.10/site-packages/ros_gz_crazyflie_control-0.0.0-py3.10.egg-info
[1.533s] running install_scripts
[1.551s] Installing control_services script to /home/yanyew/mapping/install/ros_gz_crazyflie_control/lib/ros_gz_crazyflie_control
[1.552s] writing list of installed files to '/home/yanyew/mapping/build/ros_gz_crazyflie_control/install.log'
[1.597s] Invoked command in '/home/yanyew/mapping/src/ros_gz_crazyflie/ros_gz_crazyflie_control' returned '0': PYTHONPATH=/home/yanyew/mapping/build/ros_gz_crazyflie_control/prefix_override:/usr/lib/python3/dist-packages/colcon_core/task/python/colcon_distutils_commands:/home/yanyew/mapping/install/ros_gz_crazyflie_control/lib/python3.10/site-packages:${PYTHONPATH} /usr/bin/python3 -W ignore:setup.py install is deprecated -W ignore:easy_install command is deprecated setup.py egg_info --egg-base ../../../build/ros_gz_crazyflie_control build --build-base /home/yanyew/mapping/build/ros_gz_crazyflie_control/build install --record /home/yanyew/mapping/build/ros_gz_crazyflie_control/install.log --single-version-externally-managed install_data
