[2.186s] Invoking command in '/home/yanyew/mapping/src/crazyflie_launch': PYTHONPATH=/home/yanyew/mapping/build/crazyflie_launch/prefix_override:/usr/lib/python3/dist-packages/colcon_core/task/python/colcon_distutils_commands:/home/yanyew/mapping/install/crazyflie_launch/lib/python3.10/site-packages:${PYTHONPATH} /usr/bin/python3 -W ignore:setup.py install is deprecated -W ignore:easy_install command is deprecated setup.py egg_info --egg-base ../../build/crazyflie_launch build --build-base /home/yanyew/mapping/build/crazyflie_launch/build install --record /home/yanyew/mapping/build/crazyflie_launch/install.log --single-version-externally-managed install_data
[2.629s] running egg_info
[2.629s] creating ../../build/crazyflie_launch/crazyflie_launch.egg-info
[2.630s] writing ../../build/crazyflie_launch/crazyflie_launch.egg-info/PKG-INFO
[2.630s] writing dependency_links to ../../build/crazyflie_launch/crazyflie_launch.egg-info/dependency_links.txt
[2.630s] writing entry points to ../../build/crazyflie_launch/crazyflie_launch.egg-info/entry_points.txt
[2.631s] writing requirements to ../../build/crazyflie_launch/crazyflie_launch.egg-info/requires.txt
[2.631s] writing top-level names to ../../build/crazyflie_launch/crazyflie_launch.egg-info/top_level.txt
[2.631s] writing manifest file '../../build/crazyflie_launch/crazyflie_launch.egg-info/SOURCES.txt'
[2.633s] reading manifest file '../../build/crazyflie_launch/crazyflie_launch.egg-info/SOURCES.txt'
[2.634s] writing manifest file '../../build/crazyflie_launch/crazyflie_launch.egg-info/SOURCES.txt'
[2.634s] running build
[2.634s] running build_py
[2.635s] creating /home/yanyew/mapping/build/crazyflie_launch/build
[2.635s] creating /home/yanyew/mapping/build/crazyflie_launch/build/lib
[2.635s] creating /home/yanyew/mapping/build/crazyflie_launch/build/lib/crazyflie_launch
[2.635s] copying crazyflie_launch/__init__.py -> /home/yanyew/mapping/build/crazyflie_launch/build/lib/crazyflie_launch
[2.635s] running install
[2.636s] running install_lib
[2.637s] creating /home/yanyew/mapping/install/crazyflie_launch/lib/python3.10/site-packages/crazyflie_launch
[2.637s] copying /home/yanyew/mapping/build/crazyflie_launch/build/lib/crazyflie_launch/__init__.py -> /home/yanyew/mapping/install/crazyflie_launch/lib/python3.10/site-packages/crazyflie_launch
[2.638s] byte-compiling /home/yanyew/mapping/install/crazyflie_launch/lib/python3.10/site-packages/crazyflie_launch/__init__.py to __init__.cpython-310.pyc
[2.638s] running install_data
[2.638s] creating /home/yanyew/mapping/install/crazyflie_launch/share/ament_index
[2.639s] creating /home/yanyew/mapping/install/crazyflie_launch/share/ament_index/resource_index
[2.639s] creating /home/yanyew/mapping/install/crazyflie_launch/share/ament_index/resource_index/packages
[2.639s] copying resource/crazyflie_launch -> /home/yanyew/mapping/install/crazyflie_launch/share/ament_index/resource_index/packages
[2.639s] copying package.xml -> /home/yanyew/mapping/install/crazyflie_launch/share/crazyflie_launch
[2.640s] running install_egg_info
[2.641s] Copying ../../build/crazyflie_launch/crazyflie_launch.egg-info to /home/yanyew/mapping/install/crazyflie_launch/lib/python3.10/site-packages/crazyflie_launch-0.0.0-py3.10.egg-info
[2.642s] running install_scripts
[2.668s] writing list of installed files to '/home/yanyew/mapping/build/crazyflie_launch/install.log'
[2.699s] Invoked command in '/home/yanyew/mapping/src/crazyflie_launch' returned '0': PYTHONPATH=/home/yanyew/mapping/build/crazyflie_launch/prefix_override:/usr/lib/python3/dist-packages/colcon_core/task/python/colcon_distutils_commands:/home/yanyew/mapping/install/crazyflie_launch/lib/python3.10/site-packages:${PYTHONPATH} /usr/bin/python3 -W ignore:setup.py install is deprecated -W ignore:easy_install command is deprecated setup.py egg_info --egg-base ../../build/crazyflie_launch build --build-base /home/yanyew/mapping/build/crazyflie_launch/build install --record /home/yanyew/mapping/build/crazyflie_launch/install.log --single-version-externally-managed install_data
