[3.981s] Invoking command in '/home/yanyew/mapping/src/ros_gz_crazyflie/ros_gz_crazyflie_control': PYTHONPATH=/home/yanyew/mapping/build/ros_gz_crazyflie_control/prefix_override:/usr/lib/python3/dist-packages/colcon_core/task/python/colcon_distutils_commands:/home/yanyew/mapping/install/ros_gz_crazyflie_control/lib/python3.10/site-packages:${PYTHONPATH} /usr/bin/python3 -W ignore:setup.py install is deprecated -W ignore:easy_install command is deprecated setup.py egg_info --egg-base ../../../build/ros_gz_crazyflie_control build --build-base /home/yanyew/mapping/build/ros_gz_crazyflie_control/build install --record /home/yanyew/mapping/build/ros_gz_crazyflie_control/install.log --single-version-externally-managed install_data
[4.876s] running egg_info
[4.883s] writing ../../../build/ros_gz_crazyflie_control/ros_gz_crazyflie_control.egg-info/PKG-INFO
[4.884s] writing dependency_links to ../../../build/ros_gz_crazyflie_control/ros_gz_crazyflie_control.egg-info/dependency_links.txt
[4.884s] writing entry points to ../../../build/ros_gz_crazyflie_control/ros_gz_crazyflie_control.egg-info/entry_points.txt
[4.884s] writing requirements to ../../../build/ros_gz_crazyflie_control/ros_gz_crazyflie_control.egg-info/requires.txt
[4.884s] writing top-level names to ../../../build/ros_gz_crazyflie_control/ros_gz_crazyflie_control.egg-info/top_level.txt
[4.887s] reading manifest file '../../../build/ros_gz_crazyflie_control/ros_gz_crazyflie_control.egg-info/SOURCES.txt'
[4.888s] writing manifest file '../../../build/ros_gz_crazyflie_control/ros_gz_crazyflie_control.egg-info/SOURCES.txt'
[4.889s] running build
[4.890s] running build_py
[4.890s] running install
[4.890s] running install_lib
[4.895s] running install_data
[4.895s] running install_egg_info
[4.902s] removing '/home/yanyew/mapping/install/ros_gz_crazyflie_control/lib/python3.10/site-packages/ros_gz_crazyflie_control-0.0.0-py3.10.egg-info' (and everything under it)
[4.909s] Copying ../../../build/ros_gz_crazyflie_control/ros_gz_crazyflie_control.egg-info to /home/yanyew/mapping/install/ros_gz_crazyflie_control/lib/python3.10/site-packages/ros_gz_crazyflie_control-0.0.0-py3.10.egg-info
[4.909s] running install_scripts
[4.969s] Installing control_services script to /home/yanyew/mapping/install/ros_gz_crazyflie_control/lib/ros_gz_crazyflie_control
[4.970s] writing list of installed files to '/home/yanyew/mapping/build/ros_gz_crazyflie_control/install.log'
[5.080s] Invoked command in '/home/yanyew/mapping/src/ros_gz_crazyflie/ros_gz_crazyflie_control' returned '0': PYTHONPATH=/home/yanyew/mapping/build/ros_gz_crazyflie_control/prefix_override:/usr/lib/python3/dist-packages/colcon_core/task/python/colcon_distutils_commands:/home/yanyew/mapping/install/ros_gz_crazyflie_control/lib/python3.10/site-packages:${PYTHONPATH} /usr/bin/python3 -W ignore:setup.py install is deprecated -W ignore:easy_install command is deprecated setup.py egg_info --egg-base ../../../build/ros_gz_crazyflie_control build --build-base /home/yanyew/mapping/build/ros_gz_crazyflie_control/build install --record /home/yanyew/mapping/build/ros_gz_crazyflie_control/install.log --single-version-externally-managed install_data
