[0.967s] Invoking command in '/home/yanyew/mapping/src/crazyflie_launch': PYTHONPATH=/home/yanyew/mapping/build/crazyflie_launch/prefix_override:/usr/lib/python3/dist-packages/colcon_core/task/python/colcon_distutils_commands:/home/yanyew/mapping/install/crazyflie_launch/lib/python3.10/site-packages:${PYTHONPATH} /usr/bin/python3 -W ignore:setup.py install is deprecated -W ignore:easy_install command is deprecated setup.py egg_info --egg-base ../../build/crazyflie_launch build --build-base /home/yanyew/mapping/build/crazyflie_launch/build install --record /home/yanyew/mapping/build/crazyflie_launch/install.log --single-version-externally-managed install_data
[1.315s] running egg_info
[1.315s] writing ../../build/crazyflie_launch/crazyflie_launch.egg-info/PKG-INFO
[1.316s] writing dependency_links to ../../build/crazyflie_launch/crazyflie_launch.egg-info/dependency_links.txt
[1.316s] writing entry points to ../../build/crazyflie_launch/crazyflie_launch.egg-info/entry_points.txt
[1.316s] writing requirements to ../../build/crazyflie_launch/crazyflie_launch.egg-info/requires.txt
[1.316s] writing top-level names to ../../build/crazyflie_launch/crazyflie_launch.egg-info/top_level.txt
[1.318s] reading manifest file '../../build/crazyflie_launch/crazyflie_launch.egg-info/SOURCES.txt'
[1.319s] writing manifest file '../../build/crazyflie_launch/crazyflie_launch.egg-info/SOURCES.txt'
[1.319s] running build
[1.319s] running build_py
[1.320s] running install
[1.320s] running install_lib
[1.321s] running install_data
[1.321s] copying launch/swarm_mapping.launch.py -> /home/yanyew/mapping/install/crazyflie_launch/share/crazyflie_launch/launch
[1.322s] running install_egg_info
[1.324s] removing '/home/yanyew/mapping/install/crazyflie_launch/lib/python3.10/site-packages/crazyflie_launch-0.0.0-py3.10.egg-info' (and everything under it)
[1.324s] Copying ../../build/crazyflie_launch/crazyflie_launch.egg-info to /home/yanyew/mapping/install/crazyflie_launch/lib/python3.10/site-packages/crazyflie_launch-0.0.0-py3.10.egg-info
[1.325s] running install_scripts
[1.351s] writing list of installed files to '/home/yanyew/mapping/build/crazyflie_launch/install.log'
[1.375s] Invoked command in '/home/yanyew/mapping/src/crazyflie_launch' returned '0': PYTHONPATH=/home/yanyew/mapping/build/crazyflie_launch/prefix_override:/usr/lib/python3/dist-packages/colcon_core/task/python/colcon_distutils_commands:/home/yanyew/mapping/install/crazyflie_launch/lib/python3.10/site-packages:${PYTHONPATH} /usr/bin/python3 -W ignore:setup.py install is deprecated -W ignore:easy_install command is deprecated setup.py egg_info --egg-base ../../build/crazyflie_launch build --build-base /home/yanyew/mapping/build/crazyflie_launch/build install --record /home/yanyew/mapping/build/crazyflie_launch/install.log --single-version-externally-managed install_data
