[  0%] Built target crazyflie_interfaces__cpp
[ 12%] Built target crazyflie_interfaces__rosidl_generator_c
[ 12%] Built target ament_cmake_python_copy_crazyflie_interfaces
[ 24%] Built target crazyflie_interfaces__rosidl_typesupport_fastrtps_cpp
[ 38%] Built target crazyflie_interfaces__rosidl_typesupport_c
[ 49%] Built target crazyflie_interfaces__rosidl_typesupport_introspection_cpp
[ 61%] Built target crazyflie_interfaces__rosidl_typesupport_cpp
[ 84%] Built target crazyflie_interfaces__rosidl_typesupport_fastrtps_c
[ 85%] Built target crazyflie_interfaces__rosidl_typesupport_introspection_c
[ 85%] Built target crazyflie_interfaces
[ 86%] Built target crazyflie_interfaces__py
[ 97%] Built target crazyflie_interfaces__rosidl_generator_py
[100%] Built target crazyflie_interfaces__rosidl_typesupport_introspection_c__pyext
[100%] Built target crazyflie_interfaces__rosidl_typesupport_fastrtps_c__pyext
[100%] Built target crazyflie_interfaces__rosidl_typesupport_c__pyext
running egg_info
writing crazyflie_interfaces.egg-info/PKG-INFO
writing dependency_links to crazyflie_interfaces.egg-info/dependency_links.txt
writing top-level names to crazyflie_interfaces.egg-info/top_level.txt
reading manifest file 'crazyflie_interfaces.egg-info/SOURCES.txt'
writing manifest file 'crazyflie_interfaces.egg-info/SOURCES.txt'
[100%] Built target ament_cmake_python_build_crazyflie_interfaces_egg
