[2.161s] Invoking command in '/home/yanyew/Multi-Drone-SLAM-and-Merge-Map/src/crazyflie_launch': PYTHONPATH=/home/yanyew/Multi-Drone-SLAM-and-Merge-Map/build/crazyflie_launch/prefix_override:/usr/lib/python3/dist-packages/colcon_core/task/python/colcon_distutils_commands:/home/yanyew/Multi-Drone-SLAM-and-Merge-Map/install/crazyflie_launch/lib/python3.10/site-packages:${PYTHONPATH} /usr/bin/python3 -W ignore:setup.py install is deprecated -W ignore:easy_install command is deprecated setup.py egg_info --egg-base ../../build/crazyflie_launch build --build-base /home/yanyew/Multi-Drone-SLAM-and-Merge-Map/build/crazyflie_launch/build install --record /home/yanyew/Multi-Drone-SLAM-and-Merge-Map/build/crazyflie_launch/install.log --single-version-externally-managed install_data
[2.675s] running egg_info
[2.676s] creating ../../build/crazyflie_launch/crazyflie_launch.egg-info
[2.676s] writing ../../build/crazyflie_launch/crazyflie_launch.egg-info/PKG-INFO
[2.676s] writing dependency_links to ../../build/crazyflie_launch/crazyflie_launch.egg-info/dependency_links.txt
[2.677s] writing entry points to ../../build/crazyflie_launch/crazyflie_launch.egg-info/entry_points.txt
[2.677s] writing requirements to ../../build/crazyflie_launch/crazyflie_launch.egg-info/requires.txt
[2.677s] writing top-level names to ../../build/crazyflie_launch/crazyflie_launch.egg-info/top_level.txt
[2.677s] writing manifest file '../../build/crazyflie_launch/crazyflie_launch.egg-info/SOURCES.txt'
[2.680s] reading manifest file '../../build/crazyflie_launch/crazyflie_launch.egg-info/SOURCES.txt'
[2.682s] writing manifest file '../../build/crazyflie_launch/crazyflie_launch.egg-info/SOURCES.txt'
[2.682s] running build
[2.682s] running build_py
[2.682s] creating /home/yanyew/Multi-Drone-SLAM-and-Merge-Map/build/crazyflie_launch/build
[2.682s] creating /home/yanyew/Multi-Drone-SLAM-and-Merge-Map/build/crazyflie_launch/build/lib
[2.682s] creating /home/yanyew/Multi-Drone-SLAM-and-Merge-Map/build/crazyflie_launch/build/lib/crazyflie_launch
[2.683s] copying crazyflie_launch/__init__.py -> /home/yanyew/Multi-Drone-SLAM-and-Merge-Map/build/crazyflie_launch/build/lib/crazyflie_launch
[2.683s] running install
[2.683s] running install_lib
[2.687s] creating /home/yanyew/Multi-Drone-SLAM-and-Merge-Map/install/crazyflie_launch/lib/python3.10/site-packages/crazyflie_launch
[2.687s] copying /home/yanyew/Multi-Drone-SLAM-and-Merge-Map/build/crazyflie_launch/build/lib/crazyflie_launch/__init__.py -> /home/yanyew/Multi-Drone-SLAM-and-Merge-Map/install/crazyflie_launch/lib/python3.10/site-packages/crazyflie_launch
[2.687s] byte-compiling /home/yanyew/Multi-Drone-SLAM-and-Merge-Map/install/crazyflie_launch/lib/python3.10/site-packages/crazyflie_launch/__init__.py to __init__.cpython-310.pyc
[2.687s] running install_data
[2.687s] creating /home/yanyew/Multi-Drone-SLAM-and-Merge-Map/install/crazyflie_launch/share/ament_index
[2.687s] creating /home/yanyew/Multi-Drone-SLAM-and-Merge-Map/install/crazyflie_launch/share/ament_index/resource_index
[2.687s] creating /home/yanyew/Multi-Drone-SLAM-and-Merge-Map/install/crazyflie_launch/share/ament_index/resource_index/packages
[2.687s] copying resource/crazyflie_launch -> /home/yanyew/Multi-Drone-SLAM-and-Merge-Map/install/crazyflie_launch/share/ament_index/resource_index/packages
[2.688s] copying package.xml -> /home/yanyew/Multi-Drone-SLAM-and-Merge-Map/install/crazyflie_launch/share/crazyflie_launch
[2.688s] creating /home/yanyew/Multi-Drone-SLAM-and-Merge-Map/install/crazyflie_launch/share/crazyflie_launch/launch
[2.688s] copying launch/swarm_mapping.launch.py -> /home/yanyew/Multi-Drone-SLAM-and-Merge-Map/install/crazyflie_launch/share/crazyflie_launch/launch
[2.688s] running install_egg_info
[2.691s] Copying ../../build/crazyflie_launch/crazyflie_launch.egg-info to /home/yanyew/Multi-Drone-SLAM-and-Merge-Map/install/crazyflie_launch/lib/python3.10/site-packages/crazyflie_launch-0.0.0-py3.10.egg-info
[2.692s] running install_scripts
[2.734s] writing list of installed files to '/home/yanyew/Multi-Drone-SLAM-and-Merge-Map/build/crazyflie_launch/install.log'
[2.789s] Invoked command in '/home/yanyew/Multi-Drone-SLAM-and-Merge-Map/src/crazyflie_launch' returned '0': PYTHONPATH=/home/yanyew/Multi-Drone-SLAM-and-Merge-Map/build/crazyflie_launch/prefix_override:/usr/lib/python3/dist-packages/colcon_core/task/python/colcon_distutils_commands:/home/yanyew/Multi-Drone-SLAM-and-Merge-Map/install/crazyflie_launch/lib/python3.10/site-packages:${PYTHONPATH} /usr/bin/python3 -W ignore:setup.py install is deprecated -W ignore:easy_install command is deprecated setup.py egg_info --egg-base ../../build/crazyflie_launch build --build-base /home/yanyew/Multi-Drone-SLAM-and-Merge-Map/build/crazyflie_launch/build install --record /home/yanyew/Multi-Drone-SLAM-and-Merge-Map/build/crazyflie_launch/install.log --single-version-externally-managed install_data
