[0.014s] Invoking command in '/home/yanyew/Multi-Drone-SLAM-and-Merge-Map/build/ros_gz_crazyflie_bringup': AMENT_PREFIX_PATH=/home/yanyew/Multi-Drone-SLAM-and-Merge-Map/install/ros_gz_crazyflie_gazebo:${AMENT_PREFIX_PATH} CMAKE_PREFIX_PATH=/home/yanyew/Multi-Drone-SLAM-and-Merge-Map/install/ros_gz_crazyflie_gazebo:/home/yanyew/mapping/install/crazyflie_ros2_multiranger_bringup:/home/yanyew/mapping/install/ros_gz_crazyflie_bringup:/home/yanyew/mapping/install/ros_gz_crazyflie_gazebo:/home/yanyew/mapping/install/crazyflie_sim:/home/yanyew/mapping/install/crazyflie_examples:/home/yanyew/mapping/install/crazyflie:/home/yanyew/mapping/install/crazyflie_interfaces:/home/yanyew/mapping/install/ros_gz_crazyflie_control:/home/yanyew/mapping/install/merge_map:/home/yanyew/mapping/install/crazyflie_ros2_multiranger_wall_following:/home/yanyew/mapping/install/crazyflie_ros2_multiranger_simple_mapper:/home/yanyew/mapping/install/crazyflie_py:/home/yanyew/mapping/install/crazyflie_launch:/opt/ros/humble /usr/bin/cmake /home/yanyew/Multi-Drone-SLAM-and-Merge-Map/src/ros_gz_crazyflie/ros_gz_crazyflie_bringup -DCMAKE_INSTALL_PREFIX=/home/yanyew/Multi-Drone-SLAM-and-Merge-Map/install/ros_gz_crazyflie_bringup
[0.093s] -- The C compiler identification is GNU 11.4.0
[0.176s] -- The CXX compiler identification is GNU 11.4.0
[0.186s] -- Detecting C compiler ABI info
[0.288s] -- Detecting C compiler ABI info - done
[0.303s] -- Check for working C compiler: /usr/bin/cc - skipped
[0.304s] -- Detecting C compile features
[0.304s] -- Detecting C compile features - done
[0.309s] -- Detecting CXX compiler ABI info
[0.434s] -- Detecting CXX compiler ABI info - done
[0.449s] -- Check for working CXX compiler: /usr/bin/c++ - skipped
[0.450s] -- Detecting CXX compile features
[0.451s] -- Detecting CXX compile features - done
[0.457s] -- Found ament_cmake: 1.3.11 (/opt/ros/humble/share/ament_cmake/cmake)
[0.706s] -- Found Python3: /usr/bin/python3 (found version "3.10.12") found components: Interpreter 
[0.939s] -- Found ros_gz_crazyflie_gazebo: 0.0.0 (/home/yanyew/Multi-Drone-SLAM-and-Merge-Map/install/ros_gz_crazyflie_gazebo/share/ros_gz_crazyflie_gazebo/cmake)
[0.944s] -- Found ament_lint_auto: 0.12.11 (/opt/ros/humble/share/ament_lint_auto/cmake)
[1.073s] -- Configuring done
[1.078s] -- Generating done
[1.080s] -- Build files have been written to: /home/yanyew/Multi-Drone-SLAM-and-Merge-Map/build/ros_gz_crazyflie_bringup
[1.087s] Invoked command in '/home/yanyew/Multi-Drone-SLAM-and-Merge-Map/build/ros_gz_crazyflie_bringup' returned '0': AMENT_PREFIX_PATH=/home/yanyew/Multi-Drone-SLAM-and-Merge-Map/install/ros_gz_crazyflie_gazebo:${AMENT_PREFIX_PATH} CMAKE_PREFIX_PATH=/home/yanyew/Multi-Drone-SLAM-and-Merge-Map/install/ros_gz_crazyflie_gazebo:/home/yanyew/mapping/install/crazyflie_ros2_multiranger_bringup:/home/yanyew/mapping/install/ros_gz_crazyflie_bringup:/home/yanyew/mapping/install/ros_gz_crazyflie_gazebo:/home/yanyew/mapping/install/crazyflie_sim:/home/yanyew/mapping/install/crazyflie_examples:/home/yanyew/mapping/install/crazyflie:/home/yanyew/mapping/install/crazyflie_interfaces:/home/yanyew/mapping/install/ros_gz_crazyflie_control:/home/yanyew/mapping/install/merge_map:/home/yanyew/mapping/install/crazyflie_ros2_multiranger_wall_following:/home/yanyew/mapping/install/crazyflie_ros2_multiranger_simple_mapper:/home/yanyew/mapping/install/crazyflie_py:/home/yanyew/mapping/install/crazyflie_launch:/opt/ros/humble /usr/bin/cmake /home/yanyew/Multi-Drone-SLAM-and-Merge-Map/src/ros_gz_crazyflie/ros_gz_crazyflie_bringup -DCMAKE_INSTALL_PREFIX=/home/yanyew/Multi-Drone-SLAM-and-Merge-Map/install/ros_gz_crazyflie_bringup
[1.089s] Invoking command in '/home/yanyew/Multi-Drone-SLAM-and-Merge-Map/build/ros_gz_crazyflie_bringup': AMENT_PREFIX_PATH=/home/yanyew/Multi-Drone-SLAM-and-Merge-Map/install/ros_gz_crazyflie_gazebo:${AMENT_PREFIX_PATH} CMAKE_PREFIX_PATH=/home/yanyew/Multi-Drone-SLAM-and-Merge-Map/install/ros_gz_crazyflie_gazebo:/home/yanyew/mapping/install/crazyflie_ros2_multiranger_bringup:/home/yanyew/mapping/install/ros_gz_crazyflie_bringup:/home/yanyew/mapping/install/ros_gz_crazyflie_gazebo:/home/yanyew/mapping/install/crazyflie_sim:/home/yanyew/mapping/install/crazyflie_examples:/home/yanyew/mapping/install/crazyflie:/home/yanyew/mapping/install/crazyflie_interfaces:/home/yanyew/mapping/install/ros_gz_crazyflie_control:/home/yanyew/mapping/install/merge_map:/home/yanyew/mapping/install/crazyflie_ros2_multiranger_wall_following:/home/yanyew/mapping/install/crazyflie_ros2_multiranger_simple_mapper:/home/yanyew/mapping/install/crazyflie_py:/home/yanyew/mapping/install/crazyflie_launch:/opt/ros/humble /usr/bin/cmake --build /home/yanyew/Multi-Drone-SLAM-and-Merge-Map/build/ros_gz_crazyflie_bringup -- -j12 -l12
[1.139s] Invoked command in '/home/yanyew/Multi-Drone-SLAM-and-Merge-Map/build/ros_gz_crazyflie_bringup' returned '0': AMENT_PREFIX_PATH=/home/yanyew/Multi-Drone-SLAM-and-Merge-Map/install/ros_gz_crazyflie_gazebo:${AMENT_PREFIX_PATH} CMAKE_PREFIX_PATH=/home/yanyew/Multi-Drone-SLAM-and-Merge-Map/install/ros_gz_crazyflie_gazebo:/home/yanyew/mapping/install/crazyflie_ros2_multiranger_bringup:/home/yanyew/mapping/install/ros_gz_crazyflie_bringup:/home/yanyew/mapping/install/ros_gz_crazyflie_gazebo:/home/yanyew/mapping/install/crazyflie_sim:/home/yanyew/mapping/install/crazyflie_examples:/home/yanyew/mapping/install/crazyflie:/home/yanyew/mapping/install/crazyflie_interfaces:/home/yanyew/mapping/install/ros_gz_crazyflie_control:/home/yanyew/mapping/install/merge_map:/home/yanyew/mapping/install/crazyflie_ros2_multiranger_wall_following:/home/yanyew/mapping/install/crazyflie_ros2_multiranger_simple_mapper:/home/yanyew/mapping/install/crazyflie_py:/home/yanyew/mapping/install/crazyflie_launch:/opt/ros/humble /usr/bin/cmake --build /home/yanyew/Multi-Drone-SLAM-and-Merge-Map/build/ros_gz_crazyflie_bringup -- -j12 -l12
[1.141s] Invoking command in '/home/yanyew/Multi-Drone-SLAM-and-Merge-Map/build/ros_gz_crazyflie_bringup': AMENT_PREFIX_PATH=/home/yanyew/Multi-Drone-SLAM-and-Merge-Map/install/ros_gz_crazyflie_gazebo:${AMENT_PREFIX_PATH} CMAKE_PREFIX_PATH=/home/yanyew/Multi-Drone-SLAM-and-Merge-Map/install/ros_gz_crazyflie_gazebo:/home/yanyew/mapping/install/crazyflie_ros2_multiranger_bringup:/home/yanyew/mapping/install/ros_gz_crazyflie_bringup:/home/yanyew/mapping/install/ros_gz_crazyflie_gazebo:/home/yanyew/mapping/install/crazyflie_sim:/home/yanyew/mapping/install/crazyflie_examples:/home/yanyew/mapping/install/crazyflie:/home/yanyew/mapping/install/crazyflie_interfaces:/home/yanyew/mapping/install/ros_gz_crazyflie_control:/home/yanyew/mapping/install/merge_map:/home/yanyew/mapping/install/crazyflie_ros2_multiranger_wall_following:/home/yanyew/mapping/install/crazyflie_ros2_multiranger_simple_mapper:/home/yanyew/mapping/install/crazyflie_py:/home/yanyew/mapping/install/crazyflie_launch:/opt/ros/humble /usr/bin/cmake --install /home/yanyew/Multi-Drone-SLAM-and-Merge-Map/build/ros_gz_crazyflie_bringup
[1.150s] -- Install configuration: ""
[1.150s] -- Installing: /home/yanyew/Multi-Drone-SLAM-and-Merge-Map/install/ros_gz_crazyflie_bringup/share/ros_gz_crazyflie_bringup/launch
[1.150s] -- Installing: /home/yanyew/Multi-Drone-SLAM-and-Merge-Map/install/ros_gz_crazyflie_bringup/share/ros_gz_crazyflie_bringup/launch/crazyflie_real.launch.py
[1.150s] -- Installing: /home/yanyew/Multi-Drone-SLAM-and-Merge-Map/install/ros_gz_crazyflie_bringup/share/ros_gz_crazyflie_bringup/launch/crazyflie_simulation.launch.py
[1.151s] -- Installing: /home/yanyew/Multi-Drone-SLAM-and-Merge-Map/install/ros_gz_crazyflie_bringup/share/ros_gz_crazyflie_bringup/config
[1.151s] -- Installing: /home/yanyew/Multi-Drone-SLAM-and-Merge-Map/install/ros_gz_crazyflie_bringup/share/ros_gz_crazyflie_bringup/config/ros_gz_crazyflie_bridge.yaml
[1.151s] -- Installing: /home/yanyew/Multi-Drone-SLAM-and-Merge-Map/install/ros_gz_crazyflie_bringup/share/ament_index/resource_index/package_run_dependencies/ros_gz_crazyflie_bringup
[1.151s] -- Installing: /home/yanyew/Multi-Drone-SLAM-and-Merge-Map/install/ros_gz_crazyflie_bringup/share/ament_index/resource_index/parent_prefix_path/ros_gz_crazyflie_bringup
[1.151s] -- Installing: /home/yanyew/Multi-Drone-SLAM-and-Merge-Map/install/ros_gz_crazyflie_bringup/share/ros_gz_crazyflie_bringup/environment/ament_prefix_path.sh
[1.151s] -- Installing: /home/yanyew/Multi-Drone-SLAM-and-Merge-Map/install/ros_gz_crazyflie_bringup/share/ros_gz_crazyflie_bringup/environment/ament_prefix_path.dsv
[1.152s] -- Installing: /home/yanyew/Multi-Drone-SLAM-and-Merge-Map/install/ros_gz_crazyflie_bringup/share/ros_gz_crazyflie_bringup/environment/path.sh
[1.152s] -- Installing: /home/yanyew/Multi-Drone-SLAM-and-Merge-Map/install/ros_gz_crazyflie_bringup/share/ros_gz_crazyflie_bringup/environment/path.dsv
[1.152s] -- Installing: /home/yanyew/Multi-Drone-SLAM-and-Merge-Map/install/ros_gz_crazyflie_bringup/share/ros_gz_crazyflie_bringup/local_setup.bash
[1.152s] -- Installing: /home/yanyew/Multi-Drone-SLAM-and-Merge-Map/install/ros_gz_crazyflie_bringup/share/ros_gz_crazyflie_bringup/local_setup.sh
[1.152s] -- Installing: /home/yanyew/Multi-Drone-SLAM-and-Merge-Map/install/ros_gz_crazyflie_bringup/share/ros_gz_crazyflie_bringup/local_setup.zsh
[1.152s] -- Installing: /home/yanyew/Multi-Drone-SLAM-and-Merge-Map/install/ros_gz_crazyflie_bringup/share/ros_gz_crazyflie_bringup/local_setup.dsv
[1.152s] -- Installing: /home/yanyew/Multi-Drone-SLAM-and-Merge-Map/install/ros_gz_crazyflie_bringup/share/ros_gz_crazyflie_bringup/package.dsv
[1.153s] -- Installing: /home/yanyew/Multi-Drone-SLAM-and-Merge-Map/install/ros_gz_crazyflie_bringup/share/ament_index/resource_index/packages/ros_gz_crazyflie_bringup
[1.153s] -- Installing: /home/yanyew/Multi-Drone-SLAM-and-Merge-Map/install/ros_gz_crazyflie_bringup/share/ros_gz_crazyflie_bringup/cmake/ros_gz_crazyflie_bringupConfig.cmake
[1.153s] -- Installing: /home/yanyew/Multi-Drone-SLAM-and-Merge-Map/install/ros_gz_crazyflie_bringup/share/ros_gz_crazyflie_bringup/cmake/ros_gz_crazyflie_bringupConfig-version.cmake
[1.153s] -- Installing: /home/yanyew/Multi-Drone-SLAM-and-Merge-Map/install/ros_gz_crazyflie_bringup/share/ros_gz_crazyflie_bringup/package.xml
[1.155s] Invoked command in '/home/yanyew/Multi-Drone-SLAM-and-Merge-Map/build/ros_gz_crazyflie_bringup' returned '0': AMENT_PREFIX_PATH=/home/yanyew/Multi-Drone-SLAM-and-Merge-Map/install/ros_gz_crazyflie_gazebo:${AMENT_PREFIX_PATH} CMAKE_PREFIX_PATH=/home/yanyew/Multi-Drone-SLAM-and-Merge-Map/install/ros_gz_crazyflie_gazebo:/home/yanyew/mapping/install/crazyflie_ros2_multiranger_bringup:/home/yanyew/mapping/install/ros_gz_crazyflie_bringup:/home/yanyew/mapping/install/ros_gz_crazyflie_gazebo:/home/yanyew/mapping/install/crazyflie_sim:/home/yanyew/mapping/install/crazyflie_examples:/home/yanyew/mapping/install/crazyflie:/home/yanyew/mapping/install/crazyflie_interfaces:/home/yanyew/mapping/install/ros_gz_crazyflie_control:/home/yanyew/mapping/install/merge_map:/home/yanyew/mapping/install/crazyflie_ros2_multiranger_wall_following:/home/yanyew/mapping/install/crazyflie_ros2_multiranger_simple_mapper:/home/yanyew/mapping/install/crazyflie_py:/home/yanyew/mapping/install/crazyflie_launch:/opt/ros/humble /usr/bin/cmake --install /home/yanyew/Multi-Drone-SLAM-and-Merge-Map/build/ros_gz_crazyflie_bringup
