[0.293s] Invoking command in '/home/yanyew/mapping/build/crazyflie': CMAKE_PREFIX_PATH=/home/yanyew/mapping/install/crazyflie_interfaces:/home/yanyew/mapping/install/crazyflie_ros2_multiranger_bringup:/home/yanyew/mapping/install/ros_gz_crazyflie_bringup:/home/yanyew/mapping/install/ros_gz_crazyflie_gazebo:/home/yanyew/mapping/install/crazyflie_sim:/home/yanyew/mapping/install/crazyflie_examples:/home/yanyew/mapping/install/crazyflie:/home/yanyew/mapping/install:/home/yanyew/mapping/install/ros_gz_crazyflie_control:/home/yanyew/mapping/install/crazyflie_ros2_multiranger_wall_following:/home/yanyew/mapping/install/crazyflie_ros2_multiranger_simple_mapper:/home/yanyew/mapping/install/crazyflie_py:/opt/ros/humble /usr/bin/cmake --build /home/yanyew/mapping/build/crazyflie -- -j12 -l12
[0.350s] [ 22%] Built target crazyflieLinkCpp
[0.355s] [ 27%] Built target teleop
[0.376s] [ 35%] Built target crazyflie_cpp
[0.430s] [ 40%] Built target scan
[0.434s] [ 45%] Built target listMemories
[0.437s] [ 50%] Built target listParams
[0.437s] [ 55%] Built target crazyflie_server
[0.448s] [ 65%] Built target listLogVariables
[0.448s] [ 85%] Built target battery
[0.448s] [ 65%] Built target comCheck
[0.448s] [ 70%] Built target reboot
[0.449s] [ 75%] Built target console
[0.449s] [ 80%] Built target downloadUSDLogfile
[0.450s] [ 92%] Built target version
[0.450s] [ 95%] Built target log
[0.469s] [100%] Built target setParam
[0.479s] Invoked command in '/home/yanyew/mapping/build/crazyflie' returned '0': CMAKE_PREFIX_PATH=/home/yanyew/mapping/install/crazyflie_interfaces:/home/yanyew/mapping/install/crazyflie_ros2_multiranger_bringup:/home/yanyew/mapping/install/ros_gz_crazyflie_bringup:/home/yanyew/mapping/install/ros_gz_crazyflie_gazebo:/home/yanyew/mapping/install/crazyflie_sim:/home/yanyew/mapping/install/crazyflie_examples:/home/yanyew/mapping/install/crazyflie:/home/yanyew/mapping/install:/home/yanyew/mapping/install/ros_gz_crazyflie_control:/home/yanyew/mapping/install/crazyflie_ros2_multiranger_wall_following:/home/yanyew/mapping/install/crazyflie_ros2_multiranger_simple_mapper:/home/yanyew/mapping/install/crazyflie_py:/opt/ros/humble /usr/bin/cmake --build /home/yanyew/mapping/build/crazyflie -- -j12 -l12
[0.480s] Invoking command in '/home/yanyew/mapping/build/crazyflie': CMAKE_PREFIX_PATH=/home/yanyew/mapping/install/crazyflie_interfaces:/home/yanyew/mapping/install/crazyflie_ros2_multiranger_bringup:/home/yanyew/mapping/install/ros_gz_crazyflie_bringup:/home/yanyew/mapping/install/ros_gz_crazyflie_gazebo:/home/yanyew/mapping/install/crazyflie_sim:/home/yanyew/mapping/install/crazyflie_examples:/home/yanyew/mapping/install/crazyflie:/home/yanyew/mapping/install:/home/yanyew/mapping/install/ros_gz_crazyflie_control:/home/yanyew/mapping/install/crazyflie_ros2_multiranger_wall_following:/home/yanyew/mapping/install/crazyflie_ros2_multiranger_simple_mapper:/home/yanyew/mapping/install/crazyflie_py:/opt/ros/humble /usr/bin/cmake --install /home/yanyew/mapping/build/crazyflie
[0.488s] -- Install configuration: ""
[0.488s] -- Up-to-date: /home/yanyew/mapping/install/crazyflie/lib/crazyflie/comCheck
[0.488s] -- Up-to-date: /home/yanyew/mapping/install/crazyflie/lib/crazyflie/scan
[0.488s] -- Up-to-date: /home/yanyew/mapping/install/crazyflie/lib/crazyflie/listParams
[0.488s] -- Up-to-date: /home/yanyew/mapping/install/crazyflie/lib/crazyflie/listLogVariables
[0.488s] -- Up-to-date: /home/yanyew/mapping/install/crazyflie/lib/crazyflie/listMemories
[0.488s] -- Up-to-date: /home/yanyew/mapping/install/crazyflie/lib/crazyflie/reboot
[0.489s] -- Up-to-date: /home/yanyew/mapping/install/crazyflie/lib/crazyflie/battery
[0.489s] -- Up-to-date: /home/yanyew/mapping/install/crazyflie/lib/crazyflie/version
[0.489s] -- Up-to-date: /home/yanyew/mapping/install/crazyflie/lib/crazyflie/console
[0.489s] -- Up-to-date: /home/yanyew/mapping/install/crazyflie/lib/crazyflie/log
[0.489s] -- Up-to-date: /home/yanyew/mapping/install/crazyflie/lib/crazyflie/setParam
[0.489s] -- Up-to-date: /home/yanyew/mapping/install/crazyflie/lib/crazyflie/downloadUSDLogfile
[0.489s] -- Up-to-date: /home/yanyew/mapping/install/crazyflie/lib/crazyflie/teleop
[0.489s] -- Up-to-date: /home/yanyew/mapping/install/crazyflie/lib/crazyflie/crazyflie_server
[0.490s] -- Up-to-date: /home/yanyew/mapping/install/crazyflie/lib/crazyflie/crazyflie_server.py
[0.490s] -- Up-to-date: /home/yanyew/mapping/install/crazyflie/lib/crazyflie/chooser.py
[0.490s] -- Up-to-date: /home/yanyew/mapping/install/crazyflie/lib/crazyflie/vel_mux.py
[0.490s] -- Up-to-date: /home/yanyew/mapping/install/crazyflie/lib/crazyflie/cfmult.py
[0.490s] -- Up-to-date: /home/yanyew/mapping/install/crazyflie/lib/crazyflie/simple_mapper_multiranger.py
[0.490s] -- Up-to-date: /home/yanyew/mapping/install/crazyflie/lib/crazyflie/aideck_streamer.py
[0.490s] -- Up-to-date: /home/yanyew/mapping/install/crazyflie/lib/crazyflie/gui.py
[0.491s] -- Up-to-date: /home/yanyew/mapping/install/crazyflie/lib/crazyflie/flash.py
[0.491s] -- Up-to-date: /home/yanyew/mapping/install/crazyflie/share/crazyflie//launch
[0.491s] -- Up-to-date: /home/yanyew/mapping/install/crazyflie/share/crazyflie//launch/launch_teleop2.py
[0.491s] -- Up-to-date: /home/yanyew/mapping/install/crazyflie/share/crazyflie//launch/launch.py
[0.491s] -- Up-to-date: /home/yanyew/mapping/install/crazyflie/share/crazyflie//launch/teleop_launch.py
[0.491s] -- Up-to-date: /home/yanyew/mapping/install/crazyflie/share/crazyflie//config
[0.491s] -- Up-to-date: /home/yanyew/mapping/install/crazyflie/share/crazyflie//config/aideck_streamer.yaml
[0.491s] -- Up-to-date: /home/yanyew/mapping/install/crazyflie/share/crazyflie//config/config.rviz
[0.491s] -- Up-to-date: /home/yanyew/mapping/install/crazyflie/share/crazyflie//config/crazyflies.yaml
[0.492s] -- Up-to-date: /home/yanyew/mapping/install/crazyflie/share/crazyflie//config/teleop.yaml
[0.492s] -- Up-to-date: /home/yanyew/mapping/install/crazyflie/share/crazyflie//config/server.yaml
[0.492s] -- Up-to-date: /home/yanyew/mapping/install/crazyflie/share/crazyflie//config/motion_capture.yaml
[0.492s] -- Up-to-date: /home/yanyew/mapping/install/crazyflie/share/crazyflie//urdf
[0.492s] -- Up-to-date: /home/yanyew/mapping/install/crazyflie/share/crazyflie//urdf/cf2_assembly_with_props.dae
[0.492s] -- Up-to-date: /home/yanyew/mapping/install/crazyflie/share/crazyflie//urdf/crazyflie_description.urdf
[0.492s] -- Up-to-date: /home/yanyew/mapping/install/crazyflie/share/crazyflie//urdf/cf2_assembly.stl
[0.493s] -- Up-to-date: /home/yanyew/mapping/install/crazyflie/share/ament_index/resource_index/package_run_dependencies/crazyflie
[0.493s] -- Up-to-date: /home/yanyew/mapping/install/crazyflie/share/ament_index/resource_index/parent_prefix_path/crazyflie
[0.493s] -- Up-to-date: /home/yanyew/mapping/install/crazyflie/share/crazyflie/environment/ament_prefix_path.sh
[0.494s] -- Up-to-date: /home/yanyew/mapping/install/crazyflie/share/crazyflie/environment/ament_prefix_path.dsv
[0.494s] -- Up-to-date: /home/yanyew/mapping/install/crazyflie/share/crazyflie/environment/path.sh
[0.494s] -- Up-to-date: /home/yanyew/mapping/install/crazyflie/share/crazyflie/environment/path.dsv
[0.494s] -- Up-to-date: /home/yanyew/mapping/install/crazyflie/share/crazyflie/local_setup.bash
[0.494s] -- Up-to-date: /home/yanyew/mapping/install/crazyflie/share/crazyflie/local_setup.sh
[0.495s] -- Up-to-date: /home/yanyew/mapping/install/crazyflie/share/crazyflie/local_setup.zsh
[0.495s] -- Up-to-date: /home/yanyew/mapping/install/crazyflie/share/crazyflie/local_setup.dsv
[0.495s] -- Installing: /home/yanyew/mapping/install/crazyflie/share/crazyflie/package.dsv
[0.495s] -- Up-to-date: /home/yanyew/mapping/install/crazyflie/share/ament_index/resource_index/packages/crazyflie
[0.495s] -- Up-to-date: /home/yanyew/mapping/install/crazyflie/share/crazyflie/cmake/crazyflieConfig.cmake
[0.495s] -- Up-to-date: /home/yanyew/mapping/install/crazyflie/share/crazyflie/cmake/crazyflieConfig-version.cmake
[0.495s] -- Up-to-date: /home/yanyew/mapping/install/crazyflie/share/crazyflie/package.xml
[0.496s] Invoked command in '/home/yanyew/mapping/build/crazyflie' returned '0': CMAKE_PREFIX_PATH=/home/yanyew/mapping/install/crazyflie_interfaces:/home/yanyew/mapping/install/crazyflie_ros2_multiranger_bringup:/home/yanyew/mapping/install/ros_gz_crazyflie_bringup:/home/yanyew/mapping/install/ros_gz_crazyflie_gazebo:/home/yanyew/mapping/install/crazyflie_sim:/home/yanyew/mapping/install/crazyflie_examples:/home/yanyew/mapping/install/crazyflie:/home/yanyew/mapping/install:/home/yanyew/mapping/install/ros_gz_crazyflie_control:/home/yanyew/mapping/install/crazyflie_ros2_multiranger_wall_following:/home/yanyew/mapping/install/crazyflie_ros2_multiranger_simple_mapper:/home/yanyew/mapping/install/crazyflie_py:/opt/ros/humble /usr/bin/cmake --install /home/yanyew/mapping/build/crazyflie
