[3.589s] Invoking command in '/home/yanyew/mapping/src/merge_map': PYTHONPATH=/home/yanyew/mapping/build/merge_map/prefix_override:/usr/lib/python3/dist-packages/colcon_core/task/python/colcon_distutils_commands:/home/yanyew/mapping/install/merge_map/lib/python3.10/site-packages:${PYTHONPATH} /usr/bin/python3 -W ignore:setup.py install is deprecated -W ignore:easy_install command is deprecated setup.py egg_info --egg-base ../../build/merge_map build --build-base /home/yanyew/mapping/build/merge_map/build install --record /home/yanyew/mapping/build/merge_map/install.log --single-version-externally-managed install_data
[5.179s] running egg_info
[5.181s] writing ../../build/merge_map/merge_map.egg-info/PKG-INFO
[5.181s] writing dependency_links to ../../build/merge_map/merge_map.egg-info/dependency_links.txt
[5.182s] writing entry points to ../../build/merge_map/merge_map.egg-info/entry_points.txt
[5.183s] writing requirements to ../../build/merge_map/merge_map.egg-info/requires.txt
[5.183s] writing top-level names to ../../build/merge_map/merge_map.egg-info/top_level.txt
[5.189s] reading manifest file '../../build/merge_map/merge_map.egg-info/SOURCES.txt'
[5.190s] writing manifest file '../../build/merge_map/merge_map.egg-info/SOURCES.txt'
[5.191s] running build
[5.191s] running build_py
[5.192s] running install
[5.193s] running install_lib
[5.196s] running install_data
[5.197s] running install_egg_info
[5.202s] removing '/home/yanyew/mapping/install/merge_map/lib/python3.10/site-packages/merge_map-0.0.0-py3.10.egg-info' (and everything under it)
[5.203s] Copying ../../build/merge_map/merge_map.egg-info to /home/yanyew/mapping/install/merge_map/lib/python3.10/site-packages/merge_map-0.0.0-py3.10.egg-info
[5.205s] running install_scripts
[5.270s] Installing merge_map script to /home/yanyew/mapping/install/merge_map/lib/merge_map
[5.271s] writing list of installed files to '/home/yanyew/mapping/build/merge_map/install.log'
[5.330s] Invoked command in '/home/yanyew/mapping/src/merge_map' returned '0': PYTHONPATH=/home/yanyew/mapping/build/merge_map/prefix_override:/usr/lib/python3/dist-packages/colcon_core/task/python/colcon_distutils_commands:/home/yanyew/mapping/install/merge_map/lib/python3.10/site-packages:${PYTHONPATH} /usr/bin/python3 -W ignore:setup.py install is deprecated -W ignore:easy_install command is deprecated setup.py egg_info --egg-base ../../build/merge_map build --build-base /home/yanyew/mapping/build/merge_map/build install --record /home/yanyew/mapping/build/merge_map/install.log --single-version-externally-managed install_data
