[0.798s] Invoking command in '/home/yanyew/Multi-Drone-SLAM-and-Merge-Map/src/crazyswarm2/crazyflie_py': AMENT_PREFIX_PATH=/home/yanyew/Multi-Drone-SLAM-and-Merge-Map/install/crazyflie_interfaces:${AMENT_PREFIX_PATH} CMAKE_PREFIX_PATH=/home/yanyew/Multi-Drone-SLAM-and-Merge-Map/install/crazyflie_interfaces:${CMAKE_PREFIX_PATH} LD_LIBRARY_PATH=/home/yanyew/Multi-Drone-SLAM-and-Merge-Map/install/crazyflie_interfaces/lib:/home/yanyew/mapping/install/crazyflie_interfaces/lib:/usr/lib/x86_64-linux-gnu/gazebo-11/plugins:/opt/ros/humble/opt/rviz_ogre_vendor/lib:/opt/ros/humble/lib/x86_64-linux-gnu:/opt/ros/humble/lib:/usr/lib/x86_64-linux-gnu/gazebo-11/plugins PYTHONPATH=/home/yanyew/Multi-Drone-SLAM-and-Merge-Map/build/crazyflie_py/prefix_override:/usr/lib/python3/dist-packages/colcon_core/task/python/colcon_distutils_commands:/home/yanyew/Multi-Drone-SLAM-and-Merge-Map/install/crazyflie_py/lib/python3.10/site-packages:/home/yanyew/Multi-Drone-SLAM-and-Merge-Map/install/crazyflie_interfaces/local/lib/python3.10/dist-packages:${PYTHONPATH} /usr/bin/python3 -W ignore:setup.py install is deprecated -W ignore:easy_install command is deprecated setup.py egg_info --egg-base ../../../build/crazyflie_py build --build-base /home/yanyew/Multi-Drone-SLAM-and-Merge-Map/build/crazyflie_py/build install --record /home/yanyew/Multi-Drone-SLAM-and-Merge-Map/build/crazyflie_py/install.log --single-version-externally-managed install_data
[1.082s] running egg_info
[1.083s] creating ../../../build/crazyflie_py/crazyflie_py.egg-info
[1.083s] writing ../../../build/crazyflie_py/crazyflie_py.egg-info/PKG-INFO
[1.083s] writing dependency_links to ../../../build/crazyflie_py/crazyflie_py.egg-info/dependency_links.txt
[1.083s] writing entry points to ../../../build/crazyflie_py/crazyflie_py.egg-info/entry_points.txt
[1.084s] writing requirements to ../../../build/crazyflie_py/crazyflie_py.egg-info/requires.txt
[1.084s] writing top-level names to ../../../build/crazyflie_py/crazyflie_py.egg-info/top_level.txt
[1.084s] writing manifest file '../../../build/crazyflie_py/crazyflie_py.egg-info/SOURCES.txt'
[1.085s] reading manifest file '../../../build/crazyflie_py/crazyflie_py.egg-info/SOURCES.txt'
[1.086s] writing manifest file '../../../build/crazyflie_py/crazyflie_py.egg-info/SOURCES.txt'
[1.087s] running build
[1.087s] running build_py
[1.087s] creating /home/yanyew/Multi-Drone-SLAM-and-Merge-Map/build/crazyflie_py/build
[1.087s] creating /home/yanyew/Multi-Drone-SLAM-and-Merge-Map/build/crazyflie_py/build/lib
[1.087s] creating /home/yanyew/Multi-Drone-SLAM-and-Merge-Map/build/crazyflie_py/build/lib/crazyflie_py
[1.087s] copying crazyflie_py/__init__.py -> /home/yanyew/Multi-Drone-SLAM-and-Merge-Map/build/crazyflie_py/build/lib/crazyflie_py
[1.087s] copying crazyflie_py/crazyflie.py -> /home/yanyew/Multi-Drone-SLAM-and-Merge-Map/build/crazyflie_py/build/lib/crazyflie_py
[1.087s] copying crazyflie_py/keyboard.py -> /home/yanyew/Multi-Drone-SLAM-and-Merge-Map/build/crazyflie_py/build/lib/crazyflie_py
[1.087s] copying crazyflie_py/genericJoystick.py -> /home/yanyew/Multi-Drone-SLAM-and-Merge-Map/build/crazyflie_py/build/lib/crazyflie_py
[1.087s] copying crazyflie_py/linuxjsdev.py -> /home/yanyew/Multi-Drone-SLAM-and-Merge-Map/build/crazyflie_py/build/lib/crazyflie_py
[1.087s] copying crazyflie_py/util.py -> /home/yanyew/Multi-Drone-SLAM-and-Merge-Map/build/crazyflie_py/build/lib/crazyflie_py
[1.087s] copying crazyflie_py/crazyswarm_py.py -> /home/yanyew/Multi-Drone-SLAM-and-Merge-Map/build/crazyflie_py/build/lib/crazyflie_py
[1.087s] copying crazyflie_py/joystick.py -> /home/yanyew/Multi-Drone-SLAM-and-Merge-Map/build/crazyflie_py/build/lib/crazyflie_py
[1.088s] copying crazyflie_py/uav_trajectory.py -> /home/yanyew/Multi-Drone-SLAM-and-Merge-Map/build/crazyflie_py/build/lib/crazyflie_py
[1.088s] running install
[1.088s] running install_lib
[1.089s] creating /home/yanyew/Multi-Drone-SLAM-and-Merge-Map/install/crazyflie_py/lib/python3.10/site-packages/crazyflie_py
[1.089s] copying /home/yanyew/Multi-Drone-SLAM-and-Merge-Map/build/crazyflie_py/build/lib/crazyflie_py/__init__.py -> /home/yanyew/Multi-Drone-SLAM-and-Merge-Map/install/crazyflie_py/lib/python3.10/site-packages/crazyflie_py
[1.089s] copying /home/yanyew/Multi-Drone-SLAM-and-Merge-Map/build/crazyflie_py/build/lib/crazyflie_py/crazyflie.py -> /home/yanyew/Multi-Drone-SLAM-and-Merge-Map/install/crazyflie_py/lib/python3.10/site-packages/crazyflie_py
[1.089s] copying /home/yanyew/Multi-Drone-SLAM-and-Merge-Map/build/crazyflie_py/build/lib/crazyflie_py/keyboard.py -> /home/yanyew/Multi-Drone-SLAM-and-Merge-Map/install/crazyflie_py/lib/python3.10/site-packages/crazyflie_py
[1.089s] copying /home/yanyew/Multi-Drone-SLAM-and-Merge-Map/build/crazyflie_py/build/lib/crazyflie_py/genericJoystick.py -> /home/yanyew/Multi-Drone-SLAM-and-Merge-Map/install/crazyflie_py/lib/python3.10/site-packages/crazyflie_py
[1.089s] copying /home/yanyew/Multi-Drone-SLAM-and-Merge-Map/build/crazyflie_py/build/lib/crazyflie_py/linuxjsdev.py -> /home/yanyew/Multi-Drone-SLAM-and-Merge-Map/install/crazyflie_py/lib/python3.10/site-packages/crazyflie_py
[1.089s] copying /home/yanyew/Multi-Drone-SLAM-and-Merge-Map/build/crazyflie_py/build/lib/crazyflie_py/util.py -> /home/yanyew/Multi-Drone-SLAM-and-Merge-Map/install/crazyflie_py/lib/python3.10/site-packages/crazyflie_py
[1.089s] copying /home/yanyew/Multi-Drone-SLAM-and-Merge-Map/build/crazyflie_py/build/lib/crazyflie_py/crazyswarm_py.py -> /home/yanyew/Multi-Drone-SLAM-and-Merge-Map/install/crazyflie_py/lib/python3.10/site-packages/crazyflie_py
[1.089s] copying /home/yanyew/Multi-Drone-SLAM-and-Merge-Map/build/crazyflie_py/build/lib/crazyflie_py/joystick.py -> /home/yanyew/Multi-Drone-SLAM-and-Merge-Map/install/crazyflie_py/lib/python3.10/site-packages/crazyflie_py
[1.089s] copying /home/yanyew/Multi-Drone-SLAM-and-Merge-Map/build/crazyflie_py/build/lib/crazyflie_py/uav_trajectory.py -> /home/yanyew/Multi-Drone-SLAM-and-Merge-Map/install/crazyflie_py/lib/python3.10/site-packages/crazyflie_py
[1.090s] byte-compiling /home/yanyew/Multi-Drone-SLAM-and-Merge-Map/install/crazyflie_py/lib/python3.10/site-packages/crazyflie_py/__init__.py to __init__.cpython-310.pyc
[1.090s] byte-compiling /home/yanyew/Multi-Drone-SLAM-and-Merge-Map/install/crazyflie_py/lib/python3.10/site-packages/crazyflie_py/crazyflie.py to crazyflie.cpython-310.pyc
[1.093s] byte-compiling /home/yanyew/Multi-Drone-SLAM-and-Merge-Map/install/crazyflie_py/lib/python3.10/site-packages/crazyflie_py/keyboard.py to keyboard.cpython-310.pyc
[1.094s] byte-compiling /home/yanyew/Multi-Drone-SLAM-and-Merge-Map/install/crazyflie_py/lib/python3.10/site-packages/crazyflie_py/genericJoystick.py to genericJoystick.cpython-310.pyc
[1.094s] byte-compiling /home/yanyew/Multi-Drone-SLAM-and-Merge-Map/install/crazyflie_py/lib/python3.10/site-packages/crazyflie_py/linuxjsdev.py to linuxjsdev.cpython-310.pyc
[1.095s] byte-compiling /home/yanyew/Multi-Drone-SLAM-and-Merge-Map/install/crazyflie_py/lib/python3.10/site-packages/crazyflie_py/util.py to util.cpython-310.pyc
[1.096s] byte-compiling /home/yanyew/Multi-Drone-SLAM-and-Merge-Map/install/crazyflie_py/lib/python3.10/site-packages/crazyflie_py/crazyswarm_py.py to crazyswarm_py.cpython-310.pyc
[1.096s] byte-compiling /home/yanyew/Multi-Drone-SLAM-and-Merge-Map/install/crazyflie_py/lib/python3.10/site-packages/crazyflie_py/joystick.py to joystick.cpython-310.pyc
[1.096s] byte-compiling /home/yanyew/Multi-Drone-SLAM-and-Merge-Map/install/crazyflie_py/lib/python3.10/site-packages/crazyflie_py/uav_trajectory.py to uav_trajectory.cpython-310.pyc
[1.097s] running install_data
[1.097s] creating /home/yanyew/Multi-Drone-SLAM-and-Merge-Map/install/crazyflie_py/share/ament_index
[1.097s] creating /home/yanyew/Multi-Drone-SLAM-and-Merge-Map/install/crazyflie_py/share/ament_index/resource_index
[1.097s] creating /home/yanyew/Multi-Drone-SLAM-and-Merge-Map/install/crazyflie_py/share/ament_index/resource_index/packages
[1.098s] copying resource/crazyflie_py -> /home/yanyew/Multi-Drone-SLAM-and-Merge-Map/install/crazyflie_py/share/ament_index/resource_index/packages
[1.098s] copying package.xml -> /home/yanyew/Multi-Drone-SLAM-and-Merge-Map/install/crazyflie_py/share/crazyflie_py
[1.098s] running install_egg_info
[1.100s] Copying ../../../build/crazyflie_py/crazyflie_py.egg-info to /home/yanyew/Multi-Drone-SLAM-and-Merge-Map/install/crazyflie_py/lib/python3.10/site-packages/crazyflie_py-2.0.0-py3.10.egg-info
[1.101s] running install_scripts
[1.122s] writing list of installed files to '/home/yanyew/Multi-Drone-SLAM-and-Merge-Map/build/crazyflie_py/install.log'
[1.146s] Invoked command in '/home/yanyew/Multi-Drone-SLAM-and-Merge-Map/src/crazyswarm2/crazyflie_py' returned '0': AMENT_PREFIX_PATH=/home/yanyew/Multi-Drone-SLAM-and-Merge-Map/install/crazyflie_interfaces:${AMENT_PREFIX_PATH} CMAKE_PREFIX_PATH=/home/yanyew/Multi-Drone-SLAM-and-Merge-Map/install/crazyflie_interfaces:${CMAKE_PREFIX_PATH} LD_LIBRARY_PATH=/home/yanyew/Multi-Drone-SLAM-and-Merge-Map/install/crazyflie_interfaces/lib:/home/yanyew/mapping/install/crazyflie_interfaces/lib:/usr/lib/x86_64-linux-gnu/gazebo-11/plugins:/opt/ros/humble/opt/rviz_ogre_vendor/lib:/opt/ros/humble/lib/x86_64-linux-gnu:/opt/ros/humble/lib:/usr/lib/x86_64-linux-gnu/gazebo-11/plugins PYTHONPATH=/home/yanyew/Multi-Drone-SLAM-and-Merge-Map/build/crazyflie_py/prefix_override:/usr/lib/python3/dist-packages/colcon_core/task/python/colcon_distutils_commands:/home/yanyew/Multi-Drone-SLAM-and-Merge-Map/install/crazyflie_py/lib/python3.10/site-packages:/home/yanyew/Multi-Drone-SLAM-and-Merge-Map/install/crazyflie_interfaces/local/lib/python3.10/dist-packages:${PYTHONPATH} /usr/bin/python3 -W ignore:setup.py install is deprecated -W ignore:easy_install command is deprecated setup.py egg_info --egg-base ../../../build/crazyflie_py build --build-base /home/yanyew/Multi-Drone-SLAM-and-Merge-Map/build/crazyflie_py/build install --record /home/yanyew/Multi-Drone-SLAM-and-Merge-Map/build/crazyflie_py/install.log --single-version-externally-managed install_data
