[0.031s] Invoking command in '/home/yanyew/mapping/build/ros_gz_crazyflie_bringup': AMENT_PREFIX_PATH=/home/yanyew/mapping/install/ros_gz_crazyflie_gazebo:${AMENT_PREFIX_PATH} CMAKE_PREFIX_PATH=/home/yanyew/mapping/install/ros_gz_crazyflie_gazebo:/home/yanyew/mapping/install:/opt/ros/humble /usr/bin/cmake /home/yanyew/mapping/src/ros_gz_crazyflie/ros_gz_crazyflie_bringup -DCMAKE_INSTALL_PREFIX=/home/yanyew/mapping/install/ros_gz_crazyflie_bringup
[0.073s] -- The C compiler identification is GNU 11.4.0
[0.119s] -- The CXX compiler identification is GNU 11.4.0
[0.125s] -- Detecting C compiler ABI info
[0.180s] -- Detecting C compiler ABI info - done
[0.187s] -- Check for working C compiler: /usr/bin/cc - skipped
[0.187s] -- Detecting C compile features
[0.188s] -- Detecting C compile features - done
[0.190s] -- Detecting CXX compiler ABI info
[0.261s] -- Detecting CXX compiler ABI info - done
[0.275s] -- Check for working CXX compiler: /usr/bin/c++ - skipped
[0.276s] -- Detecting CXX compile features
[0.276s] -- Detecting CXX compile features - done
[0.279s] -- Found ament_cmake: 1.3.11 (/opt/ros/humble/share/ament_cmake/cmake)
[0.438s] -- Found Python3: /usr/bin/python3 (found version "3.10.12") found components: Interpreter 
[0.534s] -- Found ros_gz_crazyflie_gazebo: 0.0.0 (/home/yanyew/mapping/install/ros_gz_crazyflie_gazebo/share/ros_gz_crazyflie_gazebo/cmake)
[0.535s] -- Found ament_lint_auto: 0.12.11 (/opt/ros/humble/share/ament_lint_auto/cmake)
[0.600s] -- Configuring done
[0.603s] -- Generating done
[0.606s] -- Build files have been written to: /home/yanyew/mapping/build/ros_gz_crazyflie_bringup
[0.612s] Invoked command in '/home/yanyew/mapping/build/ros_gz_crazyflie_bringup' returned '0': AMENT_PREFIX_PATH=/home/yanyew/mapping/install/ros_gz_crazyflie_gazebo:${AMENT_PREFIX_PATH} CMAKE_PREFIX_PATH=/home/yanyew/mapping/install/ros_gz_crazyflie_gazebo:/home/yanyew/mapping/install:/opt/ros/humble /usr/bin/cmake /home/yanyew/mapping/src/ros_gz_crazyflie/ros_gz_crazyflie_bringup -DCMAKE_INSTALL_PREFIX=/home/yanyew/mapping/install/ros_gz_crazyflie_bringup
[0.615s] Invoking command in '/home/yanyew/mapping/build/ros_gz_crazyflie_bringup': AMENT_PREFIX_PATH=/home/yanyew/mapping/install/ros_gz_crazyflie_gazebo:${AMENT_PREFIX_PATH} CMAKE_PREFIX_PATH=/home/yanyew/mapping/install/ros_gz_crazyflie_gazebo:/home/yanyew/mapping/install:/opt/ros/humble /usr/bin/cmake --build /home/yanyew/mapping/build/ros_gz_crazyflie_bringup -- -j12 -l12
[0.651s] Invoked command in '/home/yanyew/mapping/build/ros_gz_crazyflie_bringup' returned '0': AMENT_PREFIX_PATH=/home/yanyew/mapping/install/ros_gz_crazyflie_gazebo:${AMENT_PREFIX_PATH} CMAKE_PREFIX_PATH=/home/yanyew/mapping/install/ros_gz_crazyflie_gazebo:/home/yanyew/mapping/install:/opt/ros/humble /usr/bin/cmake --build /home/yanyew/mapping/build/ros_gz_crazyflie_bringup -- -j12 -l12
[0.653s] Invoking command in '/home/yanyew/mapping/build/ros_gz_crazyflie_bringup': AMENT_PREFIX_PATH=/home/yanyew/mapping/install/ros_gz_crazyflie_gazebo:${AMENT_PREFIX_PATH} CMAKE_PREFIX_PATH=/home/yanyew/mapping/install/ros_gz_crazyflie_gazebo:/home/yanyew/mapping/install:/opt/ros/humble /usr/bin/cmake --install /home/yanyew/mapping/build/ros_gz_crazyflie_bringup
[0.660s] -- Install configuration: ""
[0.660s] -- Installing: /home/yanyew/mapping/install/ros_gz_crazyflie_bringup/share/ros_gz_crazyflie_bringup/launch
[0.660s] -- Installing: /home/yanyew/mapping/install/ros_gz_crazyflie_bringup/share/ros_gz_crazyflie_bringup/launch/crazyflie_real.launch.py
[0.661s] -- Installing: /home/yanyew/mapping/install/ros_gz_crazyflie_bringup/share/ros_gz_crazyflie_bringup/launch/crazyflie_simulation.launch.py
[0.661s] -- Installing: /home/yanyew/mapping/install/ros_gz_crazyflie_bringup/share/ros_gz_crazyflie_bringup/config
[0.661s] -- Installing: /home/yanyew/mapping/install/ros_gz_crazyflie_bringup/share/ros_gz_crazyflie_bringup/config/ros_gz_crazyflie_bridge.yaml
[0.661s] -- Installing: /home/yanyew/mapping/install/ros_gz_crazyflie_bringup/share/ament_index/resource_index/package_run_dependencies/ros_gz_crazyflie_bringup
[0.661s] -- Installing: /home/yanyew/mapping/install/ros_gz_crazyflie_bringup/share/ament_index/resource_index/parent_prefix_path/ros_gz_crazyflie_bringup
[0.661s] -- Installing: /home/yanyew/mapping/install/ros_gz_crazyflie_bringup/share/ros_gz_crazyflie_bringup/environment/ament_prefix_path.sh
[0.661s] -- Installing: /home/yanyew/mapping/install/ros_gz_crazyflie_bringup/share/ros_gz_crazyflie_bringup/environment/ament_prefix_path.dsv
[0.661s] -- Installing: /home/yanyew/mapping/install/ros_gz_crazyflie_bringup/share/ros_gz_crazyflie_bringup/environment/path.sh
[0.662s] -- Installing: /home/yanyew/mapping/install/ros_gz_crazyflie_bringup/share/ros_gz_crazyflie_bringup/environment/path.dsv
[0.662s] -- Installing: /home/yanyew/mapping/install/ros_gz_crazyflie_bringup/share/ros_gz_crazyflie_bringup/local_setup.bash
[0.662s] -- Installing: /home/yanyew/mapping/install/ros_gz_crazyflie_bringup/share/ros_gz_crazyflie_bringup/local_setup.sh
[0.662s] -- Installing: /home/yanyew/mapping/install/ros_gz_crazyflie_bringup/share/ros_gz_crazyflie_bringup/local_setup.zsh
[0.662s] -- Installing: /home/yanyew/mapping/install/ros_gz_crazyflie_bringup/share/ros_gz_crazyflie_bringup/local_setup.dsv
[0.662s] -- Installing: /home/yanyew/mapping/install/ros_gz_crazyflie_bringup/share/ros_gz_crazyflie_bringup/package.dsv
[0.662s] -- Installing: /home/yanyew/mapping/install/ros_gz_crazyflie_bringup/share/ament_index/resource_index/packages/ros_gz_crazyflie_bringup
[0.662s] -- Installing: /home/yanyew/mapping/install/ros_gz_crazyflie_bringup/share/ros_gz_crazyflie_bringup/cmake/ros_gz_crazyflie_bringupConfig.cmake
[0.663s] -- Installing: /home/yanyew/mapping/install/ros_gz_crazyflie_bringup/share/ros_gz_crazyflie_bringup/cmake/ros_gz_crazyflie_bringupConfig-version.cmake
[0.663s] -- Installing: /home/yanyew/mapping/install/ros_gz_crazyflie_bringup/share/ros_gz_crazyflie_bringup/package.xml
[0.665s] Invoked command in '/home/yanyew/mapping/build/ros_gz_crazyflie_bringup' returned '0': AMENT_PREFIX_PATH=/home/yanyew/mapping/install/ros_gz_crazyflie_gazebo:${AMENT_PREFIX_PATH} CMAKE_PREFIX_PATH=/home/yanyew/mapping/install/ros_gz_crazyflie_gazebo:/home/yanyew/mapping/install:/opt/ros/humble /usr/bin/cmake --install /home/yanyew/mapping/build/ros_gz_crazyflie_bringup
