[1.175s] Invoking command in '/home/yanyew/mapping/src/crazyswarm2/crazyflie_py': AMENT_PREFIX_PATH=/home/yanyew/mapping/install/crazyflie_interfaces:${AMENT_PREFIX_PATH} CMAKE_PREFIX_PATH=/home/yanyew/mapping/install/crazyflie_interfaces LD_LIBRARY_PATH=/home/yanyew/mapping/install/crazyflie_interfaces/lib:/usr/lib/x86_64-linux-gnu/gazebo-11/plugins:/opt/ros/humble/opt/rviz_ogre_vendor/lib:/opt/ros/humble/lib/x86_64-linux-gnu:/opt/ros/humble/lib:/usr/lib/x86_64-linux-gnu/gazebo-11/plugins PYTHONPATH=/home/yanyew/mapping/build/crazyflie_py/prefix_override:/usr/lib/python3/dist-packages/colcon_core/task/python/colcon_distutils_commands:/home/yanyew/mapping/install/crazyflie_py/lib/python3.10/site-packages:/home/yanyew/mapping/install/crazyflie_interfaces/local/lib/python3.10/dist-packages:${PYTHONPATH} /usr/bin/python3 -W ignore:setup.py install is deprecated -W ignore:easy_install command is deprecated setup.py egg_info --egg-base ../../../build/crazyflie_py build --build-base /home/yanyew/mapping/build/crazyflie_py/build install --record /home/yanyew/mapping/build/crazyflie_py/install.log --single-version-externally-managed install_data
[1.451s] running egg_info
[1.452s] writing ../../../build/crazyflie_py/crazyflie_py.egg-info/PKG-INFO
[1.452s] writing dependency_links to ../../../build/crazyflie_py/crazyflie_py.egg-info/dependency_links.txt
[1.452s] writing entry points to ../../../build/crazyflie_py/crazyflie_py.egg-info/entry_points.txt
[1.452s] writing requirements to ../../../build/crazyflie_py/crazyflie_py.egg-info/requires.txt
[1.452s] writing top-level names to ../../../build/crazyflie_py/crazyflie_py.egg-info/top_level.txt
[1.454s] reading manifest file '../../../build/crazyflie_py/crazyflie_py.egg-info/SOURCES.txt'
[1.461s] writing manifest file '../../../build/crazyflie_py/crazyflie_py.egg-info/SOURCES.txt'
[1.461s] running build
[1.461s] running build_py
[1.462s] running install
[1.462s] running install_lib
[1.463s] running install_data
[1.464s] running install_egg_info
[1.465s] removing '/home/yanyew/mapping/install/crazyflie_py/lib/python3.10/site-packages/crazyflie_py-2.0.0-py3.10.egg-info' (and everything under it)
[1.466s] Copying ../../../build/crazyflie_py/crazyflie_py.egg-info to /home/yanyew/mapping/install/crazyflie_py/lib/python3.10/site-packages/crazyflie_py-2.0.0-py3.10.egg-info
[1.466s] running install_scripts
[1.487s] writing list of installed files to '/home/yanyew/mapping/build/crazyflie_py/install.log'
[1.514s] Invoked command in '/home/yanyew/mapping/src/crazyswarm2/crazyflie_py' returned '0': AMENT_PREFIX_PATH=/home/yanyew/mapping/install/crazyflie_interfaces:${AMENT_PREFIX_PATH} CMAKE_PREFIX_PATH=/home/yanyew/mapping/install/crazyflie_interfaces LD_LIBRARY_PATH=/home/yanyew/mapping/install/crazyflie_interfaces/lib:/usr/lib/x86_64-linux-gnu/gazebo-11/plugins:/opt/ros/humble/opt/rviz_ogre_vendor/lib:/opt/ros/humble/lib/x86_64-linux-gnu:/opt/ros/humble/lib:/usr/lib/x86_64-linux-gnu/gazebo-11/plugins PYTHONPATH=/home/yanyew/mapping/build/crazyflie_py/prefix_override:/usr/lib/python3/dist-packages/colcon_core/task/python/colcon_distutils_commands:/home/yanyew/mapping/install/crazyflie_py/lib/python3.10/site-packages:/home/yanyew/mapping/install/crazyflie_interfaces/local/lib/python3.10/dist-packages:${PYTHONPATH} /usr/bin/python3 -W ignore:setup.py install is deprecated -W ignore:easy_install command is deprecated setup.py egg_info --egg-base ../../../build/crazyflie_py build --build-base /home/yanyew/mapping/build/crazyflie_py/build install --record /home/yanyew/mapping/build/crazyflie_py/install.log --single-version-externally-managed install_data
